[2021/7/31 - 19:40:27] MingQuang vua cho MingQuang (1) giftcode (/additem)
[2021/7/31 - 19:40:34] MingQuang vua cho MingQuang (1) cuuthuong (/additem)
[2021/7/31 - 19:40:41] MingQuang vua cho MingQuang (1) c4 (/additem)
[2021/7/31 - 19:40:44] MingQuang vua cho MingQuang (1) hopqua (/additem)
[2021/7/31 - 19:40:48] MingQuang vua cho MingQuang (1) phuongtien (/additem)
[2021/7/31 - 19:40:53] MingQuang vua cho MingQuang (1) ngoisao (/additem)
[2021/7/31 - 19:40:57] MingQuang vua cho MingQuang (1) matna (/additem)
[2021/7/31 - 19:41:00] MingQuang vua cho MingQuang (1) cuikho (/additem)
[2021/7/31 - 19:41:04] MingQuang vua cho MingQuang (1) hotquet (/additem)
[2021/7/31 - 19:41:07] MingQuang vua cho MingQuang (1) nitro (/additem)
[2021/7/31 - 20:04:21] Long vua cho TienTom (1) matna (/additem)
[2021/7/31 - 21:34:11] Long vua cho Shi Master (10) cuikho (/additem)
[2021/7/31 - 21:34:15] Long vua cho Shi Master (10) hotquet (/additem)
[2021/7/31 - 21:54:26] Long vua cho Long (10) heroin (/additem)
[2021/7/31 - 22:02:05] Long vua cho Long (10) cuikho (/additem)
[2021/7/31 - 22:02:08] Long vua cho Long (10) hotquet (/additem)
[2021/7/31 - 23:24:19] HAC vua cho HAC (1) hopqua (/additem)
[2021/7/31 - 23:34:30] HAC vua cho HAC (100) CUIKHO (/additem)
[2021/7/31 - 23:34:36] HAC vua cho HAC (100) HOTQUET (/additem)
[2021/7/31 - 23:44:06] HAC vua cho HAC (100) c4 (/additem)
[2021/8/1 - 0:03:21] HAC vua cho HAC (1) matna (/additem)
[2021/8/1 - 0:03:31] HAC vua cho HAC (2) matna (/additem)
[2021/8/1 - 0:27:17] Long vua cho Thor Yang (15) cuikho (/additem)
[2021/8/1 - 0:27:21] Long vua cho Thor Yang (15) hotquet (/additem)
[2021/8/1 - 1:31:47] Long vua cho Long (1) giftcode (/additem)
[2021/8/5 - 12:44:13] hac vua cho hac (1) matna (/additem)
[2021/8/6 - 10:40:20] Crypto Bitcoin vua cho Crypto Bitcoin (10) c4 (/additem)
[2021/8/6 - 10:40:26] Crypto Bitcoin vua cho Crypto Bitcoin (100) cuuthuong (/additem)
[2021/8/8 - 20:35:10] Long vua cho Long (1) hotquet (/additem)
[2021/8/8 - 20:59:47] Long vua cho Long (10) hotque (/additem)
[2021/8/8 - 21:32:10] DanBaLaNhungNiemDau vua cho DanBaLaNhungNiemDau (11) hotquet (/additem)
[2021/8/8 - 22:34:16] Long ChiTiet vua cho Long ChiTiet (999) c4 (/additem)
[2021/8/10 - 9:36:20] Long vua cho Long (2) hopqua (/additem)
[2021/8/10 - 9:38:34] Long vua cho Long (1) ngoisao (/additem)
[2021/8/16 - 19:54:38] MingQuang vua cho MingQuang (1) chiakhoa (/additem)
[2021/8/16 - 19:57:51] BeIu CuaYang vua cho BeIu CuaYang (3) chiakhoa (/additem)
[2021/8/17 - 0:30:25] hac vua cho hac (10) phieuan (/additem)
[2021/8/17 - 0:33:32] hac vua cho hac (5) phieuan (/additem)
[2021/8/17 - 0:46:54] hac vua cho Shi Master (3) ruou (/additem)
[2021/8/17 - 0:46:57] hac vua cho Long (3) ruou (/additem)
[2021/8/17 - 0:46:57] Long vua cho Long (6) ruou (/additem)
[2021/8/17 - 0:47:00] hac vua cho anoan giangho (3) ruou (/additem)
[2021/8/17 - 0:47:03] hac vua cho TUAN PRO (3) ruou (/additem)
[2021/8/17 - 0:47:07] hac vua cho Chun Nguyen (3) ruou (/additem)
[2021/8/17 - 0:47:40] hac vua cho hac (3) ruou (/additem)
[2021/8/17 - 0:51:39] Long vua cho Long (6) phieuan (/additem)
[2021/8/17 - 0:52:21] Long vua cho Shi Master (6) ruou (/additem)
[2021/8/17 - 0:52:25] hac vua cho TUAN PRO (3) phieuan (/additem)
[2021/8/17 - 0:53:14] hac vua cho hac (20) thuocla (/additem)
[2021/8/17 - 0:53:24] hac vua cho anoan giangho (1) thuocla (/additem)
[2021/8/17 - 0:53:28] hac vua cho TUAN PRO (1) thuocla (/additem)
[2021/8/17 - 0:53:37] hac vua cho Chun Nguyen (1) thuocla (/additem)
[2021/8/17 - 0:53:43] hac vua cho Ryan Smith (1) thuocla (/additem)
[2021/8/17 - 0:53:53] hac vua cho Shi Master (20) thuocla (/additem)
[2021/8/17 - 0:54:02] hac vua cho Thanh Phan (1) thuocla (/additem)
[2021/8/17 - 0:54:04] Long vua cho Long (6) thuocla (/additem)
[2021/8/17 - 0:54:10] Long vua cho Long (6) khobau (/additem)
[2021/8/17 - 0:56:17] hac vua cho THAI VX (3) phieuan (/additem)
[2021/8/17 - 1:07:03] hac vua cho Nam Vip (3) phieuan (/additem)
[2021/8/17 - 7:45:59] MingQuang vua cho MingQuang (2) chiakhoa (/additem)
[2021/8/17 - 9:05:58] MingQuang vua cho MingQuang (7000) ca (/additem)
[2021/8/17 - 9:11:44] MingQuang vua cho MingQuang (1) phieuan (/additem)
[2021/8/18 - 0:42:51] Ryan SoDit vua cho Ryan SoDit (10) chiakhoa (/additem)
[2021/8/19 - 9:02:04] MingQuang vua cho MingQuang (1) kimcuong (/additem)
[2021/8/19 - 9:03:27] MingQuang vua cho MingQuang (1) chiakhoa (/additem)
[2021/8/19 - 9:12:11] MingQuang vua cho MingQuang (5) c4 (/additem)
[2021/8/19 - 9:17:26] MingQuang vua cho MingQuang (-1) kimcuong (/additem)
[2021/8/19 - 9:17:30] MingQuang vua cho MingQuang (-1) kimcuong (/additem)
[2021/8/19 - 9:17:37] MingQuang vua cho MingQuang (1) kimcuong (/additem)
[2021/8/19 - 15:38:52] Long vua cho Long (99) ca (/additem)
[2021/8/20 - 12:17:45] Long vua cho Chuong Huynh (80) cansa (/additem)
[2021/8/20 - 15:59:31] Long vua cho Rot Bot (1100) cansa (/additem)
[2021/8/20 - 21:20:41] MingQuang vua cho Con Pun (20) cansa (/additem)
[2021/8/22 - 0:26:15] HAC vua cho HAC (10) ca (/additem)
[2021/8/23 - 9:00:59] HAC vua cho Minh Khang (1) comhop (/additem)
[2021/8/23 - 9:01:04] HAC vua cho Master Teo (1) comhop (/additem)
[2021/8/23 - 10:42:48] MingQuang vua cho MingQuang (1) binhxang (/additem)
[2021/8/23 - 11:18:41] MingQuang vua cho MingQuang (1) binhxang (/additem)
[2021/8/25 - 17:30:20] Tientom vua cho Tientom (1) kimcuong (/additem)
[2021/8/26 - 6:56:34] Tientom vua cho Tientom (1) phuongtien (/additem)
[2021/8/26 - 6:56:47] Tientom vua cho Tientom (1) phuongtien (/additem)
[2021/8/26 - 6:57:13] Tientom vua cho Tientom (1) giftcode (/additem)
[2021/8/26 - 12:55:51] MingQuang vua cho Thor Yang (10) hatgiong (/additem)
[2021/8/26 - 12:56:07] MingQuang vua cho MingQuang (10) hatgiong (/additem)
[2021/8/26 - 13:05:53] VGTA SHI vua cho VGTA SHI (3) hatgiong (/additem)
[2021/8/26 - 13:08:50] VGTA SHI vua cho Hoai Bin (3) hatgiong (/additem)
[2021/8/26 - 13:22:30] VGTA SHI vua cho Jayz Niggzen (9) hatgiong (/additem)
[2021/8/26 - 13:47:24] VGTA SHI vua cho son pham (8) hatgiong (/additem)
[2021/8/26 - 14:11:43] MingQuang vua cho MingQuang (1) chiakhoa (/additem)
[2021/8/26 - 14:49:49] Shi vua cho THAN DUC (16) hatgiong (/additem)
[2021/8/26 - 14:51:28] Shi vua cho The Storm (2) hatgiong (/additem)
[2021/8/26 - 14:58:47] Shi vua cho Nin Lee (6) hatgiong (/additem)
[2021/8/26 - 14:58:53] Shi vua cho Nin Lee (1) hatgiong (/additem)
[2021/8/26 - 15:19:11] Tientom vua cho Tientom (3) hatgiong (/additem)
[2021/8/26 - 15:30:10] Shi vua cho Yuh Gad (7) hatgiong (/additem)
[2021/8/26 - 16:01:07] Shi vua cho Babi Kun (19) hatgiong (/additem)
[2021/8/26 - 20:08:14] Tientom vua cho Luu Loc (2) matna (/additem)
[2021/8/26 - 21:29:39] Shi vua cho THAI VX (7) hatgiong (/additem)
[2021/8/26 - 21:29:44] Shi vua cho THAI VX (1) hatgiong (/additem)
[2021/8/26 - 21:39:25] Tientom vua cho Tientom (10) kimcuong (/additem)
[2021/8/26 - 22:55:56] Shi vua cho Gau den (14) hatgiong (/additem)
[2021/8/26 - 22:56:20] Shi vua cho quan dang (15) hatgiong (/additem)
[2021/8/26 - 23:24:09] Shi vua cho John Nguyen (6) hatgiong (/additem)
[2021/8/27 - 0:05:22] Shi vua cho Shark Boy (34) hatgiong (/additem)
[2021/8/27 - 0:05:33] Shi vua cho Shark Boy (12) hatgiong (/additem)
[2021/8/27 - 0:24:35] Shi vua cho Ha Ngo (12) hatgiong (/additem)
[2021/8/27 - 0:39:13] Shi vua cho Rot Bot (6) hatgiong (/additem)
[2021/8/27 - 0:39:28] Shi vua cho The Forseti (33) hatgiong (/additem)
[2021/8/27 - 10:23:12] Shi vua cho dalvin roger (4) hatgiong (/additem)
[2021/8/27 - 10:49:21] Shi vua cho davin roger (3) hatgiong (/additem)
[2021/8/27 - 11:09:24] Tientom vua cho Tientom (30) nuoccam (/additem)
[2021/8/27 - 11:12:40] Tientom vua cho Piream Dang (2) nuoccam (/additem)
[2021/8/27 - 19:24:45] Long vua cho Long (1) kimcuong (/additem)
[2021/8/27 - 19:30:06] Long vua cho Long (5) hatgiong (/additem)
[2021/8/27 - 21:29:01] Long vua cho Jayz Niggzen (1) socu (/additem)
[2021/8/28 - 0:20:58] Shi vua cho Shi (12) hatgiong (/additem)
[2021/8/28 - 1:22:38] Tao Justin vua cho Tao Justin (10) cuuthuong (/additem)
[2021/8/28 - 13:58:37] Shi vua cho Trieu DZ (5) hatgiong (/additem)
[2021/8/28 - 14:49:31] Shi vua cho Van Giang (12) hatgiong (/additem)
[2021/8/28 - 14:58:05] Shi vua cho Coce Zec (1) nuoccam (/additem)
[2021/8/29 - 12:24:04] Tientom vua cho Tientom (1) khobau (/additem)
[2021/8/30 - 9:50:48] Tientom vua cho Bich Nimo (10) vang (/additem)
[2021/8/30 - 9:51:18] Tientom vua cho Tientom (2) vang (/additem)
[2021/8/30 - 9:52:12] Tientom vua cho Tientom (-1) vang (/additem)
[2021/8/30 - 11:43:00] MingQuang vua cho MingQuang (1) phieuan (/additem)
[2021/8/30 - 16:30:09] Long vua cho Long (10) cuikho (/additem)
[2021/8/31 - 0:03:10] Shi vua cho Thanh Tung (1) ruou (/additem)
[2021/8/31 - 5:26:01] Tientom vua cho Tientom (-2) hopsua (/additem)
[2021/8/31 - 15:12:25] Shi vua cho Mars Duong (2) nuoccam (/additem)
[2021/9/1 - 12:35:04] Shi vua cho Shi (1) c4 (/additem)
[2021/9/1 - 17:27:12] Shi vua cho Duc Toan (1) nuoccam (/additem)
[2021/9/1 - 18:16:00] HaNgoYEUShi vua cho HaNgoYEUShi (1) cuuthuong (/additem)
[2021/9/1 - 18:36:24] Tientom vua cho Tientom (2) cuikho (/additem)
[2021/9/1 - 21:53:20] Tientom vua cho Tientom (2) chiakhoa (/additem)
[2021/9/2 - 1:19:59] Long vua cho Long (10) hotquet (/additem)
[2021/9/2 - 1:20:05] Long vua cho Long (10) cuikho (/additem)
[2021/9/2 - 8:24:03] Tientom vua cho Tientom (2) hopquet (/additem)
[2021/9/2 - 8:24:50] Tientom vua cho Tientom (2) hotquet (/additem)
[2021/9/2 - 8:41:43] HAC vua cho HAC (10) hatgiong (/additem)
[2021/9/2 - 9:46:35] Tientom vua cho Will Peo (1) hatgiong (/additem)
[2021/9/2 - 13:46:44] Shi vua cho Shi (5) hatgiong (/additem)
[2021/9/2 - 20:08:21] Tientom vua cho Tientom (100) dausach (/additem)
[2021/9/2 - 23:48:11] Long Master vua cho Long Master (100) hotqeut (/additem)
[2021/9/2 - 23:48:30] Long Master vua cho Long Master (100) hotqeut (/additem)
[2021/9/2 - 23:48:34] Long Master vua cho Long Master (100) hotquet (/additem)
[2021/9/3 - 12:02:09] Shi vua cho Phuc Speed (1) nuoccam (/additem)
[2021/9/3 - 14:12:50] Long Master vua cho BupBe Anabella (1) matna (/additem)
[2021/9/3 - 14:38:17] Shi vua cho Chuong Huynh (2) hatgiong (/additem)
[2021/9/3 - 15:57:40] Shi vua cho Jang Douglas (15) hatgiong (/additem)
[2021/9/3 - 22:11:04] Tientom vua cho Tientom (30) c4 (/additem)
[2021/9/3 - 22:23:26] Tientom vua cho Tientom (3) hotquet (/additem)
[2021/9/3 - 23:39:26] Shi vua cho Thien Minh (4) hatgiong (/additem)
[2021/9/4 - 0:07:49] Pro Kuon vua cho Pro Kuon (2) cuuthuong (/additem)
[2021/9/4 - 19:08:10] Long vua cho Long (20) hatgiong (/additem)
[2021/9/4 - 19:29:44] Shi vua cho Tai Tran (16) hatgiong (/additem)
[2021/9/4 - 19:34:30] Shi vua cho Chuong Huynh (7) hatgiong (/additem)
[2021/9/5 - 1:22:27] Shi vua cho Jayz Niggzen (1600) cansa (/additem)
[2021/9/5 - 18:28:33] Tientom vua cho Cesar Kahura (15) c4 (/additem)
[2021/9/5 - 18:28:56] Tientom vua cho Cesar Kahura (10) chiakhoa (/additem)
[2021/9/5 - 18:29:05] Tientom vua cho Cesar Kahura (5) khobau (/additem)
[2021/9/5 - 18:29:18] Tientom vua cho Cesar Kahura (20) hatgiong (/additem)
[2021/9/5 - 18:29:26] Tientom vua cho Cesar Kahura (10) cuikho (/additem)
[2021/9/5 - 18:29:34] Tientom vua cho Cesar Kahura (10) hotquet (/additem)
[2021/9/5 - 18:30:05] Tientom vua cho Cesar Kahura (50) kimcuong (/additem)
[2021/9/5 - 18:35:26] Tientom vua cho Cesar Kahura (20) ngoisao (/additem)
[2021/9/5 - 18:37:58] Tientom vua cho Cesar Kahura (50) kimcuong (/additem)
[2021/9/5 - 21:09:40] Long vua cho Tai Tran (5) vang (/additem)
[2021/9/5 - 21:10:12] Long vua cho Yuh Gad (4) vang (/additem)
[2021/9/5 - 21:10:22] Long vua cho Jayz Niggzen (3) vang (/additem)
[2021/9/5 - 23:50:14] Liren chsat vua cho Liren chsat (1) matna (/additem)
[2021/9/6 - 20:11:52] MingQuang vua cho im evan (50) hatgiong (/additem)
[2021/9/6 - 20:12:06] MingQuang vua cho im evan (50) kimcuong (/additem)
[2021/9/6 - 20:12:09] MingQuang vua cho im evan (50) vang (/additem)
[2021/9/6 - 20:12:58] MingQuang vua cho im evan (50) ruou (/additem)
[2021/9/6 - 21:44:04] Tientom vua cho Tientom (1) phuongtien (/additem)
[2021/9/6 - 21:55:08] Tientom vua cho Tientom (1000) kimcuong (/additem)
[2021/9/6 - 23:39:05] Shi vua cho Shi (5) ruou (/additem)
[2021/9/7 - 7:02:36] Tientom vua cho Trieu DZ (10) chiakhoa (/additem)
[2021/9/7 - 7:02:49] Tientom vua cho Trieu DZ (10) ngoisao (/additem)
[2021/9/7 - 8:17:06] Tientom vua cho Tientom (10) kimcuong (/additem)
[2021/9/7 - 8:19:13] Tientom vua cho Tientom (1000) kimcuong (/additem)
[2021/9/7 - 22:45:11] lm Evan vua cho lm Evan (20) ruou (/additem)
[2021/9/7 - 22:45:16] lm Evan vua cho lm Evan (20) ruou (/additem)
[2021/9/7 - 22:56:00] Shi vua cho Mr Huy (12) hatgiong (/additem)
[2021/9/8 - 12:31:49] Shi vua cho Jang Douglas (1) hatgiong (/additem)
[2021/9/8 - 22:47:41] MingQuang vua cho Tran Trung Hau (2) vang (/additem)
[2021/9/8 - 22:47:46] MingQuang vua cho Tran Trung Hau (2) hopsua (/additem)
[2021/9/8 - 22:48:17] MingQuang vua cho Rot Bot (35) sat (/additem)
[2021/9/8 - 22:48:22] MingQuang vua cho Rot Bot (1) dansungluc (/additem)
[2021/9/8 - 22:48:59] MingQuang vua cho Sayo Nara (15) cansa (/additem)
[2021/9/8 - 22:49:40] MingQuang vua cho Babi Kun (2) hatgiong (/additem)
[2021/9/8 - 22:50:07] MingQuang vua cho Nicolas Jackson (1) kimcuong (/additem)
[2021/9/10 - 17:45:39] Tientom vua cho Ha Ngo (5) dausach (/additem)
[2021/9/10 - 17:45:41] Tientom vua cho Ha Ngo (5) dausach (/additem)
[2021/9/10 - 21:11:09] Tientom vua cho Andy Mike (30) ngoisao (/additem)
[2021/9/10 - 21:11:29] Tientom vua cho Andy Mike (20) kimcuong (/additem)
[2021/9/10 - 21:24:19] Shi Xcution vua cho Hoai Bin (5) cuuthuong (/additem)
[2021/9/11 - 22:19:07] LongMongGa vua cho LongMongGa (999) cuikho (/additem)
[2021/9/12 - 23:50:32] Long vua cho  (200) thuoc (/additem)
[2021/9/12 - 23:51:13] Long vua cho Long (20) thuocla (/additem)
[2021/9/13 - 20:42:01] MingQuang vua cho MingQuang (1) giftcode (/additem)
[2021/9/13 - 20:42:11] MingQuang vua cho MingQuang (1) giftcode (/additem)
[2021/9/13 - 20:42:16] MingQuang vua cho MingQuang (2) giftcode (/additem)
[2021/9/23 - 23:42:42] Tientom vua cho Tientom (2) khobau (/additem)
[2021/9/23 - 23:53:05] Tientom vua cho TruongTri Thuan (1) neyellow (/additem)
[2021/9/24 - 0:05:51] Tientom vua cho Tientom (1000) thunggo (/additem)
[2021/9/24 - 0:57:11] Long vua cho Long (10) nered (/additem)
[2021/9/24 - 1:08:09] Long vua cho Long (1) neyellow (/additem)
[2021/9/24 - 1:14:14] MingQuang vua cho MingQuang (1) micro (/additem)
[2021/9/24 - 2:31:10] MingQuang vua cho MingQuang (1) dolongdao (/additem)
[2021/9/24 - 2:58:01] MingQuang vua cho MingQuang (1) phieuan (/additem)
[2021/9/24 - 2:58:35] MingQuang vua cho MingQuang (1) phieuan (/additem)
[2021/9/24 - 4:02:16] MingQuang vua cho Huy (50) nuoctao (/additem)
[2021/9/24 - 4:02:21] MingQuang vua cho Huy (50) hopsua (/additem)
[2021/9/24 - 4:02:24] MingQuang vua cho Huy (50) hopcam (/additem)
[2021/9/24 - 4:08:00] Mjng Quang vua cho Huy (50) cafe (/additem)
[2021/9/24 - 4:08:04] Mjng Quang vua cho Huy (50) ruou (/additem)
[2021/9/24 - 4:08:22] Mjng Quang vua cho Huy (50) comhop (/additem)
[2021/9/24 - 4:08:43] Mjng Quang vua cho Huy (50) nuoctao (/additem)
[2021/9/24 - 4:08:45] Mjng Quang vua cho Huy (50) nuoccam (/additem)
[2021/9/24 - 4:20:51] BaTam vua cho BaTam (20) nuoccam (/additem)
[2021/9/24 - 4:31:11] BaTam vua cho BaTam (2) hopsua (/additem)
[2021/9/24 - 4:43:27] Mjng Quang vua cho Mjng Quang (1) hopsua (/additem)
[2021/9/24 - 4:44:57] Mjng Quang vua cho Mjng Quang (1) nuoctao (/additem)
[2021/9/24 - 4:45:57] Mjng Quang vua cho Mjng Quang (1) comhop (/additem)
[2021/9/24 - 4:47:23] Mjng Quang vua cho Mjng Quang (1) comhop (/additem)
[2021/9/24 - 5:10:15] Mjng Quang vua cho Phu Dinh (15) nuoctao (/additem)
[2021/9/24 - 5:10:17] Mjng Quang vua cho Phu Dinh (15) nuoccam (/additem)
[2021/9/24 - 5:10:20] Mjng Quang vua cho Phu Dinh (15) ruou (/additem)
[2021/9/24 - 5:10:25] Mjng Quang vua cho Phu Dinh (15) comhop (/additem)
[2021/9/24 - 6:38:51] baTam vua cho baTam (20) cafe (/additem)
[2021/9/24 - 6:41:17] baTam vua cho Chuong Huynh (-1) khobau (/additem)
[2021/9/24 - 6:42:01] baTam vua cho Chuong Huynh (1) cafe (/additem)
[2021/9/24 - 6:59:14] baTam vua cho baTam (20) hopsua (/additem)
[2021/9/24 - 7:23:03] baTam vua cho Chritian Cylor (1) comhop (/additem)
[2021/9/24 - 7:27:52] baTam vua cho baTam (20) ruou (/additem)
[2021/9/24 - 7:40:35] baTam vua cho Chritian Cylor (10) nuoctao (/additem)
[2021/9/24 - 12:46:55] Shi vua cho Shi (1) dolongdao (/additem)
[2021/9/24 - 13:29:00] Shi vua cho Shi (200) sat (/additem)
[2021/9/24 - 13:31:53] MingQuang vua cho MingQuang (2000) thunggo (/additem)
[2021/9/24 - 13:39:52] Shi vua cho Shi (100) sat (/additem)
[2021/9/24 - 13:42:13] MingQuang vua cho MingQuang (1) binhxang (/additem)
[2021/9/24 - 14:02:52] Shi vua cho Shi (1) xeng (/additem)
[2021/9/24 - 14:04:18] Shi vua cho Nicolas Jackson (1) xeng (/additem)
[2021/9/24 - 14:04:22] Shi vua cho Brian Zeros (1) xeng (/additem)
[2021/9/24 - 14:05:51] Shi vua cho Jayz Niggzen (1) xeng (/additem)
[2021/9/25 - 11:56:52] Shi vua cho Will Peo (1) xeng (/additem)
[2021/9/25 - 12:30:59] baTam vua cho baTam (10) suahop (/additem)
[2021/9/25 - 12:35:59] baTam vua cho baTam (20) thuocla (/additem)
[2021/9/25 - 12:38:08] baTam vua cho BO GIA (1) thuocla (/additem)
[2021/9/25 - 14:45:39] MingQuang vua cho MingQuang (1) chiakhoa (/additem)
[2021/9/25 - 14:53:16] MingQuang vua cho MingQuang (1) chiakhoa (/additem)
[2021/9/25 - 15:24:06] MingQuang vua cho phat mi (1) phieuan (/additem)
[2021/9/25 - 15:38:25] MingQuang vua cho MingQuang (25) dong (/additem)
[2021/9/25 - 15:39:20] MingQuang vua cho MingQuang (1) mask (/additem)
[2021/9/25 - 15:39:58] MingQuang vua cho MingQuang (25) dong (/additem)
[2021/9/25 - 15:41:16] MingQuang vua cho MingQuang (25) dong (/additem)
[2021/9/25 - 15:43:23] MingQuang vua cho MingQuang (25) dong (/additem)
[2021/9/25 - 15:52:32] baTam vua cho baTam (10) comhop (/additem)
[2021/9/25 - 16:49:21] MingQuang vua cho Shark Boy (50) thunggo (/additem)
[2021/9/25 - 16:49:45] MingQuang vua cho Shark Boy (50) thunggo (/additem)
[2021/9/25 - 20:15:05] MingQuang vua cho MingQuang (1) hatgiongcansa (/additem)
[2021/9/25 - 20:15:11] MingQuang vua cho MingQuang (1) hatgiongcansa1 (/additem)
[2021/9/25 - 20:15:25] MingQuang vua cho MingQuang (1) hatgiong (/additem)
[2021/9/25 - 20:20:22] Shi vua cho rich boy (2) hatgiong (/additem)
[2021/9/25 - 20:27:51] MingQuang vua cho Mr Alexander (1) hatgiong (/additem)
[2021/9/25 - 21:49:58] Shi vua cho Shi (1) dolongdao (/additem)
[2021/9/25 - 22:13:12] Shi vua cho Ryan Smith (10) chiakhoa (/additem)
[2021/9/25 - 23:14:52] Shi vua cho Shi (10) dolongdao (/additem)
[2021/9/25 - 23:15:29] Shi vua cho Shi (10) binhhoiphuc (/additem)
[2021/9/26 - 0:43:14] ShiMapDit vua cho ShiMapDit (100) sat (/additem)
[2021/9/26 - 1:18:57] ShiMapDit vua cho minh chug (1) xeng (/additem)
[2021/9/26 - 11:55:51] Tientom vua cho Tientom (22) phieuan (/additem)
[2021/9/26 - 20:44:19] MingQuang vua cho MingQuang (1) xeng (/additem)
[2021/9/26 - 20:44:40] MingQuang vua cho MingQuang (1) xeng (/additem)
[2021/9/27 - 8:08:21] Tientom vua cho Tientom (1) neblue (/additem)
[2021/9/27 - 15:24:43] Tientom vua cho Tientom (5) chiakhoa (/additem)
[2021/9/28 - 15:34:53] Tientom vua cho Ryan Smith (10) c4 (/additem)
[2021/9/28 - 20:42:38] Shi vua cho Richard Drake (1) c4 (/additem)
[2021/9/29 - 14:30:18] MingQuang vua cho Ripheo Dioshit (50) taodo (/additem)
[2021/9/29 - 14:30:21] MingQuang vua cho Ripheo Dioshit (50) taoxanh (/additem)
[2021/9/29 - 14:31:04] MingQuang vua cho Ripheo Dioshit (50) taoxanh (/additem)
[2021/9/29 - 14:31:09] MingQuang vua cho Ripheo Dioshit (50) dolongdao (/additem)
[2021/9/29 - 14:31:49] MingQuang vua cho Ripheo Dioshit (50) binhhoiphuc (/additem)
[2021/9/29 - 14:31:54] MingQuang vua cho Ripheo Dioshit (50) micro (/additem)
[2021/9/29 - 14:32:00] MingQuang vua cho Ripheo Dioshit (50) tuavit (/additem)
[2021/9/29 - 14:32:06] MingQuang vua cho Ripheo Dioshit (50) xeng (/additem)
[2021/9/29 - 14:32:10] MingQuang vua cho Ripheo Dioshit (50) bua (/additem)
[2021/9/29 - 14:32:15] MingQuang vua cho Ripheo Dioshit (50) khobau (/additem)
[2021/9/29 - 14:32:56] MingQuang vua cho Ripheo Dioshit (50) bomkhoi (/additem)
[2021/9/29 - 14:33:03] MingQuang vua cho Ripheo Dioshit (50) ruou (/additem)
[2021/9/29 - 14:33:05] MingQuang vua cho Ripheo Dioshit (50) cafe (/additem)
[2021/9/29 - 14:33:13] MingQuang vua cho Ripheo Dioshit (50) hatgiong (/additem)
[2021/9/29 - 14:33:16] MingQuang vua cho Ripheo Dioshit (50) thuocla (/additem)
[2021/9/29 - 14:33:22] MingQuang vua cho Ripheo Dioshit (50) hopsua (/additem)
[2021/9/29 - 14:33:26] MingQuang vua cho Ripheo Dioshit (50) nuoccam (/additem)
[2021/9/29 - 14:33:29] MingQuang vua cho Ripheo Dioshit (50) nuoctao (/additem)
[2021/9/29 - 14:33:42] MingQuang vua cho Ripheo Dioshit (5000) thunggo (/additem)
[2021/9/29 - 14:33:53] MingQuang vua cho Ripheo Dioshit (2000) dong (/additem)
[2021/9/29 - 14:33:55] MingQuang vua cho Ripheo Dioshit (2000) sat (/additem)
[2021/9/29 - 14:34:06] MingQuang vua cho Ripheo Dioshit (50) chiakhoa (/additem)
[2021/9/29 - 14:34:14] MingQuang vua cho Ripheo Dioshit (50) comhop (/additem)
[2021/9/29 - 14:34:56] MingQuang vua cho Ripheo Dioshit (1) dienthoai (/additem)
[2021/9/29 - 20:42:56] MingQuang vua cho MingQuang (1) taodo (/additem)
[2021/9/29 - 20:42:59] MingQuang vua cho MingQuang (1) taoxanh (/additem)
[2021/9/29 - 20:56:19] MingQuang vua cho Phu Dinh (10) comhop (/additem)
[2021/9/29 - 20:56:32] MingQuang vua cho Phu Dinh (20) cafe (/additem)
[2021/9/29 - 20:56:36] MingQuang vua cho Phu Dinh (20) ruou (/additem)
[2021/9/29 - 20:56:40] MingQuang vua cho Phu Dinh (20) thuocla (/additem)
[2021/9/29 - 20:56:50] MingQuang vua cho Phu Dinh (20) nuoctao (/additem)
[2021/9/29 - 20:56:52] MingQuang vua cho Phu Dinh (20) nuoccam (/additem)
[2021/9/29 - 20:56:55] MingQuang vua cho Phu Dinh (20) hopsua (/additem)
[2021/9/29 - 20:57:35] MingQuang vua cho Phu Dinh (15) taoxanh (/additem)
[2021/9/29 - 20:57:37] MingQuang vua cho Phu Dinh (15) taodo (/additem)
[2021/9/29 - 20:58:30] MingQuang vua cho Phu Dinh (15) taodo (/additem)
[2021/9/30 - 0:56:19] MingQuang vua cho MingQuang (1) ngoisao (/additem)
[2021/9/30 - 0:56:29] MingQuang vua cho MingQuang (1) giftcode (/additem)
[2021/9/30 - 0:56:45] MingQuang vua cho MingQuang (1) heroin (/additem)
[2021/9/30 - 0:57:00] MingQuang vua cho MingQuang (1) hopqua (/additem)
[2021/9/30 - 0:57:29] MingQuang vua cho MingQuang (1) khobau (/additem)
[2021/9/30 - 11:49:26] Tientom vua cho Trieu DZ (60) dausach (/additem)
[2021/9/30 - 12:22:17] HAC vua cho HAC (10) khobau (/additem)
[2021/9/30 - 12:22:35] HAC vua cho HAC (10) khobau (/additem)
[2021/9/30 - 14:07:37] Long vua cho Long (1) dolongdao (/additem)
[2021/9/30 - 14:08:57] Long vua cho Long (1) khobau (/additem)
[2021/9/30 - 14:14:07] Long vua cho Long (1) binhhoiphuc (/additem)
[2021/9/30 - 14:15:57] Long vua cho Long (999) binhhoiphuc (/additem)
[2021/9/30 - 14:56:49] Shi vua cho Jayz Niggzen (2) xeng (/additem)
[2021/9/30 - 16:22:54] Shi vua cho Nam Nam (1) xeng (/additem)
[2021/9/30 - 18:10:52] Tientom vua cho Tientom (10) khobau (/additem)
[2021/9/30 - 18:16:26] Tientom vua cho Tientom (7) chiakhoa (/additem)
[2021/9/30 - 19:09:41] Long vua cho Long (10) dolongdao (/additem)
[2021/9/30 - 19:29:19] Tientom vua cho Babi Kun (2) dolongdao (/additem)
[2021/9/30 - 19:29:25] Tientom vua cho Babi Kun (1) khobau (/additem)
[2021/9/30 - 21:56:23] Tientom vua cho Shark Boy (1) khobau (/additem)
[2021/9/30 - 22:23:36] Shi vua cho Thor Yang (20) xeng (/additem)
[2021/9/30 - 22:38:39] Shi vua cho Trung Khuyet (1) phieuan (/additem)
[2021/9/30 - 22:38:59] Shi vua cho Trung Khuyet (1) phieuan (/additem)
[2021/9/30 - 23:21:04] Shi vua cho Shi (3) khobau (/additem)
[2021/9/30 - 23:21:28] Shi vua cho Shi (3) chiakhoa (/additem)
[2021/10/2 - 21:34:14] Tientom vua cho TruongTri Thuan (2) binhhoiphuc (/additem)
[2021/10/2 - 21:34:23] Tientom vua cho TruongTri Thuan (2) xeng (/additem)
[2021/10/2 - 21:34:27] Tientom vua cho TruongTri Thuan (2) chiakhoa (/additem)
[2021/10/2 - 21:45:44] Tientom vua cho Ryan Smith (5) chiakhoa (/additem)
[2021/10/2 - 21:45:52] Tientom vua cho Tientom (5) chiakhoa (/additem)
[2021/10/3 - 11:02:06] Tientom vua cho Tientom (6) ngoisao (/additem)
[2021/10/3 - 16:24:53] [VGTA]Long vua cho [VGTA]Long (20) chiakhoa (/additem)
[2021/10/3 - 18:29:32] Tientom vua cho Cao Hung (1) hopqua (/additem)
[2021/10/3 - 19:29:16] Tientom vua cho Tientom (1) hatgiong (/additem)
[2021/10/3 - 19:29:35] Tientom vua cho Tientom (1) hatgiong (/additem)
[2021/10/3 - 19:30:04] Tientom vua cho Tientom (100) cansa (/additem)
[2021/10/3 - 19:32:42] Shi Mastey vua cho Shi Mastey (10000) cansa (/additem)
[2021/10/3 - 22:08:28] MingQuang vua cho MingQuang (25) sat (/additem)
[2021/10/4 - 1:28:02] MingQuang vua cho MingQuang (1) khobau (/additem)
[2021/10/4 - 5:50:56] MingQuang vua cho MingQuang (10) xeng (/additem)
[2021/10/4 - 5:51:03] MingQuang vua cho MingQuang (10) xeng (/additem)
[2021/10/4 - 5:51:15] MingQuang vua cho MingQuang (1) xeng (/additem)
[2021/10/4 - 5:53:00] MingQuang vua cho MingQuang (1) dienthoai (/additem)
[2021/10/4 - 5:53:31] MingQuang vua cho MingQuang (1) dienthoai (/additem)
[2021/10/4 - 20:13:27] Tientom vua cho Tientom (15) c4 (/additem)
[2021/10/4 - 21:35:55] VGTA SHI vua cho Babi Kun (1) khobau (/additem)
[2021/10/5 - 0:02:56] VGTA SHI vua cho VGTA SHI (2) chiakhoa (/additem)
[2021/10/5 - 0:07:51] VGTA SHI vua cho VGTA SHI (15) chiakhoa (/additem)
[2021/10/5 - 0:09:08] VGTA SHI vua cho VGTA SHI (15) chiakhoa (/additem)
[2021/10/5 - 0:09:17] VGTA SHI vua cho VGTA SHI (15) khobau (/additem)
[2021/10/5 - 0:09:25] VGTA SHI vua cho VGTA SHI (15) chiakhoa (/additem)
[2021/10/5 - 0:09:43] VGTA SHI vua cho VGTA SHI (1000) dong (/additem)
[2021/10/5 - 20:26:17] MingQuang vua cho Phu Dinh (1) hatgiong (/additem)
[2021/10/5 - 20:34:14] MingQuang vua cho Phu Dinh (10) comhop (/additem)
[2021/10/5 - 20:34:21] MingQuang vua cho Phu Dinh (40) nuoctao (/additem)
[2021/10/5 - 20:34:43] MingQuang vua cho Phu Dinh (10) hopsua (/additem)
[2021/10/5 - 20:35:01] MingQuang vua cho Phu Dinh (10) hopcam (/additem)
[2021/10/5 - 20:35:40] MingQuang vua cho Phu Dinh (10) nuoccam (/additem)
[2021/10/5 - 23:35:20] HAC vua cho Jeremy Heller (1) xeng (/additem)
[2021/10/5 - 23:35:25] HAC vua cho Jeremy Heller (1) chiakhoa (/additem)
[2021/10/6 - 0:09:38] Long vua cho Shi (100) dolongdao (/additem)
[2021/10/6 - 9:25:22] MingQuang vua cho Phu Dinh (90) ruou (/additem)
[2021/10/6 - 12:05:48] MingQuang vua cho Huy (1) negreen (/additem)
[2021/10/6 - 12:08:01] MingQuang vua cho MingQuang (1) negreen (/additem)
[2021/10/6 - 12:09:38] MingQuang vua cho Huy (1) nered (/additem)
[2021/10/8 - 7:30:48] HAC vua cho HAC (100) chiakhoa (/additem)
[2021/10/8 - 21:25:53] Danielle vua cho Tuan Anh (1) newhite (/additem)
[2021/10/8 - 21:51:26] Danielle vua cho Danielle (1) nered (/additem)
[2021/10/8 - 21:52:01] Danielle vua cho Danielle (1) nered (/additem)
[2021/10/8 - 22:08:25] Shi vua cho OP Mirai (300) thunggo (/additem)
[2021/10/8 - 22:25:55] Shi vua cho Shi (3) nered (/additem)
[2021/10/8 - 22:26:44] Shi vua cho Shi (3) newhite (/additem)
[2021/10/8 - 22:27:36] Tientom vua cho Tientom (1) cuikho (/additem)
[2021/10/8 - 22:54:15] Shi vua cho Shi (22) chiakhoa (/additem)
[2021/10/8 - 23:00:43] MingQuang vua cho MingQuang (10) khobau (/additem)
[2021/10/8 - 23:00:52] MingQuang vua cho MingQuang (10) chiakhoa (/additem)
[2021/10/8 - 23:07:25] MingQuang vua cho MingQuang (1) dolongdao (/additem)
[2021/10/8 - 23:07:32] MingQuang vua cho MingQuang (1) dolongdao (/additem)
[2021/10/8 - 23:07:47] MingQuang vua cho MingQuang (1) dolongdao (/additem)
[2021/10/8 - 23:25:14] Shi vua cho NG Nam (1) binhhoiphuc (/additem)
[2021/10/8 - 23:25:18] Shi vua cho NG Nam (2) tuavit (/additem)
[2021/10/9 - 19:28:37] Tientom vua cho Tuan Che (100) thunggo (/additem)
[2021/10/9 - 22:06:49] HAC vua cho LQ TOAN (100) negreen (/additem)
[2021/10/9 - 22:06:56] HAC vua cho LQ TOAN (-100) negreen (/additem)
[2021/10/9 - 22:07:10] HAC vua cho HAC (-100) negreen (/additem)
[2021/10/9 - 22:07:15] HAC vua cho HAC (100) negreen (/additem)
[2021/10/9 - 22:08:00] HAC vua cho HAC (1) negreen (/additem)
[2021/10/9 - 22:28:51] HAC vua cho LQ TOAN (1) negreen (/additem)
[2021/10/9 - 22:28:55] HAC vua cho LQ TOAN (-1) negreen (/additem)
[2021/10/9 - 22:29:00] HAC vua cho HAC (-1) negreen (/additem)
[2021/10/9 - 22:29:04] HAC vua cho HAC (1) negreen (/additem)
[2021/10/9 - 22:29:05] HAC vua cho HAC (1) negreen (/additem)
[2021/10/9 - 22:35:47] HAC vua cho HAC (10) neblue (/additem)
[2021/10/9 - 22:35:53] HAC vua cho HAC (10) neyellow (/additem)
[2021/10/9 - 22:36:05] HAC vua cho HAC (10) nepink (/additem)
[2021/10/9 - 22:36:08] HAC vua cho HAC (10) nered (/additem)
[2021/10/11 - 13:52:27] Tientom vua cho Tientom (1) chiakhoa (/additem)
[2021/10/11 - 19:19:34] MingQuang vua cho Kevin Nguyen (1) negreen (/additem)
[2021/10/12 - 11:55:05] Shi vua cho Shi (1) c4 (/additem)
[2021/10/12 - 12:56:22] Shi vua cho Shi (2) c4 (/additem)
[2021/10/12 - 15:21:56] Tientom vua cho Tuan Khang (5) c4 (/additem)
[2021/10/12 - 22:31:22] tientom vua cho tientom (1) nepink (/additem)
[2021/10/13 - 12:49:54] MingQuang vua cho Ngoc Tien (1) xeng (/additem)
[2021/10/13 - 19:32:19] Shi vua cho Yuh Gad (20) nuoctao (/additem)
[2021/10/13 - 22:28:11] Shi vua cho Jun Xiong (5) chiakhoa (/additem)
[2021/10/13 - 22:56:18] MingQuang vua cho Truong coiii (1) tuavit (/additem)
[2021/10/13 - 22:59:37] Tientom vua cho Tientom (1) hotquet (/additem)
[2021/10/15 - 0:37:24] Shi vua cho Tuan Khang (5) dolongdao (/additem)
[2021/10/15 - 0:37:31] Shi vua cho Tuan Khang (5) binhhoiphuc (/additem)
[2021/10/15 - 10:34:27] Tientom vua cho Larry Eriksen (-6) negreen (/additem)
[2021/10/15 - 23:13:17] Shi vua cho Shi (100) dolongdao (/additem)
[2021/10/15 - 23:13:21] Shi vua cho Shi (100) binhhoiphuc (/additem)
[2021/10/16 - 9:52:20] Tientom vua cho Tientom (5) chiakhoa (/additem)
[2021/10/16 - 12:11:35] TienTom vua cho TienTom (2) comhop (/additem)
[2021/10/18 - 13:42:23] Shi vua cho Shi (100) thuocla (/additem)
[2021/10/19 - 11:03:48] TienTom vua cho Hoang PhiHong (-1) cuuthuong (/additem)
[2021/10/22 - 7:03:11] Tientom vua cho Tientom (25) c4 (/additem)
[2022/6/18 - 19:39:50] hac vua cho hac (20) dolongdao (/additem)
[2022/7/6 - 15:55:20] hac vua cho hac (10) binhhoiphuc (/additem)
[2022/7/6 - 18:15:23] hac vua cho hac (1) quanaplandau (/additem)
[2022/7/15 - 17:41:27] hac vua cho hac (1) quanaplandau (/additem)
[2022/7/18 - 10:04:13] hac vua cho hac (100) sat (/additem)
[2022/8/17 - 9:49:44] HAC vua cho HAC (2) hopqua (/additem)
[2022/8/18 - 21:26:55] HAC vua cho HAC (2) 50098 (/additem)
[2022/8/18 - 21:31:17] HAC vua cho HAC (1) giapvatly1 (/additem)
[2022/8/18 - 21:32:40] HAC vua cho HAC (2) giapphep (/additem)
[2022/8/18 - 21:32:47] HAC vua cho HAC (2) giapphep1 (/additem)
[2022/8/18 - 21:33:22] HAC vua cho HAC (1) giapvatly2 (/additem)
[2022/8/18 - 21:35:59] Bao vua cho Bao (1) giapvatly1 (/additem)
[2022/8/18 - 21:46:51] Bao vua cho Bao (1) hopqua (/additem)
[2022/8/18 - 22:01:24] HAC vua cho HAC (6) giapvatly2 (/additem)
[2022/8/18 - 22:01:40] HAC vua cho HAC (1) giapvatly2 (/additem)
[2022/8/18 - 22:01:41] HAC vua cho HAC (1) giapvatly2 (/additem)
[2022/8/18 - 22:01:42] HAC vua cho HAC (1) giapvatly2 (/additem)
[2022/8/18 - 22:01:49] HAC vua cho HAC (1) giapvatly2 (/additem)
[2022/8/18 - 22:01:53] HAC vua cho HAC (1) giapvatly2 (/additem)
[2022/8/18 - 22:01:58] HAC vua cho HAC (1) giapvatly2 (/additem)
[2022/8/18 - 22:08:46] HAC vua cho HAC (2) giapvatly1 (/additem)
[2022/8/18 - 22:08:53] HAC vua cho HAC (1) giapvatly1 (/additem)
[2022/8/18 - 22:08:59] HAC vua cho HAC (1) giapvatly1 (/additem)
[2022/8/18 - 22:09:04] HAC vua cho HAC (1) giapvatly1 (/additem)
[2022/8/18 - 22:09:18] HAC vua cho HAC (1) giapvatly1 (/additem)
[2022/8/18 - 22:09:19] HAC vua cho HAC (1) giapvatly1 (/additem)
[2022/8/18 - 22:10:23] Bao vua cho Bao (1) giapvatly1 (/additem)
[2022/8/18 - 22:10:30] Bao vua cho Bao (6) giapvatly1 (/additem)
