[2018/1/1 - 16:36:22] Loc Vgta da thay doi vi tri bat giu  ID 1's .
[2018/1/1 - 16:36:37] Loc Vgta has changed the type on Arrest Point ID 1 to 2.
[2018/1/1 - 16:36:45] Loc Vgta has changed the type on Arrest Point ID 1 to 1.
[2018/1/1 - 16:36:50] Loc Vgta has changed the type on Arrest Point ID 1 to 2.
[2018/1/1 - 16:36:53] Loc Vgta has changed the type on Arrest Point ID 1 to 3.
[2018/1/1 - 16:36:57] Loc Vgta has changed the type on Arrest Point ID 1 to 4.
[2018/1/1 - 16:37:06] Loc Vgta has changed the type on Arrest Point ID 1 to 1.
[2018/1/1 - 16:37:20] Loc Vgta da thay doi vi tri bat giu  ID 1's .
[2018/1/1 - 16:37:30] Loc Vgta has deleted Arrest Point ID 1.
[2018/1/1 - 16:37:42] Loc Vgta da thay doi vi tri bat giu  ID 1's .
[2018/1/6 - 21:29:32] Loc Vgta da thay doi vi tri bat giu  ID 2's .
[2018/1/6 - 21:30:38] Loc Vgta has deleted Arrest Point ID 2.
[2018/1/26 - 12:07:39] loc vgta da thay doi vi tri bat giu  ID 12's .
[2021/7/11 - 15:16:52] VGTA 02 da thay doi vi tri bat giu  ID 1's .
[2021/7/11 - 16:03:17] VGTA 02 has deleted Arrest Point ID 0.
[2021/7/17 - 8:31:48] Ryan Smith da thay doi vi tri bat giu  ID 2's .
[2021/7/17 - 8:31:59] Ryan Smith has changed the type on Arrest Point ID 2 to 1.
[2021/7/17 - 8:32:04] Ryan Smith has changed the type on Arrest Point ID 2 to 2.
[2021/7/17 - 8:34:05] Ryan Smith has changed the type on Arrest Point ID 2 to 3.
[2021/7/17 - 8:34:09] Ryan Smith has changed the type on Arrest Point ID 2 to 1.
[2021/7/17 - 8:34:12] Ryan Smith has changed the type on Arrest Point ID 2 to 0.
[2021/7/17 - 8:37:19] Ryan Smith da thay doi vi tri bat giu  ID 3's .
[2021/7/17 - 8:37:28] Ryan Smith has changed the type on Arrest Point ID 3 to 2.
[2021/8/17 - 10:07:35] TienTom da thay doi vi tri bat giu  ID 3's .
[2021/8/17 - 12:27:20] TienTom da thay doi vi tri bat giu  ID 0's .
[2021/8/17 - 13:11:05] Ryan Smith has changed the type on Arrest Point ID 2 to 1.
[2021/8/17 - 13:11:08] Ryan Smith has changed the type on Arrest Point ID 2 to 2.
[2021/8/17 - 13:11:11] Ryan Smith has changed the type on Arrest Point ID 2 to 3.
[2021/8/17 - 13:11:17] Ryan Smith has changed the type on Arrest Point ID 2 to 3.
[2021/8/17 - 13:11:19] Ryan Smith has changed the type on Arrest Point ID 2 to 4.
[2021/8/17 - 13:11:23] Ryan Smith has changed the type on Arrest Point ID 2 to 5.
[2021/8/17 - 13:11:27] Ryan Smith has changed the type on Arrest Point ID 2 to 6.
[2021/8/17 - 13:11:29] Ryan Smith has changed the type on Arrest Point ID 2 to 0.
[2021/8/17 - 14:54:13] Ryan Smith da thay doi vi tri bat giu  ID 2's .
[2021/8/28 - 16:05:00] Shi has changed the type on Arrest Point ID 2 to 1.
[2021/8/28 - 16:05:05] Shi has changed the type on Arrest Point ID 2 to 2.
[2021/9/23 - 23:54:57] Ryan Smith da thay doi vi tri bat giu  ID 1's .
[2021/9/24 - 0:00:56] Ryan Smith has deleted Arrest Point ID 2.
[2021/9/25 - 10:50:50] baTam has deleted Arrest Point ID 2.
[2021/9/25 - 21:01:11] Shi has deleted Arrest Point ID 2.
[2021/9/28 - 17:29:47] Tientom has deleted Arrest Point ID 2.
[2021/9/29 - 16:11:05] Shi has deleted Arrest Point ID 2.
[2021/10/2 - 12:25:21] Tientom has deleted Arrest Point ID 2.
[2021/10/8 - 8:35:53] Tientom has deleted Arrest Point ID 2.
[2021/10/8 - 10:10:58] Tientom has deleted Arrest Point ID 2.
[2021/10/10 - 13:27:22] Ryan Smith da thay doi vi tri bat giu  ID 1's .
[2021/10/10 - 13:27:30] Ryan Smith has changed the type on Arrest Point ID 1 to 15.
[2021/10/10 - 13:27:34] Ryan Smith has changed the type on Arrest Point ID 2 to 15.
[2021/10/10 - 13:27:41] Ryan Smith has changed the type on Arrest Point ID 1 to 2.
[2021/10/10 - 13:27:44] Ryan Smith has changed the type on Arrest Point ID 1 to 3.
[2021/10/10 - 13:28:00] Ryan Smith has changed the type on Arrest Point ID 1 to 1.
[2021/10/10 - 13:28:04] Ryan Smith has changed the type on Arrest Point ID 1 to 2.
[2021/10/10 - 13:28:06] Ryan Smith has changed the type on Arrest Point ID 1 to 0.
[2021/10/10 - 14:55:27] Ryan Smith da thay doi vi tri bat giu  ID 3's .
[2021/10/12 - 19:01:46] Tientom da thay doi vi tri bat giu  ID 3's .
[2021/10/12 - 19:04:07] Tientom has deleted Arrest Point ID 3.
[2021/10/20 - 12:12:54] TienTom da thay doi vi tri bat giu  ID 2's .
[2021/10/20 - 12:15:31] TienTom has changed the type on Arrest Point ID 2 to 1.
[2021/10/20 - 12:15:39] TienTom has changed the type on Arrest Point ID 2 to 2.
[2021/10/20 - 12:16:01] TienTom da thay doi vi tri bat giu  ID 2's .
