[2021/8/9 - 1:21:15] << Shi Master da dat mot hop dong Shark Boy gia $100000 , Chi tiet: lao >>
[2021/8/9 - 1:24:24] << Shi Master da dat mot hop dong Shark Boy gia $200000 , Chi tiet: lao >>
[2021/8/9 - 1:24:33] << Shi Master da dat mot hop dong Rot Bot gia $200000 , Chi tiet: lao >>
[2021/8/9 - 1:33:56] << Shi Master da dat mot hop dong Rot Bot gia $100000 , Chi tiet: 1 >>
[2021/9/2 - 21:28:31] << Tran Trung Hau da dat mot hop dong Rot Bot gia $10000 , Chi tiet: thich giet >>
[2021/9/9 - 7:12:41] << Nam Nam da dat mot hop dong mjke VN gia $10000 , Chi tiet: lao >>
[2021/9/26 - 22:10:10] << Ryan Smith da dat mot hop dong Mr Alexander gia $50000 , Chi tiet: Giet >>
[2021/9/26 - 22:20:10] << Mr Alexander da dat mot hop dong Trung Khuyet gia $10000 , Chi tiet: Chui Anh Em Map U! >>
[2021/9/27 - 13:13:21] << Ryan Smith da dat mot hop dong Mr Alexander gia $20000 , Chi tiet: . >>
[2021/9/27 - 22:21:43] << Van Nam da dat mot hop dong Ryan Smith gia $13763 , Chi tiet: Lao' cho >>
[2021/9/27 - 22:28:56] << kiet nguyen da dat mot hop dong Vo VanThang gia $100000 , Chi tiet: test >>
[2021/9/27 - 22:29:17] << TruongTri Thuan da dat mot hop dong Versailles Rosaleen gia $50000 , Chi tiet: nguoi yeu cu >>
[2021/9/27 - 22:37:04] << Thomas Emerson da dat mot hop dong kiet nguyen gia $10000 , Chi tiet: test >>
[2021/9/27 - 22:39:41] << Thomas Emerson da dat mot hop dong kiet nguyen gia $10000 , Chi tiet: test >>
[2021/9/27 - 22:40:02] << Pana DoL da dat mot hop dong TruongTri Thuan gia $100000 , Chi tiet: An torm >>
[2021/9/27 - 22:45:10] << Thomas Emerson da dat mot hop dong kiet nguyen gia $10000 , Chi tiet: giet kiet_nguyen >>
[2021/9/27 - 22:45:13] << Thomas Emerson da dat mot hop dong kiet nguyen gia $10000 , Chi tiet: giet kiet_nguyen >>
[2021/9/27 - 22:52:05] << Thomas Emerson da dat mot hop dong kiet nguyen gia $10000 , Chi tiet: giet kiet_nguyen >>
[2021/9/27 - 22:54:06] << TruongTri Thuan da dat mot hop dong Van Nam gia $50000 , Chi tiet: bop cu no cho anh. >>
[2021/9/27 - 22:59:12] << kiet nguyen da dat mot hop dong leander moore gia $10000 , Chi tiet: hehe >>
[2021/9/27 - 23:07:38] << Van Nam da dat mot hop dong TruongTri Thuan gia $50000 , Chi tiet: Giet khong tha >>
[2021/9/27 - 23:25:14] << Ryan Smith da dat mot hop dong Mr Alexander gia $10000 , Chi tiet: . >>
[2021/9/27 - 23:26:43] << Ryan Smith da dat mot hop dong Mr Alexander gia $10000 , Chi tiet: . >>
[2021/9/27 - 23:35:39] << Van Nam da dat mot hop dong TruongTri Thuan gia $30000 , Chi tiet: giet >>
[2021/9/27 - 23:42:18] << TruongTri Thuan da dat mot hop dong Van Nam gia $50000 , Chi tiet: giet >>
[2021/9/27 - 23:48:26] << TruongTri Thuan da dat mot hop dong Hawking Starling gia $50000 , Chi tiet: giettttt. danh shi cua anh. >>
[2021/9/27 - 23:50:39] << TruongTri Thuan da dat mot hop dong Ha Ngo gia $50000 , Chi tiet: danh shi cua a. >>
[2021/9/27 - 23:55:20] << Aston Martin da dat mot hop dong Trung Khuyet gia $100000 , Chi tiet: taxi fake gia' cao >>
[2021/9/27 - 23:57:25] << Pana DoL da dat mot hop dong Aston Martin gia $20000 , Chi tiet: Lam mat mod cua Shi >>
[2021/9/28 - 0:06:36] << Pana DoL da dat mot hop dong Aston Martin gia $10000 , Chi tiet: Giet >>
[2021/9/28 - 0:10:18] << Pana DoL da dat mot hop dong TruongTri Thuan gia $10000 , Chi tiet: Ghet' >>
[2021/9/28 - 0:11:26] << TruongTri Thuan da dat mot hop dong Pana DoL gia $50000 , Chi tiet: giet le. >>
[2021/9/28 - 0:20:54] << Aston Martin da dat mot hop dong Fox Drake gia $100000 , Chi tiet: sua~ xe mac' >>
[2021/9/28 - 0:32:45] << kiet nguyen da dat mot hop dong Fox Drake gia $10000 , Chi tiet: thuong anh nhat >>
[2021/9/28 - 9:47:18] << Pana DoL da dat mot hop dong TruongTri Thuan gia $10000 , Chi tiet: dua may cho nguoi khac choi >>
[2021/9/28 - 10:50:01] << TruongTri Thuan da dat mot hop dong Thich TamHao gia $50000 , Chi tiet: con HM k e, /w a cai >>
[2021/9/28 - 16:32:23] << Thomas Emerson da dat mot hop dong Ryan Smith gia $10000 , Chi tiet: giet map >>
[2021/9/28 - 16:54:01] << Tuan Khoa da dat mot hop dong Ryan Smith gia $10000 , Chi tiet: thay ghet >>
[2021/9/28 - 17:07:12] << TruongTri Thuan da dat mot hop dong Richard Dawnson gia $100000 , Chi tiet: yeu yeu. >>
[2021/9/28 - 19:11:15] << Aston Martin da dat mot hop dong Gawr Gura gia $50000 , Chi tiet: xinh dep la toi ac >>
[2021/9/28 - 19:15:12] << Brian Zeros da dat mot hop dong Van Nam gia $50000 , Chi tiet: no lao qua >>
[2021/9/28 - 19:33:35] << Trung Khuyet da dat mot hop dong Duong Alex gia $10000 , Chi tiet: mat day. >>
[2021/9/28 - 20:02:10] << Mr Alexander da dat mot hop dong Trung Khuyet gia $10000 , Chi tiet: Gay >>
[2021/9/28 - 20:51:55] << Pana DoL da dat mot hop dong Trung Khuyet gia $20000 , Chi tiet: chui~ the >>
[2021/9/29 - 20:00:04] << nguyen manhkhang da dat mot hop dong kiet nguyen gia $400000 , Chi tiet: di giet  >>
[2021/9/29 - 20:00:45] << Hawking Starling da dat mot hop dong Aston Martin gia $10000 , Chi tiet: Ghet >>
[2021/9/29 - 20:51:40] << Aston Martin da dat mot hop dong Diablo Ryan gia $100000 , Chi tiet: chui~ tao >>
[2021/9/30 - 10:38:46] << minh chug da dat mot hop dong Okira William gia $100000 , Chi tiet: tu hieu >>
[2021/9/30 - 23:29:39] << NG Nam da dat mot hop dong Mr Alexander gia $50000 , Chi tiet: choi nhu 2 nguoi dan ong ma` la >>
[2021/9/30 - 23:33:41] << NG Nam da dat mot hop dong Mr AIexander gia $10000 , Chi tiet: sat thu cc >>
[2021/10/6 - 21:49:44] << Ryan Smith da dat mot hop dong Trieu DZ gia $50000 , Chi tiet: test >>
[2021/10/7 - 10:09:36] << Diablo Ryan da dat mot hop dong mjke VN gia $10000 , Chi tiet: dang bi giet >>
[2021/10/8 - 15:20:58] << minh nhii da dat mot hop dong mjke VN gia $100000 , Chi tiet: chem chet nguoi >>
[2021/10/8 - 21:59:20] << Ricardo James da dat mot hop dong Tientom gia $100000 , Chi tiet: Danh bom lieu chet >>
[2021/10/10 - 15:23:31] << mjke VN da dat mot hop dong Tuan Anh gia $10000 , Chi tiet: cuopxe >>
[2021/10/12 - 22:09:16] << Tuan Khang da dat mot hop dong Ryan Smith gia $100000 , Chi tiet: chua giam can >>
[2021/10/13 - 16:33:45] << Pu Angel da dat mot hop dong LEF Whatlen gia $10000 , Chi tiet: damxeganhongkhongdenbu >>
[2021/10/16 - 13:39:04] << Trieu DZ da dat mot hop dong Ryan Smith gia $10000 , Chi tiet: Dep Trai Qua >>
[2021/10/19 - 20:00:52] << Rang Rang da dat mot hop dong Hoang PhiHong gia $500000 , Chi tiet: Ngua mat qua >>
