[2021/8/16 - 19:20:12] [GIA KHOANG SAN] TienTom da dieu chinh gia cuc Dong thanh $5,000/cuc.
[2021/8/16 - 19:20:46] [GIA KHOANG SAN] TienTom da dieu chinh gia cuc KIM CUONG thanh $60,000/cuc.
[2021/8/16 - 19:38:29] [GIA KHOANG SAN] MingQuang da dieu chinh gia cuc Dong thanh $4,000/cuc.
[2021/8/16 - 19:38:56] [GIA KHOANG SAN] BeIu CuaYang da dieu chinh gia cuc VANG thanh $20,000/cuc.
[2021/8/16 - 19:39:04] [GIA KHOANG SAN] BeIu CuaYang da dieu chinh gia cuc KIM CUONG thanh $40,000/cuc.
[2021/8/17 - 1:08:27] [GIA KHOANG SAN] Long da dieu chinh gia cuc VANG thanh $20,000/cuc.
[2021/8/17 - 1:08:38] [GIA KHOANG SAN] Long da dieu chinh gia cuc KIM CUONG thanh $40,000/cuc.
[2021/8/17 - 1:12:09] [GIA KHOANG SAN] Long da dieu chinh gia cuc VANG thanh $3/cuc.
[2021/8/17 - 1:12:14] [GIA KHOANG SAN] Long da dieu chinh gia cuc VANG thanh $30,000/cuc.
[2021/8/17 - 1:12:19] [GIA KHOANG SAN] Long da dieu chinh gia cuc KIM CUONG thanh $50,000/cuc.
[2021/8/17 - 1:13:36] [GIA KHOANG SAN] Long da dieu chinh gia cuc Dong thanh $500/cuc.
[2021/8/17 - 1:13:43] [GIA KHOANG SAN] Long da dieu chinh gia cuc SAT thanh $800/cuc.
[2021/8/17 - 1:14:02] [GIA KHOANG SAN] Long da dieu chinh gia cuc Dong thanh $800/cuc.
[2021/8/17 - 1:14:05] [GIA KHOANG SAN] Long da dieu chinh gia cuc SAT thanh $500/cuc.
[2021/8/17 - 1:16:35] [GIA KHOANG SAN] Long da dieu chinh gia cuc Dong thanh $500/cuc.
[2021/8/17 - 1:16:39] [GIA KHOANG SAN] Long da dieu chinh gia cuc SAT thanh $300/cuc.
[2021/8/17 - 1:16:48] [GIA KHOANG SAN] Long da dieu chinh gia cuc Dong thanh $300/cuc.
[2021/8/17 - 1:16:51] [GIA KHOANG SAN] Long da dieu chinh gia cuc SAT thanh $100/cuc.
[2021/8/17 - 1:17:01] [GIA KHOANG SAN] Long da dieu chinh gia cuc SAT thanh $300/cuc.
[2021/8/17 - 1:17:07] [GIA KHOANG SAN] Long da dieu chinh gia cuc Dong thanh $100/cuc.
[2021/8/17 - 1:26:39] [GIA KHOANG SAN] Long da dieu chinh gia cuc Dong thanh $300/cuc.
[2021/8/17 - 1:34:07] [GIA KHOANG SAN] Long da dieu chinh gia cuc Dong thanh $500/cuc.
[2021/8/17 - 1:34:57] [GIA KHOANG SAN] Long da dieu chinh gia cuc SAT thanh $500/cuc.
[2021/8/17 - 1:56:09] [GIA KHOANG SAN] Long da dieu chinh gia cuc Dong thanh $800/cuc.
[2021/8/17 - 10:52:06] [GIA KHOANG SAN] Shi Master da dieu chinh gia cuc VANG thanh $1/cuc.
[2021/8/17 - 10:52:26] [GIA KHOANG SAN] Shi Master da dieu chinh gia cuc VANG thanh $29,999/cuc.
[2021/8/17 - 10:54:02] [GIA KHOANG SAN] MingQuang da dieu chinh gia cuc VANG thanh $30,000/cuc.
[2021/8/17 - 12:43:44] [GIA KHOANG SAN] Long da dieu chinh gia cuc Dong thanh $800/cuc.
[2021/8/17 - 12:43:48] [GIA KHOANG SAN] Long da dieu chinh gia cuc SAT thanh $500/cuc.
[2021/8/18 - 0:07:31] [GIA KHOANG SAN] Long da dieu chinh gia cuc KIM CUONG thanh $50,000/cuc.
[2021/8/18 - 0:07:41] [GIA KHOANG SAN] Long da dieu chinh gia cuc KIM CUONG thanh $80,000/cuc.
[2021/8/18 - 0:08:28] [GIA KHOANG SAN] Long da dieu chinh gia cuc KIM CUONG thanh $50,000/cuc.
[2021/8/18 - 8:01:58] [GIA KHOANG SAN] MingQuang da dieu chinh gia cuc VANG thanh $100,000/cuc.
[2021/8/18 - 8:14:36] [GIA KHOANG SAN] MingQuang da dieu chinh gia cuc KIM CUONG thanh $200,000/cuc.
[2021/8/18 - 8:15:02] [GIA KHOANG SAN] MingQuang da dieu chinh gia cuc KIM CUONG thanh $300,000/cuc.
[2021/8/18 - 11:07:37] [GIA KHOANG SAN] MingQuang da dieu chinh gia cuc SAT thanh $700/cuc.
[2021/8/18 - 11:07:40] [GIA KHOANG SAN] MingQuang da dieu chinh gia cuc Dong thanh $850/cuc.
[2021/8/18 - 11:08:11] [GIA KHOANG SAN] MingQuang da dieu chinh gia cuc SAT thanh $650/cuc.
[2021/8/18 - 11:10:48] [GIA KHOANG SAN] MingQuang da dieu chinh gia cuc VANG thanh $80,000/cuc.
[2021/8/18 - 20:03:11] [GIA KHOANG SAN] MingQuang da dieu chinh gia cuc KIM CUONG thanh $200,000/cuc.
[2021/8/18 - 20:03:14] [GIA KHOANG SAN] MingQuang da dieu chinh gia cuc VANG thanh $80,000/cuc.
[2021/8/19 - 13:08:58] [GIA KHOANG SAN] MingQuang da dieu chinh gia cuc KIM CUONG thanh $200,000/cuc.
[2021/8/19 - 13:09:01] [GIA KHOANG SAN] MingQuang da dieu chinh gia cuc VANG thanh $80,000/cuc.
[2021/8/19 - 19:35:39] [GIA KHOANG SAN] MingQuang da dieu chinh gia cuc SAT thanh $1,000/cuc.
[2021/8/19 - 19:35:49] [GIA KHOANG SAN] MingQuang da dieu chinh gia cuc SAT thanh $1,500/cuc.
[2021/8/19 - 20:47:08] [GIA KHOANG SAN] MingQuang da dieu chinh gia cuc VANG thanh $79,563/cuc.
[2021/8/19 - 22:28:39] [GIA KHOANG SAN] MingQuang da dieu chinh gia cuc KIM CUONG thanh $200,000/cuc.
[2021/8/19 - 22:28:47] [GIA KHOANG SAN] MingQuang da dieu chinh gia cuc VANG thanh $80,000/cuc.
[2021/8/20 - 11:02:20] [GIA KHOANG SAN] MingQuang da dieu chinh gia cuc KIM CUONG thanh $200,000/cuc.
[2021/8/20 - 11:02:24] [GIA KHOANG SAN] MingQuang da dieu chinh gia cuc VANG thanh $80,000/cuc.
[2021/8/20 - 11:02:27] [GIA KHOANG SAN] MingQuang da dieu chinh gia cuc SAT thanh $1,500/cuc.
[2021/8/20 - 13:30:29] [GIA KHOANG SAN] Long da dieu chinh gia cuc VANG thanh $80,000/cuc.
[2021/8/20 - 13:30:35] [GIA KHOANG SAN] Long da dieu chinh gia cuc KIM CUONG thanh $200,000/cuc.
[2021/8/20 - 13:30:44] [GIA KHOANG SAN] Long da dieu chinh gia cuc VANG thanh $79,568/cuc.
[2021/8/20 - 13:30:51] [GIA KHOANG SAN] Long da dieu chinh gia cuc KIM CUONG thanh $199,999/cuc.
[2021/8/20 - 13:30:59] [GIA KHOANG SAN] Long da dieu chinh gia cuc Dong thanh $1,050/cuc.
[2021/8/20 - 13:31:03] [GIA KHOANG SAN] Long da dieu chinh gia cuc SAT thanh $2,040/cuc.
[2021/8/20 - 15:08:20] [GIA KHOANG SAN] MingQuang da dieu chinh gia cuc SAT thanh $1,950/cuc.
[2021/8/20 - 18:44:53] [GIA KHOANG SAN] Long da dieu chinh gia cuc KIM CUONG thanh $200,500/cuc.
[2021/8/20 - 18:45:03] [GIA KHOANG SAN] Long da dieu chinh gia cuc VANG thanh $79,869/cuc.
[2021/8/20 - 19:07:27] [GIA KHOANG SAN] MingQuang da dieu chinh gia cuc KIM CUONG thanh $400,000/cuc.
[2021/8/20 - 19:07:38] [GIA KHOANG SAN] MingQuang da dieu chinh gia cuc VANG thanh $90,000/cuc.
[2021/8/20 - 20:31:40] [GIA KHOANG SAN] MingQuang da dieu chinh gia cuc KIM CUONG thanh $400,000/cuc.
[2021/8/20 - 20:31:43] [GIA KHOANG SAN] MingQuang da dieu chinh gia cuc VANG thanh $90,000/cuc.
[2021/8/20 - 20:31:52] [GIA KHOANG SAN] MingQuang da dieu chinh gia cuc SAT thanh $1,950/cuc.
[2021/8/20 - 20:32:04] [GIA KHOANG SAN] MingQuang da dieu chinh gia cuc SAT thanh $1,000/cuc.
[2021/8/20 - 20:32:17] [GIA KHOANG SAN] MingQuang da dieu chinh gia cuc Dong thanh $1,950/cuc.
[2021/8/20 - 21:17:41] [GIA KHOANG SAN] MingQuang da dieu chinh gia cuc KIM CUONG thanh $400,000/cuc.
[2021/8/20 - 21:17:45] [GIA KHOANG SAN] MingQuang da dieu chinh gia cuc VANG thanh $90,000/cuc.
[2021/8/20 - 21:17:50] [GIA KHOANG SAN] MingQuang da dieu chinh gia cuc SAT thanh $1,000/cuc.
[2021/8/20 - 21:17:52] [GIA KHOANG SAN] MingQuang da dieu chinh gia cuc Dong thanh $1,950/cuc.
[2021/8/21 - 19:04:58] [GIA KHOANG SAN] Long da dieu chinh gia cuc KIM CUONG thanh $200,000/cuc.
[2021/8/21 - 19:05:05] [GIA KHOANG SAN] Long da dieu chinh gia cuc VANG thanh $80,765/cuc.
[2021/8/22 - 17:30:26] [GIA KHOANG SAN] Tientom da dieu chinh gia cuc VANG thanh $30,000/cuc.
[2021/8/22 - 17:30:35] [GIA KHOANG SAN] MingQuang da dieu chinh gia cuc KIM CUONG thanh $20,000/cuc.
[2021/8/22 - 17:30:37] [GIA KHOANG SAN] MingQuang da dieu chinh gia cuc KIM CUONG thanh $200,000/cuc.
[2021/8/22 - 18:39:45] [GIA KHOANG SAN] VGTA SHI da dieu chinh gia cuc VANG thanh $69/cuc.
[2021/8/22 - 18:39:53] [GIA KHOANG SAN] VGTA SHI da dieu chinh gia cuc VANG thanh $69,696/cuc.
[2021/8/22 - 18:40:01] [GIA KHOANG SAN] MingQuang da dieu chinh gia cuc KIM CUONG thanh $200,000/cuc.
[2021/8/22 - 18:40:13] [GIA KHOANG SAN] MingQuang da dieu chinh gia cuc Dong thanh $1,500/cuc.
[2021/8/22 - 18:40:16] [GIA KHOANG SAN] MingQuang da dieu chinh gia cuc SAT thanh $1,000/cuc.
[2021/8/22 - 19:54:22] [GIA KHOANG SAN] VGTA SHI da dieu chinh gia cuc VANG thanh $69,000/cuc.
[2021/8/22 - 19:54:29] [GIA KHOANG SAN] MingQuang da dieu chinh gia cuc KIM CUONG thanh $200,000/cuc.
[2021/8/22 - 19:54:30] [GIA KHOANG SAN] VGTA SHI da dieu chinh gia cuc KIM CUONG thanh $269,000/cuc.
[2021/8/22 - 19:54:40] [GIA KHOANG SAN] MingQuang da dieu chinh gia cuc SAT thanh $1,000/cuc.
[2021/8/22 - 19:54:43] [GIA KHOANG SAN] MingQuang da dieu chinh gia cuc Dong thanh $1,200/cuc.
[2021/8/22 - 20:29:22] [GIA KHOANG SAN] Tientom da dieu chinh gia cuc KIM CUONG thanh $300,000/cuc.
[2021/8/22 - 20:29:32] [GIA KHOANG SAN] VGTA SHI da dieu chinh gia cuc VANG thanh $69,000/cuc.
[2021/8/23 - 7:23:20] [GIA KHOANG SAN] Tientom da dieu chinh gia cuc VANG thanh $65,000/cuc.
[2021/8/23 - 7:23:29] [GIA KHOANG SAN] Tientom da dieu chinh gia cuc KIM CUONG thanh $300,000/cuc.
[2021/8/23 - 11:29:33] [GIA KHOANG SAN] MingQuang da dieu chinh gia cuc KIM CUONG thanh $250,000/cuc.
[2021/8/23 - 11:29:41] [GIA KHOANG SAN] MingQuang da dieu chinh gia cuc VANG thanh $50,000/cuc.
[2021/8/23 - 11:29:44] [GIA KHOANG SAN] MingQuang da dieu chinh gia cuc SAT thanh $1,000/cuc.
[2021/8/23 - 11:29:48] [GIA KHOANG SAN] MingQuang da dieu chinh gia cuc Dong thanh $1,200/cuc.
[2021/8/23 - 14:39:27] [GIA KHOANG SAN] MingQuang da dieu chinh gia cuc KIM CUONG thanh $250,000/cuc.
[2021/8/23 - 14:39:30] [GIA KHOANG SAN] MingQuang da dieu chinh gia cuc VANG thanh $50,000/cuc.
[2021/8/23 - 14:39:34] [GIA KHOANG SAN] MingQuang da dieu chinh gia cuc SAT thanh $1,000/cuc.
[2021/8/23 - 14:39:37] [GIA KHOANG SAN] MingQuang da dieu chinh gia cuc Dong thanh $1,250/cuc.
[2021/8/23 - 18:54:39] [GIA KHOANG SAN] MingQuang da dieu chinh gia cuc KIM CUONG thanh $250,000/cuc.
[2021/8/23 - 18:54:42] [GIA KHOANG SAN] MingQuang da dieu chinh gia cuc VANG thanh $50,000/cuc.
[2021/8/23 - 18:54:45] [GIA KHOANG SAN] MingQuang da dieu chinh gia cuc SAT thanh $1,000/cuc.
[2021/8/23 - 18:54:47] [GIA KHOANG SAN] MingQuang da dieu chinh gia cuc Dong thanh $1,250/cuc.
[2021/8/23 - 19:46:45] [GIA KHOANG SAN] Tientom da dieu chinh gia cuc VANG thanh $65,000/cuc.
[2021/8/23 - 19:46:54] [GIA KHOANG SAN] Tientom da dieu chinh gia cuc KIM CUONG thanh $300,000/cuc.
[2021/8/23 - 20:51:22] [GIA KHOANG SAN] Long da dieu chinh gia cuc KIM CUONG thanh $250,000/cuc.
[2021/8/23 - 20:51:28] [GIA KHOANG SAN] Long da dieu chinh gia cuc VANG thanh $69,895/cuc.
[2021/8/23 - 20:51:32] [GIA KHOANG SAN] Long da dieu chinh gia cuc SAT thanh $1,050/cuc.
[2021/8/23 - 20:51:35] [GIA KHOANG SAN] Long da dieu chinh gia cuc Dong thanh $1,050/cuc.
[2021/8/24 - 16:30:53] [GIA KHOANG SAN] Long da dieu chinh gia cuc KIM CUONG thanh $250,000/cuc.
[2021/8/24 - 16:30:58] [GIA KHOANG SAN] Long da dieu chinh gia cuc VANG thanh $68,989/cuc.
[2021/8/24 - 16:31:02] [GIA KHOANG SAN] Long da dieu chinh gia cuc SAT thanh $1,050/cuc.
[2021/8/24 - 16:31:06] [GIA KHOANG SAN] Long da dieu chinh gia cuc Dong thanh $1,049/cuc.
[2021/8/24 - 16:31:16] [GIA KHOANG SAN] MingQuang da dieu chinh gia cuc Dong thanh $1,100/cuc.
[2021/8/25 - 11:09:00] [GIA KHOANG SAN] Tientom da dieu chinh gia cuc VANG thanh $60,000/cuc.
[2021/8/25 - 11:09:08] [GIA KHOANG SAN] Tientom da dieu chinh gia cuc KIM CUONG thanh $250,000/cuc.
[2021/8/25 - 15:08:08] [GIA KHOANG SAN] Long da dieu chinh gia cuc SAT thanh $1,050/cuc.
[2021/8/25 - 15:08:11] [GIA KHOANG SAN] Long da dieu chinh gia cuc Dong thanh $1,050/cuc.
[2021/8/25 - 15:08:15] [GIA KHOANG SAN] Long da dieu chinh gia cuc VANG thanh $69,898/cuc.
[2021/8/25 - 15:08:19] [GIA KHOANG SAN] Long da dieu chinh gia cuc KIM CUONG thanh $250,000/cuc.
[2021/8/25 - 20:41:57] [GIA KHOANG SAN] MingQuang da dieu chinh gia cuc KIM CUONG thanh $280,000/cuc.
[2021/8/25 - 20:42:05] [GIA KHOANG SAN] MingQuang da dieu chinh gia cuc VANG thanh $65,000/cuc.
[2021/8/25 - 20:42:09] [GIA KHOANG SAN] MingQuang da dieu chinh gia cuc SAT thanh $1,000/cuc.
[2021/8/25 - 20:42:12] [GIA KHOANG SAN] MingQuang da dieu chinh gia cuc Dong thanh $1,250/cuc.
[2021/8/26 - 13:35:39] [GIA KHOANG SAN] MingQuang da dieu chinh gia cuc KIM CUONG thanh $265,000/cuc.
[2021/8/26 - 13:35:44] [GIA KHOANG SAN] MingQuang da dieu chinh gia cuc VANG thanh $68,752/cuc.
[2021/8/26 - 13:35:53] [GIA KHOANG SAN] MingQuang da dieu chinh gia cuc SAT thanh $1,243/cuc.
[2021/8/26 - 13:35:58] [GIA KHOANG SAN] MingQuang da dieu chinh gia cuc Dong thanh $1,532/cuc.
[2021/8/26 - 19:31:12] [GIA KHOANG SAN] Long da dieu chinh gia cuc Dong thanh $1,050/cuc.
[2021/8/26 - 19:31:17] [GIA KHOANG SAN] Long da dieu chinh gia cuc SAT thanh $1,100/cuc.
[2021/8/26 - 19:31:25] [GIA KHOANG SAN] Long da dieu chinh gia cuc VANG thanh $89,653/cuc.
[2021/8/26 - 19:31:31] [GIA KHOANG SAN] Long da dieu chinh gia cuc KIM CUONG thanh $264,999/cuc.
[2021/8/27 - 10:24:14] [GIA KHOANG SAN] Shi da dieu chinh gia cuc VANG thanh $65,000/cuc.
[2021/8/27 - 19:08:55] [GIA KHOANG SAN] Long da dieu chinh gia cuc Dong thanh $1,060/cuc.
[2021/8/27 - 19:08:58] [GIA KHOANG SAN] Long da dieu chinh gia cuc SAT thanh $1,150/cuc.
[2021/8/27 - 19:09:04] [GIA KHOANG SAN] Long da dieu chinh gia cuc KIM CUONG thanh $270,000/cuc.
[2021/8/27 - 19:09:10] [GIA KHOANG SAN] Long da dieu chinh gia cuc VANG thanh $65,656/cuc.
[2021/8/28 - 10:58:08] [GIA KHOANG SAN] MingQuang da dieu chinh gia cuc SAT thanh $1,000/cuc.
[2021/8/28 - 16:49:16] [GIA KHOANG SAN] Shi da dieu chinh gia cuc VANG thanh $65,000/cuc.
[2021/8/28 - 16:49:23] [GIA KHOANG SAN] Shi da dieu chinh gia cuc KIM CUONG thanh $250,000/cuc.
[2021/8/28 - 20:06:30] [GIA KHOANG SAN] MingQuang da dieu chinh gia cuc SAT thanh $1,250/cuc.
[2021/8/28 - 20:06:35] [GIA KHOANG SAN] MingQuang da dieu chinh gia cuc Dong thanh $1,254/cuc.
[2021/8/28 - 22:59:01] [GIA KHOANG SAN] MingQuang da dieu chinh gia cuc KIM CUONG thanh $120,000/cuc.
[2021/8/28 - 22:59:08] [GIA KHOANG SAN] MingQuang da dieu chinh gia cuc VANG thanh $40,000/cuc.
[2021/8/30 - 13:31:31] [GIA KHOANG SAN] Shi da dieu chinh gia cuc VANG thanh $60,000/cuc.
[2021/8/30 - 13:31:37] [GIA KHOANG SAN] Shi da dieu chinh gia cuc KIM CUONG thanh $200,000/cuc.
[2021/8/30 - 15:14:00] [GIA KHOANG SAN] MingQuang da dieu chinh gia cuc KIM CUONG thanh $120/cuc.
[2021/8/30 - 15:14:03] [GIA KHOANG SAN] MingQuang da dieu chinh gia cuc KIM CUONG thanh $120,000/cuc.
[2021/8/30 - 15:14:24] [GIA KHOANG SAN] MingQuang da dieu chinh gia cuc SAT thanh $1,000/cuc.
[2021/8/31 - 1:06:44] [GIA KHOANG SAN] Shi da dieu chinh gia cuc VANG thanh $60,000/cuc.
[2021/8/31 - 1:06:44] [GIA KHOANG SAN] Long da dieu chinh gia cuc VANG thanh $65,000/cuc.
[2021/8/31 - 1:06:50] [GIA KHOANG SAN] Long da dieu chinh gia cuc KIM CUONG thanh $120,000/cuc.
[2021/8/31 - 1:06:54] [GIA KHOANG SAN] Long da dieu chinh gia cuc Dong thanh $1,050/cuc.
[2021/8/31 - 1:06:59] [GIA KHOANG SAN] Long da dieu chinh gia cuc SAT thanh $1,060/cuc.
[2021/9/1 - 14:04:35] [GIA KHOANG SAN] Shi da dieu chinh gia cuc KIM CUONG thanh $120,000/cuc.
[2021/9/1 - 14:04:40] [GIA KHOANG SAN] Shi da dieu chinh gia cuc VANG thanh $60,000/cuc.
[2021/9/2 - 14:40:34] [GIA KHOANG SAN] MingQuang da dieu chinh gia cuc SAT thanh $1,000/cuc.
[2021/9/2 - 20:32:47] [GIA KHOANG SAN] Long da dieu chinh gia cuc KIM CUONG thanh $120,000/cuc.
[2021/9/2 - 20:32:51] [GIA KHOANG SAN] Long da dieu chinh gia cuc VANG thanh $65,000/cuc.
[2021/9/3 - 10:14:43] [GIA KHOANG SAN] Shi da dieu chinh gia cuc VANG thanh $60,000/cuc.
[2021/9/3 - 10:14:47] [GIA KHOANG SAN] Shi da dieu chinh gia cuc KIM CUONG thanh $120,000/cuc.
[2021/9/3 - 10:14:56] [GIA KHOANG SAN] Shi da dieu chinh gia cuc Dong thanh $1,080/cuc.
[2021/9/5 - 15:30:34] [GIA KHOANG SAN] Thich YenNhi da dieu chinh gia cuc VANG thanh $60,000/cuc.
[2021/9/5 - 15:30:38] [GIA KHOANG SAN] Thich YenNhi da dieu chinh gia cuc KIM CUONG thanh $120,000/cuc.
[2021/9/6 - 21:55:38] [GIA KHOANG SAN] Shi da dieu chinh gia cuc VANG thanh $60,000/cuc.
[2021/9/6 - 21:55:57] [GIA KHOANG SAN] Shi da dieu chinh gia cuc KIM CUONG thanh $121,212/cuc.
[2021/9/6 - 21:56:07] [GIA KHOANG SAN] Shi da dieu chinh gia cuc VANG thanh $69,696/cuc.
[2021/9/6 - 21:56:21] [GIA KHOANG SAN] Shi da dieu chinh gia cuc VANG thanh $60,960/cuc.
[2021/9/8 - 13:16:50] [GIA KHOANG SAN] Long da dieu chinh gia cuc SAT thanh $1,000/cuc.
[2021/9/8 - 13:16:54] [GIA KHOANG SAN] Long da dieu chinh gia cuc VANG thanh $65,000/cuc.
[2021/9/8 - 13:16:57] [GIA KHOANG SAN] Long da dieu chinh gia cuc KIM CUONG thanh $120,000/cuc.
[2021/9/10 - 12:14:02] [GIA KHOANG SAN] Tientom da dieu chinh gia cuc VANG thanh $65,432/cuc.
[2021/9/10 - 12:14:25] [GIA KHOANG SAN] Tientom da dieu chinh gia cuc KIM CUONG thanh $123,456/cuc.
[2021/9/10 - 12:14:40] [GIA KHOANG SAN] Tientom da dieu chinh gia cuc SAT thanh $900/cuc.
[2021/9/10 - 23:49:41] [GIA KHOANG SAN] MingQuang da dieu chinh gia cuc Dong thanh $1,500/cuc.
[2021/9/10 - 23:49:46] [GIA KHOANG SAN] MingQuang da dieu chinh gia cuc SAT thanh $1,900/cuc.
[2021/9/10 - 23:49:50] [GIA KHOANG SAN] MingQuang da dieu chinh gia cuc Dong thanh $2,000/cuc.
[2021/9/10 - 23:50:03] [GIA KHOANG SAN] MingQuang da dieu chinh gia cuc VANG thanh $80,000/cuc.
[2021/9/10 - 23:50:06] [GIA KHOANG SAN] MingQuang da dieu chinh gia cuc KIM CUONG thanh $150,000/cuc.
[2021/9/15 - 15:47:31] [GIA KHOANG SAN] Tientom da dieu chinh gia cuc VANG thanh $55,000/cuc.
[2021/9/15 - 15:47:38] [GIA KHOANG SAN] Tientom da dieu chinh gia cuc KIM CUONG thanh $115,000/cuc.
[2021/9/24 - 12:54:49] [GIA KHOANG SAN] Shi da dieu chinh gia cuc VANG thanh $75,000/cuc.
[2021/9/24 - 12:54:55] [GIA KHOANG SAN] Shi da dieu chinh gia cuc KIM CUONG thanh $130,000/cuc.
[2021/9/24 - 12:55:17] [GIA KHOANG SAN] Shi da dieu chinh gia cuc SAT thanh $2,969/cuc.
[2021/9/24 - 12:55:21] [GIA KHOANG SAN] Shi da dieu chinh gia cuc Dong thanh $1,969/cuc.
[2021/9/26 - 18:09:54] [GIA KHOANG SAN] MingQuang da dieu chinh gia cuc KIM CUONG thanh $150,000/cuc.
[2021/9/26 - 18:09:59] [GIA KHOANG SAN] MingQuang da dieu chinh gia cuc VANG thanh $100,000/cuc.
[2021/9/26 - 18:10:02] [GIA KHOANG SAN] MingQuang da dieu chinh gia cuc SAT thanh $1,000/cuc.
[2021/9/27 - 9:50:55] [GIA KHOANG SAN] Tientom da dieu chinh gia cuc VANG thanh $70,000/cuc.
[2021/9/27 - 9:51:04] [GIA KHOANG SAN] Tientom da dieu chinh gia cuc KIM CUONG thanh $145,000/cuc.
[2021/9/28 - 10:38:14] [GIA KHOANG SAN] Shi da dieu chinh gia cuc KIM CUONG thanh $130,000/cuc.
[2021/9/28 - 10:38:19] [GIA KHOANG SAN] Shi da dieu chinh gia cuc VANG thanh $70,000/cuc.
[2021/9/29 - 8:25:08] [GIA KHOANG SAN] Tientom da dieu chinh gia cuc VANG thanh $65,000/cuc.
[2021/9/29 - 8:25:16] [GIA KHOANG SAN] Tientom da dieu chinh gia cuc KIM CUONG thanh $145,000/cuc.
[2021/9/29 - 8:25:30] [GIA KHOANG SAN] Tientom da dieu chinh gia cuc SAT thanh $900/cuc.
[2021/9/29 - 15:49:47] [GIA KHOANG SAN] MingQuang da dieu chinh gia cuc KIM CUONG thanh $213,501/cuc.
[2021/9/29 - 15:49:55] [GIA KHOANG SAN] MingQuang da dieu chinh gia cuc VANG thanh $152,378/cuc.
[2021/9/29 - 15:49:59] [GIA KHOANG SAN] MingQuang da dieu chinh gia cuc SAT thanh $1,000/cuc.
[2021/9/29 - 15:51:17] [GIA KHOANG SAN] Shi da dieu chinh gia cuc VANG thanh $80,000/cuc.
[2021/9/29 - 15:51:23] [GIA KHOANG SAN] Shi da dieu chinh gia cuc KIM CUONG thanh $140,000/cuc.
[2021/9/29 - 15:57:19] [GIA KHOANG SAN] MingQuang da dieu chinh gia cuc KIM CUONG thanh $198,542/cuc.
[2021/9/30 - 15:20:23] [GIA KHOANG SAN] Tientom da dieu chinh gia cuc VANG thanh $60,000/cuc.
[2021/9/30 - 15:20:36] [GIA KHOANG SAN] Tientom da dieu chinh gia cuc KIM CUONG thanh $140,000/cuc.
[2021/10/2 - 13:11:59] [GIA KHOANG SAN] Shi da dieu chinh gia cuc VANG thanh $70,000/cuc.
[2021/10/2 - 13:12:05] [GIA KHOANG SAN] Shi da dieu chinh gia cuc KIM CUONG thanh $140,000/cuc.
[2021/10/2 - 13:12:11] [GIA KHOANG SAN] Shi da dieu chinh gia cuc Dong thanh $1,100/cuc.
[2021/10/2 - 13:12:17] [GIA KHOANG SAN] Shi da dieu chinh gia cuc SAT thanh $2,112/cuc.
[2021/10/3 - 22:14:12] [GIA KHOANG SAN] MingQuang da dieu chinh gia cuc KIM CUONG thanh $12,511/cuc.
[2021/10/3 - 22:14:15] [GIA KHOANG SAN] MingQuang da dieu chinh gia cuc KIM CUONG thanh $125,111/cuc.
[2021/10/3 - 22:14:23] [GIA KHOANG SAN] MingQuang da dieu chinh gia cuc VANG thanh $96,961/cuc.
[2021/10/3 - 22:14:29] [GIA KHOANG SAN] MingQuang da dieu chinh gia cuc KIM CUONG thanh $135,111/cuc.
[2021/10/3 - 22:14:38] [GIA KHOANG SAN] MingQuang da dieu chinh gia cuc SAT thanh $1,212/cuc.
[2021/10/3 - 22:14:49] [GIA KHOANG SAN] MingQuang da dieu chinh gia cuc Dong thanh $2,121/cuc.
[2021/10/3 - 22:15:08] [GIA KHOANG SAN] Shi Mastey da dieu chinh gia cuc VANG thanh $65,000/cuc.
[2021/10/3 - 22:15:34] [GIA KHOANG SAN] MingQuang da dieu chinh gia cuc Dong thanh $2,121/cuc.
[2021/10/5 - 11:33:28] [GIA KHOANG SAN] Shi da dieu chinh gia cuc KIM CUONG thanh $130,000/cuc.
[2021/10/5 - 11:33:32] [GIA KHOANG SAN] Shi da dieu chinh gia cuc VANG thanh $65,000/cuc.
[2021/10/6 - 12:22:13] [GIA KHOANG SAN] Shi da dieu chinh gia cuc VANG thanh $65,000/cuc.
[2021/10/6 - 12:22:18] [GIA KHOANG SAN] Shi da dieu chinh gia cuc KIM CUONG thanh $130,000/cuc.
[2021/10/6 - 12:22:23] [GIA KHOANG SAN] Shi da dieu chinh gia cuc Dong thanh $1,212/cuc.
[2021/10/8 - 12:02:12] [GIA KHOANG SAN] Long da dieu chinh gia cuc KIM CUONG thanh $128,000/cuc.
[2021/10/8 - 12:02:24] [GIA KHOANG SAN] Long da dieu chinh gia cuc VANG thanh $35,000/cuc.
[2021/10/8 - 12:03:02] [GIA KHOANG SAN] Long da dieu chinh gia cuc SAT thanh $1,999/cuc.
[2021/10/8 - 12:03:07] [GIA KHOANG SAN] Long da dieu chinh gia cuc Dong thanh $1,583/cuc.
[2021/10/8 - 12:03:12] [GIA KHOANG SAN] Long da dieu chinh gia cuc Dong thanh $1,235/cuc.
[2021/10/9 - 15:23:23] [GIA KHOANG SAN] Tientom da dieu chinh gia cuc VANG thanh $50,000/cuc.
[2021/10/9 - 15:23:30] [GIA KHOANG SAN] Tientom da dieu chinh gia cuc KIM CUONG thanh $17,000/cuc.
[2021/10/9 - 15:23:39] [GIA KHOANG SAN] Tientom da dieu chinh gia cuc KIM CUONG thanh $170,000/cuc.
[2021/10/9 - 19:01:49] [GIA KHOANG SAN] MingQuang da dieu chinh gia cuc VANG thanh $61,000/cuc.
[2021/10/11 - 13:18:20] [GIA KHOANG SAN] MingQuang da dieu chinh gia cuc KIM CUONG thanh $125,478/cuc.
[2021/10/11 - 13:18:27] [GIA KHOANG SAN] MingQuang da dieu chinh gia cuc VANG thanh $51,264/cuc.
[2021/10/11 - 13:18:32] [GIA KHOANG SAN] MingQuang da dieu chinh gia cuc SAT thanh $1,254/cuc.
[2021/10/11 - 13:18:37] [GIA KHOANG SAN] MingQuang da dieu chinh gia cuc Dong thanh $1,545/cuc.
[2021/10/12 - 18:40:19] [GIA KHOANG SAN] Ryan Smith da dieu chinh gia cuc VANG thanh $60,000/cuc.
[2021/10/12 - 18:40:28] [GIA KHOANG SAN] Ryan Smith da dieu chinh gia cuc KIM CUONG thanh $1,300,000/cuc.
[2021/10/12 - 18:40:34] [GIA KHOANG SAN] Ryan Smith da dieu chinh gia cuc KIM CUONG thanh $130,000/cuc.
[2021/10/13 - 17:44:07] [GIA KHOANG SAN] MingQuang da dieu chinh gia cuc KIM CUONG thanh $12,561/cuc.
[2021/10/13 - 17:44:09] [GIA KHOANG SAN] MingQuang da dieu chinh gia cuc KIM CUONG thanh $125,611/cuc.
[2021/10/13 - 17:44:24] [GIA KHOANG SAN] MingQuang da dieu chinh gia cuc VANG thanh $145,324/cuc.
[2021/10/13 - 17:44:29] [GIA KHOANG SAN] MingQuang da dieu chinh gia cuc KIM CUONG thanh $145,324/cuc.
[2021/10/13 - 17:44:35] [GIA KHOANG SAN] MingQuang da dieu chinh gia cuc VANG thanh $51,001/cuc.
[2021/10/13 - 17:44:41] [GIA KHOANG SAN] MingQuang da dieu chinh gia cuc SAT thanh $985/cuc.
[2021/10/13 - 17:44:47] [GIA KHOANG SAN] MingQuang da dieu chinh gia cuc Dong thanh $986/cuc.
[2021/10/16 - 20:40:19] [GIA KHOANG SAN] Ryan Smith da dieu chinh gia cuc Dong thanh $844/cuc.
[2021/10/16 - 20:40:27] [GIA KHOANG SAN] Ryan Smith da dieu chinh gia cuc SAT thanh $990/cuc.
[2021/10/16 - 20:40:40] [GIA KHOANG SAN] Ryan Smith da dieu chinh gia cuc VANG thanh $53,121/cuc.
[2021/10/16 - 20:40:48] [GIA KHOANG SAN] Ryan Smith da dieu chinh gia cuc KIM CUONG thanh $135,333/cuc.
[2021/10/18 - 13:18:01] [GIA KHOANG SAN] HiKhang da dieu chinh gia cuc Dong thanh $911/cuc.
[2021/10/18 - 13:18:09] [GIA KHOANG SAN] HiKhang da dieu chinh gia cuc SAT thanh $999/cuc.
[2021/10/18 - 13:18:15] [GIA KHOANG SAN] HiKhang da dieu chinh gia cuc VANG thanh $55,555/cuc.
[2021/10/18 - 13:18:26] [GIA KHOANG SAN] HiKhang da dieu chinh gia cuc KIM CUONG thanh $130,123/cuc.
[2021/10/20 - 9:32:26] [GIA KHOANG SAN] TienTom da dieu chinh gia cuc VANG thanh $60,001/cuc.
[2021/10/20 - 9:32:35] [GIA KHOANG SAN] TienTom da dieu chinh gia cuc KIM CUONG thanh $160,234/cuc.
[2021/10/20 - 9:32:53] [GIA KHOANG SAN] TienTom da dieu chinh gia cuc SAT thanh $801/cuc.
[2021/10/20 - 11:26:16] [GIA KHOANG SAN] TienTom da dieu chinh gia cuc VANG thanh $79,999/cuc.
[2021/10/20 - 11:26:28] [GIA KHOANG SAN] TienTom da dieu chinh gia cuc KIM CUONG thanh $311,111/cuc.
[2021/10/20 - 11:27:58] [GIA KHOANG SAN] TienTom da dieu chinh gia cuc KIM CUONG thanh $210,000/cuc.
[2021/10/21 - 13:02:56] [GIA KHOANG SAN] Ryan Smith da dieu chinh gia cuc SAT thanh $987/cuc.
[2021/10/21 - 13:03:00] [GIA KHOANG SAN] Ryan Smith da dieu chinh gia cuc Dong thanh $985/cuc.
[2021/10/21 - 13:03:07] [GIA KHOANG SAN] Ryan Smith da dieu chinh gia cuc VANG thanh $55,555/cuc.
[2021/10/21 - 13:03:14] [GIA KHOANG SAN] Ryan Smith da dieu chinh gia cuc KIM CUONG thanh $123,456/cuc.
[2021/10/23 - 12:51:28] [GIA KHOANG SAN] Ryan Smith da dieu chinh gia cuc VANG thanh $57,777/cuc.
[2021/10/23 - 12:51:33] [GIA KHOANG SAN] Ryan Smith da dieu chinh gia cuc Dong thanh $866/cuc.
[2021/10/23 - 12:51:38] [GIA KHOANG SAN] Ryan Smith da dieu chinh gia cuc SAT thanh $888/cuc.
[2021/10/23 - 12:51:45] [GIA KHOANG SAN] Ryan Smith da dieu chinh gia cuc KIM CUONG thanh $132,654/cuc.
