[2021/7/18 - 15:51:08] hac da dung 1 COIN de doi sang 2000 tien SAD
[2021/7/19 - 18:35:37] Tran Trung Hau da dung 1 COIN de doi sang 2000 tien SAD
[2021/7/24 - 11:09:44] thanh phan da dung 21 COIN de doi sang 42000 tien SAD
[2021/7/25 - 12:40:53] Ryan Smith da dung 1 COIN de doi sang 2000 tien SAD
[2021/7/25 - 15:04:21] Banh Khuc da dung 2 COIN de doi sang 4000 tien SAD
[2021/7/27 - 1:45:11] Long da dung 19 COIN de doi sang 38000 tien SAD
[2021/7/27 - 6:03:59] thanh phan da dung 2 COIN de doi sang 4000 tien SAD
[2021/7/30 - 1:13:44] Kevin Over da dung 46 COIN de doi sang 92000 tien SAD
[2021/7/30 - 18:51:37] Long da dung 1 COIN de doi sang 2000 tien SAD
[2021/8/27 - 17:10:19] Babi Kun da dung 9 COIN de doi sang 13500 tien SAD
[2021/8/27 - 17:16:36] Trieu DZ da dung 1 COIN de doi sang 1500 tien SAD
[2021/9/2 - 23:35:43] Nhut Nam da dung 2 COIN de doi sang 3000 tien SAD
[2021/9/3 - 0:32:12] Long Master da dung 10 COIN de doi sang 15000 tien SAD
[2021/9/3 - 0:32:21] Long Master da dung 10 COIN de doi sang 15000 tien SAD
[2021/9/4 - 18:49:28] Long da dung 1 COIN de doi sang 1500 tien SAD
[2021/9/7 - 12:21:26] Jang Douglas da dung 1 COIN de doi sang 1500 tien SAD
[2021/9/10 - 11:34:06] Brian Zeros da dung 37 COIN de doi sang 55500 tien SAD
[2021/9/10 - 11:49:04] kiwi noth da dung 1 COIN de doi sang 1500 tien SAD
[2021/9/11 - 0:59:18] MingQuang da dung 1000 COIN de doi sang 1500000 tien SAD
[2021/9/11 - 0:59:28] MingQuang da dung 124 COIN de doi sang 186000 tien SAD
[2021/9/11 - 7:48:01] Richard Drake da dung 100 COIN de doi sang 150000 tien SAD
[2021/9/13 - 17:24:00] Tran Trung Hau da dung 1 COIN de doi sang 1500 tien SAD
[2021/9/13 - 18:57:12] Nguyen Cubu da dung 1 COIN de doi sang 1500 tien SAD
[2021/9/15 - 8:36:38] Trieu DZ da dung 1 COIN de doi sang 1500 tien SAD
[2021/9/30 - 8:47:33] Rang Rang da dung 1 COIN de doi sang 1500 tien SAD
[2021/10/3 - 18:18:08] Michael John da dung 4 COIN de doi sang 6000 tien SAD
[2021/10/3 - 18:18:47] kiet nguyen da dung 1 COIN de doi sang 1500 tien SAD
[2021/10/3 - 18:20:21] Hac Duy da dung 11 COIN de doi sang 16500 tien SAD
[2021/10/3 - 23:06:09] kiet nguyen da dung 1 COIN de doi sang 1500 tien SAD
[2021/10/4 - 8:15:03] Aston Martin da dung 5 COIN de doi sang 7500 tien SAD
[2021/10/4 - 16:15:59] son pham da dung 5 COIN de doi sang 7500 tien SAD
[2021/10/4 - 16:51:13] Minh nee da dung 21 COIN de doi sang 31500 tien SAD
[2021/10/5 - 9:13:22] Aston Martin da dung 1 COIN de doi sang 1500 tien SAD
[2021/10/6 - 13:02:15] MingQuang da dung 1 COIN de doi sang 1500 tien SAD
[2021/10/6 - 23:47:57] kiet nguyen da dung 1 COIN de doi sang 1500 tien SAD
[2021/10/6 - 23:57:48] Ricardo James da dung 7 COIN de doi sang 10500 tien SAD
[2021/10/10 - 8:43:53] mjke VN da dung 1 COIN de doi sang 1500 tien SAD
[2021/10/10 - 8:44:06] mjke VN da dung 1 COIN de doi sang 1500 tien SAD
[2021/10/10 - 10:21:13] Mr Huy da dung 1 COIN de doi sang 1500 tien SAD
[2021/10/12 - 18:02:47] Mr Huy da dung 30 COIN de doi sang 45000 tien SAD
[2021/10/15 - 5:19:53] Ricardo James da dung 10 COIN de doi sang 15000 tien SAD
[2021/10/17 - 23:39:09] nguyen manhkhang da dung 14 COIN de doi sang 21000 tien SAD
[2021/10/19 - 0:03:12] Kiwi noth da dung 1 COIN de doi sang 1500 tien SAD
[2021/10/19 - 1:29:46] kiet nguyen da dung 1 COIN de doi sang 1500 tien SAD
[2021/10/20 - 11:32:47] Trieu DZ da dung 1 COIN de doi sang 1500 tien SAD
[2021/10/20 - 12:53:43] red man da dung 88 COIN de doi sang 132000 tien SAD
[2021/10/20 - 14:49:14] leander moore da dung 1 COIN de doi sang 1500 tien SAD
[2021/10/20 - 14:54:46] kiet nguyen da dung 2 COIN de doi sang 3000 tien SAD
[2021/10/21 - 7:08:29] Ricardo James da dung 2 COIN de doi sang 3000 tien SAD
[2021/10/21 - 18:06:33] dark shadow da dung 1 COIN de doi sang 1500 tien SAD
[2021/10/21 - 18:06:45] kiet nguyen da dung 2 COIN de doi sang 3000 tien SAD
[2021/10/21 - 18:07:28] Duong Alex da dung 2 COIN de doi sang 3000 tien SAD
[2021/10/22 - 0:50:48] kiet nguyen da dung 1 COIN de doi sang 1500 tien SAD
[2021/10/22 - 21:48:35] kiet nguyen da dung 1 COIN de doi sang 1500 tien SAD
[2021/10/22 - 21:48:50] kiet nguyen da dung 2 COIN de doi sang 3000 tien SAD
[2021/10/22 - 21:48:52] kiet nguyen da dung 3 COIN de doi sang 4500 tien SAD
[2021/10/22 - 21:48:55] Trieu DZ da dung 1 COIN de doi sang 1500 tien SAD
[2021/10/22 - 23:36:50] Phat rambo da dung 3 COIN de doi sang 4500 tien SAD
