[2021/7/25 - 15:44:38] Shi Master has respawned family 5 dynamic group vehicles.
[2021/7/30 - 21:14:41] Shi Master has respawned family 7 dynamic group vehicles.
[2021/7/31 - 20:35:53] Babi Kun has respawned family 7 dynamic group vehicles.
[2021/7/31 - 22:04:26] Shi Master has respawned family 8 dynamic group vehicles.
[2021/8/1 - 9:44:33] Babi Kun has respawned family 7 dynamic group vehicles.
[2021/8/2 - 9:36:50] Babi Kun has respawned family 7 dynamic group vehicles.
[2021/8/2 - 15:39:23] Babi Kun has respawned family 7 dynamic group vehicles.
[2021/8/3 - 20:22:15] TienTom has respawned family 10 dynamic group vehicles.
[2021/8/3 - 21:03:57] TienTom has respawned family 10 dynamic group vehicles.
[2021/8/4 - 9:54:42] Tom Raider has respawned family 10 dynamic group vehicles.
[2021/8/4 - 9:54:43] Tom Raider has respawned family 10 dynamic group vehicles.
[2021/8/5 - 0:22:57] Babi Kun has respawned family 7 dynamic group vehicles.
[2021/8/5 - 12:22:47] Shi Master has respawned family 7 dynamic group vehicles.
[2021/8/5 - 12:22:50] Shi Master has respawned family 7 dynamic group vehicles.
[2021/8/5 - 12:25:46] Babi Kun has respawned family 7 dynamic group vehicles.
[2021/8/5 - 12:26:21] Shi Master has respawned family 7 dynamic group vehicles.
[2021/8/5 - 12:30:11] Shi Master has respawned family 7 dynamic group vehicles.
[2021/8/5 - 12:30:14] Shi Master has respawned family 7 dynamic group vehicles.
[2021/8/5 - 13:20:46] Babi Kun has respawned family 7 dynamic group vehicles.
[2021/8/5 - 13:51:44] Babi Kun has respawned family 7 dynamic group vehicles.
[2021/8/5 - 14:35:43] Babi Kun has respawned family 7 dynamic group vehicles.
[2021/8/5 - 14:37:10] Babi Kun has respawned family 7 dynamic group vehicles.
[2021/8/5 - 14:38:37] Babi Kun has respawned family 7 dynamic group vehicles.
[2021/8/5 - 21:37:07] Babi Kun has respawned family 7 dynamic group vehicles.
[2021/8/5 - 22:28:36] Babi Kun has respawned family 7 dynamic group vehicles.
[2021/8/5 - 23:57:50] Babi Kun has respawned family 7 dynamic group vehicles.
[2021/8/6 - 11:49:59] Tom Raider has respawned family 10 dynamic group vehicles.
[2021/8/6 - 15:19:41] Babi Kun has respawned family 7 dynamic group vehicles.
[2021/8/7 - 5:03:31] Babi Kun has respawned family 7 dynamic group vehicles.
[2021/8/7 - 5:05:48] Babi Kun has respawned family 7 dynamic group vehicles.
[2021/8/7 - 5:09:04] Babi Kun has respawned family 7 dynamic group vehicles.
[2021/8/7 - 5:10:07] Babi Kun has respawned family 7 dynamic group vehicles.
[2021/8/7 - 5:10:10] Babi Kun has respawned family 7 dynamic group vehicles.
[2021/8/7 - 15:16:31] Babi Kun has respawned family 7 dynamic group vehicles.
[2021/8/7 - 15:17:00] Babi Kun has respawned family 7 dynamic group vehicles.
[2021/8/7 - 21:40:29] Babi Kun has respawned family 7 dynamic group vehicles.
[2021/8/7 - 22:04:20] Babi Kun has respawned family 7 dynamic group vehicles.
[2021/8/8 - 14:37:43] Babi Kun has respawned family 7 dynamic group vehicles.
[2021/8/8 - 14:58:21] Babi Kun has respawned family 7 dynamic group vehicles.
[2021/8/8 - 16:32:48] Babi Kun has respawned family 7 dynamic group vehicles.
[2021/8/8 - 22:19:34] Babi Kun has respawned family 7 dynamic group vehicles.
[2021/8/8 - 22:20:40] Babi Kun has respawned family 7 dynamic group vehicles.
[2021/8/8 - 22:24:05] Babi Kun has respawned family 7 dynamic group vehicles.
[2021/8/8 - 22:24:10] Babi Kun has respawned family 7 dynamic group vehicles.
[2021/8/8 - 22:33:18] Babi Kun has respawned family 7 dynamic group vehicles.
[2021/8/8 - 22:37:26] Babi Kun has respawned family 7 dynamic group vehicles.
[2021/8/8 - 22:46:09] Babi Kun has respawned family 7 dynamic group vehicles.
[2021/8/8 - 23:38:15] Babi Kun has respawned family 7 dynamic group vehicles.
[2021/8/9 - 0:32:03] Babi Kun has respawned family 7 dynamic group vehicles.
[2021/8/9 - 1:15:37] Babi Kun has respawned family 7 dynamic group vehicles.
[2021/8/9 - 14:21:19] Babi Kun has respawned family 7 dynamic group vehicles.
[2021/8/9 - 15:31:15] Babi Kun has respawned family 7 dynamic group vehicles.
[2021/8/9 - 15:44:20] Babi Kun has respawned family 7 dynamic group vehicles.
[2021/8/9 - 16:53:59] Babi Kun has respawned family 7 dynamic group vehicles.
[2021/8/9 - 17:01:29] Babi Kun has respawned family 7 dynamic group vehicles.
[2021/8/9 - 17:10:21] Babi Kun has respawned family 7 dynamic group vehicles.
[2021/8/9 - 19:15:00] Babi Kun has respawned family 7 dynamic group vehicles.
[2021/8/9 - 19:27:01] Babi Kun has respawned family 7 dynamic group vehicles.
[2021/8/9 - 20:59:39] Babi Kun has respawned family 7 dynamic group vehicles.
[2021/8/9 - 22:03:03] Babi Kun has respawned family 7 dynamic group vehicles.
[2021/8/9 - 22:03:06] Babi Kun has respawned family 7 dynamic group vehicles.
[2021/8/9 - 22:26:52] Babi Kun has respawned family 7 dynamic group vehicles.
[2021/8/9 - 22:26:55] Babi Kun has respawned family 7 dynamic group vehicles.
[2021/8/9 - 22:35:58] Babi Kun has respawned family 7 dynamic group vehicles.
[2021/8/9 - 23:03:13] Babi Kun has respawned family 7 dynamic group vehicles.
[2021/8/10 - 1:30:12] Babi Kun has respawned family 7 dynamic group vehicles.
[2021/8/10 - 17:07:31] Babi Kun has respawned family 7 dynamic group vehicles.
[2021/8/10 - 21:09:00] Babi Kun has respawned family 7 dynamic group vehicles.
[2021/8/10 - 21:25:10] Babi Kun has respawned family 7 dynamic group vehicles.
[2021/8/10 - 21:37:02] Babi Kun has respawned family 7 dynamic group vehicles.
[2021/8/10 - 22:03:39] Babi Kun has respawned family 7 dynamic group vehicles.
[2021/8/10 - 23:43:10] Babi Kun has respawned family 7 dynamic group vehicles.
[2021/8/11 - 19:01:02] Ryan Smith has respawned family 13 dynamic group vehicles.
[2021/8/15 - 14:31:13] Ryan Smith has respawned family 13 dynamic group vehicles.
[2021/8/17 - 0:51:14] Babi Kun has respawned family 7 dynamic group vehicles.
[2021/8/17 - 1:17:58] Babi Kun has respawned family 7 dynamic group vehicles.
[2021/8/17 - 1:26:37] Babi Kun has respawned family 7 dynamic group vehicles.
[2021/8/17 - 3:07:57] Babi Kun has respawned family 7 dynamic group vehicles.
[2021/8/17 - 8:00:21] Babi Kun has respawned family 7 dynamic group vehicles.
[2021/8/17 - 8:43:40] Babi Kun has respawned family 7 dynamic group vehicles.
[2021/8/17 - 8:50:52] Babi Kun has respawned family 7 dynamic group vehicles.
[2021/8/17 - 12:45:11] Babi Kun has respawned family 7 dynamic group vehicles.
[2021/8/17 - 13:35:45] Babi Kun has respawned family 7 dynamic group vehicles.
[2021/8/17 - 17:27:10] Babi Kun has respawned family 7 dynamic group vehicles.
[2021/8/17 - 17:27:13] Babi Kun has respawned family 7 dynamic group vehicles.
[2021/8/17 - 22:21:26] Babi Kun has respawned family 7 dynamic group vehicles.
[2021/8/17 - 22:57:00] Babi Kun has respawned family 7 dynamic group vehicles.
[2021/8/18 - 4:39:08] Babi Kun has respawned family 7 dynamic group vehicles.
[2021/8/18 - 18:49:34] Babi Kun has respawned family 7 dynamic group vehicles.
[2021/8/18 - 18:57:19] Babi Kun has respawned family 7 dynamic group vehicles.
[2021/8/18 - 18:57:22] Babi Kun has respawned family 7 dynamic group vehicles.
[2021/8/18 - 18:59:04] Rot Bot has respawned family 7 dynamic group vehicles.
[2021/8/18 - 18:59:20] Rot Bot has respawned family 7 dynamic group vehicles.
[2021/8/18 - 19:04:52] Rot Bot has respawned family 7 dynamic group vehicles.
[2021/8/18 - 19:12:47] Babi Kun has respawned family 7 dynamic group vehicles.
[2021/8/18 - 19:53:13] Rot Bot has respawned family 7 dynamic group vehicles.
[2021/8/18 - 20:34:08] Rot Bot has respawned family 7 dynamic group vehicles.
[2021/8/18 - 21:46:04] Rot Bot has respawned family 7 dynamic group vehicles.
[2021/8/18 - 21:46:23] The Forseti has respawned family 7 dynamic group vehicles.
[2021/8/18 - 21:46:44] The Forseti has respawned family 7 dynamic group vehicles.
[2021/8/18 - 21:56:09] Rot Bot has respawned family 7 dynamic group vehicles.
[2021/8/18 - 22:24:57] Babi Kun has respawned family 7 dynamic group vehicles.
[2021/8/18 - 22:30:50] Babi Kun has respawned family 7 dynamic group vehicles.
[2021/8/18 - 22:35:01] Gau Den has respawned family 7 dynamic group vehicles.
[2021/8/19 - 2:52:38] Babi Kun has respawned family 7 dynamic group vehicles.
[2021/8/19 - 10:57:17] MingQuang has respawned family 2 dynamic group vehicles.
[2021/8/19 - 11:11:37] MingQuang has respawned family 2 dynamic group vehicles.
[2021/8/19 - 13:20:18] Babi Kun has respawned family 7 dynamic group vehicles.
[2021/8/19 - 13:36:29] MingQuang has respawned family 2 dynamic group vehicles.
[2021/8/19 - 14:00:26] Babi Kun has respawned family 7 dynamic group vehicles.
[2021/8/19 - 14:03:55] Babi Kun has respawned family 7 dynamic group vehicles.
[2021/8/19 - 14:24:32] Babi Kun has respawned family 7 dynamic group vehicles.
[2021/8/19 - 14:24:36] Babi Kun has respawned family 7 dynamic group vehicles.
[2021/8/19 - 19:25:16] Rot Bot has respawned family 7 dynamic group vehicles.
[2021/8/19 - 19:33:47] Rot Bot has respawned family 7 dynamic group vehicles.
[2021/8/19 - 20:29:47] Rot Bot has respawned family 7 dynamic group vehicles.
[2021/8/19 - 20:29:52] Rot Bot has respawned family 7 dynamic group vehicles.
[2021/8/19 - 20:29:54] Rot Bot has respawned family 7 dynamic group vehicles.
[2021/8/19 - 20:29:55] Rot Bot has respawned family 7 dynamic group vehicles.
[2021/8/19 - 22:15:45] Babi Kun has respawned family 7 dynamic group vehicles.
[2021/8/19 - 23:32:10] Babi Kun has respawned family 7 dynamic group vehicles.
[2021/8/19 - 23:33:18] Babi Kun has respawned family 7 dynamic group vehicles.
[2021/8/19 - 23:41:45] Babi Kun has respawned family 7 dynamic group vehicles.
[2021/8/20 - 9:01:04] Babi Kun has respawned family 7 dynamic group vehicles.
[2021/8/20 - 14:01:08] Babi Kun has respawned family 7 dynamic group vehicles.
[2021/8/20 - 17:17:07] Babi Kun has respawned family 7 dynamic group vehicles.
[2021/8/20 - 17:41:52] Rot Bot has respawned family 7 dynamic group vehicles.
[2021/8/20 - 20:37:13] Rot Bot has respawned family 7 dynamic group vehicles.
[2021/8/20 - 22:29:30] Rot Bot has respawned family 7 dynamic group vehicles.
[2021/8/20 - 22:32:08] Babi Kun has respawned family 7 dynamic group vehicles.
[2021/8/20 - 22:33:42] Babi Kun has respawned family 7 dynamic group vehicles.
[2021/8/20 - 22:34:00] Rot Bot has respawned family 7 dynamic group vehicles.
[2021/8/20 - 22:57:01] Babi Kun has respawned family 7 dynamic group vehicles.
[2021/8/22 - 0:19:18] Babi Kun has respawned family 7 dynamic group vehicles.
[2021/8/22 - 17:29:11] Babi Kun has respawned family 7 dynamic group vehicles.
[2021/8/22 - 23:46:52] Bi Long has respawned family 3 dynamic group vehicles.
[2021/8/22 - 23:48:30] Bi Long has respawned family 3 dynamic group vehicles.
[2021/8/22 - 23:48:59] Bi Long has respawned family 3 dynamic group vehicles.
[2021/8/22 - 23:52:01] Bi Long has respawned family 3 dynamic group vehicles.
[2021/8/22 - 23:54:54] Bi Long has respawned family 3 dynamic group vehicles.
[2021/8/22 - 23:57:54] Bi Long has respawned family 3 dynamic group vehicles.
[2021/8/23 - 0:15:16] Bi Long has respawned family 3 dynamic group vehicles.
[2021/8/23 - 2:38:56] Babi Kun has respawned family 7 dynamic group vehicles.
[2021/8/23 - 10:52:28] Bi Long has respawned family 3 dynamic group vehicles.
[2021/8/23 - 12:22:46] Babi Kun has respawned family 7 dynamic group vehicles.
[2021/8/23 - 14:15:36] Babi Kun has respawned family 7 dynamic group vehicles.
[2021/8/23 - 15:17:41] Bi Long has respawned family 3 dynamic group vehicles.
[2021/8/23 - 15:25:08] Bi Long has respawned family 3 dynamic group vehicles.
[2021/8/23 - 16:04:54] Babi Kun has respawned family 7 dynamic group vehicles.
[2021/8/23 - 17:16:28] Bi Long has respawned family 3 dynamic group vehicles.
[2021/8/23 - 17:45:24] Bi Long has respawned family 3 dynamic group vehicles.
[2021/8/23 - 17:46:47] Bi Long has respawned family 3 dynamic group vehicles.
[2021/8/23 - 18:25:31] Babi Kun has respawned family 7 dynamic group vehicles.
[2021/8/23 - 19:27:02] Babi Kun has respawned family 7 dynamic group vehicles.
[2021/8/23 - 20:10:34] Babi Kun has respawned family 7 dynamic group vehicles.
[2021/8/23 - 20:21:13] Babi Kun has respawned family 7 dynamic group vehicles.
[2021/8/23 - 20:37:08] Rot Bot has respawned family 7 dynamic group vehicles.
[2021/8/23 - 22:02:27] Babi Kun has respawned family 7 dynamic group vehicles.
[2021/8/23 - 22:05:30] Babi Kun has respawned family 7 dynamic group vehicles.
[2021/8/23 - 22:06:25] Babi Kun has respawned family 7 dynamic group vehicles.
[2021/8/23 - 22:07:27] Babi Kun has respawned family 7 dynamic group vehicles.
[2021/8/23 - 22:11:50] Bi Long has respawned family 3 dynamic group vehicles.
[2021/8/24 - 16:44:20] Bi Long has respawned family 3 dynamic group vehicles.
[2021/8/24 - 18:41:56] VGTA SHI has respawned family 5 dynamic group vehicles.
[2021/8/25 - 9:57:03] Bi Long has respawned family 3 dynamic group vehicles.
[2021/8/25 - 9:58:34] Bi Long has respawned family 3 dynamic group vehicles.
[2021/8/25 - 10:47:15] Maou Wibu has respawned family 5 dynamic group vehicles.
[2021/8/25 - 15:27:22] Babi Kun has respawned family 7 dynamic group vehicles.
[2021/8/25 - 15:31:00] Babi Kun has respawned family 7 dynamic group vehicles.
[2021/8/25 - 18:17:06] Thor Yang has respawned family 7 dynamic group vehicles.
[2021/8/25 - 18:39:00] Thor Yang has respawned family 7 dynamic group vehicles.
[2021/8/25 - 18:39:02] Thor Yang has respawned family 7 dynamic group vehicles.
[2021/8/25 - 18:39:04] Thor Yang has respawned family 7 dynamic group vehicles.
[2021/8/25 - 18:40:55] Bi Long has respawned family 3 dynamic group vehicles.
[2021/8/25 - 19:55:36] Babi Kun has respawned family 7 dynamic group vehicles.
[2021/8/25 - 20:22:20] Babi Kun has respawned family 7 dynamic group vehicles.
[2021/8/25 - 20:24:15] Babi Kun has respawned family 7 dynamic group vehicles.
[2021/8/25 - 20:39:36] Babi Kun has respawned family 7 dynamic group vehicles.
[2021/8/25 - 21:02:17] Bi Long has respawned family 3 dynamic group vehicles.
[2021/8/25 - 21:26:52] Bi Long has respawned family 3 dynamic group vehicles.
[2021/8/25 - 21:38:27] Bi Long has respawned family 3 dynamic group vehicles.
[2021/8/26 - 10:30:22] Maou Wibu has respawned family 5 dynamic group vehicles.
[2021/8/26 - 16:08:13] Babi Kun has respawned family 7 dynamic group vehicles.
[2021/8/26 - 17:17:35] Babi Kun has respawned family 7 dynamic group vehicles.
[2021/8/26 - 19:50:36] Babi Kun has respawned family 7 dynamic group vehicles.
[2021/8/26 - 20:09:07] Bi Long has respawned family 3 dynamic group vehicles.
[2021/8/26 - 20:09:42] Bi Long has respawned family 3 dynamic group vehicles.
[2021/8/26 - 20:17:17] Babi Kun has respawned family 7 dynamic group vehicles.
[2021/8/27 - 0:08:42] Babi Kun has respawned family 7 dynamic group vehicles.
[2021/8/27 - 0:43:14] Shi has respawned family 4 dynamic group vehicles.
[2021/8/27 - 0:44:14] po roro has respawned family 4 dynamic group vehicles.
[2021/8/27 - 0:57:07] po roro has respawned family 4 dynamic group vehicles.
[2021/8/27 - 0:57:37] po roro has respawned family 4 dynamic group vehicles.
[2021/8/27 - 8:25:48] Maou Wibu has respawned family 5 dynamic group vehicles.
[2021/8/27 - 14:14:16] Bi Long has respawned family 3 dynamic group vehicles.
[2021/8/27 - 16:40:37] Babi Kun has respawned family 7 dynamic group vehicles.
[2021/8/27 - 20:43:53] Babi Kun has respawned family 7 dynamic group vehicles.
[2021/8/27 - 22:00:13] Babi Kun has respawned family 7 dynamic group vehicles.
[2021/8/28 - 12:03:38] Babi Kun has respawned family 7 dynamic group vehicles.
[2021/8/28 - 16:44:16] Babi Kun has respawned family 7 dynamic group vehicles.
[2021/8/28 - 16:46:38] Babi Kun has respawned family 7 dynamic group vehicles.
[2021/8/28 - 18:57:35] Bi Long has respawned family 3 dynamic group vehicles.
[2021/8/28 - 20:28:33] Babi Kun has respawned family 7 dynamic group vehicles.
[2021/8/28 - 21:12:46] Bi Long has respawned family 3 dynamic group vehicles.
[2021/8/28 - 21:18:04] Bi Long has respawned family 3 dynamic group vehicles.
[2021/8/28 - 22:49:12] Babi Kun has respawned family 7 dynamic group vehicles.
[2021/8/28 - 23:06:53] Babi Kun has respawned family 7 dynamic group vehicles.
[2021/8/29 - 13:57:30] Babi Kun has respawned family 7 dynamic group vehicles.
[2021/8/29 - 16:19:05] Babi Kun has respawned family 7 dynamic group vehicles.
[2021/8/29 - 16:47:01] Bi Long has respawned family 3 dynamic group vehicles.
[2021/8/29 - 19:54:44] Babi Kun has respawned family 7 dynamic group vehicles.
[2021/8/29 - 20:08:44] Babi Kun has respawned family 7 dynamic group vehicles.
[2021/8/29 - 21:11:49] Bi Long has respawned family 3 dynamic group vehicles.
[2021/8/30 - 13:26:07] Babi Kun has respawned family 7 dynamic group vehicles.
[2021/8/30 - 16:06:48] Bi Long has respawned family 3 dynamic group vehicles.
[2021/8/30 - 16:09:20] Bi Long has respawned family 3 dynamic group vehicles.
[2021/8/30 - 16:30:00] Babi Kun has respawned family 7 dynamic group vehicles.
[2021/8/31 - 1:41:31] Babi Kun has respawned family 7 dynamic group vehicles.
[2021/8/31 - 14:10:22] Babi Kun has respawned family 7 dynamic group vehicles.
[2021/8/31 - 15:41:12] Babi Kun has respawned family 7 dynamic group vehicles.
[2021/8/31 - 16:48:07] Bi Long has respawned family 3 dynamic group vehicles.
[2021/9/1 - 16:14:29] Babi Kun has respawned family 7 dynamic group vehicles.
[2021/9/1 - 20:08:14] Babi Kun has respawned family 7 dynamic group vehicles.
[2021/9/1 - 23:36:04] Babi Kun has respawned family 7 dynamic group vehicles.
[2021/9/2 - 20:55:17] Babi Kun has respawned family 7 dynamic group vehicles.
[2021/9/2 - 21:35:09] Hoa HuongDuong has respawned family 10 dynamic group vehicles.
[2021/9/2 - 23:44:04] Rot Bot has respawned family 7 dynamic group vehicles.
[2021/9/3 - 0:32:14] Babi Kun has respawned family 7 dynamic group vehicles.
[2021/9/3 - 19:50:56] Po roro has respawned family 4 dynamic group vehicles.
[2021/9/3 - 19:52:33] Po roro has respawned family 4 dynamic group vehicles.
[2021/9/3 - 20:10:46] Po roro has respawned family 4 dynamic group vehicles.
[2021/9/3 - 20:47:07] Babi Kun has respawned family 7 dynamic group vehicles.
[2021/9/4 - 20:16:08] Babi Kun has respawned family 7 dynamic group vehicles.
[2021/9/4 - 20:50:58] Babi Kun has respawned family 7 dynamic group vehicles.
[2021/9/4 - 20:52:59] Babi Kun has respawned family 7 dynamic group vehicles.
[2021/9/5 - 13:44:47] Babi Kun has respawned family 7 dynamic group vehicles.
[2021/9/6 - 16:29:16] Babi Kun has respawned family 7 dynamic group vehicles.
[2021/9/6 - 16:29:20] Babi Kun has respawned family 7 dynamic group vehicles.
[2021/9/6 - 22:08:51] The Forseti has respawned family 7 dynamic group vehicles.
[2021/9/7 - 2:13:49] The Forseti has respawned family 7 dynamic group vehicles.
[2021/9/7 - 20:44:18] Babi Kun has respawned family 7 dynamic group vehicles.
[2021/9/8 - 14:18:52] Chuong Huynh has respawned family 15 dynamic group vehicles.
[2021/9/8 - 14:25:44] Master Gangs has respawned family 15 dynamic group vehicles.
[2021/9/8 - 14:27:15] Master Gangs has respawned family 15 dynamic group vehicles.
[2021/9/8 - 14:37:57] Chuong Huynh has respawned family 15 dynamic group vehicles.
[2021/9/8 - 14:50:29] Chuong Huynh has respawned family 15 dynamic group vehicles.
[2021/9/8 - 14:57:35] Chuong Huynh has respawned family 15 dynamic group vehicles.
[2021/9/8 - 15:08:04] Chuong Huynh has respawned family 15 dynamic group vehicles.
[2021/9/8 - 15:13:00] Chuong Huynh has respawned family 15 dynamic group vehicles.
[2021/9/8 - 16:35:45] Chuong Huynh has respawned family 15 dynamic group vehicles.
[2021/9/8 - 17:47:27] Chuong Huynh has respawned family 15 dynamic group vehicles.
[2021/9/8 - 18:10:12] Chuong Huynh has respawned family 15 dynamic group vehicles.
[2021/9/8 - 18:38:33] Chuong Huynh has respawned family 15 dynamic group vehicles.
[2021/9/8 - 19:34:29] Chuong Huynh has respawned family 15 dynamic group vehicles.
[2021/9/8 - 19:40:50] Master Gangs has respawned family 15 dynamic group vehicles.
[2021/9/8 - 19:40:54] Master Gangs has respawned family 15 dynamic group vehicles.
[2021/9/8 - 19:42:09] Master Gangs has respawned family 15 dynamic group vehicles.
[2021/9/8 - 20:32:13] Chuong Huynh has respawned family 15 dynamic group vehicles.
[2021/9/8 - 20:58:16] Babi Kun has respawned family 7 dynamic group vehicles.
[2021/9/8 - 21:06:24] Chuong Huynh has respawned family 15 dynamic group vehicles.
[2021/9/8 - 21:55:01] Tientom has respawned family 8 dynamic group vehicles.
[2021/9/8 - 22:05:13] Babi Kun has respawned family 7 dynamic group vehicles.
[2021/9/9 - 7:52:40] Chuong Huynh has respawned family 15 dynamic group vehicles.
[2021/9/9 - 8:19:59] Chuong Huynh has respawned family 15 dynamic group vehicles.
[2021/9/9 - 8:59:58] Chuong Huynh has respawned family 15 dynamic group vehicles.
[2021/9/9 - 9:00:05] Chuong Huynh has respawned family 15 dynamic group vehicles.
[2021/9/9 - 9:02:07] Chuong Huynh has respawned family 15 dynamic group vehicles.
[2021/9/9 - 9:19:39] Master Gangs has respawned family 15 dynamic group vehicles.
[2021/9/9 - 9:23:07] Master Gangs has respawned family 15 dynamic group vehicles.
[2021/9/9 - 9:23:14] Chuong Huynh has respawned family 15 dynamic group vehicles.
[2021/9/9 - 9:44:41] Chuong Huynh has respawned family 15 dynamic group vehicles.
[2021/9/9 - 11:01:27] Chuong Huynh has respawned family 15 dynamic group vehicles.
[2021/9/9 - 12:30:43] Chuong Huynh has respawned family 15 dynamic group vehicles.
[2021/9/9 - 12:32:02] Chuong Huynh has respawned family 15 dynamic group vehicles.
[2021/9/9 - 12:43:46] Chuong Huynh has respawned family 15 dynamic group vehicles.
[2021/9/9 - 13:00:17] Chuong Huynh has respawned family 15 dynamic group vehicles.
[2021/9/9 - 13:11:13] Chuong Huynh has respawned family 15 dynamic group vehicles.
[2021/9/9 - 13:26:44] Chuong Huynh has respawned family 15 dynamic group vehicles.
[2021/9/9 - 13:26:47] Chuong Huynh has respawned family 15 dynamic group vehicles.
[2021/9/9 - 13:52:23] Chuong Huynh has respawned family 15 dynamic group vehicles.
[2021/9/9 - 13:56:20] Chuong Huynh has respawned family 15 dynamic group vehicles.
[2021/9/9 - 16:44:58] Chuong Huynh has respawned family 15 dynamic group vehicles.
[2021/9/9 - 17:20:48] Chuong Huynh has respawned family 15 dynamic group vehicles.
[2021/9/9 - 17:58:45] Chuong Huynh has respawned family 15 dynamic group vehicles.
[2021/9/9 - 18:24:41] Chuong Huynh has respawned family 15 dynamic group vehicles.
[2021/9/9 - 18:25:02] Chuong Huynh has respawned family 15 dynamic group vehicles.
[2021/9/9 - 18:25:04] Master Gangs has respawned family 15 dynamic group vehicles.
[2021/9/9 - 18:25:04] Chuong Huynh has respawned family 15 dynamic group vehicles.
[2021/9/9 - 18:40:15] Master Gangs has respawned family 15 dynamic group vehicles.
[2021/9/9 - 18:40:23] Master Gangs has respawned family 15 dynamic group vehicles.
[2021/9/10 - 12:53:23] Chuong Huynh has respawned family 15 dynamic group vehicles.
[2021/9/10 - 13:36:07] Master Gangs has respawned family 15 dynamic group vehicles.
[2021/9/10 - 17:18:22] Chuong Huynh has respawned family 15 dynamic group vehicles.
[2021/9/10 - 17:25:59] Chuong Huynh has respawned family 15 dynamic group vehicles.
[2021/9/10 - 18:20:32] Chuong Huynh has respawned family 15 dynamic group vehicles.
[2021/9/10 - 19:43:50] Babi Kun has respawned family 7 dynamic group vehicles.
[2021/9/10 - 20:15:46] Babi Kun has respawned family 7 dynamic group vehicles.
[2021/9/10 - 20:19:42] Chuong Huynh has respawned family 15 dynamic group vehicles.
[2021/9/10 - 20:26:53] Chuong Huynh has respawned family 15 dynamic group vehicles.
[2021/9/10 - 20:29:15] Babi Kun has respawned family 7 dynamic group vehicles.
[2021/9/11 - 0:47:27] The Forseti has respawned family 7 dynamic group vehicles.
[2021/9/11 - 0:48:08] The Forseti has respawned family 7 dynamic group vehicles.
[2021/9/11 - 7:53:32] Chuong Huynh has respawned family 15 dynamic group vehicles.
[2021/9/11 - 8:55:03] Master Gangs has respawned family 15 dynamic group vehicles.
[2021/9/11 - 10:37:04] Chuong Huynh has respawned family 15 dynamic group vehicles.
[2021/9/11 - 10:53:28] Chuong Huynh has respawned family 15 dynamic group vehicles.
[2021/9/11 - 10:53:38] Master Gangs has respawned family 15 dynamic group vehicles.
[2021/9/11 - 10:57:41] Chuong Huynh has respawned family 15 dynamic group vehicles.
[2021/9/11 - 11:07:48] Chuong Huynh has respawned family 15 dynamic group vehicles.
[2021/9/11 - 11:46:20] Master Gangs has respawned family 15 dynamic group vehicles.
[2021/9/11 - 13:46:04] Chuong Huynh has respawned family 15 dynamic group vehicles.
[2021/9/11 - 14:27:51] Chuong Huynh has respawned family 15 dynamic group vehicles.
[2021/9/11 - 15:00:30] Chuong Huynh has respawned family 15 dynamic group vehicles.
[2021/9/11 - 15:19:06] Chuong Huynh has respawned family 15 dynamic group vehicles.
[2021/9/11 - 18:03:18] Chuong Huynh has respawned family 15 dynamic group vehicles.
[2021/9/11 - 18:16:33] Chuong Huynh has respawned family 15 dynamic group vehicles.
[2021/9/11 - 19:07:50] Chuong Huynh has respawned family 15 dynamic group vehicles.
[2021/9/11 - 19:18:42] Chuong Huynh has respawned family 15 dynamic group vehicles.
[2021/9/11 - 19:59:22] Chuong Huynh has respawned family 15 dynamic group vehicles.
[2021/9/11 - 20:01:47] Chuong Huynh has respawned family 15 dynamic group vehicles.
[2021/9/11 - 20:29:13] Chuong Huynh has respawned family 15 dynamic group vehicles.
[2021/9/11 - 20:35:57] Sayo Nara has respawned family 7 dynamic group vehicles.
[2021/9/11 - 20:36:05] Sayo Nara has respawned family 7 dynamic group vehicles.
[2021/9/11 - 20:44:41] Chuong Huynh has respawned family 15 dynamic group vehicles.
[2021/9/11 - 22:12:52] Chuong Huynh has respawned family 15 dynamic group vehicles.
[2021/9/11 - 22:47:33] Babi Kun has respawned family 7 dynamic group vehicles.
[2021/9/12 - 8:54:53] Chuong Huynh has respawned family 15 dynamic group vehicles.
[2021/9/12 - 12:24:59] Chuong Huynh has respawned family 15 dynamic group vehicles.
[2021/9/12 - 13:17:58] Chuong Huynh has respawned family 15 dynamic group vehicles.
[2021/9/12 - 13:35:43] Chuong Huynh has respawned family 15 dynamic group vehicles.
[2021/9/12 - 13:37:06] Chuong Huynh has respawned family 15 dynamic group vehicles.
[2021/9/12 - 16:10:29] Babi Kun has respawned family 7 dynamic group vehicles.
[2021/9/12 - 16:10:46] Shark Boy has respawned family 7 dynamic group vehicles.
[2021/9/12 - 21:41:26] The Forseti has respawned family 7 dynamic group vehicles.
[2021/9/13 - 10:02:04] Chuong Huynh has respawned family 15 dynamic group vehicles.
[2021/9/13 - 15:05:23] Chuong Huynh has respawned family 15 dynamic group vehicles.
[2021/9/13 - 19:29:16] Charlie Puth has respawned family 7 dynamic group vehicles.
[2021/9/14 - 1:35:52] Babi Kun has respawned family 7 dynamic group vehicles.
[2021/9/14 - 7:44:45] Master Gangs has respawned family 15 dynamic group vehicles.
[2021/9/14 - 12:05:41] Chuong Huynh has respawned family 15 dynamic group vehicles.
[2021/9/14 - 22:40:52] TruongTri Thuan has respawned family 11 dynamic group vehicles.
[2021/9/15 - 1:36:33] Babi Kun has respawned family 7 dynamic group vehicles.
[2021/9/15 - 5:09:08] Rot Bot has respawned family 7 dynamic group vehicles.
[2021/9/15 - 13:30:32] Shark Boy has respawned family 7 dynamic group vehicles.
[2021/9/23 - 23:41:10] Chuong Huynh has respawned family 15 dynamic group vehicles.
[2021/9/24 - 0:52:17] Chuong Huynh has respawned family 15 dynamic group vehicles.
[2021/9/24 - 1:03:07] Bombo Bally has respawned family 12 dynamic group vehicles.
[2021/9/24 - 1:52:52] Bombo Bally has respawned family 12 dynamic group vehicles.
[2021/9/24 - 1:57:52] Bombo Bally has respawned family 12 dynamic group vehicles.
[2021/9/24 - 1:59:09] Bombo Bally has respawned family 12 dynamic group vehicles.
[2021/9/24 - 2:37:27] Bombo Bally has respawned family 12 dynamic group vehicles.
[2021/9/24 - 5:12:28] Bombo Bally has respawned family 12 dynamic group vehicles.
[2021/9/24 - 6:00:50] Bombo Bally has respawned family 12 dynamic group vehicles.
[2021/9/24 - 8:24:05] Bobby Chicano has respawned family 2 dynamic group vehicles.
[2021/9/24 - 8:38:31] Chuong Huynh has respawned family 15 dynamic group vehicles.
[2021/9/24 - 8:38:50] Bobby Chicano has respawned family 2 dynamic group vehicles.
[2021/9/24 - 8:42:39] Chuong Huynh has respawned family 15 dynamic group vehicles.
[2021/9/24 - 8:51:14] Bobby Chicano has respawned family 2 dynamic group vehicles.
[2021/9/24 - 8:51:20] Babi Kun has respawned family 7 dynamic group vehicles.
[2021/9/24 - 9:30:02] Babi Kun has respawned family 7 dynamic group vehicles.
[2021/9/24 - 9:34:05] Chritian Cylor has respawned family 11 dynamic group vehicles.
[2021/9/24 - 10:08:10] Chritian Cylor has respawned family 11 dynamic group vehicles.
[2021/9/24 - 10:11:40] Babi Kun has respawned family 7 dynamic group vehicles.
[2021/9/24 - 10:33:53] Babi Kun has respawned family 7 dynamic group vehicles.
[2021/9/24 - 10:33:56] The Forseti has respawned family 7 dynamic group vehicles.
[2021/9/24 - 11:39:19] Chritian Cylor has respawned family 11 dynamic group vehicles.
[2021/9/24 - 11:39:23] Chritian Cylor has respawned family 11 dynamic group vehicles.
[2021/9/24 - 12:21:45] TruongTri Thuan has respawned family 11 dynamic group vehicles.
[2021/9/24 - 12:39:16] The Forseti has respawned family 7 dynamic group vehicles.
[2021/9/25 - 8:43:24] TruongTri Thuan has respawned family 11 dynamic group vehicles.
[2021/9/25 - 9:56:20] TruongTri Thuan has respawned family 11 dynamic group vehicles.
[2021/9/25 - 9:56:41] TruongTri Thuan has respawned family 11 dynamic group vehicles.
[2021/9/25 - 10:03:33] TruongTri Thuan has respawned family 11 dynamic group vehicles.
[2021/9/25 - 10:09:40] Thich TamHao has respawned family 2 dynamic group vehicles.
[2021/9/25 - 10:32:30] TruongTri Thuan has respawned family 11 dynamic group vehicles.
[2021/9/25 - 10:32:31] Thich TamHao has respawned family 2 dynamic group vehicles.
[2021/9/25 - 11:20:01] Thich TamHao has respawned family 2 dynamic group vehicles.
[2021/9/25 - 11:43:57] Thich TamHao has respawned family 2 dynamic group vehicles.
[2021/9/25 - 12:54:20] TruongTri Thuan has respawned family 11 dynamic group vehicles.
[2021/9/25 - 14:22:27] TruongTri Thuan has respawned family 11 dynamic group vehicles.
[2021/9/25 - 14:41:48] TruongTri Thuan has respawned family 11 dynamic group vehicles.
[2021/9/25 - 14:59:35] Bombo Bally has respawned family 12 dynamic group vehicles.
[2021/9/25 - 15:33:43] TruongTri Thuan has respawned family 11 dynamic group vehicles.
[2021/9/25 - 15:47:45] TruongTri Thuan has respawned family 11 dynamic group vehicles.
[2021/9/25 - 16:38:17] TruongTri Thuan has respawned family 11 dynamic group vehicles.
[2021/9/25 - 16:53:17] Bombo Bally has respawned family 12 dynamic group vehicles.
[2021/9/25 - 17:17:31] TruongTri Thuan has respawned family 11 dynamic group vehicles.
[2021/9/25 - 17:36:34] TruongTri Thuan has respawned family 11 dynamic group vehicles.
[2021/9/25 - 18:09:22] TruongTri Thuan has respawned family 11 dynamic group vehicles.
[2021/9/25 - 19:33:17] Chuong Huynh has respawned family 15 dynamic group vehicles.
[2021/9/25 - 19:37:59] TruongTri Thuan has respawned family 11 dynamic group vehicles.
[2021/9/25 - 21:01:35] Hoang PhiHong has respawned family 12 dynamic group vehicles.
[2021/9/25 - 21:02:08] TruongTri Thuan has respawned family 11 dynamic group vehicles.
[2021/9/25 - 21:08:42] Chuong Huynh has respawned family 15 dynamic group vehicles.
[2021/9/25 - 21:40:46] TruongTri Thuan has respawned family 11 dynamic group vehicles.
[2021/9/25 - 22:06:15] Li Chan has respawned family 7 dynamic group vehicles.
[2021/9/25 - 22:26:22] TruongTri Thuan has respawned family 11 dynamic group vehicles.
[2021/9/25 - 23:27:31] Babi Kun has respawned family 7 dynamic group vehicles.
[2021/9/26 - 0:12:40] TruongTri Thuan has respawned family 11 dynamic group vehicles.
[2021/9/26 - 8:48:57] TruongTri Thuan has respawned family 11 dynamic group vehicles.
[2021/9/26 - 9:11:01] TruongTri Thuan has respawned family 11 dynamic group vehicles.
[2021/9/26 - 9:20:34] Bombo Bally has respawned family 12 dynamic group vehicles.
[2021/9/26 - 10:11:42] TruongTri Thuan has respawned family 11 dynamic group vehicles.
[2021/9/26 - 10:15:08] TruongTri Thuan has respawned family 11 dynamic group vehicles.
[2021/9/26 - 11:41:19] Thich TamHao has respawned family 2 dynamic group vehicles.
[2021/9/26 - 12:26:52] TruongTri Thuan has respawned family 11 dynamic group vehicles.
[2021/9/26 - 12:27:17] Babi Kun has respawned family 7 dynamic group vehicles.
[2021/9/26 - 12:32:09] Babi Kun has respawned family 7 dynamic group vehicles.
[2021/9/26 - 12:35:16] Babi Kun has respawned family 7 dynamic group vehicles.
[2021/9/26 - 12:39:33] Thich TamHao has respawned family 2 dynamic group vehicles.
[2021/9/26 - 12:40:52] Babi Kun has respawned family 7 dynamic group vehicles.
[2021/9/26 - 12:57:46] Thich TamHao has respawned family 2 dynamic group vehicles.
[2021/9/26 - 13:00:23] Bombo Bally has respawned family 12 dynamic group vehicles.
[2021/9/26 - 13:37:39] Thich TamHao has respawned family 2 dynamic group vehicles.
[2021/9/26 - 13:49:17] TruongTri Thuan has respawned family 11 dynamic group vehicles.
[2021/9/26 - 13:58:29] TruongTri Thuan has respawned family 11 dynamic group vehicles.
[2021/9/26 - 14:03:07] Thich TamHao has respawned family 2 dynamic group vehicles.
[2021/9/26 - 14:03:16] Thich TamHao has respawned family 2 dynamic group vehicles.
[2021/9/26 - 14:03:17] Thich TamHao has respawned family 2 dynamic group vehicles.
[2021/9/26 - 14:03:18] Thich TamHao has respawned family 2 dynamic group vehicles.
[2021/9/26 - 14:03:21] Thich TamHao has respawned family 2 dynamic group vehicles.
[2021/9/26 - 14:03:22] Thich TamHao has respawned family 2 dynamic group vehicles.
[2021/9/26 - 14:03:24] Thich TamHao has respawned family 2 dynamic group vehicles.
[2021/9/26 - 14:51:44] TruongTri Thuan has respawned family 11 dynamic group vehicles.
[2021/9/26 - 17:17:43] TruongTri Thuan has respawned family 11 dynamic group vehicles.
[2021/9/26 - 19:11:01] Thich TamHao has respawned family 2 dynamic group vehicles.
[2021/9/26 - 19:11:36] Thich TamHao has respawned family 2 dynamic group vehicles.
[2021/9/26 - 19:23:32] TruongTri Thuan has respawned family 11 dynamic group vehicles.
[2021/9/26 - 19:50:44] TruongTri Thuan has respawned family 11 dynamic group vehicles.
[2021/9/26 - 19:56:10] Bombo Bally has respawned family 12 dynamic group vehicles.
[2021/9/26 - 20:13:05] Babi Kun has respawned family 7 dynamic group vehicles.
[2021/9/26 - 20:18:27] Hoang PhiHong has respawned family 12 dynamic group vehicles.
[2021/9/26 - 20:19:18] Hoang PhiHong has respawned family 12 dynamic group vehicles.
[2021/9/26 - 20:22:15] Babi Kun has respawned family 7 dynamic group vehicles.
[2021/9/26 - 20:37:25] Hoang PhiHong has respawned family 12 dynamic group vehicles.
[2021/9/26 - 20:44:43] Babi Kun has respawned family 7 dynamic group vehicles.
[2021/9/26 - 22:44:20] Bombo Bally has respawned family 12 dynamic group vehicles.
[2021/9/26 - 23:15:00] TruongTri Thuan has respawned family 11 dynamic group vehicles.
[2021/9/27 - 9:03:43] Shark Boy has respawned family 7 dynamic group vehicles.
[2021/9/27 - 9:06:47] Shark Boy has respawned family 7 dynamic group vehicles.
[2021/9/27 - 9:26:53] TruongTri Thuan has respawned family 11 dynamic group vehicles.
[2021/9/27 - 9:34:29] Hoang PhiHong has respawned family 12 dynamic group vehicles.
[2021/9/27 - 10:22:39] Bombo Bally has respawned family 12 dynamic group vehicles.
[2021/9/27 - 10:24:51] Hoang PhiHong has respawned family 12 dynamic group vehicles.
[2021/9/27 - 12:19:39] Babi Kun has respawned family 7 dynamic group vehicles.
[2021/9/27 - 12:29:01] TruongTri Thuan has respawned family 11 dynamic group vehicles.
[2021/9/27 - 12:31:14] Thich TamHao has respawned family 2 dynamic group vehicles.
[2021/9/27 - 13:06:05] TruongTri Thuan has respawned family 11 dynamic group vehicles.
[2021/9/27 - 13:41:12] TruongTri Thuan has respawned family 11 dynamic group vehicles.
[2021/9/27 - 15:57:52] TruongTri Thuan has respawned family 11 dynamic group vehicles.
[2021/9/27 - 16:10:46] TruongTri Thuan has respawned family 11 dynamic group vehicles.
[2021/9/27 - 16:22:45] TruongTri Thuan has respawned family 11 dynamic group vehicles.
[2021/9/27 - 19:38:31] TruongTri Thuan has respawned family 11 dynamic group vehicles.
[2021/9/27 - 19:38:37] TruongTri Thuan has respawned family 11 dynamic group vehicles.
[2021/9/27 - 22:45:57] Rot Bot has respawned family 7 dynamic group vehicles.
[2021/9/28 - 1:17:03] TruongTri Thuan has respawned family 11 dynamic group vehicles.
[2021/9/28 - 9:30:14] Shark Boy has respawned family 7 dynamic group vehicles.
[2021/9/28 - 9:49:24] Hoang PhiHong has respawned family 2 dynamic group vehicles.
[2021/9/28 - 9:49:48] Hoang PhiHong has respawned family 2 dynamic group vehicles.
[2021/9/28 - 10:05:13] TruongTri Thuan has respawned family 11 dynamic group vehicles.
[2021/9/28 - 10:05:33] Hoang PhiHong has respawned family 2 dynamic group vehicles.
[2021/9/28 - 10:42:24] Hoang PhiHong has respawned family 2 dynamic group vehicles.
[2021/9/28 - 11:01:14] TruongTri Thuan has respawned family 11 dynamic group vehicles.
[2021/9/28 - 11:19:39] TruongTri Thuan has respawned family 11 dynamic group vehicles.
[2021/9/28 - 11:20:23] TruongTri Thuan has respawned family 11 dynamic group vehicles.
[2021/9/28 - 11:51:44] TruongTri Thuan has respawned family 11 dynamic group vehicles.
[2021/9/28 - 12:19:16] TruongTri Thuan has respawned family 11 dynamic group vehicles.
[2021/9/28 - 16:03:53] TruongTri Thuan has respawned family 11 dynamic group vehicles.
[2021/9/28 - 16:22:22] TruongTri Thuan has respawned family 11 dynamic group vehicles.
[2021/9/28 - 17:04:14] Babi Kun has respawned family 7 dynamic group vehicles.
[2021/9/28 - 17:05:53] Babi Kun has respawned family 7 dynamic group vehicles.
[2021/9/28 - 17:18:49] Babi Kun has respawned family 7 dynamic group vehicles.
[2021/9/28 - 18:31:08] Hoang PhiHong has respawned family 2 dynamic group vehicles.
[2021/9/28 - 19:00:40] Hoang PhiHong has respawned family 2 dynamic group vehicles.
[2021/9/28 - 19:07:09] Hoang PhiHong has respawned family 2 dynamic group vehicles.
[2021/9/28 - 20:11:04] TruongTri Thuan has respawned family 11 dynamic group vehicles.
[2021/9/28 - 20:17:48] TruongTri Thuan has respawned family 11 dynamic group vehicles.
[2021/9/29 - 6:23:17] Bombo Bally has respawned family 12 dynamic group vehicles.
[2021/9/29 - 14:48:42] Bombo Bally has respawned family 12 dynamic group vehicles.
[2021/9/29 - 15:11:33] Bombo Bally has respawned family 12 dynamic group vehicles.
[2021/9/29 - 15:45:00] Bombo Bally has respawned family 12 dynamic group vehicles.
[2021/9/29 - 16:44:44] Hoang PhiHong has respawned family 12 dynamic group vehicles.
[2021/9/29 - 16:46:59] Hoang PhiHong has respawned family 12 dynamic group vehicles.
[2021/9/29 - 16:48:58] Hoang PhiHong has respawned family 12 dynamic group vehicles.
[2021/9/29 - 16:49:00] Hoang PhiHong has respawned family 12 dynamic group vehicles.
[2021/9/29 - 18:06:16] Bombo Bally has respawned family 12 dynamic group vehicles.
[2021/9/29 - 18:06:24] Hoang PhiHong has respawned family 12 dynamic group vehicles.
[2021/9/29 - 18:21:06] Bombo Bally has respawned family 12 dynamic group vehicles.
[2021/9/29 - 19:02:44] Hoang PhiHong has respawned family 12 dynamic group vehicles.
[2021/9/29 - 19:16:08] Hoang PhiHong has respawned family 12 dynamic group vehicles.
[2021/9/29 - 20:09:56] Hoang PhiHong has respawned family 12 dynamic group vehicles.
[2021/9/29 - 20:13:28] TruongTri Thuan has respawned family 11 dynamic group vehicles.
[2021/9/29 - 20:16:12] Bombo Bally has respawned family 12 dynamic group vehicles.
[2021/9/29 - 20:30:16] TruongTri Thuan has respawned family 11 dynamic group vehicles.
[2021/9/29 - 20:48:58] Li Chan has respawned family 7 dynamic group vehicles.
[2021/9/29 - 20:59:16] Babi Kun has respawned family 7 dynamic group vehicles.
[2021/9/29 - 21:28:11] Babi Kun has respawned family 7 dynamic group vehicles.
[2021/9/29 - 21:41:47] TruongTri Thuan has respawned family 11 dynamic group vehicles.
[2021/9/29 - 22:36:35] TruongTri Thuan has respawned family 11 dynamic group vehicles.
[2021/9/30 - 0:31:13] TruongTri Thuan has respawned family 11 dynamic group vehicles.
[2021/9/30 - 1:58:07] Babi Kun has respawned family 7 dynamic group vehicles.
[2021/9/30 - 5:09:14] Babi Kun has respawned family 7 dynamic group vehicles.
[2021/9/30 - 8:24:17] Rot Bot has respawned family 7 dynamic group vehicles.
[2021/9/30 - 8:43:01] Chuong Huynh has respawned family 15 dynamic group vehicles.
[2021/9/30 - 8:44:34] Bombo Bally has respawned family 12 dynamic group vehicles.
[2021/9/30 - 9:45:22] Hoang PhiHong has respawned family 12 dynamic group vehicles.
[2021/9/30 - 9:56:49] Hoang PhiHong has respawned family 12 dynamic group vehicles.
[2021/9/30 - 16:36:28] Bombo Bally has respawned family 12 dynamic group vehicles.
[2021/9/30 - 16:36:48] Babi Kun has respawned family 7 dynamic group vehicles.
[2021/9/30 - 17:04:18] Bi Long has respawned family 3 dynamic group vehicles.
[2021/9/30 - 17:07:35] Babi Kun has respawned family 7 dynamic group vehicles.
[2021/9/30 - 17:07:49] Hoang PhiHong has respawned family 12 dynamic group vehicles.
[2021/9/30 - 17:15:56] Hoang PhiHong has respawned family 12 dynamic group vehicles.
[2021/9/30 - 17:36:33] Babi Kun has respawned family 7 dynamic group vehicles.
[2021/9/30 - 18:34:41] Bombo Bally has respawned family 12 dynamic group vehicles.
[2021/9/30 - 18:55:09] Babi Kun has respawned family 7 dynamic group vehicles.
[2021/9/30 - 19:14:43] Bombo Bally has respawned family 12 dynamic group vehicles.
[2021/9/30 - 19:21:04] TruongTri Thuan has respawned family 11 dynamic group vehicles.
[2021/9/30 - 19:35:50] TruongTri Thuan has respawned family 11 dynamic group vehicles.
[2021/9/30 - 19:58:13] TruongTri Thuan has respawned family 11 dynamic group vehicles.
[2021/9/30 - 20:00:29] TruongTri Thuan has respawned family 11 dynamic group vehicles.
[2021/9/30 - 20:02:07] Hoang PhiHong has respawned family 12 dynamic group vehicles.
[2021/9/30 - 20:09:46] Li Chan has respawned family 7 dynamic group vehicles.
[2021/9/30 - 20:58:57] Hoang PhiHong has respawned family 12 dynamic group vehicles.
[2021/10/1 - 1:00:31] Babi Kun has respawned family 7 dynamic group vehicles.
[2021/10/1 - 10:35:58] Bombo Bally has respawned family 12 dynamic group vehicles.
[2021/10/1 - 13:17:48] TruongTri Thuan has respawned family 11 dynamic group vehicles.
[2021/10/1 - 15:19:48] TruongTri Thuan has respawned family 11 dynamic group vehicles.
[2021/10/1 - 15:26:55] Bombo Bally has respawned family 12 dynamic group vehicles.
[2021/10/1 - 19:32:04] TruongTri Thuan has respawned family 11 dynamic group vehicles.
[2021/10/1 - 20:00:48] Babi Kun has respawned family 7 dynamic group vehicles.
[2021/10/1 - 20:09:15] Babi Kun has respawned family 7 dynamic group vehicles.
[2021/10/1 - 22:23:23] Shark Boy has respawned family 7 dynamic group vehicles.
[2021/10/1 - 23:05:38] Babi Kun has respawned family 7 dynamic group vehicles.
[2021/10/2 - 0:17:17] Babi Kun has respawned family 7 dynamic group vehicles.
[2021/10/2 - 0:50:30] Babi Kun has respawned family 7 dynamic group vehicles.
[2021/10/2 - 9:17:49] Alex Hokage has respawned family 7 dynamic group vehicles.
[2021/10/2 - 9:27:28] Bombo Bally has respawned family 12 dynamic group vehicles.
[2021/10/2 - 14:57:35] Tientom has respawned family 9 dynamic group vehicles.
[2021/10/2 - 16:21:46] TruongTri Thuan has respawned family 11 dynamic group vehicles.
[2021/10/2 - 17:09:20] TruongTri Thuan has respawned family 11 dynamic group vehicles.
[2021/10/2 - 17:10:56] TruongTri Thuan has respawned family 11 dynamic group vehicles.
[2021/10/2 - 17:12:21] TruongTri Thuan has respawned family 11 dynamic group vehicles.
[2021/10/2 - 17:25:50] TruongTri Thuan has respawned family 11 dynamic group vehicles.
[2021/10/2 - 17:26:42] TruongTri Thuan has respawned family 11 dynamic group vehicles.
[2021/10/2 - 20:26:11] TruongTri Thuan has respawned family 11 dynamic group vehicles.
[2021/10/2 - 20:28:08] Babi Kun has respawned family 7 dynamic group vehicles.
[2021/10/2 - 20:28:12] Babi Kun has respawned family 7 dynamic group vehicles.
[2021/10/2 - 20:32:09] Babi Kun has respawned family 7 dynamic group vehicles.
[2021/10/2 - 22:24:35] Babi Kun has respawned family 7 dynamic group vehicles.
[2021/10/3 - 10:56:44] Bombo Bally has respawned family 12 dynamic group vehicles.
[2021/10/3 - 13:15:52] TruongTri Thuan has respawned family 11 dynamic group vehicles.
[2021/10/3 - 13:23:53] Bombo Bally has respawned family 12 dynamic group vehicles.
[2021/10/3 - 14:07:23] Bombo Bally has respawned family 12 dynamic group vehicles.
[2021/10/3 - 14:47:23] Babi Kun has respawned family 7 dynamic group vehicles.
[2021/10/3 - 15:51:19] Babi Kun has respawned family 7 dynamic group vehicles.
[2021/10/3 - 17:24:16] Lagos Glen has respawned family 9 dynamic group vehicles.
[2021/10/3 - 17:43:28] The Moskill has respawned family 7 dynamic group vehicles.
[2021/10/3 - 18:55:17] Lucifer Devil has respawned family 7 dynamic group vehicles.
[2021/10/3 - 21:01:33] TruongTri Thuan has respawned family 11 dynamic group vehicles.
[2021/10/3 - 21:44:38] TruongTri Thuan has respawned family 11 dynamic group vehicles.
[2021/10/3 - 21:51:46] TruongTri Thuan has respawned family 11 dynamic group vehicles.
[2021/10/3 - 22:19:22] Bombo Bally has respawned family 12 dynamic group vehicles.
[2021/10/3 - 22:37:51] TruongTri Thuan has respawned family 11 dynamic group vehicles.
[2021/10/3 - 22:38:24] TruongTri Thuan has respawned family 11 dynamic group vehicles.
[2021/10/3 - 22:49:55] TruongTri Thuan has respawned family 11 dynamic group vehicles.
[2021/10/4 - 0:14:30] Babi Kun has respawned family 7 dynamic group vehicles.
[2021/10/4 - 0:19:39] Babi Kun has respawned family 7 dynamic group vehicles.
[2021/10/4 - 1:37:08] Li Chan has respawned family 7 dynamic group vehicles.
[2021/10/4 - 15:32:46] Babi Kun has respawned family 7 dynamic group vehicles.
[2021/10/4 - 20:40:07] Babi Kun has respawned family 7 dynamic group vehicles.
[2021/10/4 - 21:04:22] Bombo Bally has respawned family 12 dynamic group vehicles.
[2021/10/4 - 21:38:17] Babi Kun has respawned family 7 dynamic group vehicles.
[2021/10/4 - 21:45:37] Babi Kun has respawned family 7 dynamic group vehicles.
[2021/10/4 - 22:38:35] Donald Trump has respawned family 7 dynamic group vehicles.
[2021/10/4 - 22:38:41] Donald Trump has respawned family 7 dynamic group vehicles.
[2021/10/5 - 14:13:51] Bombo Bally has respawned family 12 dynamic group vehicles.
[2021/10/5 - 17:39:43] Lagos Glen has respawned family 9 dynamic group vehicles.
[2021/10/6 - 0:39:58] Long has respawned family 14 dynamic group vehicles.
[2021/10/6 - 3:52:44] bAbI kUn has respawned family 7 dynamic group vehicles.
[2021/10/6 - 12:01:41] Lagos Glen has respawned family 9 dynamic group vehicles.
[2021/10/6 - 12:59:05] Lagos Glen has respawned family 9 dynamic group vehicles.
[2021/10/6 - 13:45:45] bombo bally has respawned family 12 dynamic group vehicles.
[2021/10/6 - 14:12:29] Lagos Glen has respawned family 9 dynamic group vehicles.
[2021/10/6 - 14:42:10] Lagos Glen has respawned family 9 dynamic group vehicles.
[2021/10/6 - 14:45:10] Shi has respawned family 14 dynamic group vehicles.
[2021/10/6 - 14:47:35] Shi has respawned family 14 dynamic group vehicles.
[2021/10/6 - 15:30:14] bombo bally has respawned family 12 dynamic group vehicles.
[2021/10/6 - 19:42:10] The Moskill has respawned family 7 dynamic group vehicles.
[2021/10/6 - 19:53:28] bombo bally has respawned family 12 dynamic group vehicles.
[2021/10/6 - 21:03:17] Babi Kun has respawned family 7 dynamic group vehicles.
[2021/10/6 - 21:13:46] Babi Kun has respawned family 7 dynamic group vehicles.
[2021/10/6 - 21:15:23] Babi Kun has respawned family 7 dynamic group vehicles.
[2021/10/6 - 21:17:43] Babi Kun has respawned family 7 dynamic group vehicles.
[2021/10/6 - 21:38:43] The Moskill has respawned family 7 dynamic group vehicles.
[2021/10/7 - 20:40:30] The Moskill has respawned family 7 dynamic group vehicles.
[2021/10/7 - 21:12:35] Babi Kun has respawned family 7 dynamic group vehicles.
[2021/10/8 - 0:36:08] Babi Kun has respawned family 7 dynamic group vehicles.
[2021/10/8 - 20:45:09] Shark Boy has respawned family 7 dynamic group vehicles.
[2021/10/8 - 20:48:03] Babi Kun has respawned family 7 dynamic group vehicles.
[2021/10/8 - 20:50:04] Babi Kun has respawned family 7 dynamic group vehicles.
[2021/10/8 - 20:52:38] Rot Bot has respawned family 7 dynamic group vehicles.
[2021/10/8 - 20:53:17] Rot Bot has respawned family 7 dynamic group vehicles.
[2021/10/8 - 21:41:18] Lagos Glen has respawned family 9 dynamic group vehicles.
[2021/10/9 - 6:26:39] Bombo bally has respawned family 12 dynamic group vehicles.
[2021/10/9 - 10:11:55] Shark Boy has respawned family 7 dynamic group vehicles.
[2021/10/9 - 15:43:41] Babi Kun has respawned family 7 dynamic group vehicles.
[2021/10/9 - 16:55:51] Shark Boy has respawned family 7 dynamic group vehicles.
[2021/10/9 - 20:45:12] Rot Bot has respawned family 7 dynamic group vehicles.
[2021/10/9 - 20:47:57] Rot Bot has respawned family 7 dynamic group vehicles.
[2021/10/9 - 20:48:20] The Moskill has respawned family 7 dynamic group vehicles.
[2021/10/9 - 20:49:13] Rot Bot has respawned family 7 dynamic group vehicles.
[2021/10/9 - 20:52:40] Thanh Tung has respawned family 14 dynamic group vehicles.
[2021/10/9 - 21:03:51] Rot Bot has respawned family 7 dynamic group vehicles.
[2021/10/9 - 21:25:34] Babi Kun has respawned family 7 dynamic group vehicles.
[2021/10/10 - 14:46:08] Hoang PhiHong has respawned family 12 dynamic group vehicles.
[2021/10/11 - 17:32:55] Hoang PhiHong has respawned family 12 dynamic group vehicles.
[2021/10/11 - 20:02:00] Lagos Glen has respawned family 9 dynamic group vehicles.
[2021/10/11 - 20:38:03] Uni Wind has respawned family 13 dynamic group vehicles.
[2021/10/11 - 20:40:58] Uni Wind has respawned family 13 dynamic group vehicles.
[2021/10/11 - 23:33:30] Lagos Glen has respawned family 9 dynamic group vehicles.
[2021/10/12 - 9:04:44] Hoang PhiHong has respawned family 12 dynamic group vehicles.
[2021/10/12 - 10:52:21] Hoang PhiHong has respawned family 12 dynamic group vehicles.
[2021/10/12 - 10:54:06] Master Toms has respawned family 6 dynamic group vehicles.
[2021/10/12 - 10:54:15] Master Toms has respawned family 6 dynamic group vehicles.
[2021/10/12 - 10:54:17] Master Toms has respawned family 6 dynamic group vehicles.
[2021/10/12 - 10:55:33] Master Toms has respawned family 6 dynamic group vehicles.
[2021/10/12 - 12:49:36] Master Toms has respawned family 6 dynamic group vehicles.
[2021/10/12 - 12:50:41] Master Toms has respawned family 6 dynamic group vehicles.
[2021/10/12 - 12:50:45] Master Toms has respawned family 6 dynamic group vehicles.
[2021/10/12 - 12:51:09] Shi has respawned family 6 dynamic group vehicles.
[2021/10/12 - 12:52:58] Master Toms has respawned family 6 dynamic group vehicles.
[2021/10/12 - 13:10:07] Master Toms has respawned family 6 dynamic group vehicles.
[2021/10/12 - 13:11:28] Master Toms has respawned family 6 dynamic group vehicles.
[2021/10/12 - 13:11:39] Master Toms has respawned family 6 dynamic group vehicles.
[2021/10/12 - 14:41:23] Hoang PhiHong has respawned family 12 dynamic group vehicles.
[2021/10/12 - 15:55:44] Bombo Bally has respawned family 12 dynamic group vehicles.
[2021/10/12 - 15:58:36] Yuh Gad has respawned family 13 dynamic group vehicles.
[2021/10/12 - 16:19:13] Bombo Bally has respawned family 12 dynamic group vehicles.
[2021/10/12 - 17:13:52] Master Toms has respawned family 6 dynamic group vehicles.
[2021/10/12 - 18:53:09] Master Toms has respawned family 6 dynamic group vehicles.
[2021/10/12 - 18:54:58] Master Toms has respawned family 6 dynamic group vehicles.
[2021/10/12 - 20:07:31] Hoang PhiHong has respawned family 12 dynamic group vehicles.
[2021/10/12 - 20:08:06] Hoang PhiHong has respawned family 12 dynamic group vehicles.
[2021/10/12 - 21:18:34] Hoang PhiHong has respawned family 12 dynamic group vehicles.
[2021/10/12 - 21:18:37] Hoang PhiHong has respawned family 12 dynamic group vehicles.
[2021/10/12 - 21:22:14] Hoang PhiHong has respawned family 12 dynamic group vehicles.
[2021/10/12 - 21:23:54] Hoang PhiHong has respawned family 12 dynamic group vehicles.
[2021/10/13 - 9:31:43] Hoang PhiHong has respawned family 12 dynamic group vehicles.
[2021/10/13 - 10:42:29] Hoang PhiHong has respawned family 12 dynamic group vehicles.
[2021/10/13 - 10:56:25] Hoang PhiHong has respawned family 12 dynamic group vehicles.
[2021/10/13 - 10:56:26] Hoang PhiHong has respawned family 12 dynamic group vehicles.
[2021/10/13 - 20:04:16] Hoang PhiHong has respawned family 12 dynamic group vehicles.
[2021/10/13 - 20:05:28] Hoang PhiHong has respawned family 12 dynamic group vehicles.
[2021/10/13 - 21:15:24] Hoang PhiHong has respawned family 12 dynamic group vehicles.
[2021/10/13 - 22:21:31] Shark Boy has respawned family 7 dynamic group vehicles.
[2021/10/13 - 22:37:50] David Daniel has respawned family 7 dynamic group vehicles.
[2021/10/13 - 23:07:17] Tientom has respawned family 5 dynamic group vehicles.
[2021/10/13 - 23:08:28] Larry Eriksen has respawned family 5 dynamic group vehicles.
[2021/10/14 - 7:15:25] Brian Zeros has respawned family 5 dynamic group vehicles.
[2021/10/14 - 11:18:01] Shi has respawned family 14 dynamic group vehicles.
[2021/10/14 - 11:19:13] Shark Boy has respawned family 7 dynamic group vehicles.
[2021/10/14 - 14:45:05] Babi Kun has respawned family 7 dynamic group vehicles.
[2021/10/14 - 14:46:00] Babi Kun has respawned family 7 dynamic group vehicles.
[2021/10/14 - 14:46:06] Babi Kun has respawned family 7 dynamic group vehicles.
[2021/10/14 - 14:46:08] Babi Kun has respawned family 7 dynamic group vehicles.
[2021/10/14 - 20:41:05] NTH Dung has respawned family 15 dynamic group vehicles.
[2021/10/14 - 20:45:26] Mr Alexander has respawned family 3 dynamic group vehicles.
[2021/10/14 - 20:54:58] Babi Kun has respawned family 7 dynamic group vehicles.
[2021/10/14 - 20:54:59] Babi Kun has respawned family 7 dynamic group vehicles.
[2021/10/14 - 20:55:00] Babi Kun has respawned family 7 dynamic group vehicles.
[2021/10/14 - 21:00:24] NTH Dung has respawned family 15 dynamic group vehicles.
[2021/10/14 - 21:01:36] David Daniel has respawned family 7 dynamic group vehicles.
[2021/10/14 - 21:01:36] Shark Boy has respawned family 7 dynamic group vehicles.
[2021/10/14 - 21:17:07] NTH Dung has respawned family 15 dynamic group vehicles.
[2021/10/14 - 21:38:23] NTH Dung has respawned family 15 dynamic group vehicles.
[2021/10/14 - 21:48:12] NTH Dung has respawned family 15 dynamic group vehicles.
[2021/10/14 - 22:18:30] Shark Boy has respawned family 7 dynamic group vehicles.
[2021/10/14 - 22:24:24] Dung NTH has respawned family 15 dynamic group vehicles.
[2021/10/14 - 23:02:29] Babi Kun has respawned family 7 dynamic group vehicles.
[2021/10/15 - 13:01:58] David Daniel has respawned family 7 dynamic group vehicles.
[2021/10/15 - 17:41:34] Larry Eriksen has respawned family 5 dynamic group vehicles.
[2021/10/15 - 17:41:37] Larry Eriksen has respawned family 5 dynamic group vehicles.
[2021/10/15 - 17:41:38] Larry Eriksen has respawned family 5 dynamic group vehicles.
[2021/10/15 - 19:51:47] Larry Eriksen has respawned family 5 dynamic group vehicles.
[2021/10/15 - 20:16:32] Rot Bot has respawned family 7 dynamic group vehicles.
[2021/10/15 - 20:54:28] Babi Kun has respawned family 7 dynamic group vehicles.
[2021/10/15 - 21:03:01] Dung NTH has respawned family 15 dynamic group vehicles.
[2021/10/15 - 21:16:26] Dung NTH has respawned family 15 dynamic group vehicles.
[2021/10/15 - 21:50:42] Shark Boy has respawned family 7 dynamic group vehicles.
[2021/10/15 - 21:51:00] Shark Boy has respawned family 7 dynamic group vehicles.
[2021/10/15 - 21:56:53] David Daniel has respawned family 7 dynamic group vehicles.
[2021/10/16 - 0:19:09] Babi Kun has respawned family 7 dynamic group vehicles.
[2021/10/16 - 10:13:43] David Daniel has respawned family 7 dynamic group vehicles.
[2021/10/16 - 10:58:32] TruongTri Thuan has respawned family 5 dynamic group vehicles.
[2021/10/16 - 12:37:49] Dung NTH has respawned family 15 dynamic group vehicles.
[2021/10/16 - 12:37:56] Dung NTH has respawned family 15 dynamic group vehicles.
[2021/10/16 - 12:42:03] Dung NTH has respawned family 15 dynamic group vehicles.
[2021/10/16 - 12:46:52] Dung NTH has respawned family 15 dynamic group vehicles.
[2021/10/16 - 12:49:52] Dung NTH has respawned family 15 dynamic group vehicles.
[2021/10/16 - 13:04:17] Dung NTH has respawned family 15 dynamic group vehicles.
[2021/10/16 - 13:42:08] Shark Boy has respawned family 7 dynamic group vehicles.
[2021/10/16 - 14:41:35] Shark Boy has respawned family 7 dynamic group vehicles.
[2021/10/16 - 15:39:44] Shark Boy has respawned family 7 dynamic group vehicles.
[2021/10/16 - 15:47:40] Babi Kun has respawned family 7 dynamic group vehicles.
[2021/10/16 - 15:58:38] Shark Boy has respawned family 7 dynamic group vehicles.
[2021/10/16 - 17:32:43] Babi Kun has respawned family 7 dynamic group vehicles.
[2021/10/16 - 18:39:11] Shark Boy has respawned family 7 dynamic group vehicles.
[2021/10/16 - 18:42:36] Dung NTH has respawned family 15 dynamic group vehicles.
[2021/10/16 - 19:46:55] Dung NTH has respawned family 15 dynamic group vehicles.
[2021/10/16 - 19:57:35] Tai Tran has respawned family 5 dynamic group vehicles.
[2021/10/16 - 20:07:52] Dung NTH has respawned family 15 dynamic group vehicles.
[2021/10/16 - 20:18:03] Brian Zeros has respawned family 5 dynamic group vehicles.
[2021/10/16 - 20:39:28] Dung NTH has respawned family 15 dynamic group vehicles.
[2021/10/16 - 20:57:51] Dung NTH has respawned family 15 dynamic group vehicles.
[2021/10/16 - 21:39:51] Shark Boy has respawned family 7 dynamic group vehicles.
[2021/10/16 - 21:39:59] Babi Kun has respawned family 7 dynamic group vehicles.
[2021/10/16 - 21:41:43] David Daniel has respawned family 7 dynamic group vehicles.
[2021/10/17 - 2:23:33] Rot Bot has respawned family 7 dynamic group vehicles.
[2021/10/17 - 9:02:00] Dung NTH has respawned family 15 dynamic group vehicles.
[2021/10/17 - 9:08:48] Dung NTH has respawned family 15 dynamic group vehicles.
[2021/10/17 - 9:17:19] Dung NTH has respawned family 15 dynamic group vehicles.
[2021/10/17 - 9:17:24] Dung NTH has respawned family 15 dynamic group vehicles.
[2021/10/17 - 9:18:15] Dung NTH has respawned family 15 dynamic group vehicles.
[2021/10/17 - 9:40:03] Shark Boy has respawned family 7 dynamic group vehicles.
[2021/10/17 - 11:01:39] Dung NTH has respawned family 15 dynamic group vehicles.
[2021/10/17 - 11:59:40] lao hac has respawned family 15 dynamic group vehicles.
[2021/10/17 - 15:31:46] Babi Kun has respawned family 7 dynamic group vehicles.
[2021/10/17 - 17:39:04] Dung NTH has respawned family 15 dynamic group vehicles.
[2021/10/17 - 17:41:50] Dung NTH has respawned family 15 dynamic group vehicles.
[2021/10/17 - 18:56:31] Shark Boy has respawned family 7 dynamic group vehicles.
[2021/10/17 - 18:58:54] Shark Boy has respawned family 7 dynamic group vehicles.
[2021/10/17 - 19:01:31] Shark Boy has respawned family 7 dynamic group vehicles.
[2021/10/17 - 19:17:56] Shark Boy has respawned family 7 dynamic group vehicles.
[2021/10/17 - 19:18:14] Rot Bot has respawned family 7 dynamic group vehicles.
[2021/10/17 - 19:28:27] Shark Boy has respawned family 7 dynamic group vehicles.
[2021/10/17 - 19:44:53] Shark Boy has respawned family 7 dynamic group vehicles.
[2021/10/17 - 20:10:44] Shark Boy has respawned family 7 dynamic group vehicles.
[2021/10/17 - 20:18:28] Babi Kun has respawned family 7 dynamic group vehicles.
[2021/10/17 - 20:19:32] Babi Kun has respawned family 7 dynamic group vehicles.
[2021/10/17 - 20:21:42] Shark Boy has respawned family 7 dynamic group vehicles.
[2021/10/17 - 20:35:28] Babi Kun has respawned family 7 dynamic group vehicles.
[2021/10/17 - 20:38:40] Babi Kun has respawned family 7 dynamic group vehicles.
[2021/10/17 - 20:38:44] Babi Kun has respawned family 7 dynamic group vehicles.
[2021/10/17 - 20:41:13] Shark Boy has respawned family 7 dynamic group vehicles.
[2021/10/17 - 21:23:37] Babi Kun has respawned family 7 dynamic group vehicles.
[2021/10/17 - 21:23:41] Shark Boy has respawned family 7 dynamic group vehicles.
[2021/10/18 - 0:36:12] Babi Kun has respawned family 7 dynamic group vehicles.
[2021/10/18 - 0:54:39] Babi Kun has respawned family 7 dynamic group vehicles.
[2021/10/18 - 9:34:39] Shark Boy has respawned family 7 dynamic group vehicles.
[2021/10/18 - 11:41:27] Shark Boy has respawned family 7 dynamic group vehicles.
[2021/10/18 - 11:44:55] Shark Boy has respawned family 7 dynamic group vehicles.
[2021/10/18 - 16:30:49] Rot Bot has respawned family 7 dynamic group vehicles.
[2021/10/18 - 16:36:43] Shark Boy has respawned family 7 dynamic group vehicles.
[2021/10/18 - 17:40:23] NTH Dung has respawned family 15 dynamic group vehicles.
[2021/10/18 - 18:26:47] Hoang PhiHong has respawned family 5 dynamic group vehicles.
[2021/10/18 - 18:39:05] Say Narao has respawned family 7 dynamic group vehicles.
[2021/10/18 - 18:39:12] Say Narao has respawned family 7 dynamic group vehicles.
[2021/10/18 - 18:48:06] NTH Dung has respawned family 15 dynamic group vehicles.
[2021/10/18 - 19:50:58] Shark Boy has respawned family 7 dynamic group vehicles.
[2021/10/18 - 19:59:22] Shark Boy has respawned family 7 dynamic group vehicles.
[2021/10/18 - 20:59:43] NTH Dung has respawned family 15 dynamic group vehicles.
[2021/10/18 - 21:18:13] Hoang PhiHong has respawned family 5 dynamic group vehicles.
[2021/10/18 - 21:32:51] thanh long has respawned family 15 dynamic group vehicles.
[2021/10/18 - 21:39:10] David Daniel has respawned family 7 dynamic group vehicles.
[2021/10/18 - 22:38:08] Shark Boy has respawned family 7 dynamic group vehicles.
[2021/10/19 - 7:27:49] David Daniel has respawned family 7 dynamic group vehicles.
[2021/10/19 - 8:19:07] Hoang PhiHong has respawned family 5 dynamic group vehicles.
[2021/10/19 - 10:48:08] Shark Boy has respawned family 7 dynamic group vehicles.
[2021/10/19 - 12:28:18] Shark Boy has respawned family 7 dynamic group vehicles.
[2021/10/19 - 12:54:05] NTH Dung has respawned family 15 dynamic group vehicles.
[2021/10/19 - 12:56:04] NTH Dung has respawned family 15 dynamic group vehicles.
[2021/10/19 - 13:03:36] Dung NTH has respawned family 15 dynamic group vehicles.
[2021/10/19 - 13:25:25] Dung NTH has respawned family 15 dynamic group vehicles.
[2021/10/19 - 14:18:08] Say Narao has respawned family 7 dynamic group vehicles.
[2021/10/19 - 14:55:13] NTH Dung has respawned family 15 dynamic group vehicles.
[2021/10/19 - 18:32:49] thanh long has respawned family 15 dynamic group vehicles.
[2021/10/19 - 18:49:54] NTH Dung has respawned family 15 dynamic group vehicles.
[2021/10/19 - 19:28:43] NTH Dung has respawned family 15 dynamic group vehicles.
[2021/10/19 - 19:58:44] Hoang PhiHong has respawned family 5 dynamic group vehicles.
[2021/10/19 - 21:12:42] NTH Dung has respawned family 15 dynamic group vehicles.
[2021/10/19 - 21:18:04] NTH Dung has respawned family 15 dynamic group vehicles.
[2021/10/19 - 21:30:09] NTH Dung has respawned family 15 dynamic group vehicles.
[2021/10/19 - 23:10:51] NTH Dung has respawned family 15 dynamic group vehicles.
[2021/10/20 - 10:10:04] Shark Boy has respawned family 7 dynamic group vehicles.
[2021/10/20 - 12:46:16] Shark Boy has respawned family 7 dynamic group vehicles.
[2021/10/20 - 12:53:29] Brian Zeros has respawned family 5 dynamic group vehicles.
[2021/10/20 - 15:40:08] Shark Boy has respawned family 7 dynamic group vehicles.
[2021/10/20 - 16:17:47] babi Kun has respawned family 7 dynamic group vehicles.
[2021/10/20 - 16:25:05] babi Kun has respawned family 7 dynamic group vehicles.
[2021/10/20 - 16:36:12] babi Kun has respawned family 7 dynamic group vehicles.
[2021/10/20 - 17:16:57] Brian Zeros has respawned family 5 dynamic group vehicles.
[2021/10/20 - 20:39:18] NTH Dung has respawned family 15 dynamic group vehicles.
[2021/10/20 - 20:42:34] Shark Boy has respawned family 7 dynamic group vehicles.
[2021/10/20 - 20:54:39] NTH Dung has respawned family 15 dynamic group vehicles.
[2021/10/20 - 21:23:31] Say Narao has respawned family 7 dynamic group vehicles.
[2021/10/20 - 21:50:26] bombo bally has respawned family 12 dynamic group vehicles.
[2021/10/21 - 11:31:58] Shark Boy has respawned family 7 dynamic group vehicles.
[2021/10/21 - 15:59:08] NTH Dung has respawned family 15 dynamic group vehicles.
[2021/10/21 - 16:02:16] NTH Dung has respawned family 15 dynamic group vehicles.
[2021/10/21 - 16:09:52] NTH Dung has respawned family 15 dynamic group vehicles.
[2021/10/21 - 16:29:26] NTH Dung has respawned family 15 dynamic group vehicles.
[2021/10/21 - 16:32:23] Shark Boy has respawned family 7 dynamic group vehicles.
[2021/10/21 - 16:43:05] Shark Boy has respawned family 7 dynamic group vehicles.
[2021/10/21 - 17:44:46] NTH Dung has respawned family 15 dynamic group vehicles.
[2021/10/21 - 17:46:37] Shark Boy has respawned family 7 dynamic group vehicles.
[2021/10/21 - 17:49:48] Dung NTH has respawned family 15 dynamic group vehicles.
[2021/10/21 - 18:26:27] Dung NTH has respawned family 15 dynamic group vehicles.
[2021/10/21 - 18:34:28] Dung NTH has respawned family 15 dynamic group vehicles.
[2021/10/21 - 19:34:58] Rot Bot has respawned family 7 dynamic group vehicles.
[2021/10/21 - 20:28:24] Rot Bot has respawned family 7 dynamic group vehicles.
[2021/10/21 - 20:32:57] Dung NTH has respawned family 15 dynamic group vehicles.
[2021/10/21 - 20:35:06] Rot Bot has respawned family 7 dynamic group vehicles.
[2021/10/21 - 22:52:48] Babi Kun has respawned family 7 dynamic group vehicles.
[2021/10/22 - 7:18:37] Shark Boy has respawned family 7 dynamic group vehicles.
[2021/10/22 - 12:06:51] Babi Kun has respawned family 7 dynamic group vehicles.
[2021/10/22 - 15:22:28] Shark Boy has respawned family 7 dynamic group vehicles.
[2021/10/22 - 17:09:27] Babi Kun has respawned family 7 dynamic group vehicles.
[2021/10/22 - 19:19:56] Rot Bot has respawned family 7 dynamic group vehicles.
[2021/10/22 - 20:42:06] Babi Kun has respawned family 7 dynamic group vehicles.
[2021/10/22 - 20:51:26] Dung NTH has respawned family 15 dynamic group vehicles.
[2021/10/22 - 21:00:23] Thanh Long has respawned family 15 dynamic group vehicles.
[2021/10/22 - 21:06:23] Shark Boy has respawned family 7 dynamic group vehicles.
[2021/10/22 - 21:21:06] Shark Boy has respawned family 7 dynamic group vehicles.
[2021/10/22 - 22:45:27] Shark Boy has respawned family 7 dynamic group vehicles.
[2021/10/22 - 23:12:46] NTH Dung has respawned family 15 dynamic group vehicles.
[2021/10/22 - 23:17:38] NTH Dung has respawned family 15 dynamic group vehicles.
[2021/10/23 - 0:35:10] Babi Kun has respawned family 7 dynamic group vehicles.
[2021/10/23 - 1:56:06] Babi Kun has respawned family 7 dynamic group vehicles.
[2021/10/23 - 10:53:37] Shark Boy has respawned family 7 dynamic group vehicles.
[2021/10/23 - 13:48:34] NTH Dung has respawned family 15 dynamic group vehicles.
[2021/10/23 - 14:31:02] NTH Dung has respawned family 15 dynamic group vehicles.
[2021/10/23 - 15:37:10] babi kun has respawned family 7 dynamic group vehicles.
[2021/10/23 - 17:39:53] NTH Dung has respawned family 15 dynamic group vehicles.
