[2018/1/28 - 11:08:44] FLAG: Gifted/Script Added added flag Bien so xe (Credits) to Hac.
[2021/7/24 - 21:27:32] FLAG: Gifted/Script Added added flag (Dau gia thang) MingQuang Admin 9x to MingQuang.
[2021/7/24 - 21:31:24] FLAG: MingQuang added flag minh to Long.
[2021/7/24 - 21:31:24] Long was flagged by MingQuang (minh).
[2021/7/24 - 21:45:57] FLAG: Flag 22 was deleted by MingQuang.
[2021/7/24 - 22:06:05] FLAG: Gifted/Script Added added flag Special Prize (long oc cho) to Zeus Afflecker.
[2021/7/24 - 22:06:21] FLAG: Flag 24 was deleted by MingQuang.
[2021/7/26 - 19:25:43] FLAG: Gifted/Script Added added flag Special Prize (500.000$) to Otter Steward.
[2021/8/1 - 9:08:51] FLAG: Gifted/Script Added added flag (Dau gia thang) Long Savana to .
[2021/8/4 - 18:02:00] FLAG: Flag 26 was deleted by MingQuang.
[2021/8/4 - 18:02:05] FLAG: Flag 23 was deleted by MingQuang.
[2021/8/29 - 13:24:29] FLAG: Gifted/Script Added added flag Bien so xe (coin) to Babi Kun.
[2021/9/6 - 21:14:38] FLAG: Gifted/Script Added added flag (Dau gia thang) Kita_Willlam Sieu xe pizza Boy to .
[2021/9/8 - 21:44:35] FLAG: Gifted/Script Added added flag Special Prize (1) to Shi.
[2021/9/8 - 21:45:06] FLAG: Gifted/Script Added added flag Special Prize (1) to Shi.
[2021/9/8 - 21:46:02] FLAG: Gifted/Script Added added flag Special Prize (50000) to Shi.
[2021/9/8 - 21:46:12] FLAG: Gifted/Script Added added flag Special Prize (50000) to Shi.
[2021/9/8 - 21:48:36] FLAG: Gifted/Script Added added flag Special Prize (1) to MingQuang.
[2021/9/8 - 21:48:57] FLAG: MingQuang added flag 1 to MingQuang.
[2021/9/8 - 21:48:57] MingQuang was flagged by MingQuang (1).
[2021/9/8 - 21:49:04] FLAG: MingQuang added flag thich to MingQuang.
[2021/9/8 - 21:49:04] MingQuang was flagged by MingQuang (thich).
[2021/9/8 - 21:50:49] FLAG: Gifted/Script Added added flag Special Prize (1) to MingQuang.
[2021/9/8 - 21:50:49] FLAG: Gifted/Script Added added flag Special Prize (1) to MingQuang.
[2021/9/8 - 21:54:32] FLAG: Flag 32 was deleted by MingQuang.
[2021/9/8 - 21:54:34] FLAG: Flag 33 was deleted by MingQuang.
[2021/9/8 - 21:54:35] FLAG: Flag 34 was deleted by MingQuang.
[2021/9/8 - 21:54:37] FLAG: Flag 35 was deleted by MingQuang.
[2021/9/8 - 21:54:40] FLAG: Flag 36 was deleted by MingQuang.
[2021/9/8 - 21:54:48] FLAG: Gifted/Script Added added flag Special Prize (1) to MingQuang.
[2021/9/8 - 21:54:58] FLAG: Flag 0 was deleted by MingQuang.
[2021/9/8 - 21:55:00] FLAG: Flag 1 was deleted by MingQuang.
[2021/9/8 - 21:55:03] FLAG: Flag 1 was deleted by MingQuang.
[2021/9/8 - 21:55:05] FLAG: Flag 37 was deleted by MingQuang.
[2021/9/8 - 22:17:40] FLAG: Gifted/Script Added added flag Special Prize (200.000SAD) to MingQuang.
[2021/9/8 - 22:22:17] FLAG: Gifted/Script Added added flag Special Prize (50.000SAD) to Shark Boy.
[2021/9/8 - 22:23:24] FLAG: Gifted/Script Added added flag Special Prize (2 hopsua) to Tran Trung Hau.
[2021/9/8 - 22:24:02] FLAG: Gifted/Script Added added flag Special Prize (50.000SAD) to Shark Boy.
[2021/9/8 - 22:25:18] FLAG: Gifted/Script Added added flag Special Prize (1 Khau AK47) to Bich Nimo.
[2021/9/8 - 22:25:34] FLAG: Gifted/Script Added added flag Special Prize (2 Hat Giong Can Sa) to Babi Kun.
[2021/9/8 - 22:26:40] FLAG: Gifted/Script Added added flag Special Prize (ComHop) to Thor Yang.
[2021/9/8 - 22:26:56] FLAG: Gifted/Script Added added flag Special Prize (15 Can Sa) to Sayo Nara.
[2021/9/8 - 22:27:05] FLAG: Gifted/Script Added added flag Special Prize (35 Sat) to Rot Bot.
[2021/9/8 - 22:27:36] FLAG: Gifted/Script Added added flag Special Prize (2 Vang) to Tran Trung Hau.
[2021/9/8 - 22:29:10] FLAG: Gifted/Script Added added flag Special Prize (HatGiongCanSa) to Shi.
[2021/9/8 - 22:30:09] FLAG: Gifted/Script Added added flag Special Prize (DanSungLuc) to Rot Bot.
[2021/9/8 - 22:32:06] FLAG: Gifted/Script Added added flag Special Prize (25Sat) to Quan Dang.
[2021/9/8 - 22:32:47] FLAG: Gifted/Script Added added flag Special Prize (1 vien KimCuong) to Hy Khang.
[2021/9/8 - 22:35:56] FLAG: Gifted/Script Added added flag Special Prize (200.000SAD) to MingQuang.
[2021/9/8 - 22:45:13] FLAG: Gifted/Script Added added flag Special Prize (1 vien kim cuong) to Nicolas Jackson.
[2021/9/8 - 22:45:45] FLAG: Gifted/Script Added added flag Special Prize (50.000SAD) to Babi Kun.
[2021/9/8 - 22:47:04] FLAG: Gifted/Script Added added flag Special Prize (50.000SAD) to Babi Kun.
[2021/9/8 - 22:47:34] FLAG: Flag 40 was deleted by MingQuang.
[2021/9/8 - 22:47:36] FLAG: Flag 47 was deleted by MingQuang.
[2021/9/8 - 22:48:09] FLAG: Flag 46 was deleted by MingQuang.
[2021/9/8 - 22:48:12] FLAG: Flag 49 was deleted by MingQuang.
[2021/9/8 - 22:48:47] FLAG: Flag 49 was deleted by MingQuang.
[2021/9/8 - 22:48:49] FLAG: Flag 45 was deleted by MingQuang.
[2021/9/8 - 22:49:16] FLAG: Flag 43 was deleted by MingQuang.
[2021/9/8 - 22:49:19] FLAG: Flag 54 was deleted by MingQuang.
[2021/9/8 - 22:49:20] FLAG: Flag 55 was deleted by MingQuang.
[2021/9/8 - 22:50:28] FLAG: Flag 53 was deleted by MingQuang.
[2021/9/8 - 22:54:27] FLAG: Gifted/Script Added added flag Special Prize (80.000SAD) to Pana DoL.
[2021/9/8 - 22:57:47] FLAG: Flag 56 was deleted by Ming Weng.
[2021/9/9 - 8:52:09] FLAG: Gifted/Script Added added flag Special Prize (50.000SAD) to Bich Nimo.
[2021/9/10 - 22:22:45] FLAG: Flag 42 was deleted by MingQuang.
[2021/9/10 - 22:23:07] FLAG: Flag 57 was deleted by MingQuang.
[2021/10/2 - 11:51:41] FLAG: Gifted/Script Added added flag Bien so xe (coin) to Shark Boy.
[2021/10/6 - 20:32:59] FLAG: Gifted/Script Added added flag (Dau gia thang) MingQuang Con ciu to MingQuang.
[2021/10/6 - 20:49:39] FLAG: Gifted/Script Added added flag (Dau gia thang) mjke_VN Neon Green to .
