[2021/9/24 - 0:35:31] MingQuang vua thay doi Tien Luong Nhan Vien cua Quan An, voi so tien 3,000/lan lam banh.
[2021/9/24 - 0:36:01] MingQuang vua thay doi gia Phieu An cua Quan An, voi so tien 12,000.
[2021/9/24 - 2:49:32] MingQuang vua thay doi gia Phieu An cua Quan An, voi so tien 10,000.
[2021/9/24 - 4:12:19] Mjng Quang vua thay doi Tien Luong Nhan Vien cua Quan An, voi so tien 5,000/lan lam banh.
[2021/9/24 - 10:51:58] MingQuang vua thay doi Tien Luong Nhan Vien cua Quan An, voi so tien 2,000/lan lam banh.
[2021/9/24 - 10:52:07] MingQuang vua thay doi gia Phieu An cua Quan An, voi so tien 12,000.
[2021/9/25 - 21:13:20] MingQuang vua thay doi Tien Luong Nhan Vien cua Quan An, voi so tien 1,316,134,912/lan lam banh.
[2021/9/25 - 21:14:01] MingQuang vua thay doi Tien Luong Nhan Vien cua Quan An, voi so tien 2,000/lan lam banh.
[2021/9/25 - 21:16:34] TruongTri Thuan vua thay doi gia Phieu An cua Quan An, voi so tien 15,000.
[2021/9/25 - 21:16:54] TruongTri Thuan vua thay doi Tien Luong Nhan Vien cua Quan An, voi so tien 5,000/lan lam banh.
[2021/9/25 - 22:44:17] TruongTri Thuan vua thay doi Tien Luong Nhan Vien cua Quan An, voi so tien 3,000/lan lam banh.
[2021/9/26 - 12:25:01] TruongTri Thuan vua thay doi Tien Luong Nhan Vien cua Quan An, voi so tien 5,000/lan lam banh.
[2021/9/27 - 18:11:04] TruongTri Thuan vua thay doi Tien Luong Nhan Vien cua Quan An, voi so tien 3,000/lan lam banh.
[2021/9/27 - 22:32:07] TruongTri Thuan vua thay doi Tien Luong Nhan Vien cua Quan An, voi so tien 2,000/lan lam banh.
[2021/9/30 - 12:48:03] TruongTri Thuan vua thay doi gia Phieu An cua Quan An, voi so tien 16,000.
[2021/10/3 - 13:16:44] TruongTri Thuan vua thay doi gia Phieu An cua Quan An, voi so tien 17,000.
[2021/10/3 - 13:16:54] TruongTri Thuan vua thay doi Tien Luong Nhan Vien cua Quan An, voi so tien 4,000/lan lam banh.
[2021/10/3 - 21:06:57] TruongTri Thuan vua thay doi Tien Luong Nhan Vien cua Quan An, voi so tien 3,000/lan lam banh.
[2021/10/3 - 23:41:08] TruongTri Thuan vua thay doi Tien Luong Nhan Vien cua Quan An, voi so tien 2,000/lan lam banh.
[2021/10/4 - 15:07:32] TruongTri Thuan vua thay doi Tien Luong Nhan Vien cua Quan An, voi so tien 3,000/lan lam banh.
[2021/10/7 - 1:13:47] Larry Eriksen vua thay doi gia Phieu An cua Quan An, voi so tien 20,000.
[2021/10/8 - 6:51:45] Larry Eriksen vua thay doi gia Phieu An cua Quan An, voi so tien 19,000.
[2021/10/9 - 5:45:08] Larry Eriksen vua thay doi gia Phieu An cua Quan An, voi so tien 5,000.
[2021/10/9 - 5:46:28] Larry Eriksen vua thay doi gia Phieu An cua Quan An, voi so tien 20,000.
[2021/10/9 - 5:46:38] Larry Eriksen vua thay doi gia Phieu An cua Quan An, voi so tien 19,000.
[2021/10/9 - 5:49:10] Larry Eriksen vua thay doi Tien Luong Nhan Vien cua Quan An, voi so tien 5,000/lan lam banh.
[2021/10/9 - 6:31:41] Larry Eriksen vua thay doi gia Phieu An cua Quan An, voi so tien 5,000.
[2021/10/9 - 6:33:31] Larry Eriksen vua thay doi gia Phieu An cua Quan An, voi so tien 19,000.
[2021/10/9 - 6:37:46] Larry Eriksen vua thay doi gia Phieu An cua Quan An, voi so tien 5,000.
[2021/10/9 - 6:38:26] Larry Eriksen vua thay doi gia Phieu An cua Quan An, voi so tien 19,000.
[2021/10/9 - 17:36:09] Larry Eriksen vua thay doi Tien Luong Nhan Vien cua Quan An, voi so tien 3,000/lan lam banh.
[2021/10/9 - 17:40:59] Larry Eriksen vua thay doi Tien Luong Nhan Vien cua Quan An, voi so tien 4,000/lan lam banh.
[2021/10/10 - 7:19:58] Larry Eriksen vua thay doi gia Phieu An cua Quan An, voi so tien 5,000.
[2021/10/10 - 7:21:27] Larry Eriksen vua thay doi gia Phieu An cua Quan An, voi so tien 19,000.
[2021/10/12 - 0:41:53] Larry Eriksen vua thay doi Tien Luong Nhan Vien cua Quan An, voi so tien 3,000/lan lam banh.
[2021/10/12 - 0:58:31] Larry Eriksen vua thay doi gia Phieu An cua Quan An, voi so tien 5,000.
[2021/10/12 - 1:01:36] Larry Eriksen vua thay doi gia Phieu An cua Quan An, voi so tien 19,000.
[2021/10/12 - 22:12:53] Ricardo James vua thay doi Tien Luong Nhan Vien cua Quan An, voi so tien 4,000/lan lam banh.
[2021/10/12 - 22:13:10] Ricardo James vua thay doi gia Phieu An cua Quan An, voi so tien 18,000.
[2021/10/12 - 22:13:16] Ricardo James vua thay doi gia Phieu An cua Quan An, voi so tien 19,000.
[2021/10/12 - 22:22:03] Ricardo James vua thay doi Tien Luong Nhan Vien cua Quan An, voi so tien 3,000/lan lam banh.
[2021/10/12 - 22:25:55] Ricardo James vua thay doi Tien Luong Nhan Vien cua Quan An, voi so tien 4,000/lan lam banh.
[2021/10/12 - 23:00:08] Ricardo James vua thay doi Tien Luong Nhan Vien cua Quan An, voi so tien 3,000/lan lam banh.
[2021/10/13 - 4:53:57] Ricardo James vua thay doi Tien Luong Nhan Vien cua Quan An, voi so tien 200,000/lan lam banh.
[2021/10/13 - 4:55:23] Ricardo James vua thay doi Tien Luong Nhan Vien cua Quan An, voi so tien 3,000/lan lam banh.
[2021/10/13 - 5:52:48] Ricardo James vua thay doi gia Phieu An cua Quan An, voi so tien 18,000.
[2021/10/13 - 5:52:57] Ricardo James vua thay doi Tien Luong Nhan Vien cua Quan An, voi so tien 3,500/lan lam banh.
[2021/10/13 - 5:59:11] Ricardo James vua thay doi gia Phieu An cua Quan An, voi so tien 19,000.
[2021/10/13 - 19:20:59] Ricardo James vua thay doi Tien Luong Nhan Vien cua Quan An, voi so tien 4,000/lan lam banh.
[2021/10/13 - 20:48:48] Ricardo James vua thay doi gia Phieu An cua Quan An, voi so tien 18,000.
[2021/10/14 - 1:04:52] Ricardo James vua thay doi Tien Luong Nhan Vien cua Quan An, voi so tien 3,000/lan lam banh.
[2021/10/14 - 2:48:31] Ricardo James vua thay doi gia Phieu An cua Quan An, voi so tien 19,500.
[2021/10/14 - 5:42:40] Ricardo James vua thay doi Tien Luong Nhan Vien cua Quan An, voi so tien 3,500/lan lam banh.
[2021/10/14 - 6:12:16] Ricardo James vua thay doi Tien Luong Nhan Vien cua Quan An, voi so tien 3,000/lan lam banh.
[2021/10/14 - 7:01:43] Ricardo James vua thay doi Tien Luong Nhan Vien cua Quan An, voi so tien 3,500/lan lam banh.
[2021/10/14 - 21:41:54] Ricardo James vua thay doi Tien Luong Nhan Vien cua Quan An, voi so tien 3,000/lan lam banh.
[2021/10/15 - 5:24:38] Ricardo James vua thay doi Tien Luong Nhan Vien cua Quan An, voi so tien 2,000/lan lam banh.
[2021/10/15 - 22:40:40] Ricardo James vua thay doi gia Phieu An cua Quan An, voi so tien 19,000.
[2021/10/15 - 22:40:51] Ricardo James vua thay doi Tien Luong Nhan Vien cua Quan An, voi so tien 3,500/lan lam banh.
[2021/10/15 - 22:55:52] Ricardo James vua thay doi gia Phieu An cua Quan An, voi so tien 18,500.
[2021/10/16 - 6:49:10] Ricardo James vua thay doi Tien Luong Nhan Vien cua Quan An, voi so tien 3,500/lan lam banh.
[2021/10/16 - 6:53:10] Ricardo James vua thay doi gia Phieu An cua Quan An, voi so tien 17,000.
[2021/10/16 - 23:08:42] Ricardo James vua thay doi gia Phieu An cua Quan An, voi so tien 17,500.
[2021/10/16 - 23:08:50] Ricardo James vua thay doi Tien Luong Nhan Vien cua Quan An, voi so tien 3,500/lan lam banh.
[2021/10/17 - 19:11:55] Ricardo James vua thay doi gia Phieu An cua Quan An, voi so tien 16,000.
[2021/10/17 - 19:12:02] Ricardo James vua thay doi Tien Luong Nhan Vien cua Quan An, voi so tien 2,500/lan lam banh.
[2021/10/18 - 18:40:01] Ricardo James vua thay doi gia Phieu An cua Quan An, voi so tien 17,000.
[2021/10/19 - 0:50:55] Ricardo James vua thay doi Tien Luong Nhan Vien cua Quan An, voi so tien 4,000/lan lam banh.
[2021/10/19 - 0:57:14] Ricardo James vua thay doi Tien Luong Nhan Vien cua Quan An, voi so tien 1/lan lam banh.
[2021/10/19 - 0:57:22] Ricardo James vua thay doi Tien Luong Nhan Vien cua Quan An, voi so tien 123/lan lam banh.
[2021/10/19 - 0:59:42] Ricardo James vua thay doi Tien Luong Nhan Vien cua Quan An, voi so tien 3,000/lan lam banh.
[2021/10/19 - 4:00:27] Ricardo James vua thay doi Tien Luong Nhan Vien cua Quan An, voi so tien 3,500/lan lam banh.
[2021/10/19 - 4:01:31] Ricardo James vua thay doi Tien Luong Nhan Vien cua Quan An, voi so tien 3,000/lan lam banh.
[2021/10/19 - 4:01:40] Ricardo James vua thay doi gia Phieu An cua Quan An, voi so tien 16,000.
[2021/10/21 - 3:48:01] Ricardo James vua thay doi Tien Luong Nhan Vien cua Quan An, voi so tien 4,000/lan lam banh.
[2021/10/22 - 2:10:55] Ricardo James vua thay doi gia Phieu An cua Quan An, voi so tien 17,000.
[2021/10/22 - 8:11:12] Ricardo James vua thay doi gia Phieu An cua Quan An, voi so tien 16,500.
