[2018/8/30 - 15:42:10] {AA3333}AdmCmd{FFFF00}: BaHu BaLi da nhan duoc tu he thong mot chiec xe classic mien phi
[2018/8/30 - 15:42:24] {AA3333}AdmCmd{FFFF00}: GAU da nhan duoc tu he thong mot chiec xe classic mien phi
[2021/7/17 - 21:17:05] {AA3333}AdmWarning{FFFF00}: Xander Archer dung la thien tai, Xander Archer duoc $500,000.
[2021/7/17 - 21:17:12] {AA3333}AdmCmd{FFFF00}: Xander Archer da nhan duoc tu he thong mot chiec xe classic mien phi
[2021/7/24 - 21:47:25] {AA3333}AdmCmd{FFFF00}: Otter Steward vua tim thay PointID 0, giai thuong: dit me long
[2021/7/24 - 22:06:05] {AA3333}AdmCmd{FFFF00}: Zeus Afflecker vua tim thay PointID 0, giai thuong: long oc cho
[2021/7/25 - 19:17:45] {AA3333}AdmWarning{FFFF00}: admin dung la thien tai, Tu kaito duoc $500,000.
[2021/7/26 - 19:25:43] {AA3333}AdmCmd{FFFF00}: Otter Steward vua tim thay PointID 2, giai thuong: 500.000$
[2021/8/7 - 4:02:19] {AA3333}AdmCmd{FFFF00}: MingQuang da nhan duoc tu he thong mot chiec xe classic mien phi
[2021/8/19 - 13:21:42] {AA3333}AdmCmd{FFFF00}: Tai Tran da nhan duoc tu he thong mot chiec xe classic mien phi
[2021/8/19 - 13:21:42] {AA3333}AdmCmd{FFFF00}: red man da nhan duoc tu he thong mot chiec xe classic mien phi
[2021/8/19 - 13:21:42] {AA3333}AdmCmd{FFFF00}: Thor Yang da nhan duoc tu he thong mot chiec xe classic mien phi
[2021/8/26 - 23:42:34] {AA3333}AdmWarning{FFFF00}: Shi dung la thien tai, Shi duoc $500,000.
[2021/8/26 - 23:43:02] {AA3333}AdmWarning{FFFF00}: Long dung la thien tai, Long da nhan duoc 1 thang dung Silver VIP.
[2021/8/26 - 23:47:16] {AA3333}AdmWarning{FFFF00}: Shi dung la thien tai, Shi duoc $500,000.
[2021/8/26 - 23:47:43] {AA3333}AdmWarning{FFFF00}: Shi dung la thien tai, Shi duoc 1 vouchers Vip Gold 30 ngay.
[2021/9/4 - 1:42:09] {AA3333}AdmWarning{FFFF00}: Long dung la thien tai, Thor Yang duoc $500,000.
[2021/9/5 - 22:41:44] {AA3333}AdmCmd{FFFF00}: Tientom da nhan duoc tu he thong mot chiec xe classic mien phi
[2021/9/8 - 21:43:48] {AA3333}AdmCmd{FFFF00}: MingQuang vua tim thay PointID 1, giai thuong: cai lon me thang long
[2021/9/8 - 21:44:35] {AA3333}AdmCmd{FFFF00}: Shi vua tim thay PointID 1, giai thuong: 1
[2021/9/8 - 21:45:06] {AA3333}AdmCmd{FFFF00}: Shi vua tim thay PointID 1, giai thuong: 1
[2021/9/8 - 21:46:02] {AA3333}AdmCmd{FFFF00}: Shi vua tim thay PointID 1, giai thuong: 50000
[2021/9/8 - 21:46:12] {AA3333}AdmCmd{FFFF00}: Shi vua tim thay PointID 1, giai thuong: 50000
[2021/9/8 - 21:48:36] {AA3333}AdmCmd{FFFF00}: MingQuang vua tim thay PointID 1, giai thuong: 1
[2021/9/8 - 21:50:49] {AA3333}AdmCmd{FFFF00}: MingQuang vua tim thay PointID 1, giai thuong: 1
[2021/9/8 - 21:50:49] {AA3333}AdmCmd{FFFF00}: MingQuang vua tim thay PointID 2, giai thuong: 1
[2021/9/8 - 21:54:42] {AA3333}AdmCmd{FFFF00}: MingQuang vua tim thay PointID 1, giai thuong: 1
[2021/9/8 - 21:54:48] {AA3333}AdmCmd{FFFF00}: MingQuang vua tim thay PointID 0, giai thuong: 1
[2021/9/8 - 22:17:40] {AA3333}AdmCmd{FFFF00}: MingQuang vua tim thay PointID 19, giai thuong: 200.000SAD
[2021/9/8 - 22:22:17] {AA3333}AdmCmd{FFFF00}: Shark Boy vua tim thay PointID 1, giai thuong: 50.000SAD
[2021/9/8 - 22:22:51] {AA3333}AdmCmd{FFFF00}: MingQuang vua tim thay PointID 30, giai thuong: test
[2021/9/8 - 22:23:24] {AA3333}AdmCmd{FFFF00}: MingQuang vua tim thay PointID 30, giai thuong: test
[2021/9/8 - 22:23:24] {AA3333}AdmCmd{FFFF00}: Tran Trung Hau vua tim thay PointID 13, giai thuong: 2 hopsua
[2021/9/8 - 22:23:54] {AA3333}AdmCmd{FFFF00}: MingQuang vua tim thay PointID 30, giai thuong: test
[2021/9/8 - 22:24:02] {AA3333}AdmCmd{FFFF00}: Shark Boy vua tim thay PointID 7, giai thuong: 50.000SAD
[2021/9/8 - 22:25:18] {AA3333}AdmCmd{FFFF00}: Bich Nimo vua tim thay PointID 18, giai thuong: 1 Khau AK47
[2021/9/8 - 22:25:34] {AA3333}AdmCmd{FFFF00}: Babi Kun vua tim thay PointID 17, giai thuong: 2 Hat Giong Can Sa
[2021/9/8 - 22:26:40] {AA3333}AdmCmd{FFFF00}: Thor Yang vua tim thay PointID 5, giai thuong: ComHop
[2021/9/8 - 22:26:56] {AA3333}AdmCmd{FFFF00}: Sayo Nara vua tim thay PointID 16, giai thuong: 15 Can Sa
[2021/9/8 - 22:27:05] {AA3333}AdmCmd{FFFF00}: Rot Bot vua tim thay PointID 20, giai thuong: 35 Sat
[2021/9/8 - 22:27:36] {AA3333}AdmCmd{FFFF00}: Tran Trung Hau vua tim thay PointID 22, giai thuong: 2 Vang
[2021/9/8 - 22:29:10] {AA3333}AdmCmd{FFFF00}: Shi vua tim thay PointID 15, giai thuong: HatGiongCanSa
[2021/9/8 - 22:30:09] {AA3333}AdmCmd{FFFF00}: Rot Bot vua tim thay PointID 11, giai thuong: DanSungLuc
[2021/9/8 - 22:32:06] {AA3333}AdmCmd{FFFF00}: Quan Dang vua tim thay PointID 12, giai thuong: 25Sat
[2021/9/8 - 22:32:47] {AA3333}AdmCmd{FFFF00}: Hy Khang vua tim thay PointID 19, giai thuong: 1 vien KimCuong
[2021/9/8 - 22:35:56] {AA3333}AdmCmd{FFFF00}: MingQuang vua tim thay PointID 3, giai thuong: 200.000SAD
[2021/9/8 - 22:45:13] {AA3333}AdmCmd{FFFF00}: Nicolas Jackson vua tim thay PointID 1, giai thuong: 1 vien kim cuong
[2021/9/8 - 22:45:45] {AA3333}AdmCmd{FFFF00}: Babi Kun vua tim thay PointID 9, giai thuong: 50.000SAD
[2021/9/8 - 22:47:04] {AA3333}AdmCmd{FFFF00}: Babi Kun vua tim thay PointID 8, giai thuong: 50.000SAD
[2021/9/8 - 22:54:27] {AA3333}AdmCmd{FFFF00}: Pana DoL vua tim thay PointID 14, giai thuong: 80.000SAD
[2021/9/9 - 8:52:09] {AA3333}AdmCmd{FFFF00}: Bich Nimo vua tim thay PointID 2, giai thuong: 50.000SAD
[2021/10/2 - 15:38:48] {AA3333}AdmCmd{FFFF00}: Long da nhan duoc tu he thong mot chiec xe classic mien phi
