[2018/9/18 - 10:31:22] Ky Ga has given Ky Ga $99,999 (/givecoin)
[2018/9/19 - 15:06:47] ky gaghe has given ky gaghe $99,999 (/givecoin)
[2020/3/24 - 1:17:35] HAC has given HAC $5,000,000 (/givecoin)
[2021/5/29 - 20:08:49] Long da cho Long $999,999 (/givecoin)
[2021/7/18 - 14:07:34] Long da cho Long $10 (/givecoin)
[2021/7/19 - 20:19:23] Long da cho Tran Trung Hau $1,200 (/givecoin)
[2021/7/19 - 23:04:42] Long da cho thanh phan $120 (/givecoin)
[2021/7/20 - 12:07:18] Long da cho Nhi $500 (/givecoin)
[2021/7/20 - 12:13:12] Long da cho Nhi $200 (/givecoin)
[2021/7/20 - 16:59:51] hac da cho Babi Kun $2,400 (/givecoin)
[2021/7/20 - 22:00:03] Long da cho Long $400 (/givecoin)
[2021/7/20 - 22:00:13] Long da cho Long $100 (/givecoin)
[2021/7/21 - 0:27:59] Long da cho Rich Brian $100 (/givecoin)
[2021/7/21 - 0:30:12] Long da cho Rich Brian $200 (/givecoin)
[2021/7/21 - 8:14:06] hac da cho Basil Griffin $2,400 (/givecoin)
[2021/7/21 - 13:14:44] Long da cho Tom Hanks $500 (/givecoin)
[2021/7/21 - 13:28:24] Long da cho Long $300 (/givecoin)
[2021/7/21 - 20:08:40] Long da cho Basil Griffin $3,600 (/givecoin)
[2021/7/21 - 20:25:37] Long da cho Rich Brian $2,400 (/givecoin)
[2021/7/21 - 20:41:22] Long da cho Tran Trung Hau $1,200 (/givecoin)
[2021/7/21 - 20:48:23] Long da cho Tran Trung Hau $30 (/givecoin)
[2021/7/22 - 9:21:20] HAC da cho Otter Steward $600 (/givecoin)
[2021/7/22 - 10:27:09] Long da cho Nhi $500 (/givecoin)
[2021/7/22 - 19:53:56] HAC da cho Babi Kun $3,600 (/givecoin)
[2021/7/22 - 23:57:12] Long da cho Kevin Over $360 (/givecoin)
[2021/7/23 - 8:16:46] hac da cho Kevin Over $240 (/givecoin)
[2021/7/23 - 11:38:51] HAC da cho Rich Brian $3,600 (/givecoin)
[2021/7/23 - 17:49:21] Long da cho Long $500 (/givecoin)
[2021/7/23 - 17:49:41] Long da cho MingQuang $500 (/givecoin)
[2021/7/23 - 19:53:45] Long da cho Green Cat $500 (/givecoin)
[2021/7/23 - 20:50:50] HAC da cho Basil Griffin $2,400 (/givecoin)
[2021/7/24 - 17:47:12] HAC da cho NguyenHoang Hai $1,800 (/givecoin)
[2021/7/24 - 20:34:38] HAC da cho NguyenHoang Hai $600 (/givecoin)
[2021/7/24 - 22:16:15] HAC da cho Babi Kun $4,800 (/givecoin)
[2021/7/25 - 14:40:22] HAC da cho Rich Brian $6,000 (/givecoin)
[2021/7/25 - 16:00:14] Long da cho Shi Master $500 (/givecoin)
[2021/7/25 - 23:48:38] HAC da cho Babi Kun $2,400 (/givecoin)
[2021/7/26 - 14:42:39] Long da cho Jun Xiong $5,000 (/givecoin)
[2021/7/26 - 22:14:38] HAC da cho Ke Legends $2,400 (/givecoin)
[2021/7/27 - 9:40:15] HAC da cho Tran Trung Hau $1,200 (/givecoin)
[2021/7/27 - 11:27:56] HAC da cho Josh Michael $600 (/givecoin)
[2021/7/27 - 13:00:06] HAC da cho Otter Steward $600 (/givecoin)
[2021/7/28 - 22:06:14] HAC da cho Josh Michael $720 (/givecoin)
[2021/7/28 - 22:39:00] Danielle da cho Jun Xiong $1,000 (/givecoin)
[2021/7/29 - 12:30:46] HAC da cho Trong Nghia $600 (/givecoin)
[2021/7/29 - 12:44:21] HAC da cho Trong Nghia $100 (/givecoin)
[2021/7/29 - 12:44:34] Long da cho MingQuang $500 (/givecoin)
[2021/7/29 - 20:29:06] Long da cho Thor Yang $100 (/givecoin)
[2021/7/29 - 22:14:10] Long da cho Kevin Over $600 (/givecoin)
[2021/7/30 - 16:50:36] Long da cho VU BILL $1,200 (/givecoin)
[2021/7/31 - 0:51:57] Long da cho Thor Yang $500 (/givecoin)
[2021/7/31 - 20:16:22] Long da cho Crypto Bitcoin $700 (/givecoin)
[2021/7/31 - 20:16:34] Danielle da cho Crypto Bitcoin $100 (/givecoin)
[2021/7/31 - 20:56:30] Long da cho Tran Trung Hau $1,200 (/givecoin)
[2021/7/31 - 21:04:26] Long da cho Tran Trung Hau $600 (/givecoin)
[2021/8/5 - 23:17:57] hac da cho Rich Brian $1 (/givecoin)
[2021/8/10 - 22:03:43] hac da cho Babi Kun $2,400 (/givecoin)
[2021/8/14 - 0:04:00] Long da cho Long $150 (/givecoin)
[2021/8/17 - 0:49:58] hac da cho Babi Kun $6,300 (/givecoin)
[2021/8/17 - 0:56:07] Long da cho Shi Master $1,200,000 (/givecoin)
[2021/8/17 - 0:56:35] Long da cho Shi Master $9,000,000 (/givecoin)
[2021/8/17 - 20:22:13] Long da cho Jun Xiong $200 (/givecoin)
[2021/8/18 - 21:03:22] Long da cho Rich Brian $149 (/givecoin)
[2021/8/19 - 22:05:44] MingQuang da cho Shion Wan $500 (/givecoin)
[2021/8/19 - 22:29:17] MingQuang da cho Gau Den $447 (/givecoin)
[2021/8/19 - 23:12:30] HAC da cho Babi Kun $1,200 (/givecoin)
[2021/8/20 - 19:16:23] Long da cho Thor Yang $2,000 (/givecoin)
[2021/8/23 - 12:46:46] MingQuang da cho Ryan Smith $500 (/givecoin)
[2021/8/23 - 18:16:55] Long ChiTiet da cho Tran Trung Hau $999,999 (/givecoin)
[2021/8/25 - 9:24:47] HAC da cho Beo ly $2,400 (/givecoin)
[2021/8/25 - 20:37:04] Long da cho po roro $1,200 (/givecoin)
[2021/8/26 - 0:11:52] Long da cho Jay Mod $1,800 (/givecoin)
[2021/8/26 - 0:24:41] Long da cho Jay Mod $220 (/givecoin)
[2021/8/26 - 14:07:21] MingQuang da cho MingQuang $500 (/givecoin)
[2021/8/26 - 14:07:41] MingQuang da cho MingQuang $1,000 (/givecoin)
[2021/8/26 - 20:58:44] Long da cho Beo ly $2,400 (/givecoin)
[2021/8/26 - 22:29:17] Long da cho Jay Mod $1,200 (/givecoin)
[2021/8/27 - 13:35:04] Long da cho Trieu DZ $200 (/givecoin)
[2021/8/27 - 17:45:02] MingQuang da cho Babi Kun $2,400 (/givecoin)
[2021/8/27 - 20:01:39] Long da cho Long $100 (/givecoin)
[2021/8/27 - 20:18:21] Long da cho Long $200 (/givecoin)
[2021/8/29 - 12:45:51] Long da cho Babi Kun $550 (/givecoin)
[2021/8/29 - 12:45:59] Long da cho Babi Kun $50 (/givecoin)
[2021/8/29 - 13:26:11] Long da cho Babi Kun $50 (/givecoin)
[2021/8/29 - 21:09:23] Long ChiTiet da cho Jay Mod $1,800 (/givecoin)
[2021/8/30 - 1:49:31] Lu Bo da cho QuanVu $100 (/givecoin)
[2021/8/31 - 0:40:05] Long da cho Babi Kun $1,200 (/givecoin)
[2021/8/31 - 19:26:22] Long da cho Thuan Truong $12,000 (/givecoin)
[2021/8/31 - 22:10:15] Long da cho BO GIA $800 (/givecoin)
[2021/8/31 - 22:23:50] Long da cho Shark Boy $100 (/givecoin)
[2021/8/31 - 22:23:58] Long da cho Dai ke $40 (/givecoin)
[2021/8/31 - 23:52:20] Long da cho Nicolas Jackson $600 (/givecoin)
[2021/9/1 - 0:45:03] Long da cho Hy Khang $360 (/givecoin)
[2021/9/1 - 0:54:38] Long da cho Hy Khang $100 (/givecoin)
[2021/9/1 - 17:57:29] Long da cho Hy Khang $480 (/givecoin)
[2021/9/1 - 20:01:44] Long da cho Tai Tran $1,200 (/givecoin)
[2021/9/1 - 20:02:25] Long da cho Jun Xiong $1,200 (/givecoin)
[2021/9/1 - 20:27:35] Long da cho Hy Khang $600 (/givecoin)
[2021/9/1 - 20:45:51] Long da cho THAN DUC $1,200 (/givecoin)
[2021/9/1 - 20:47:07] Long da cho Jay Mod $2,400 (/givecoin)
[2021/9/1 - 21:00:29] Long da cho Thuan Truong $12,000 (/givecoin)
[2021/9/1 - 22:51:09] Long da cho Marcus Alexander $1,200 (/givecoin)
[2021/9/2 - 1:20:25] Long da cho Ha Ngo $600 (/givecoin)
[2021/9/2 - 1:24:37] Long da cho Shark Boy $600 (/givecoin)
[2021/9/2 - 9:17:34] HAC da cho Ha Ngo $600 (/givecoin)
[2021/9/2 - 12:01:03] HAC da cho Tien Ka $700 (/givecoin)
[2021/9/2 - 12:22:21] Long da cho Thuan Truong $6,000 (/givecoin)
[2021/9/2 - 14:05:03] Long da cho Nicolas Jackson $1,200 (/givecoin)
[2021/9/2 - 20:51:04] Long da cho Diablo Ryan $600 (/givecoin)
[2021/9/3 - 0:04:16] Long Master da cho Babi Kun $999 (/givecoin)
[2021/9/3 - 18:30:31] Long da cho Enrique Iglesians $12,000 (/givecoin)
[2021/9/3 - 19:49:51] Long SuaXe da cho Diablo Ryan $100 (/givecoin)
[2021/9/3 - 21:25:25] Long da cho Jay Mod $2,400 (/givecoin)
[2021/9/4 - 16:10:55] Long da cho Babi Kun $600 (/givecoin)
[2021/9/4 - 16:56:10] Long da cho Hac Duy $600 (/givecoin)
[2021/9/4 - 19:41:33] Long da cho Thanh Tung $840 (/givecoin)
[2021/9/4 - 19:57:24] Long da cho Po roro $1,200 (/givecoin)
[2021/9/5 - 21:09:44] Long da cho Tai Tran $400 (/givecoin)
[2021/9/6 - 13:41:51] Long da cho Ryan Smith $300 (/givecoin)
[2021/9/7 - 0:41:15] Long da cho Babi Kun $2,400 (/givecoin)
[2021/9/7 - 0:43:55] Long da cho Babi Kun $298 (/givecoin)
[2021/9/7 - 19:20:10] Long da cho Yamatoya Miku $600 (/givecoin)
[2021/9/7 - 21:44:39] Long da cho Beo ly $2,400 (/givecoin)
[2021/9/7 - 22:34:30] Long da cho Hy Khang $1,200 (/givecoin)
[2021/9/8 - 0:19:05] Long da cho Nicolas Jackson $1,200 (/givecoin)
[2021/9/8 - 13:26:09] Long da cho Long $24,000 (/givecoin)
[2021/9/8 - 13:28:47] MingQuang da cho MingQuang $2,000 (/givecoin)
[2021/9/8 - 13:30:36] MingQuang da cho MingQuang $5,000 (/givecoin)
[2021/9/8 - 13:30:41] MingQuang da cho MingQuang $50,000 (/givecoin)
[2021/9/8 - 14:26:53] Long da cho Tientom $6,100 (/givecoin)
[2021/9/8 - 20:09:24] Long da cho Thomas Emerson $220 (/givecoin)
[2021/9/10 - 17:50:36] Long da cho Richard Drake $3,600 (/givecoin)
[2021/9/10 - 17:58:33] Long da cho Richard Drake $1,800 (/givecoin)
[2021/9/10 - 18:30:06] Long da cho Richard Drake $1,200 (/givecoin)
[2021/9/10 - 20:08:37] Long da cho BO GIA $1,200 (/givecoin)
[2021/9/10 - 20:44:41] Long da cho Babi Kun $3,000 (/givecoin)
[2021/9/11 - 20:09:25] Long da cho chu muoi $21,000 (/givecoin)
[2021/9/11 - 20:31:44] Long da cho kiet nguyen $110 (/givecoin)
[2021/9/13 - 19:36:37] Long da cho Hy Khang $930 (/givecoin)
[2021/9/13 - 19:37:24] Long da cho Hy Khang $30 (/givecoin)
[2021/9/13 - 23:19:39] Long da cho Aston Martin $12 (/givecoin)
[2021/9/14 - 1:06:00] Long da cho Rot Bot $60 (/givecoin)
[2021/9/14 - 1:07:09] Long da cho Babi Kun $2,400 (/givecoin)
[2021/9/14 - 22:26:53] MingQuang da cho Marcus Alexander $500 (/givecoin)
[2021/9/15 - 13:58:22] Long da cho Richard Drake $2,400 (/givecoin)
[2021/9/24 - 2:03:10] Long da cho Richard Drake $6,000 (/givecoin)
[2021/9/25 - 15:15:38] Long da cho BO GIA $3,000 (/givecoin)
[2021/9/25 - 18:49:24] Long da cho phat mi $100 (/givecoin)
[2021/9/25 - 21:10:23] Long da cho Aston Martin $1,200 (/givecoin)
[2021/9/26 - 15:33:02] Long da cho Lagos Glen $2,000 (/givecoin)
[2021/9/27 - 18:43:04] Long da cho Aston Martin $1,200 (/givecoin)
[2021/9/27 - 19:25:38] MingQuang da cho Aston Martin $3,600 (/givecoin)
[2021/9/29 - 14:30:34] MingQuang da cho Ripheo Dioshit $2,000 (/givecoin)
[2021/9/29 - 14:31:34] MingQuang da cho Ripheo Dioshit $2,000 (/givecoin)
[2021/9/29 - 14:51:23] MingQuang da cho levis lucifer $800 (/givecoin)
[2021/9/29 - 16:10:31] MingQuang da cho Tuan Anh $624 (/givecoin)
[2021/9/29 - 16:29:34] Long da cho Kevin Nguyen $710 (/givecoin)
[2021/9/29 - 20:03:05] MingQuang da cho Aston Martin $12,000 (/givecoin)
[2021/9/29 - 20:03:42] MingQuang da cho Aston Martin $1,200 (/givecoin)
[2021/9/29 - 20:55:20] MingQuang da cho TruongTri Thuan $8,400 (/givecoin)
[2021/9/30 - 13:00:52] MingQuang da cho Kevin Nguyen $1,200 (/givecoin)
[2021/9/30 - 13:19:03] Long da cho Kevin Nguyen $1,200 (/givecoin)
[2021/9/30 - 18:33:34] Long da cho Thanh Tung $1,200 (/givecoin)
[2021/10/1 - 20:25:19] MingQuang da cho Mr Alexander $7,200 (/givecoin)
[2021/10/2 - 1:06:05] MingQuang da cho Babi Kun $1,200 (/givecoin)
[2021/10/2 - 20:42:16] MingQuang da cho leander moore $3,600 (/givecoin)
[2021/10/3 - 22:00:44] MingQuang da cho Fox Drake $4,560 (/givecoin)
[2021/10/4 - 1:59:29] MingQuang da cho Mr Alexander $6,000 (/givecoin)
[2021/10/4 - 13:20:38] Long da cho Kevin Nguyen $1,200 (/givecoin)
[2021/10/5 - 19:54:35] MingQuang da cho Babi Kun $400 (/givecoin)
[2021/10/5 - 20:00:07] MingQuang da cho lucifer Devil $2,000 (/givecoin)
[2021/10/5 - 20:01:08] MingQuang da cho lucifer Devil $2,000 (/givecoin)
[2021/10/6 - 11:17:19] Long da cho Minh nee $900 (/givecoin)
[2021/10/6 - 19:32:21] Long da cho Minh nee $405 (/givecoin)
[2021/10/7 - 11:58:09] Long da cho Minh nee $6,000 (/givecoin)
[2021/10/8 - 19:33:48] Long da cho leander moore $1,200 (/givecoin)
[2021/10/9 - 19:15:21] MingQuang da cho Huy $2,000 (/givecoin)
[2021/10/11 - 16:56:47] MingQuang da cho Ricardo James $12,000 (/givecoin)
[2021/10/12 - 14:10:03] MingQuang da cho Master DuyNho $120 (/givecoin)
[2021/10/13 - 14:04:38] MingQuang da cho Hiep luxury $600 (/givecoin)
[2021/10/13 - 18:19:33] Tientom da cho kiet nguyen $2,400 (/givecoin)
[2021/10/13 - 19:04:58] MingQuang da cho Brian Zeros $2,640 (/givecoin)
[2021/10/14 - 14:38:29] MingQuang da cho Babi Kun $500 (/givecoin)
[2021/10/14 - 17:23:37] MingQuang da cho Brian Zeros $1,440 (/givecoin)
[2021/10/15 - 11:16:33] Tientom da cho kiet nguyen $5,000 (/givecoin)
[2021/10/17 - 15:19:09] TienTom da cho kiet nguyen $6,000 (/givecoin)
[2021/10/18 - 12:33:32] TienTom da cho red man $400 (/givecoin)
[2021/10/19 - 18:14:05] TienTom da cho kiet nguyen $6,000 (/givecoin)
[2021/10/23 - 16:52:52] HAC da cho Ricardo James $3,600 (/givecoin)
