[2016/9/18 - 20:30:59] Thai Nguyen has edited HouseID 0's Exterior. (Before:  0.000000, 0.000000, 0.000000 | After: 1960.201782, -2243.242431, 13.5468
[2016/9/18 - 20:31:13] Thai Nguyen has edited HouseID 1's Exterior. (Before:  0.000000, 0.000000, 0.000000 | After: 1958.760864, -2245.735107, 13.5468
[2016/9/18 - 20:31:21] Thai Nguyen has edited HouseID 2's Exterior. (Before:  0.000000, 0.000000, 0.000000 | After: 1959.337036, -2248.270507, 13.5468
[2016/9/18 - 20:31:22] Thai Nguyen has edited HouseID 3's Exterior. (Before:  0.000000, 0.000000, 0.000000 | After: 1959.337036, -2248.270507, 13.5468
[2016/9/18 - 20:31:24] Thai Nguyen has edited HouseID 4's Exterior. (Before:  0.000000, 0.000000, 0.000000 | After: 1959.337036, -2248.270507, 13.5468
[2016/9/18 - 20:31:25] Thai Nguyen has edited HouseID 5's Exterior. (Before:  0.000000, 0.000000, 0.000000 | After: 1959.337036, -2248.270507, 13.5468
[2016/9/18 - 20:31:27] Thai Nguyen has edited HouseID 6's Exterior. (Before:  0.000000, 0.000000, 0.000000 | After: 1959.337036, -2248.270507, 13.5468
[2016/9/18 - 20:31:28] Thai Nguyen has edited HouseID 7's Exterior. (Before:  0.000000, 0.000000, 0.000000 | After: 1959.337036, -2248.270507, 13.5468
[2016/9/18 - 20:31:29] Thai Nguyen has edited HouseID 8's Exterior. (Before:  0.000000, 0.000000, 0.000000 | After: 1959.337036, -2248.270507, 13.5468
[2016/9/18 - 20:31:31] Thai Nguyen has edited HouseID 9's Exterior. (Before:  0.000000, 0.000000, 0.000000 | After: 1959.337036, -2248.270507, 13.5468
[2016/9/18 - 20:31:33] Thai Nguyen has edited HouseID 10's Exterior. (Before:  0.000000, 0.000000, 0.000000 | After: 1959.337036, -2248.270507, 13.546
[2016/9/18 - 20:31:34] Thai Nguyen has edited HouseID 11's Exterior. (Before:  0.000000, 0.000000, 0.000000 | After: 1959.337036, -2248.270507, 13.546
[2016/9/18 - 20:31:38] Thai Nguyen has edited HouseID 12's Exterior. (Before:  0.000000, 0.000000, 0.000000 | After: 1959.580688, -2248.112548, 13.546
[2016/9/18 - 20:31:40] Thai Nguyen has edited HouseID 13's Exterior. (Before:  0.000000, 0.000000, 0.000000 | After: 1959.580688, -2248.112548, 13.546
[2016/9/18 - 20:31:42] Thai Nguyen has edited HouseID 14's Exterior. (Before:  0.000000, 0.000000, 0.000000 | After: 1959.580688, -2248.112548, 13.546
[2016/9/18 - 20:31:49] Thai Nguyen has edited HouseID 15's Exterior. (Before:  0.000000, 0.000000, 0.000000 | After: 1957.668823, -2250.555664, 13.546
[2016/9/18 - 20:31:51] Thai Nguyen has edited HouseID 17's Exterior. (Before:  0.000000, 0.000000, 0.000000 | After: 1957.668823, -2250.555664, 13.546
[2016/9/18 - 20:31:52] Thai Nguyen has edited HouseID 18's Exterior. (Before:  0.000000, 0.000000, 0.000000 | After: 1957.668823, -2250.555664, 13.546
[2016/9/18 - 20:31:54] Thai Nguyen has edited HouseID 19's Exterior. (Before:  0.000000, 0.000000, 0.000000 | After: 1957.668823, -2250.555664, 13.546
[2016/9/18 - 20:31:56] Thai Nguyen has edited HouseID 20's Exterior. (Before:  0.000000, 0.000000, 0.000000 | After: 1957.668823, -2250.555664, 13.546
[2016/9/18 - 20:31:57] Thai Nguyen has edited HouseID 21's Exterior. (Before:  0.000000, 0.000000, 0.000000 | After: 1957.668823, -2250.555664, 13.546
[2016/9/18 - 20:31:58] Thai Nguyen has edited HouseID 22's Exterior. (Before:  0.000000, 0.000000, 0.000000 | After: 1957.668823, -2250.555664, 13.546
[2016/9/18 - 20:31:59] Thai Nguyen has edited HouseID 23's Exterior. (Before:  0.000000, 0.000000, 0.000000 | After: 1957.668823, -2250.555664, 13.546
[2016/9/18 - 20:32:01] Thai Nguyen has edited HouseID 24's Exterior. (Before:  0.000000, 0.000000, 0.000000 | After: 1957.668823, -2250.555664, 13.546
[2016/9/18 - 20:32:03] Thai Nguyen has edited HouseID 25's Exterior. (Before:  0.000000, 0.000000, 0.000000 | After: 1957.668823, -2250.555664, 13.546
[2016/9/18 - 20:32:05] Thai Nguyen has edited HouseID 26's Exterior. (Before:  0.000000, 0.000000, 0.000000 | After: 1957.668823, -2250.555664, 13.546
[2016/9/18 - 20:32:08] Thai Nguyen has edited HouseID 27's Exterior. (Before:  0.000000, 0.000000, 0.000000 | After: 1957.668823, -2250.555664, 13.546
[2016/9/18 - 20:32:09] Thai Nguyen has edited HouseID 28's Exterior. (Before:  0.000000, 0.000000, 0.000000 | After: 1957.668823, -2250.555664, 13.546
[2016/9/18 - 20:32:12] Thai Nguyen has edited HouseID 29's Exterior. (Before:  0.000000, 0.000000, 0.000000 | After: 1957.668823, -2250.555664, 13.546
[2016/9/18 - 20:32:16] Thai Nguyen has edited HouseID 30's Exterior. (Before:  0.000000, 0.000000, 0.000000 | After: 1957.668823, -2250.555664, 13.546
[2016/9/18 - 20:32:17] Thai Nguyen has edited HouseID 31's Exterior. (Before:  0.000000, 0.000000, 0.000000 | After: 1957.668823, -2250.555664, 13.546
[2016/9/18 - 20:32:19] Thai Nguyen has edited HouseID 32's Exterior. (Before:  0.000000, 0.000000, 0.000000 | After: 1957.668823, -2250.555664, 13.546
[2016/9/18 - 20:32:21] Thai Nguyen has edited HouseID 33's Exterior. (Before:  0.000000, 0.000000, 0.000000 | After: 1957.794189, -2250.196777, 13.546
[2016/9/18 - 20:32:22] Thai Nguyen has edited HouseID 34's Exterior. (Before:  0.000000, 0.000000, 0.000000 | After: 1957.794189, -2250.196777, 13.546
[2016/9/18 - 20:32:24] Thai Nguyen has edited HouseID 35's Exterior. (Before:  0.000000, 0.000000, 0.000000 | After: 1957.794189, -2250.196777, 13.546
[2018/1/4 - 17:23:27] LongBi has edited HouseID 0's Exterior. (Before:  0.000000, 0.000000, 0.000000 | After: 1844.465332, 718.721313, 11.468292)
[2018/1/4 - 17:23:42] LongBi has edited HouseID 10000000's Price to $.
[2018/1/4 - 17:28:49] LongBi has edited HouseID 0's Interior. (Before:  0.000000, 0.000000, 0.000000 | After: 387.224945, 1471.686645, 1080.194946)
[2018/1/4 - 17:28:56] LongBi has edited HouseID 0's Interior. (Before:  387.224945, 1471.686645, 1080.194946 | After: 387.224945, 1471.686645, 1080.1
[2018/1/4 - 17:29:44] LongBi has edited HouseID 1's Exterior. (Before:  0.000000, 0.000000, 0.000000 | After: 1845.437622, 741.289733, 11.460937)
[2018/1/4 - 17:29:52] LongBi has edited HouseID 10000000's Price to $.
[2018/1/4 - 17:30:28] LongBi has edited HouseID 1's Interior. (Before:  0.000000, 0.000000, 0.000000 | After: 387.225280, 1471.788330, 1080.187500)
[2018/1/4 - 17:30:55] LongBi has edited HouseID 2's Exterior. (Before:  0.000000, 0.000000, 0.000000 | After: 2093.326416, 730.360839, 11.453125)
[2018/1/4 - 17:31:01] LongBi has edited HouseID 10000000's Price to $.
[2018/1/4 - 17:31:28] LongBi has edited HouseID 2's Interior. (Before:  0.000000, 0.000000, 0.000000 | After: 387.221343, 1471.660034, 1080.194946)
[2018/1/4 - 17:39:39] LongBi has edited HouseID 0's Exterior. (Before:  0.000000, 0.000000, 0.000000 | After: 2065.033935, 729.894653, 11.468292)
[2018/1/4 - 17:40:25] LongBi has edited HouseID 0's Interior. (Before:  0.000000, 0.000000, 0.000000 | After: 387.226043, 1471.718994, 1080.194946)
[2018/1/4 - 17:40:51] LongBi has edited HouseID 1's Exterior. (Before:  0.000000, 0.000000, 0.000000 | After: 1845.437133, 741.306152, 11.460937)
[2018/1/4 - 17:40:58] LongBi has edited HouseID 10000000's Price to $.
[2018/1/4 - 17:41:04] LongBi has edited HouseID 0's Level to 1.
[2018/1/4 - 17:41:35] LongBi has edited HouseID 1's Interior. (Before:  0.000000, 0.000000, 0.000000 | After: 387.215301, 1471.759033, 1080.187500)
[2018/1/4 - 17:41:45] LongBi has edited HouseID 10000000's Price to $.
[2018/1/4 - 17:41:49] LongBi has edited HouseID 1's Level to 1.
[2018/1/4 - 17:42:13] LongBi has edited HouseID 2's Exterior. (Before:  0.000000, 0.000000, 0.000000 | After: 2317.378662, 690.350952, 11.460937)
[2018/1/4 - 17:42:37] LongBi has edited HouseID 2's Interior. (Before:  0.000000, 0.000000, 0.000000 | After: 387.225585, 1471.754394, 1080.187500)
[2018/1/4 - 17:42:46] LongBi has edited HouseID 10000000's Price to $.
[2018/1/4 - 17:42:50] LongBi has edited HouseID 2's Level to 1.
[2018/1/23 - 14:17:14] Hiep Test1 has edited HouseID 0's Exterior. (Before:  0.000000, 0.000000, 0.000000 | After: 2065.041503, 730.644287, 11.468292)
[2018/1/23 - 14:19:10] Hiep Test1 has edited HouseID 1's Exterior. (Before:  0.000000, 0.000000, 0.000000 | After: 2069.062500, 695.314025, 11.468292)
[2018/1/23 - 14:19:16] Hiep Test1 has edited HouseID 2's Exterior. (Before:  0.000000, 0.000000, 0.000000 | After: 2091.188964, 694.216613, 11.460937)
[2018/1/23 - 14:19:25] Hiep Test1 has edited HouseID 3's Exterior. (Before:  0.000000, 0.000000, 0.000000 | After: 2120.385742, 694.967224, 11.453125)
[2018/1/23 - 14:19:39] Hiep Test1 has edited HouseID 4's Exterior. (Before:  0.000000, 0.000000, 0.000000 | After: 2177.151367, 691.474243, 11.460937)
[2018/1/23 - 14:19:47] Hiep Test1 has edited HouseID 5's Exterior. (Before:  0.000000, 0.000000, 0.000000 | After: 2206.397705, 693.099853, 11.460937)
[2018/1/23 - 14:19:54] Hiep Test1 has edited HouseID 6's Exterior. (Before:  0.000000, 0.000000, 0.000000 | After: 2228.632812, 690.719543, 11.460479)
[2018/1/23 - 14:20:04] Hiep Test1 has edited HouseID 7's Exterior. (Before:  0.000000, 0.000000, 0.000000 | After: 2256.779296, 690.755615, 11.453125)
[2018/1/23 - 14:20:16] Hiep Test1 has edited HouseID 8's Exterior. (Before:  0.000000, 0.000000, 0.000000 | After: 2257.598876, 734.706604, 11.460937)
[2018/1/23 - 14:20:54] Hiep Test1 has edited HouseID 9's Exterior. (Before:  0.000000, 0.000000, 0.000000 | After: 2123.556152, 774.725036, 11.445312)
[2018/1/23 - 14:21:06] Hiep Test1 has edited HouseID 10's Exterior. (Before:  0.000000, 0.000000, 0.000000 | After: 2093.955566, 773.977416, 11.453125
[2018/1/23 - 14:21:13] Hiep Test1 has edited HouseID 11's Exterior. (Before:  0.000000, 0.000000, 0.000000 | After: 2087.471435, 776.816589, 11.453125
[2018/1/23 - 14:21:20] Hiep Test1 has edited HouseID 12's Exterior. (Before:  0.000000, 0.000000, 0.000000 | After: 2071.315673, 775.413879, 11.460479
[2018/1/23 - 14:21:29] Hiep Test1 has edited HouseID 13's Exterior. (Before:  0.000000, 0.000000, 0.000000 | After: 2044.034179, 775.059570, 11.453125
[2018/1/23 - 14:21:43] Hiep Test1 has edited HouseID 14's Exterior. (Before:  0.000000, 0.000000, 0.000000 | After: 2013.683105, 774.007141, 11.460937
[2018/1/23 - 14:21:51] Hiep Test1 has edited HouseID 15's Exterior. (Before:  0.000000, 0.000000, 0.000000 | After: 2007.839477, 776.758789, 11.460937
[2018/1/23 - 14:22:01] Hiep Test1 has edited HouseID 16's Exterior. (Before:  0.000000, 0.000000, 0.000000 | After: 1954.983154, 765.219970, 10.820312
[2018/1/23 - 14:22:07] Hiep Test1 has edited HouseID 17's Exterior. (Before:  0.000000, 0.000000, 0.000000 | After: 1946.742065, 763.588745, 10.820312
[2018/1/23 - 14:22:12] Hiep Test1 has edited HouseID 18's Exterior. (Before:  0.000000, 0.000000, 0.000000 | After: 1938.755493, 763.620971, 10.820312
[2018/1/23 - 14:22:15] Hiep Test1 has edited HouseID 19's Exterior. (Before:  0.000000, 0.000000, 0.000000 | After: 1934.802612, 763.588745, 10.820312
[2018/1/23 - 14:22:20] Hiep Test1 has edited HouseID 20's Exterior. (Before:  0.000000, 0.000000, 0.000000 | After: 1926.865844, 763.588317, 10.820312
[2018/1/23 - 14:22:24] Hiep Test1 has edited HouseID 21's Exterior. (Before:  0.000000, 0.000000, 0.000000 | After: 1919.098266, 763.589294, 10.820312
[2018/1/23 - 14:22:27] Hiep Test1 has edited HouseID 22's Exterior. (Before:  0.000000, 0.000000, 0.000000 | After: 1914.937011, 763.589843, 10.820312
[2018/1/23 - 14:22:30] Hiep Test1 has edited HouseID 23's Exterior. (Before:  0.000000, 0.000000, 0.000000 | After: 1906.919555, 763.589904, 10.820312
[2018/1/23 - 14:22:34] Hiep Test1 has edited HouseID 24's Exterior. (Before:  0.000000, 0.000000, 0.000000 | After: 1898.804565, 763.612548, 10.820312
[2018/1/23 - 14:22:36] Hiep Test1 has edited HouseID 25's Exterior. (Before:  0.000000, 0.000000, 0.000000 | After: 1894.710083, 763.579650, 10.820312
[2018/1/23 - 14:22:40] Hiep Test1 has edited HouseID 26's Exterior. (Before:  0.000000, 0.000000, 0.000000 | After: 1887.038696, 763.582214, 10.820312
[2018/1/23 - 14:22:43] Hiep Test1 has edited HouseID 27's Exterior. (Before:  0.000000, 0.000000, 0.000000 | After: 1878.982910, 763.579528, 10.820312
[2018/1/23 - 14:22:50] Hiep Test1 has edited HouseID 28's Exterior. (Before:  0.000000, 0.000000, 0.000000 | After: 1876.871093, 760.566894, 10.820312
[2018/1/23 - 14:22:55] Hiep Test1 has edited HouseID 29's Exterior. (Before:  0.000000, 0.000000, 0.000000 | After: 1877.053588, 752.383056, 10.820312
[2018/1/23 - 14:22:59] Hiep Test1 has edited HouseID 30's Exterior. (Before:  0.000000, 0.000000, 0.000000 | After: 1877.058471, 744.098022, 10.820312
[2018/1/23 - 14:23:04] Hiep Test1 has edited HouseID 31's Exterior. (Before:  0.000000, 0.000000, 0.000000 | After: 1877.058471, 741.127380, 10.820312
[2018/1/23 - 14:23:10] Hiep Test1 has edited HouseID 32's Exterior. (Before:  0.000000, 0.000000, 0.000000 | After: 1877.056152, 733.053833, 10.820312
[2018/1/23 - 14:23:13] Hiep Test1 has edited HouseID 33's Exterior. (Before:  0.000000, 0.000000, 0.000000 | After: 1877.042968, 724.960632, 10.820312
[2018/1/23 - 14:27:37] Hiep Test1 has edited HouseID 1's Exterior. (Before:  2069.062500, 695.314025, 11.468292 | After: 2069.310546, 695.393310, 11.4
[2018/1/23 - 14:27:55] Hiep Test1 has edited HouseID 2's Exterior. (Before:  2091.188964, 694.216613, 11.460937 | After: 2090.010986, 693.540039, 11.4
[2018/1/23 - 14:28:23] Hiep Test1 has edited HouseID 3's Exterior. (Before:  2120.385742, 694.967224, 11.453125 | After: 2120.385742, 694.967224, 11.4
[2018/1/23 - 14:28:27] Hiep Test1 has edited HouseID 4's Exterior. (Before:  2177.151367, 691.474243, 11.460937 | After: 2177.151367, 691.474243, 11.4
[2018/1/23 - 14:28:33] Hiep Test1 has edited HouseID 5's Exterior. (Before:  2206.397705, 693.099853, 11.460937 | After: 2206.397705, 693.099853, 11.4
[2018/1/23 - 14:28:36] Hiep Test1 has edited HouseID 6's Exterior. (Before:  2228.632812, 690.719543, 11.460479 | After: 2206.397705, 693.099853, 11.4
[2018/1/23 - 14:28:43] Hiep Test1 has edited HouseID 7's Exterior. (Before:  2256.779296, 690.755615, 11.453125 | After: 2256.779296, 690.755615, 11.4
[2018/1/23 - 14:28:53] Hiep Test1 has edited HouseID 8's Exterior. (Before:  2257.598876, 734.706604, 11.460937 | After: 2257.598876, 734.706604, 11.4
[2018/1/23 - 14:28:56] Hiep Test1 has edited HouseID 9's Exterior. (Before:  2123.556152, 774.725036, 11.445312 | After: 2257.598876, 734.706604, 11.4
[2018/1/23 - 14:28:58] Hiep Test1 has edited HouseID 10's Exterior. (Before:  2093.955566, 773.977416, 11.453125 | After: 2257.598876, 734.706604, 11.
[2018/1/23 - 14:29:08] Hiep Test1 has edited HouseID 11's Exterior. (Before:  2087.471435, 776.816589, 11.453125 | After: 2087.471435, 776.816589, 11.
[2018/1/23 - 14:29:12] Hiep Test1 has edited HouseID 12's Exterior. (Before:  2071.315673, 775.413879, 11.460479 | After: 2071.315673, 775.413879, 11.
[2018/1/23 - 14:29:16] Hiep Test1 has edited HouseID 13's Exterior. (Before:  2044.034179, 775.059570, 11.453125 | After: 2044.034179, 775.059570, 11.
[2018/1/23 - 14:29:21] Hiep Test1 has edited HouseID 14's Exterior. (Before:  2013.683105, 774.007141, 11.460937 | After: 2013.683105, 774.007141, 11.
[2018/1/23 - 14:29:25] Hiep Test1 has edited HouseID 15's Exterior. (Before:  2007.839477, 776.758789, 11.460937 | After: 2007.839477, 776.758789, 11.
[2018/1/23 - 14:29:30] Hiep Test1 has edited HouseID 16's Exterior. (Before:  1954.983154, 765.219970, 10.820312 | After: 1954.983154, 765.219970, 10.
[2018/1/23 - 14:29:36] Hiep Test1 has edited HouseID 17's Exterior. (Before:  1946.742065, 763.588745, 10.820312 | After: 1946.742065, 763.588745, 10.
[2018/1/23 - 14:29:41] Hiep Test1 has edited HouseID 18's Exterior. (Before:  1938.755493, 763.620971, 10.820312 | After: 1938.953857, 763.821472, 10.
[2018/1/23 - 14:29:44] Hiep Test1 has edited HouseID 19's Exterior. (Before:  1934.802612, 763.588745, 10.820312 | After: 1934.962890, 763.738403, 10.
[2018/1/23 - 14:29:48] Hiep Test1 has edited HouseID 20's Exterior. (Before:  1926.865844, 763.588317, 10.820312 | After: 1927.035766, 763.588256, 10.
[2018/1/23 - 14:29:51] Hiep Test1 has edited HouseID 21's Exterior. (Before:  1919.098266, 763.589294, 10.820312 | After: 1919.636962, 764.086791, 10.
[2018/1/23 - 14:29:54] Hiep Test1 has edited HouseID 22's Exterior. (Before:  1914.937011, 763.589843, 10.820312 | After: 1913.791992, 763.965270, 10.
[2018/1/23 - 14:29:58] Hiep Test1 has edited HouseID 23's Exterior. (Before:  1906.919555, 763.589904, 10.820312 | After: 1906.792480, 763.819458, 10.
[2018/1/23 - 14:30:01] Hiep Test1 has edited HouseID 24's Exterior. (Before:  1898.804565, 763.612548, 10.820312 | After: 1898.792114, 764.211791, 10.
[2018/1/23 - 14:30:04] Hiep Test1 has edited HouseID 25's Exterior. (Before:  1894.710083, 763.579650, 10.820312 | After: 1895.296386, 764.138977, 10.
[2018/1/23 - 14:30:07] Hiep Test1 has edited HouseID 26's Exterior. (Before:  1887.038696, 763.582214, 10.820312 | After: 1887.079467, 763.968383, 10.
[2018/1/23 - 14:30:11] Hiep Test1 has edited HouseID 27's Exterior. (Before:  1878.982910, 763.579528, 10.820312 | After: 1879.208129, 763.804504, 10.
[2018/1/23 - 14:30:15] Hiep Test1 has edited HouseID 28's Exterior. (Before:  1876.871093, 760.566894, 10.820312 | After: 1876.915161, 759.137512, 10.
[2018/1/23 - 14:30:18] Hiep Test1 has edited HouseID 29's Exterior. (Before:  1877.053588, 752.383056, 10.820312 | After: 1877.056396, 753.721862, 10.
[2018/1/23 - 14:30:21] Hiep Test1 has edited HouseID 30's Exterior. (Before:  1877.058471, 744.098022, 10.820312 | After: 1876.312011, 743.927185, 10.
[2018/1/23 - 14:30:41] Hiep Test1 has edited HouseID 0's Exterior. (Before:  2065.041503, 730.644287, 11.468292 | After: 1876.542236, 737.263183, 10.8
[2018/1/23 - 14:30:46] Hiep Test1 has edited HouseID 31's Exterior. (Before:  1877.058471, 741.127380, 10.820312 | After: 1876.890380, 731.914489, 10.
[2018/1/25 - 22:22:46] LongBi has edited HouseID 5's Exterior. (Before:  0.000000, 0.000000, 0.000000 | After: 2450.265625, 662.652282, 11.460937)
[2018/1/25 - 22:23:08] LongBi has edited HouseID 5's Level to 1.
[2018/1/25 - 22:23:17] LongBi has edited HouseID 10000000's Price to $.
[2018/1/25 - 22:24:54] LongBi has edited HouseID 5's Interior. (Before:  0.000000, 0.000000, 0.000000 | After: -283.438751, 1471.108276, 1084.375000)
[2018/1/25 - 22:25:23] LongBi has edited HouseID 6's Exterior. (Before:  0.000000, 0.000000, 0.000000 | After: 2065.749511, 649.862365, 11.468292)
[2018/1/25 - 22:25:29] LongBi has edited HouseID 6's Level to 1.
[2018/1/25 - 22:25:36] LongBi has edited HouseID 10000000's Price to $.
[2018/1/25 - 22:26:06] LongBi has edited HouseID 6's Interior. (Before:  0.000000, 0.000000, 0.000000 | After: -260.487365, 1456.664550, 1084.367187)
[2018/1/25 - 22:26:59] LongBi has edited HouseID 7's Exterior. (Before:  0.000000, 0.000000, 0.000000 | After: 2068.960205, 696.628173, 11.468292)
[2018/1/25 - 22:27:29] LongBi has edited HouseID 7's Interior. (Before:  0.000000, 0.000000, 0.000000 | After: 82.993309, 1322.285766, 1083.866210)
[2018/1/25 - 22:27:43] LongBi has edited HouseID 7's Level to 1.
[2018/1/25 - 22:27:49] LongBi has edited HouseID 10000000's Price to $.
[2018/1/25 - 22:28:31] LongBi has edited HouseID 8's Exterior. (Before:  0.000000, 0.000000, 0.000000 | After: 2091.227294, 695.188537, 11.460937)
[2018/1/25 - 22:28:52] LongBi has edited HouseID 8's Interior. (Before:  0.000000, 0.000000, 0.000000 | After: 2317.814697, -1026.765136, 1050.217773)
[2018/1/25 - 22:29:07] LongBi has edited HouseID 8's Level to 1.
[2018/1/25 - 22:29:11] LongBi has edited HouseID 10000000's Price to $.
[2018/1/25 - 22:29:37] LongBi has edited HouseID 9's Exterior. (Before:  0.000000, 0.000000, 0.000000 | After: 2368.350341, 655.210510, 11.460937)
[2018/1/25 - 22:30:56] LongBi has edited HouseID 9's Interior. (Before:  0.000000, 0.000000, 0.000000 | After: 221.840454, 1140.194458, 1082.609375)
[2018/1/25 - 22:31:05] LongBi has edited HouseID 9's Level to 1.
[2018/1/25 - 22:31:11] LongBi has edited HouseID 10000000's Price to $.
[2018/1/25 - 22:31:20] LongBi has edited HouseID 10's Exterior. (Before:  0.000000, 0.000000, 0.000000 | After: 2397.454833, 656.106811, 11.460937)
[2018/1/25 - 22:32:21] LongBi has edited HouseID 10's Interior. (Before:  0.000000, 0.000000, 0.000000 | After: 491.041351, 1398.500488, 1080.257812)
[2018/1/25 - 22:33:12] LongBi has edited HouseID 11's Exterior. (Before:  0.000000, 0.000000, 0.000000 | After: 1550.516967, 2846.075439, 10.826543)
[2018/1/25 - 22:33:20] LongBi has edited HouseID 10's Level to 1.
[2018/1/25 - 22:33:30] LongBi has edited HouseID 10000000's Price to $.
[2018/1/25 - 22:34:13] LongBi has edited HouseID 11's Interior. (Before:  0.000000, 0.000000, 0.000000 | After: 2317.889892, -1026.760009, 1050.217773
[2018/1/25 - 22:34:37] LongBi has edited HouseID 11's Level to 1.
[2018/1/25 - 22:34:42] LongBi has edited HouseID 20000000's Price to $.
[2018/1/25 - 22:34:50] LongBi has edited HouseID 15000000's Price to $.
[2018/1/25 - 22:35:04] LongBi has edited HouseID 12's Exterior. (Before:  0.000000, 0.000000, 0.000000 | After: 1575.840942, 2844.166015, 10.820312)
[2018/1/25 - 22:35:20] LongBi has edited HouseID 12's Interior. (Before:  0.000000, 0.000000, 0.000000 | After: 2317.889892, -1026.760009, 1050.217773
[2018/1/25 - 22:35:34] LongBi has edited HouseID 12's Level to 1.
[2018/1/25 - 22:35:40] LongBi has edited HouseID 15000000's Price to $.
[2018/1/25 - 22:35:57] LongBi has edited HouseID 13's Exterior. (Before:  0.000000, 0.000000, 0.000000 | After: 1588.480346, 2797.328125, 10.826543)
[2018/1/25 - 22:36:12] LongBi has edited HouseID 13's Interior. (Before:  0.000000, 0.000000, 0.000000 | After: 2317.956054, -1026.764892, 1050.217773
[2018/1/25 - 22:36:19] LongBi has edited HouseID 13's Level to 1.
[2018/1/25 - 22:36:24] LongBi has edited HouseID 15000000's Price to $.
[2018/1/25 - 22:36:38] LongBi has edited HouseID 14's Exterior. (Before:  0.000000, 0.000000, 0.000000 | After: 1601.691894, 2846.078125, 10.826543)
[2018/1/25 - 22:36:52] LongBi has edited HouseID 14's Interior. (Before:  0.000000, 0.000000, 0.000000 | After: 2317.889892, -1026.760009, 1050.217773
[2018/1/25 - 22:37:04] LongBi has edited HouseID 15000000's Price to $.
[2018/1/25 - 22:37:10] LongBi has edited HouseID 14's Level to 1.
[2018/1/25 - 22:37:57] LongBi has edited HouseID 15's Exterior. (Before:  0.000000, 0.000000, 0.000000 | After: 1618.406372, 2800.790771, 10.820312)
[2018/1/25 - 22:38:18] LongBi has edited HouseID 15's Interior. (Before:  0.000000, 0.000000, 0.000000 | After: 2317.819824, -1026.765502, 1050.217773
[2018/1/25 - 22:38:28] LongBi has edited HouseID 15000000's Price to $.
[2018/1/25 - 22:38:33] LongBi has edited HouseID 15's Level to 1.
[2018/1/25 - 22:39:02] LongBi has edited HouseID 16's Exterior. (Before:  0.000000, 0.000000, 0.000000 | After: 2049.528564, 2764.285888, 10.820312)
[2018/1/25 - 22:39:15] LongBi has edited HouseID 16's Interior. (Before:  0.000000, 0.000000, 0.000000 | After: 2317.889892, -1026.760009, 1050.217773
[2018/1/25 - 22:39:26] LongBi has edited HouseID 15000000's Price to $.
[2018/1/25 - 22:39:35] LongBi has edited HouseID 1's Level to 0.
[2018/1/25 - 22:39:37] LongBi has edited HouseID 2's Level to 0.
[2018/1/25 - 22:39:39] LongBi has edited HouseID 3's Level to 0.
[2018/1/25 - 22:39:40] LongBi has edited HouseID 4's Level to 0.
[2018/1/25 - 22:39:42] LongBi has edited HouseID 5's Level to 0.
[2018/1/25 - 22:39:44] LongBi has edited HouseID 6's Level to 0.
[2018/1/25 - 22:39:45] LongBi has edited HouseID 7's Level to 0.
[2018/1/25 - 22:39:47] LongBi has edited HouseID 8's Level to 0.
[2018/1/25 - 22:39:49] LongBi has edited HouseID 9's Level to 0.
[2018/1/25 - 22:39:50] LongBi has edited HouseID 10's Level to 0.
[2018/1/25 - 22:39:53] LongBi has edited HouseID 11's Level to 0.
[2018/1/25 - 22:39:55] LongBi has edited HouseID 12's Level to 0.
[2018/1/25 - 22:39:57] LongBi has edited HouseID 13's Level to 0.
[2018/1/25 - 22:39:59] LongBi has edited HouseID 14's Level to 0.
[2018/1/25 - 22:40:00] LongBi has edited HouseID 15's Level to 0.
[2018/1/25 - 22:40:02] LongBi has edited HouseID 16's Level to 0.
[2018/1/25 - 22:40:06] LongBi has edited HouseID 17's Level to 0.
[2018/1/25 - 22:40:19] LongBi has edited HouseID 17's Exterior. (Before:  0.000000, 0.000000, 0.000000 | After: 2039.514404, 2766.541748, 10.826543)
[2018/1/25 - 22:40:30] LongBi has edited HouseID 17's Interior. (Before:  0.000000, 0.000000, 0.000000 | After: 2317.889892, -1026.760009, 1050.217773
[2018/1/25 - 22:40:34] LongBi has edited HouseID 17's Level to 0.
[2018/1/25 - 22:40:38] LongBi has edited HouseID 15000000's Price to $.
[2018/1/25 - 22:40:55] LongBi has edited HouseID 18's Exterior. (Before:  0.000000, 0.000000, 0.000000 | After: 2066.070556, 2721.263671, 10.820312)
[2018/1/25 - 22:41:07] LongBi has edited HouseID 18's Interior. (Before:  0.000000, 0.000000, 0.000000 | After: 2317.756591, -1026.765380, 1050.217773
[2018/1/25 - 22:41:16] LongBi has edited HouseID 15000000's Price to $.
[2018/1/25 - 22:41:31] LongBi has edited HouseID 19's Exterior. (Before:  0.000000, 0.000000, 0.000000 | After: 2018.233398, 2721.944580, 10.820312)
[2018/1/25 - 22:41:40] LongBi has edited HouseID 19's Interior. (Before:  0.000000, 0.000000, 0.000000 | After: 2317.767333, -1026.765380, 1050.217773
[2018/1/25 - 22:41:44] LongBi has edited HouseID 15000000's Price to $.
[2018/1/25 - 22:42:18] LongBi has edited HouseID 20's Exterior. (Before:  0.000000, 0.000000, 0.000000 | After: 1998.728881, 2721.258300, 10.820312)
[2018/1/25 - 22:42:31] LongBi has edited HouseID 20's Interior. (Before:  0.000000, 0.000000, 0.000000 | After: 2317.753173, -1026.765625, 1050.217773
[2018/1/25 - 22:42:35] LongBi has edited HouseID 15000000's Price to $.
[2018/1/25 - 22:46:33] LongBi has edited HouseID 21's Exterior. (Before:  0.000000, 0.000000, 0.000000 | After: 1225.273559, 2584.911132, 10.820312)
[2018/1/25 - 22:46:47] LongBi has edited HouseID 21's Interior. (Before:  0.000000, 0.000000, 0.000000 | After: 2317.826660, -1026.760620, 1050.217773
[2018/1/25 - 22:47:00] LongBi has edited HouseID 15000000's Price to $.
[2018/1/25 - 22:47:14] LongBi has edited HouseID 22's Exterior. (Before:  0.000000, 0.000000, 0.000000 | After: 1223.184204, 2616.617919, 10.826543)
[2018/1/25 - 22:47:27] LongBi has edited HouseID 22's Interior. (Before:  0.000000, 0.000000, 0.000000 | After: 2317.892333, -1026.765502, 1050.217773
[2018/1/25 - 22:47:35] LongBi has edited HouseID 15000000's Price to $.
[2018/1/25 - 22:48:07] LongBi has edited HouseID 2's Exterior. (Before:  2317.378662, 690.350952, 11.460940 | After: 1316.471801, 2524.576904, 10.8203
[2018/1/25 - 22:48:33] LongBi has edited HouseID 2's Exterior. (Before:  1316.471801, 2524.576904, 10.820312 | After: 2450.810058, 714.470886, 11.4682
[2018/1/25 - 22:48:57] LongBi has edited HouseID 23's Exterior. (Before:  0.000000, 0.000000, 0.000000 | After: 1316.471435, 2524.716796, 10.820312)
[2018/1/25 - 22:49:13] LongBi has edited HouseID 23's Interior. (Before:  0.000000, 0.000000, 0.000000 | After: 2317.842041, -1026.751953, 1050.217773
[2018/1/25 - 22:49:24] LongBi has edited HouseID 15000000's Price to $.
[2018/1/25 - 22:49:45] LongBi has edited HouseID 24's Exterior. (Before:  0.000000, 0.000000, 0.000000 | After: 1269.624633, 2554.523193, 10.826543)
[2018/1/25 - 22:50:02] LongBi has edited HouseID 24's Interior. (Before:  0.000000, 0.000000, 0.000000 | After: 2317.944335, -1026.764892, 1050.217773
[2018/1/25 - 22:50:12] LongBi has edited HouseID 15000000's Price to $.
[2018/1/25 - 22:50:32] LongBi has edited HouseID 25's Exterior. (Before:  0.000000, 0.000000, 0.000000 | After: 1271.883789, 2564.464843, 10.820312)
[2018/1/25 - 22:50:51] LongBi has edited HouseID 25's Interior. (Before:  0.000000, 0.000000, 0.000000 | After: 2317.785156, -1026.755981, 1050.217773
[2018/1/25 - 22:51:03] LongBi has edited HouseID 15000000's Price to $.
[2018/1/25 - 22:51:44] LongBi has edited HouseID 3's Exterior. (Before:  0.000000, 0.000000, 0.000000 | After: 2450.274169, 742.676330, 11.460937)
[2018/1/25 - 22:52:08] LongBi has edited HouseID 10000000's Price to $.
[2018/1/25 - 22:52:30] LongBi has edited HouseID 4's Exterior. (Before:  0.000000, 0.000000, 0.000000 | After: 2398.422607, 736.096679, 11.460937)
[2018/1/25 - 22:52:38] LongBi has edited HouseID 10000000's Price to $.
[2018/1/25 - 22:53:19] LongBi has edited HouseID 3's Interior. (Before:  0.000000, 0.000000, 0.000000 | After: 491.307708, 1398.503662, 1080.257812)
[2018/1/25 - 22:53:35] LongBi has edited HouseID 4's Interior. (Before:  0.000000, 0.000000, 0.000000 | After: 491.070007, 1398.500000, 1080.257812)
[2018/1/25 - 22:54:23] LongBi has edited HouseID 26's Exterior. (Before:  0.000000, 0.000000, 0.000000 | After: 885.415710, 1980.555053, 11.460937)
[2018/1/25 - 22:54:33] LongBi has edited HouseID 10000000's Price to $.
[2018/1/25 - 22:54:44] LongBi has edited HouseID 27's Exterior. (Before:  0.000000, 0.000000, 0.000000 | After: 885.418640, 2047.125366, 11.460937)
[2018/1/25 - 22:54:51] LongBi has edited HouseID 10000000's Price to $.
[2018/1/25 - 22:55:02] LongBi has edited HouseID 28's Exterior. (Before:  0.000000, 0.000000, 0.000000 | After: 930.808044, 2027.839477, 11.468292)
[2018/1/25 - 22:55:07] LongBi has edited HouseID 10000000's Price to $.
[2018/1/25 - 22:55:20] LongBi has edited HouseID 29's Exterior. (Before:  0.000000, 0.000000, 0.000000 | After: 984.511047, 2030.324584, 11.468750)
[2018/1/25 - 22:55:23] LongBi has edited HouseID 10000000's Price to $.
[2018/1/25 - 22:55:31] LongBi has edited HouseID 30's Exterior. (Before:  0.000000, 0.000000, 0.000000 | After: 985.413452, 2000.352539, 11.460937)
[2018/1/25 - 22:55:35] LongBi has edited HouseID 10000000's Price to $.
[2018/1/25 - 22:55:47] LongBi has edited HouseID 31's Exterior. (Before:  0.000000, 0.000000, 0.000000 | After: 984.181640, 1978.534912, 11.468292)
[2018/1/25 - 22:55:53] LongBi has edited HouseID 10000000's Price to $.
[2018/1/25 - 22:56:02] LongBi has edited HouseID 32's Exterior. (Before:  0.000000, 0.000000, 0.000000 | After: 1029.859130, 1976.404052, 11.468750)
[2018/1/25 - 22:56:05] LongBi has edited HouseID 32's Exterior. (Before:  1029.859130, 1976.404052, 11.468750 | After: 1030.273681, 1975.950927, 11.46
[2018/1/25 - 22:56:10] LongBi has edited HouseID 32's Exterior. (Before:  1030.273681, 1975.950927, 11.468750 | After: 1027.005859, 1975.543212, 11.46
[2018/1/25 - 22:56:12] LongBi has edited HouseID 32's Exterior. (Before:  1027.005859, 1975.543212, 11.468750 | After: 1030.272460, 1976.198120, 11.46
[2018/1/25 - 22:56:16] LongBi has edited HouseID 10000000's Price to $.
[2018/1/25 - 22:56:23] LongBi has edited HouseID 33's Exterior. (Before:  0.000000, 0.000000, 0.000000 | After: 1029.364868, 2005.643554, 11.460937)
[2018/1/25 - 22:56:26] LongBi has edited HouseID 10000000's Price to $.
[2018/1/25 - 22:56:38] LongBi has edited HouseID 34's Exterior. (Before:  0.000000, 0.000000, 0.000000 | After: 1030.794433, 2028.141845, 11.468292)
[2018/1/25 - 22:56:41] LongBi has edited HouseID 10000000's Price to $.
[2018/1/25 - 22:56:53] LongBi has edited HouseID 35's Exterior. (Before:  0.000000, 0.000000, 0.000000 | After: 1030.809570, 1927.933715, 11.468292)
[2018/1/25 - 22:56:57] LongBi has edited HouseID 10000000's Price to $.
[2018/1/25 - 23:08:21] LongBi has edited HouseID 26's Interior. (Before:  0.000000, 0.000000, 0.000000 | After: 226.299148, 1114.307983, 1080.992919)
[2018/1/25 - 23:08:27] LongBi has edited HouseID 27's Interior. (Before:  0.000000, 0.000000, 0.000000 | After: 226.299148, 1114.307983, 1080.992919)
[2018/1/25 - 23:08:31] LongBi has edited HouseID 28's Interior. (Before:  0.000000, 0.000000, 0.000000 | After: 226.299148, 1114.307983, 1080.992919)
[2018/1/25 - 23:08:34] LongBi has edited HouseID 29's Interior. (Before:  0.000000, 0.000000, 0.000000 | After: 226.299148, 1114.307983, 1080.992919)
[2018/1/25 - 23:08:38] LongBi has edited HouseID 30's Interior. (Before:  0.000000, 0.000000, 0.000000 | After: 226.299148, 1114.307983, 1080.992919)
[2018/1/25 - 23:08:41] LongBi has edited HouseID 31's Interior. (Before:  0.000000, 0.000000, 0.000000 | After: 226.299148, 1114.307983, 1080.992919)
[2018/1/25 - 23:08:45] LongBi has edited HouseID 32's Interior. (Before:  0.000000, 0.000000, 0.000000 | After: 226.299148, 1114.307983, 1080.992919)
[2018/1/25 - 23:08:48] LongBi has edited HouseID 33's Interior. (Before:  0.000000, 0.000000, 0.000000 | After: 226.299148, 1114.307983, 1080.992919)
[2018/1/25 - 23:08:51] LongBi has edited HouseID 34's Interior. (Before:  0.000000, 0.000000, 0.000000 | After: 226.299148, 1114.307983, 1080.992919)
[2018/1/25 - 23:08:54] LongBi has edited HouseID 35's Interior. (Before:  0.000000, 0.000000, 0.000000 | After: 226.299148, 1114.307983, 1080.992919)
[2020/3/12 - 2:17:42] HAC has edited HouseID 0's Exterior. (Before:  2065.033935, 729.894653, 11.468290 | After: 1858.016967, 1087.764404, 10.812517)
[2020/3/12 - 2:17:48] HAC has edited HouseID 0's Exterior. (Before:  1858.016967, 1087.764404, 10.812517 | After: 1856.391357, 1088.011352, 10.820312
[2020/3/12 - 2:52:44] HAC has edited HouseID 1's Exterior. (Before:  1845.437133, 741.306152, 11.460940 | After: 1855.414184, 1078.109252, 10.812978)
[2021/7/17 - 20:49:05] Xander Archer has edited HouseID 100000000's Price to $.
[2021/7/17 - 20:49:12] Xander Archer has edited HouseID 1000000000's Price to $.
[2021/7/17 - 22:45:24] TienTom has edited HouseID 30's Level to 2.
[2021/7/18 - 15:43:30] MingQuang has edited HouseID 15's Exterior. (Before:  1905.918701, 584.327209, 11.652489 | After: 1905.650512, 585.772033, 10.8
[2021/7/18 - 15:43:43] MingQuang has edited HouseID 15's Exterior. (Before:  1905.650512, 585.772033, 10.820312 | After: 2011.726684, 694.673278, 11.4
[2021/7/18 - 16:14:51] Long has edited HouseID 1's Price to $.
[2021/7/19 - 19:55:39] MingQuang has edited HouseID 0's Price to $.
[2021/7/20 - 13:18:37] Nhi has edited HouseID 22's Exterior. (Before:  1982.336425, 919.952453, 10.820309 | After: 2258.597900, 654.946289, 11.453125)
[2021/7/20 - 13:18:43] Nhi has edited HouseID 22's Exterior. (Before:  2258.597900, 654.946289, 11.453125 | After: 2258.072998, 655.753906, 11.453125)
[2021/7/20 - 13:19:01] Nhi has edited HouseID 22's Exterior. (Before:  2258.072998, 655.753906, 11.453125 | After: 2346.238281, 655.841125, 11.460479)
[2021/7/22 - 9:27:02] Long has edited HouseID 11's Exterior. (Before:  1942.432006, 919.953979, 10.820309 | After: 1982.421997, 919.951599, 10.820312
[2021/7/22 - 9:27:37] Long has edited HouseID 5000000's Price to $.
[2021/7/22 - 9:28:06] Long has edited HouseID 5000000's Price to $.
[2021/7/22 - 9:28:17] Long has edited HouseID 5000000's Price to $.
[2021/7/22 - 9:28:30] Long has edited HouseID 5000000's Price to $.
[2021/7/22 - 9:28:39] Long has edited HouseID 5000000's Price to $.
[2021/7/22 - 9:29:37] Long has edited HouseID 2's Exterior. (Before:  2069.407714, 2153.673339, 10.820309 | After: 1952.374267, 919.951599, 10.820312
[2021/7/22 - 9:29:45] Long has edited HouseID 13's Exterior. (Before:  2078.878417, 2153.673339, 10.820309 | After: 1942.513793, 919.951599, 10.82031
[2021/7/22 - 9:29:51] Long has edited HouseID 18's Exterior. (Before:  2064.228027, 2156.203369, 10.820309 | After: 1932.420288, 919.951599, 10.82031
[2021/7/22 - 9:30:03] Long has edited HouseID 4's Exterior. (Before:  2064.225830, 2162.887451, 10.820309 | After: 1902.328857, 919.951599, 10.820312
[2021/7/22 - 9:30:13] Long has edited HouseID 5000000's Price to $.
[2021/7/22 - 9:30:50] Long has edited HouseID 5000000's Price to $.
[2021/7/22 - 9:31:00] Long has edited HouseID 5000000's Price to $.
[2021/7/22 - 9:31:12] Long has edited HouseID 5000000's Price to $.
[2021/7/22 - 9:31:37] Long has edited HouseID 3's Exterior. (Before:  2519.498291, 2033.348999, 11.171879 | After: -1604.843994, 721.718994, 11.84143
[2021/7/22 - 9:32:10] Long has edited HouseID 5's Exterior. (Before:  2064.229003, 2178.898925, 10.820309 | After: -1607.622436, 721.558227, 12.35060
[2021/7/22 - 9:32:13] Long has edited HouseID 32's Exterior. (Before:  2064.226806, 2186.882080, 10.820309 | After: -1610.487304, 723.237304, 12.8674
[2021/7/22 - 9:32:15] Long has edited HouseID 34's Exterior. (Before:  2066.883789, 2189.535644, 10.820309 | After: -1608.716430, 725.408264, 12.3911
[2021/7/22 - 9:32:17] Long has edited HouseID 35's Exterior. (Before:  2073.492187, 2189.534667, 10.820309 | After: -1601.322021, 725.628662, 11.0472
[2021/7/22 - 9:32:20] Long has edited HouseID 36's Exterior. (Before:  2081.368408, 2189.537597, 10.820309 | After: -1600.668457, 718.787902, 11.1009
[2021/7/22 - 9:32:37] Long has edited HouseID 6's Exterior. (Before:  987.996154, 1137.469604, 10.820309 | After: -1605.000000, 720.000000, 11.869579
[2021/7/22 - 9:33:17] Long has edited HouseID 8's Exterior. (Before:  2567.926513, 1551.967285, 10.820309 | After: -1600.564331, 722.409362, 11.07087
[2021/7/22 - 9:33:20] Long has edited HouseID 10's Exterior. (Before:  2567.923339, 1578.140258, 10.820309 | After: -1597.255737, 722.540588, 10.4724
[2021/7/22 - 9:33:23] Long has edited HouseID 19's Exterior. (Before:  2567.923339, 1572.341552, 10.820309 | After: -1597.891357, 725.284545, 10.4283
[2021/7/22 - 9:33:25] Long has edited HouseID 23's Exterior. (Before:  2567.923339, 1579.260498, 13.406250 | After: -1598.589355, 727.837646, 10.5543
[2021/7/22 - 9:33:29] Long has edited HouseID 25's Exterior. (Before:  2567.923339, 1570.561767, 13.406250 | After: -1599.176635, 729.986572, 10.6602
[2021/7/22 - 9:33:50] Long has edited HouseID 9's Exterior. (Before:  2362.949462, 1006.663452, 14.272500 | After: -1605.937988, 725.831115, 11.88853
[2021/7/22 - 9:34:15] Long has edited HouseID 12's Exterior. (Before:  1854.920776, 940.800903, 10.820309 | After: 1854.920410, 930.921997, 10.820312
[2021/7/22 - 9:34:47] Long has edited HouseID 5000000's Price to $.
[2021/7/22 - 9:35:12] Long has edited HouseID 15's Exterior. (Before:  2011.726684, 694.673278, 11.460940 | After: -1602.203979, 731.724609, 11.21307
[2021/7/22 - 9:35:55] Long has edited HouseID 24's Exterior. (Before:  1269.711914, 2554.609863, 10.826539 | After: -1607.211669, 732.070739, 12.1189
[2021/7/22 - 9:36:06] Long has edited HouseID 5000000's Price to $.
[2021/7/22 - 9:36:32] Long has edited HouseID 26's Exterior. (Before:  885.415710, 1980.555053, 11.460940 | After: -1608.711914, 731.295410, 12.39031
[2021/7/22 - 9:36:39] Long has edited HouseID 5000000's Price to $.
[2021/7/22 - 9:37:05] Long has edited HouseID 27's Exterior. (Before:  885.418640, 2047.125366, 11.460940 | After: -1609.837768, 719.628417, 12.75023
[2021/7/22 - 9:37:09] Long has edited HouseID 5000000's Price to $.
[2021/7/22 - 9:40:51] Long has edited HouseID 28's Exterior. (Before:  930.808044, 2027.839477, 11.468290 | After: -1605.000000, 720.000000, 11.86957
[2021/7/22 - 9:40:33] Long has edited HouseID 28's Exterior. (Before:  -1605.000000, 720.000000, 11.869579 | After: -1607.256835, 720.725585, 12.2846
[2021/7/22 - 9:41:10] Long has edited HouseID 5000000's Price to $.
[2021/7/22 - 9:41:30] Long has edited HouseID 29's Exterior. (Before:  984.511047, 2030.324584, 11.468750 | After: -1604.977661, 717.527343, 11.88028
[2021/7/22 - 9:42:38] Long has edited HouseID 37's Exterior. (Before:  2239.135009, 960.531066, 10.812990 | After: -1608.682617, 728.104370, 12.38501
[2021/7/22 - 9:42:42] Long has edited HouseID 38's Exterior. (Before:  0.000000, 0.000000, 0.000000 | After: -1605.689575, 728.362548, 11.843598)
[2021/7/22 - 9:42:54] Long has edited HouseID 38's Level to 0.
[2021/7/22 - 9:45:45] Long has edited HouseID 38's Exterior. (Before:  -1605.689575, 728.362548, 11.843598 | After: -1622.326049, 725.051940, 14.4609
[2021/7/22 - 9:48:40] Long has edited HouseID 5000000's Price to $.
[2021/7/22 - 12:42:58] Long has edited HouseID 37's Exterior. (Before:  -1608.682617, 728.104370, 12.385019 | After: 2449.227050, 689.701599, 11.46093
[2021/7/23 - 11:23:12] Shi has edited HouseID 12's Exterior. (Before:  1854.920410, 930.921997, 10.820309 | After: 2499.085449, 1150.631103, 22.023197
[2021/7/23 - 11:23:18] Shi has edited HouseID 0's Price to $.
[2021/7/25 - 15:27:07] Shi Master has edited HouseID 33's Exterior. (Before:  1962.250732, 920.189453, 10.820309 | After: 2317.795166, 656.102905, 11.
[2021/7/25 - 22:16:42] Long has edited HouseID 6's Exterior. (Before:  -1605.000000, 720.000000, 11.869580 | After: 2391.176757, 2001.835449, 10.82031
[2021/7/25 - 22:17:22] Long has edited HouseID 6's Level to 0.
[2021/7/28 - 17:53:20] Long has edited HouseID 3's Exterior. (Before:  -1604.843994, 721.718994, 11.841440 | After: 2197.764160, -60.502429, 28.153549
[2021/7/28 - 17:53:22] Long has edited HouseID 3's Exterior. (Before:  2197.764160, -60.502429, 28.153549 | After: 2197.269775, -60.703086, 28.153549)
[2021/7/28 - 17:54:34] Long has edited HouseID 8's Exterior. (Before:  -1600.564331, 722.409362, 11.070879 | After: 2199.949951, -37.403224, 28.153547
[2021/7/28 - 17:56:12] Long has edited HouseID 8's Interior. (Before:  2317.814697, -1026.765136, 1050.217773 | After: 234.095489, 1063.799926, 1084.2
[2021/7/28 - 17:57:11] Long has edited HouseID 10's Exterior. (Before:  -1597.255737, 722.540588, 10.472439 | After: 2203.107177, -89.302970, 28.15354
[2021/7/28 - 17:57:46] Long has edited HouseID 10's Interior. (Before:  491.041351, 1398.500488, 1080.257812 | After: 234.054901, 1063.779907, 1084.21
[2021/7/29 - 0:22:06] MingQuang has edited HouseID 2's Exterior. (Before:  1952.374267, 919.951599, 10.820309 | After: 1596.583618, 2093.669921, 11.3
[2021/7/29 - 0:23:20] MingQuang has edited HouseID 2's Interior. (Before:  491.138000, 1398.612915, 1080.257812 | After: 2324.402343, -1149.545776, 1
[2021/7/29 - 0:23:30] MingQuang has edited HouseID 2's Custom Interior.
[2021/7/29 - 0:23:37] MingQuang has edited HouseID 2's Interior. (Before:  2324.402343, -1149.545776, 1050.710083 | After: 2324.268554, -1149.259033,
[2021/7/29 - 0:23:43] MingQuang has edited HouseID 0's Price to $.
[2021/7/29 - 0:24:03] MingQuang da chinh sua Thung Rac nha 2's.
[2021/7/29 - 4:33:21] MingQuang has edited HouseID 4's Exterior. (Before:  1902.328857, 919.951599, 10.820309 | After: 225.700073, 1021.448364, 1084.
[2021/7/29 - 4:33:25] MingQuang has edited HouseID 4's Interior. (Before:  491.070007, 1398.500000, 1080.257812 | After: 225.700073, 1021.448364, 108
[2021/7/29 - 4:33:42] MingQuang has edited HouseID 4's Exterior. (Before:  225.700073, 1021.448364, 1084.017700 | After: -683.937194, 939.639160, 13.
[2021/7/29 - 4:33:47] MingQuang has edited HouseID 0's Price to $.
[2021/7/29 - 20:15:06] MingQuang has edited HouseID 50's Exterior. (Before:  0.000000, 0.000000, 0.000000 | After: -0.898014, 0.798901, -1.144562)
[2021/7/29 - 20:15:09] MingQuang has edited HouseID 50's Exterior. (Before:  -0.898014, 0.798901, -1.144562 | After: 1.374551, 3.023670, -1.184562)
[2021/7/29 - 20:15:10] MingQuang has edited HouseID 39's Exterior. (Before:  0.000000, 0.000000, 0.000000 | After: 1.374551, 3.023670, -1.184562)
[2021/7/29 - 20:15:11] MingQuang has edited HouseID 39's Exterior. (Before:  1.374551, 3.023670, -1.184562 | After: 3.943324, 2.656069, -1.204562)
[2021/7/29 - 20:28:01] MingQuang has edited HouseID 11's Exterior. (Before:  1982.421997, 919.951599, 10.820309 | After: 1640.257690, 2102.811767, 11.
[2021/7/29 - 20:28:12] MingQuang has edited HouseID 11's Interior. (Before:  2317.889892, -1026.760009, 1050.217773 | After: 2317.823730, -1026.764648
[2021/7/29 - 20:28:17] MingQuang has edited HouseID 0's Price to $.
[2021/7/29 - 20:28:39] MingQuang has edited HouseID 11's Custom Interior.
[2021/8/1 - 17:13:37] MingQuang has edited HouseID 11's Exterior. (Before:  1640.257690, 2102.811767, 11.312500 | After: 1409.358032, 1920.005249, 11
[2021/8/1 - 17:14:49] MingQuang has edited HouseID 2's Exterior. (Before:  1596.583618, 2093.669921, 11.312500 | After: 1408.356445, 1897.034057, 11.
[2021/8/1 - 17:33:59] MingQuang has edited HouseID 13's Exterior. (Before:  1942.513793, 919.951599, 10.820309 | After: 2362.319580, 990.116943, 10.8
[2021/8/1 - 17:34:05] MingQuang has edited HouseID 0's Price to $.
[2021/8/1 - 21:12:43] MingQuang has edited HouseID 2's Exterior. (Before:  1408.356445, 1897.034057, 11.460937 | After: 1439.636718, 1951.872558, 11.
[2021/8/1 - 21:17:52] MingQuang da chinh sua Thung Rac nha 2's.
[2021/8/1 - 21:49:19] MingQuang has edited HouseID 13's Exterior. (Before:  2362.319580, 990.116943, 10.820312 | After: 2367.095458, 973.793151, 18.3
[2021/8/1 - 23:09:03] Shi Master has edited HouseID 13's Exterior. (Before:  2367.095458, 973.793151, 18.318904 | After: 2356.837158, 985.567810, 10.
[2021/8/4 - 22:47:38] MingQuang has edited HouseID 13's Exterior. (Before:  2356.837158, 985.567810, 10.820309 | After: 2368.969238, 974.227050, 18.3
[2021/8/4 - 22:56:26] Long has edited HouseID 13's Exterior. (Before:  2368.969238, 974.227050, 18.318904 | After: 2357.045166, 1011.169128, 10.82031
[2021/8/7 - 4:11:21] MingQuang has edited HouseID 30's Exterior. (Before:  1992.337158, 919.951843, 10.820309 | After: 2245.409912, -122.287300, 28.
[2021/8/7 - 4:11:44] MingQuang has edited HouseID 5000000's Price to $.
[2021/8/7 - 4:12:24] MingQuang has edited HouseID 30's Exterior. (Before:  2245.409912, -122.287300, 28.153547 | After: 2272.326171, -119.134353, 28
[2021/8/7 - 10:53:15] Ha. Ngo has edited HouseID 30's Exterior. (Before:  2272.326171, -119.134353, 28.153547 | After: 2322.423583, -124.963432, 28.1
[2021/8/7 - 10:53:23] Ha. Ngo has edited HouseID 30's Level to 1.
[2021/8/7 - 10:53:27] Ha. Ngo has edited HouseID 1's Price to $.
[2021/8/7 - 10:54:12] Ha. Ngo has edited HouseID 30's Interior. (Before:  226.859878, 1114.096069, 1080.988159 | After: 234.268386, 1063.720703, 1084
[2021/8/17 - 21:47:35] MingQuang has edited HouseID 11's Exterior. (Before:  1409.358032, 1920.005249, 11.468750 | After: 2694.777343, -1095.603881, 6
[2021/8/18 - 0:15:06] MingQuang has edited HouseID 4's Exterior. (Before:  -683.937194, 939.639160, 13.632809 | After: 2317.889892, -1026.760009, 105
[2021/8/18 - 0:15:09] MingQuang has edited HouseID 4's Exterior. (Before:  2317.889892, -1026.760009, 1050.217773 | After: 2317.746582, -1026.764648,
[2021/8/18 - 0:15:11] MingQuang has edited HouseID 4's Interior. (Before:  225.700073, 1021.448364, 1084.017700 | After: 2317.746582, -1026.764648, 1
[2021/8/18 - 0:15:21] MingQuang has edited HouseID 4's Exterior. (Before:  2317.746582, -1026.764648, 1050.217773 | After: 989.784729, -828.665649, 9
[2021/8/18 - 16:59:53] Long has edited HouseID 32's Exterior. (Before:  -1610.487304, 723.237304, 12.867409 | After: 2148.937744, -1484.907714, 26.624
[2021/8/18 - 17:00:08] Long has edited HouseID 5000000's Price to $.
[2021/8/18 - 17:06:26] Long has edited HouseID 27's Exterior. (Before:  -1609.837768, 719.628417, 12.750240 | After: 2146.797851, -1470.463989, 26.042
[2021/8/18 - 17:06:34] Long has edited HouseID 28's Exterior. (Before:  -1607.256835, 720.725585, 12.284649 | After: 2152.216552, -1446.398437, 26.105
[2021/8/18 - 17:10:28] Long has edited HouseID 1156's Exterior. (Before:  0.000000, 0.000000, 0.000000 | After: 2208.042236, -1280.819213, 25.120691)
[2021/8/18 - 17:10:44] Long has edited HouseID 1156's Exterior. (Before:  2208.042236, -1280.819213, 25.120691 | After: -1605.000000, 720.000000, 11.8
[2021/8/18 - 17:10:52] Long has edited HouseID 1156's Level to 100.
[2021/8/18 - 19:28:47] Long has edited HouseID 3's Exterior. (Before:  2197.269775, -60.703090, 28.153549 | After: 2513.683105, -1669.053100, 13.53931
[2021/8/18 - 19:28:53] Long has edited HouseID 3's Exterior. (Before:  2513.683105, -1669.053100, 13.539319 | After: 2523.270751, -1679.359619, 15.496
[2021/8/18 - 19:29:00] Long has edited HouseID 3's Exterior. (Before:  2523.270751, -1679.359619, 15.496999 | After: 2524.708251, -1658.531494, 15.824
[2021/8/18 - 19:31:22] Long has edited HouseID 35's Exterior. (Before:  -1601.322021, 725.628662, 11.047269 | After: 2523.273193, -1679.443725, 15.496
[2021/8/18 - 19:31:30] Long has edited HouseID 5000000's Price to $.
[2021/8/18 - 19:33:46] Long has edited HouseID 25's Exterior. (Before:  -1599.176635, 729.986572, 10.660249 | After: -1597.277832, 722.072082, 10.4762
[2021/8/18 - 19:35:33] Long has edited HouseID 35's Exterior. (Before:  2523.273193, -1679.443725, 15.496999 | After: -1605.000000, 720.000000, 11.869
[2021/8/18 - 19:35:35] Long has edited HouseID 35's Exterior. (Before:  -1605.000000, 720.000000, 11.869579 | After: -1607.571899, 719.654602, 12.3335
[2021/8/18 - 19:35:47] Long has edited HouseID 8's Exterior. (Before:  2199.949951, -37.403221, 28.153549 | After: 2523.273193, -1679.338867, 15.49699
[2021/8/18 - 19:36:07] Long has edited HouseID 8's Exterior. (Before:  2523.273193, -1679.338867, 15.496999 | After: 2523.273193, -1679.355957, 15.496
[2021/8/18 - 19:36:21] Long has edited HouseID 8's Exterior. (Before:  2523.273193, -1679.355957, 15.496999 | After: 2523.273193, -1679.431884, 15.496
[2021/8/18 - 19:38:32] Long has edited HouseID 35's Exterior. (Before:  -1607.571899, 719.654602, 12.333542 | After: 2500.603027, -1669.248291, 13.353
[2021/8/18 - 19:38:35] Long has edited HouseID 36's Exterior. (Before:  -1600.668457, 718.787902, 11.100950 | After: 2498.290771, -1670.227172, 13.343
[2021/8/18 - 19:38:53] Long has edited HouseID 0's Price to $.
[2021/8/18 - 19:40:14] Long has edited HouseID 35's Exterior. (Before:  2500.603027, -1669.248291, 13.353369 | After: 2513.673583, -1650.203002, 14.35
[2021/8/18 - 19:40:29] Long has edited HouseID 36's Exterior. (Before:  2498.290771, -1670.227172, 13.343252 | After: 2498.407714, -1642.252685, 14.11
[2021/8/18 - 19:41:46] Long has edited HouseID 10's Exterior. (Before:  2203.107177, -89.302970, 28.153549 | After: 2485.325439, -1655.689208, 13.3299
[2021/8/18 - 19:41:49] Long has edited HouseID 10's Exterior. (Before:  2485.325439, -1655.689208, 13.329984 | After: 2486.499511, -1644.531494, 14.07
[2021/8/18 - 19:41:57] Long has edited HouseID 10's Exterior. (Before:  2486.499511, -1644.531494, 14.077178 | After: 2489.337890, -1662.023681, 13.33
[2021/8/18 - 19:42:09] Long has edited HouseID 10's Exterior. (Before:  2489.337890, -1662.023681, 13.335947 | After: 2514.321044, -1691.612060, 14.04
[2021/8/18 - 19:42:25] Long has edited HouseID 10's Exterior. (Before:  2514.321044, -1691.612060, 14.046038 | After: 2459.425781, -1691.659790, 13.54
[2021/8/18 - 19:44:07] Long has edited HouseID 15's Exterior. (Before:  -1602.203979, 731.724609, 11.213080 | After: 2486.493164, -1644.531494, 14.077
[2021/8/18 - 19:44:14] Long has edited HouseID 5000000's Price to $.
[2021/8/18 - 19:48:06] Long has edited HouseID 10's Exterior. (Before:  2459.425781, -1691.659790, 13.546234 | After: 2485.641601, -1663.394042, 13.33
[2021/8/18 - 19:49:02] Long has edited HouseID 29's Exterior. (Before:  -1604.977661, 717.527343, 11.880279 | After: 2459.502685, -1691.663818, 13.545
[2021/8/18 - 19:49:13] Long has edited HouseID 5000000's Price to $.
[2021/8/18 - 19:50:14] Long has edited HouseID 38's Exterior. (Before:  -1622.326049, 725.051940, 14.460940 | After: 2514.361572, -1691.568237, 14.046
[2021/8/18 - 19:52:27] Long has edited HouseID 10's Exterior. (Before:  2485.641601, -1663.394042, 13.335947 | After: 2407.424316, -1651.825195, 13.48
[2021/8/18 - 19:52:48] Long has edited HouseID 10's Exterior. (Before:  2407.424316, -1651.825195, 13.489820 | After: 2451.953857, -1641.408935, 14.06
[2021/8/18 - 19:57:05] Long has edited HouseID 12's Exterior. (Before:  2499.085449, 1150.631103, 22.023199 | After: 2469.526855, -1646.345581, 13.780
[2021/8/18 - 20:10:15] Long has edited HouseID 29's Interior. (Before:  226.299148, 1114.307983, 1080.992919 | After: 2468.547851, -1698.282958, 1013.
[2021/8/18 - 20:19:44] Long has edited HouseID 10's Interior. (Before:  234.054901, 1063.779907, 1084.212158 | After: 2196.787353, -1204.208007, 1049.
[2021/8/18 - 20:23:35] Long has edited HouseID 12's Interior. (Before:  2324.488281, -1148.745239, 1050.710083 | After: 140.169998, 1366.069946, 1083.
[2021/8/18 - 20:31:56] Long has edited HouseID 35's Interior. (Before:  226.299148, 1114.307983, 1080.992919 | After: 2324.294677, -1149.431640, 1050.
[2021/8/18 - 21:40:22] Long has edited HouseID 5000000's Price to $.
[2021/8/18 - 21:41:34] Long has edited HouseID 38's Interior. (Before:  0.000000, 0.000000, 0.000000 | After: 140.315765, 1366.006958, 1083.859375)
[2021/8/18 - 22:04:15] Long has edited HouseID 9's Exterior. (Before:  -1605.937988, 725.831115, 11.888529 | After: 2015.342895, -1732.612670, 14.2343
[2021/8/18 - 22:04:22] Long has edited HouseID 24's Exterior. (Before:  -1607.211669, 732.070739, 12.118929 | After: 2016.201782, -1717.010009, 14.125
[2021/8/18 - 22:04:31] Long has edited HouseID 25's Exterior. (Before:  -1597.277832, 722.072082, 10.476204 | After: 2018.243652, -1703.231567, 14.234
[2021/8/18 - 22:04:41] Long has edited HouseID 5000000's Price to $.
[2021/8/18 - 22:05:31] Long has edited HouseID 1's Exterior. (Before:  2012.471923, 919.952148, 10.820309 | After: 2067.050781, -1731.650024, 14.20662
[2021/8/18 - 22:05:45] Long has edited HouseID 5000000's Price to $.
[2021/8/18 - 22:06:02] Long has edited HouseID 5's Exterior. (Before:  -1607.622436, 721.558227, 12.350600 | After: 2066.241455, -1717.087280, 14.1363
[2021/8/18 - 22:06:14] Long has edited HouseID 5000000's Price to $.
[2021/8/18 - 22:07:13] Long has edited HouseID 34's Exterior. (Before:  -1608.716430, 725.408264, 12.391139 | After: 2066.735839, -1656.438964, 14.132
[2021/8/18 - 22:07:32] Long has edited HouseID 5000000's Price to $.
[2021/8/18 - 22:08:03] Long has edited HouseID 19's Exterior. (Before:  -1597.891357, 725.284545, 10.428389 | After: 2067.561523, -1643.750610, 14.136
[2021/8/18 - 22:08:50] Long has edited HouseID 5000000's Price to $.
[2021/8/18 - 22:09:32] Long has edited HouseID 23's Exterior. (Before:  -1598.589355, 727.837646, 10.554309 | After: 2067.698242, -1628.905761, 14.206
[2021/8/18 - 22:09:41] Long has edited HouseID 5000000's Price to $.
[2021/8/18 - 22:10:53] Long has edited HouseID 18's Exterior. (Before:  1932.420288, 919.951599, 10.820309 | After: 2013.579223, -1656.508178, 14.1363
[2021/8/18 - 22:10:58] Long has edited HouseID 20's Exterior. (Before:  1922.398681, 919.952575, 10.820309 | After: 2016.544799, -1641.679931, 14.1128
[2021/8/18 - 22:11:04] Long has edited HouseID 14's Exterior. (Before:  1912.327758, 919.951721, 10.820309 | After: 2018.055786, -1629.829711, 14.0425
[2021/8/18 - 22:11:16] Long has edited HouseID 16's Exterior. (Before:  1892.274780, 919.951904, 10.820309 | After: 1980.374633, -1718.783081, 17.0301
[2021/8/18 - 22:11:41] Long has edited HouseID 17's Exterior. (Before:  1882.288818, 919.956115, 10.820309 | After: 1973.597534, -1705.873657, 15.9687
[2021/8/18 - 23:33:02] Long has edited HouseID 30's Exterior. (Before:  2322.423583, -124.963432, 28.153549 | After: 2149.857910, -1433.873046, 26.070
[2021/8/18 - 23:36:59] Long has edited HouseID 39's Exterior. (Before:  3.943320, 2.656069, -1.204560 | After: 2150.212158, -1418.600219, 25.921875)
[2021/8/18 - 23:37:02] Long has edited HouseID 39's Exterior. (Before:  2150.212158, -1418.600219, 25.921875 | After: 2150.847900, -1419.071655, 25.92
[2021/8/18 - 23:37:09] Long has edited HouseID 40's Exterior. (Before:  0.000000, 0.000000, 0.000000 | After: 2151.185302, -1400.684814, 26.128503)
[2021/8/18 - 23:37:20] Long has edited HouseID 41's Exterior. (Before:  0.000000, 0.000000, 0.000000 | After: 2196.213134, -1404.066528, 25.948816)
[2021/8/18 - 23:37:27] Long has edited HouseID 42's Exterior. (Before:  0.000000, 0.000000, 0.000000 | After: 2188.545410, -1419.376098, 26.156250)
[2021/8/18 - 23:37:35] Long has edited HouseID 43's Exterior. (Before:  0.000000, 0.000000, 0.000000 | After: 2194.350585, -1442.986938, 26.073816)
[2021/8/18 - 23:37:41] Long has edited HouseID 44's Exterior. (Before:  0.000000, 0.000000, 0.000000 | After: 2191.103271, -1455.818725, 26.000000)
[2021/8/18 - 23:37:47] Long has edited HouseID 45's Exterior. (Before:  0.000000, 0.000000, 0.000000 | After: 2190.443603, -1470.344238, 25.914062)
[2021/8/18 - 23:37:56] Long has edited HouseID 46's Exterior. (Before:  0.000000, 0.000000, 0.000000 | After: 2190.314697, -1487.685302, 26.105066)
[2021/8/18 - 23:38:07] Long has edited HouseID 47's Exterior. (Before:  0.000000, 0.000000, 0.000000 | After: 2232.594726, -1469.334838, 24.581628)
[2021/8/18 - 23:38:13] Long has edited HouseID 48's Exterior. (Before:  0.000000, 0.000000, 0.000000 | After: 2247.648681, -1469.334838, 24.480066)
[2021/8/18 - 23:38:18] Long has edited HouseID 49's Exterior. (Before:  0.000000, 0.000000, 0.000000 | After: 2263.952392, -1469.334838, 24.370691)
[2021/8/18 - 23:38:35] Long has edited HouseID 50's Exterior. (Before:  1.374549, 3.023669, -1.184559 | After: 2230.534179, -1397.243286, 24.573816)
[2021/8/18 - 23:38:38] Long has edited HouseID 51's Exterior. (Before:  0.000000, 0.000000, 0.000000 | After: 2243.596435, -1397.243164, 24.573816)
[2021/8/18 - 23:38:45] Long has edited HouseID 52's Exterior. (Before:  0.000000, 0.000000, 0.000000 | After: 2256.347412, -1397.243286, 24.573816)
[2021/8/18 - 23:38:57] Long has edited HouseID 53's Exterior. (Before:  0.000000, 0.000000, 0.000000 | After: 2202.912353, -1363.670776, 26.191003)
[2021/8/18 - 23:39:02] Long has edited HouseID 54's Exterior. (Before:  0.000000, 0.000000, 0.000000 | After: 2185.156982, -1363.705200, 26.159753)
[2021/8/18 - 23:39:08] Long has edited HouseID 55's Exterior. (Before:  0.000000, 0.000000, 0.000000 | After: 2147.442138, -1366.574951, 25.641782)
[2021/8/18 - 23:39:10] Long has edited HouseID 55's Exterior. (Before:  2147.442138, -1366.574951, 25.641782 | After: 2147.610351, -1366.163452, 25.97
[2021/8/18 - 23:39:17] Long has edited HouseID 56's Exterior. (Before:  0.000000, 0.000000, 0.000000 | After: 2129.692871, -1361.686401, 26.136316)
[2021/8/18 - 23:39:26] Long has edited HouseID 57's Exterior. (Before:  0.000000, 0.000000, 0.000000 | After: 2100.842285, -1321.892333, 25.953125)
[2021/8/18 - 23:39:33] Long has edited HouseID 58's Exterior. (Before:  0.000000, 0.000000, 0.000000 | After: 2126.697753, -1320.867553, 26.624092)
[2021/8/18 - 23:39:43] Long has edited HouseID 59's Exterior. (Before:  0.000000, 0.000000, 0.000000 | After: 2148.433105, -1320.083862, 26.073816)
[2021/8/18 - 23:39:53] Long has edited HouseID 60's Exterior. (Before:  0.000000, 0.000000, 0.000000 | After: 2150.209960, -1285.041137, 24.526941)
[2021/8/18 - 23:39:59] Long has edited HouseID 61's Exterior. (Before:  0.000000, 0.000000, 0.000000 | After: 2132.325195, -1280.045166, 25.890625)
[2021/8/18 - 23:40:06] Long has edited HouseID 62's Exterior. (Before:  0.000000, 0.000000, 0.000000 | After: 2111.421875, -1278.976196, 25.835937)
[2021/8/18 - 23:40:14] Long has edited HouseID 63's Exterior. (Before:  0.000000, 0.000000, 0.000000 | After: 2091.060058, -1277.834472, 26.179687)
[2021/8/18 - 23:40:21] Long has edited HouseID 64's Exterior. (Before:  0.000000, 0.000000, 0.000000 | After: 2090.616210, -1235.163208, 26.019128)
[2021/8/18 - 23:40:30] Long has edited HouseID 65's Exterior. (Before:  0.000000, 0.000000, 0.000000 | After: 2110.870605, -1244.400146, 25.851562)
[2021/8/18 - 23:40:41] Long has edited HouseID 66's Exterior. (Before:  0.000000, 0.000000, 0.000000 | After: 2133.300048, -1232.999877, 24.421875)
[2021/8/18 - 23:40:48] Long has edited HouseID 67's Exterior. (Before:  0.000000, 0.000000, 0.000000 | After: 2153.689697, -1243.806396, 25.367187)
[2021/8/18 - 23:41:34] Long has edited HouseID 68's Exterior. (Before:  0.000000, 0.000000, 0.000000 | After: 2191.852294, -1239.235473, 24.487878)
[2021/8/18 - 23:41:41] Long has edited HouseID 69's Exterior. (Before:  0.000000, 0.000000, 0.000000 | After: 2209.784179, -1240.247924, 24.480066)
[2021/8/18 - 23:41:48] Long has edited HouseID 70's Exterior. (Before:  0.000000, 0.000000, 0.000000 | After: 2229.522216, -1241.609619, 25.656250)
[2021/8/18 - 23:41:55] Long has edited HouseID 71's Exterior. (Before:  0.000000, 0.000000, 0.000000 | After: 2249.904296, -1238.721679, 25.898437)
[2021/8/18 - 23:42:03] Long has edited HouseID 72's Exterior. (Before:  0.000000, 0.000000, 0.000000 | After: 2250.241455, -1280.045166, 25.476562)
[2021/8/18 - 23:42:10] Long has edited HouseID 73's Exterior. (Before:  0.000000, 0.000000, 0.000000 | After: 2230.099609, -1280.064575, 25.628503)
[2021/8/18 - 23:42:17] Long has edited HouseID 74's Exterior. (Before:  0.000000, 0.000000, 0.000000 | After: 2191.492675, -1275.600341, 25.156250)
[2021/8/18 - 23:43:12] Long has edited HouseID 39's Interior. (Before:  0.000000, 0.000000, 0.000000 | After: 2196.777343, -1204.417114, 1049.023437)
[2021/8/18 - 23:43:18] Long has edited HouseID 40's Interior. (Before:  0.000000, 0.000000, 0.000000 | After: 2196.777343, -1204.417114, 1049.023437)
[2021/8/18 - 23:43:21] Long has edited HouseID 41's Interior. (Before:  0.000000, 0.000000, 0.000000 | After: 2196.777343, -1204.417114, 1049.023437)
[2021/8/18 - 23:43:25] Long has edited HouseID 42's Interior. (Before:  0.000000, 0.000000, 0.000000 | After: 2196.777343, -1204.417114, 1049.023437)
[2021/8/18 - 23:43:31] Long has edited HouseID 43's Interior. (Before:  0.000000, 0.000000, 0.000000 | After: 2196.777343, -1204.417114, 1049.023437)
[2021/8/18 - 23:43:35] Long has edited HouseID 44's Interior. (Before:  0.000000, 0.000000, 0.000000 | After: 2196.777343, -1204.417114, 1049.023437)
[2021/8/18 - 23:43:38] Long has edited HouseID 45's Interior. (Before:  0.000000, 0.000000, 0.000000 | After: 2196.777343, -1204.417114, 1049.023437)
[2021/8/18 - 23:43:43] Long has edited HouseID 46's Interior. (Before:  0.000000, 0.000000, 0.000000 | After: 2196.777343, -1204.417114, 1049.023437)
[2021/8/18 - 23:43:46] Long has edited HouseID 47's Interior. (Before:  0.000000, 0.000000, 0.000000 | After: 2196.777343, -1204.417114, 1049.023437)
[2021/8/18 - 23:43:49] Long has edited HouseID 48's Interior. (Before:  0.000000, 0.000000, 0.000000 | After: 2196.777343, -1204.417114, 1049.023437)
[2021/8/18 - 23:43:52] Long has edited HouseID 49's Interior. (Before:  0.000000, 0.000000, 0.000000 | After: 2196.777343, -1204.417114, 1049.023437)
[2021/8/18 - 23:43:57] Long has edited HouseID 50's Interior. (Before:  0.000000, 0.000000, 0.000000 | After: 2196.777343, -1204.417114, 1049.023437)
[2021/8/18 - 23:44:00] Long has edited HouseID 51's Interior. (Before:  0.000000, 0.000000, 0.000000 | After: 2196.777343, -1204.417114, 1049.023437)
[2021/8/18 - 23:44:03] Long has edited HouseID 52's Interior. (Before:  0.000000, 0.000000, 0.000000 | After: 2196.777343, -1204.417114, 1049.023437)
[2021/8/18 - 23:44:06] Long has edited HouseID 53's Interior. (Before:  0.000000, 0.000000, 0.000000 | After: 2196.777343, -1204.417114, 1049.023437)
[2021/8/18 - 23:44:09] Long has edited HouseID 54's Interior. (Before:  0.000000, 0.000000, 0.000000 | After: 2196.777343, -1204.417114, 1049.023437)
[2021/8/18 - 23:44:13] Long has edited HouseID 55's Interior. (Before:  0.000000, 0.000000, 0.000000 | After: 2196.777343, -1204.417114, 1049.023437)
[2021/8/18 - 23:44:16] Long has edited HouseID 56's Interior. (Before:  0.000000, 0.000000, 0.000000 | After: 2196.777343, -1204.417114, 1049.023437)
[2021/8/18 - 23:44:19] Long has edited HouseID 57's Interior. (Before:  0.000000, 0.000000, 0.000000 | After: 2196.777343, -1204.417114, 1049.023437)
[2021/8/18 - 23:44:22] Long has edited HouseID 58's Interior. (Before:  0.000000, 0.000000, 0.000000 | After: 2196.777343, -1204.417114, 1049.023437)
[2021/8/18 - 23:44:25] Long has edited HouseID 59's Interior. (Before:  0.000000, 0.000000, 0.000000 | After: 2196.777343, -1204.417114, 1049.023437)
[2021/8/18 - 23:44:30] Long has edited HouseID 60's Interior. (Before:  0.000000, 0.000000, 0.000000 | After: 2196.777343, -1204.417114, 1049.023437)
[2021/8/18 - 23:44:33] Long has edited HouseID 61's Interior. (Before:  0.000000, 0.000000, 0.000000 | After: 2196.777343, -1204.417114, 1049.023437)
[2021/8/18 - 23:44:35] Long has edited HouseID 62's Interior. (Before:  0.000000, 0.000000, 0.000000 | After: 2196.777343, -1204.417114, 1049.023437)
[2021/8/18 - 23:44:38] Long has edited HouseID 63's Interior. (Before:  0.000000, 0.000000, 0.000000 | After: 2196.777343, -1204.417114, 1049.023437)
[2021/8/18 - 23:44:42] Long has edited HouseID 64's Interior. (Before:  0.000000, 0.000000, 0.000000 | After: 2196.777343, -1204.417114, 1049.023437)
[2021/8/18 - 23:44:45] Long has edited HouseID 65's Interior. (Before:  0.000000, 0.000000, 0.000000 | After: 2196.777343, -1204.417114, 1049.023437)
[2021/8/18 - 23:44:49] Long has edited HouseID 66's Interior. (Before:  0.000000, 0.000000, 0.000000 | After: 2196.777343, -1204.417114, 1049.023437)
[2021/8/18 - 23:44:53] Long has edited HouseID 67's Interior. (Before:  0.000000, 0.000000, 0.000000 | After: 2196.777343, -1204.417114, 1049.023437)
[2021/8/18 - 23:44:56] Long has edited HouseID 68's Interior. (Before:  0.000000, 0.000000, 0.000000 | After: 2196.777343, -1204.417114, 1049.023437)
[2021/8/18 - 23:44:59] Long has edited HouseID 69's Interior. (Before:  0.000000, 0.000000, 0.000000 | After: 2196.777343, -1204.417114, 1049.023437)
[2021/8/18 - 23:45:04] Long has edited HouseID 69's Interior. (Before:  2196.777343, -1204.417114, 1049.023437 | After: 2196.777343, -1204.417114, 104
[2021/8/18 - 23:45:09] Long has edited HouseID 70's Interior. (Before:  0.000000, 0.000000, 0.000000 | After: 2196.777343, -1204.417114, 1049.023437)
[2021/8/18 - 23:45:12] Long has edited HouseID 71's Interior. (Before:  0.000000, 0.000000, 0.000000 | After: 2196.777343, -1204.417114, 1049.023437)
[2021/8/18 - 23:45:16] Long has edited HouseID 72's Interior. (Before:  0.000000, 0.000000, 0.000000 | After: 2196.777343, -1204.417114, 1049.023437)
[2021/8/18 - 23:45:19] Long has edited HouseID 73's Interior. (Before:  0.000000, 0.000000, 0.000000 | After: 2196.777343, -1204.417114, 1049.023437)
[2021/8/18 - 23:45:22] Long has edited HouseID 74's Interior. (Before:  0.000000, 0.000000, 0.000000 | After: 2196.777343, -1204.417114, 1049.023437)
[2021/8/18 - 23:45:43] Long has edited HouseID 5000000's Price to $.
[2021/8/18 - 23:45:47] Long has edited HouseID 5000000's Price to $.
[2021/8/18 - 23:45:51] Long has edited HouseID 5000000's Price to $.
[2021/8/18 - 23:45:53] Long has edited HouseID 5000000's Price to $.
[2021/8/18 - 23:45:56] Long has edited HouseID 5000000's Price to $.
[2021/8/18 - 23:45:59] Long has edited HouseID 5000000's Price to $.
[2021/8/18 - 23:46:01] Long has edited HouseID 5000000's Price to $.
[2021/8/18 - 23:46:04] Long has edited HouseID 5000000's Price to $.
[2021/8/18 - 23:46:07] Long has edited HouseID 5000000's Price to $.
[2021/8/18 - 23:46:09] Long has edited HouseID 5000000's Price to $.
[2021/8/18 - 23:46:12] Long has edited HouseID 5000000's Price to $.
[2021/8/18 - 23:46:16] Long has edited HouseID 5000000's Price to $.
[2021/8/18 - 23:46:19] Long has edited HouseID 5000000's Price to $.
[2021/8/18 - 23:46:21] Long has edited HouseID 5000000's Price to $.
[2021/8/18 - 23:46:24] Long has edited HouseID 5000000's Price to $.
[2021/8/18 - 23:46:26] Long has edited HouseID 5000000's Price to $.
[2021/8/18 - 23:46:29] Long has edited HouseID 5000000's Price to $.
[2021/8/18 - 23:46:32] Long has edited HouseID 5000000's Price to $.
[2021/8/18 - 23:46:34] Long has edited HouseID 5000000's Price to $.
[2021/8/18 - 23:46:37] Long has edited HouseID 5000000's Price to $.
[2021/8/18 - 23:46:40] Long has edited HouseID 5000000's Price to $.
[2021/8/18 - 23:46:44] Long has edited HouseID 5000000's Price to $.
[2021/8/18 - 23:46:46] Long has edited HouseID 5000000's Price to $.
[2021/8/18 - 23:46:49] Long has edited HouseID 5000000's Price to $.
[2021/8/18 - 23:46:52] Long has edited HouseID 5000000's Price to $.
[2021/8/18 - 23:46:54] Long has edited HouseID 5000000's Price to $.
[2021/8/18 - 23:46:57] Long has edited HouseID 5000000's Price to $.
[2021/8/18 - 23:46:59] Long has edited HouseID 5000000's Price to $.
[2021/8/18 - 23:47:02] Long has edited HouseID 5000000's Price to $.
[2021/8/18 - 23:47:05] Long has edited HouseID 5000000's Price to $.
[2021/8/18 - 23:47:07] Long has edited HouseID 5000000's Price to $.
[2021/8/18 - 23:47:11] Long has edited HouseID 5000000's Price to $.
[2021/8/18 - 23:47:13] Long has edited HouseID 5000000's Price to $.
[2021/8/18 - 23:47:16] Long has edited HouseID 5000000's Price to $.
[2021/8/18 - 23:47:19] Long has edited HouseID 5000000's Price to $.
[2021/8/18 - 23:47:22] Long has edited HouseID 5000000's Price to $.
[2021/8/18 - 23:48:41] Long has edited HouseID 39's Level to 1.
[2021/8/18 - 23:48:44] Long has edited HouseID 40's Level to 1.
[2021/8/18 - 23:48:49] Long has edited HouseID 41's Level to 1.
[2021/8/18 - 23:48:51] Long has edited HouseID 42's Level to 1.
[2021/8/18 - 23:48:52] Long has edited HouseID 43's Level to 1.
[2021/8/18 - 23:48:54] Long has edited HouseID 44's Level to 1.
[2021/8/18 - 23:48:56] Long has edited HouseID 45's Level to 1.
[2021/8/18 - 23:48:58] Long has edited HouseID 46's Level to 1.
[2021/8/18 - 23:49:00] Long has edited HouseID 47's Level to 1.
[2021/8/18 - 23:49:02] Long has edited HouseID 48's Level to 1.
[2021/8/18 - 23:49:11] Long has edited HouseID 49's Level to 1.
[2021/8/18 - 23:49:14] Long has edited HouseID 50's Level to 1.
[2021/8/18 - 23:49:16] Long has edited HouseID 51's Level to 1.
[2021/8/18 - 23:49:18] Long has edited HouseID 52's Level to 1.
[2021/8/18 - 23:49:20] Long has edited HouseID 53's Level to 1.
[2021/8/18 - 23:49:22] Long has edited HouseID 54's Level to 1.
[2021/8/18 - 23:49:23] Long has edited HouseID 55's Level to 1.
[2021/8/18 - 23:49:26] Long has edited HouseID 56's Level to 1.
[2021/8/18 - 23:49:54] Long has edited HouseID 39's Level to 39.
[2021/8/18 - 23:50:18] Long has edited HouseID 39's Level to 0.
[2021/8/18 - 23:50:22] Long has edited HouseID 40's Level to 0.
[2021/8/18 - 23:50:24] Long has edited HouseID 41's Level to 0.
[2021/8/18 - 23:50:25] Long has edited HouseID 42's Level to 0.
[2021/8/18 - 23:50:27] Long has edited HouseID 43's Level to 0.
[2021/8/18 - 23:50:29] Long has edited HouseID 44's Level to 0.
[2021/8/18 - 23:50:31] Long has edited HouseID 45's Level to 0.
[2021/8/18 - 23:50:33] Long has edited HouseID 46's Level to 0.
[2021/8/18 - 23:50:34] Long has edited HouseID 47's Level to 0.
[2021/8/18 - 23:50:37] Long has edited HouseID 48's Level to 0.
[2021/8/18 - 23:50:38] Long has edited HouseID 49's Level to 0.
[2021/8/18 - 23:50:41] Long has edited HouseID 50's Level to 0.
[2021/8/18 - 23:50:43] Long has edited HouseID 51's Level to 0.
[2021/8/18 - 23:50:45] Long has edited HouseID 52's Level to 0.
[2021/8/18 - 23:50:47] Long has edited HouseID 53's Level to 0.
[2021/8/18 - 23:50:48] Long has edited HouseID 54's Level to 0.
[2021/8/18 - 23:50:51] Long has edited HouseID 55's Level to 0.
[2021/8/18 - 23:50:53] Long has edited HouseID 56's Level to 0.
[2021/8/18 - 23:50:55] Long has edited HouseID 57's Level to 0.
[2021/8/18 - 23:50:57] Long has edited HouseID 58's Level to 0.
[2021/8/18 - 23:51:00] Long has edited HouseID 59's Level to 0.
[2021/8/18 - 23:51:02] Long has edited HouseID 60's Level to 0.
[2021/8/18 - 23:51:03] Long has edited HouseID 61's Level to 0.
[2021/8/18 - 23:51:05] Long has edited HouseID 62's Level to 0.
[2021/8/18 - 23:51:07] Long has edited HouseID 63's Level to 0.
[2021/8/18 - 23:51:09] Long has edited HouseID 64's Level to 0.
[2021/8/18 - 23:51:10] Long has edited HouseID 65's Level to 0.
[2021/8/18 - 23:51:12] Long has edited HouseID 66's Level to 0.
[2021/8/18 - 23:51:14] Long has edited HouseID 67's Level to 0.
[2021/8/18 - 23:51:16] Long has edited HouseID 68's Level to 0.
[2021/8/18 - 23:51:18] Long has edited HouseID 69's Level to 0.
[2021/8/18 - 23:51:20] Long has edited HouseID 70's Level to 0.
[2021/8/18 - 23:51:23] Long has edited HouseID 71's Level to 0.
[2021/8/18 - 23:51:25] Long has edited HouseID 72's Level to 0.
[2021/8/18 - 23:51:26] Long has edited HouseID 73's Level to 0.
[2021/8/18 - 23:51:28] Long has edited HouseID 74's Level to 0.
[2021/8/18 - 23:52:44] Long has edited HouseID 75's Exterior. (Before:  0.000000, 0.000000, 0.000000 | After: 1980.991821, -1682.825439, 17.053716)
[2021/8/18 - 23:53:02] Long has edited HouseID 76's Exterior. (Before:  0.000000, 0.000000, 0.000000 | After: 1978.696533, -1671.410766, 16.187622)
[2021/8/18 - 23:53:12] Long has edited HouseID 77's Exterior. (Before:  0.000000, 0.000000, 0.000000 | After: 1973.233276, -1655.097534, 15.968750)
[2021/8/18 - 23:53:16] Long has edited HouseID 78's Exterior. (Before:  0.000000, 0.000000, 0.000000 | After: 1969.491088, -1655.064331, 15.968750)
[2021/8/18 - 23:53:25] Long has edited HouseID 79's Exterior. (Before:  0.000000, 0.000000, 0.000000 | After: 1967.376342, -1633.707763, 15.968750)
[2021/8/18 - 23:53:28] Long has edited HouseID 80's Exterior. (Before:  0.000000, 0.000000, 0.000000 | After: 1972.187011, -1634.196044, 15.968750)
[2021/8/18 - 23:53:31] Long has edited HouseID 81's Exterior. (Before:  0.000000, 0.000000, 0.000000 | After: 1976.214355, -1634.344604, 16.211059)
[2021/8/18 - 23:53:42] Long has edited HouseID 82's Exterior. (Before:  0.000000, 0.000000, 0.000000 | After: 1974.741088, -1671.191894, 15.968750)
[2021/8/18 - 23:53:45] Long has edited HouseID 83's Exterior. (Before:  0.000000, 0.000000, 0.000000 | After: 1969.912475, -1671.191894, 15.968750)
[2021/8/18 - 23:53:56] Long has edited HouseID 84's Exterior. (Before:  0.000000, 0.000000, 0.000000 | After: 1969.428222, -1705.357666, 15.968750)
[2021/8/18 - 23:54:52] Long has edited HouseID 75's Interior. (Before:  0.000000, 0.000000, 0.000000 | After: 2196.756591, -1204.509033, 1049.023437)
[2021/8/18 - 23:54:55] Long has edited HouseID 76's Interior. (Before:  0.000000, 0.000000, 0.000000 | After: 2196.756591, -1204.509033, 1049.023437)
[2021/8/18 - 23:54:59] Long has edited HouseID 77's Interior. (Before:  0.000000, 0.000000, 0.000000 | After: 2196.756591, -1204.509033, 1049.023437)
[2021/8/18 - 23:55:02] Long has edited HouseID 78's Interior. (Before:  0.000000, 0.000000, 0.000000 | After: 2196.756591, -1204.509033, 1049.023437)
[2021/8/18 - 23:55:05] Long has edited HouseID 79's Interior. (Before:  0.000000, 0.000000, 0.000000 | After: 2196.756591, -1204.509033, 1049.023437)
[2021/8/18 - 23:55:09] Long has edited HouseID 80's Interior. (Before:  0.000000, 0.000000, 0.000000 | After: 2196.756591, -1204.509033, 1049.023437)
[2021/8/18 - 23:55:13] Long has edited HouseID 81's Interior. (Before:  0.000000, 0.000000, 0.000000 | After: 2196.756591, -1204.509033, 1049.023437)
[2021/8/18 - 23:55:16] Long has edited HouseID 82's Interior. (Before:  0.000000, 0.000000, 0.000000 | After: 2196.756591, -1204.509033, 1049.023437)
[2021/8/18 - 23:55:20] Long has edited HouseID 83's Interior. (Before:  0.000000, 0.000000, 0.000000 | After: 2196.756591, -1204.509033, 1049.023437)
[2021/8/18 - 23:55:23] Long has edited HouseID 84's Interior. (Before:  0.000000, 0.000000, 0.000000 | After: 2196.756591, -1204.509033, 1049.023437)
[2021/8/18 - 23:55:44] Long has edited HouseID 5000000's Price to $.
[2021/8/18 - 23:55:46] Long has edited HouseID 5000000's Price to $.
[2021/8/18 - 23:55:50] Long has edited HouseID 5000000's Price to $.
[2021/8/18 - 23:55:52] Long has edited HouseID 5000000's Price to $.
[2021/8/18 - 23:55:55] Long has edited HouseID 5000000's Price to $.
[2021/8/18 - 23:55:59] Long has edited HouseID 5000000's Price to $.
[2021/8/18 - 23:56:02] Long has edited HouseID 5000000's Price to $.
[2021/8/18 - 23:56:05] Long has edited HouseID 5000000's Price to $.
[2021/8/18 - 23:56:07] Long has edited HouseID 5000000's Price to $.
[2021/8/18 - 23:56:10] Long has edited HouseID 5000000's Price to $.
[2021/8/18 - 23:56:51] Long has edited HouseID 85's Exterior. (Before:  0.000000, 0.000000, 0.000000 | After: 2308.940917, -1714.330200, 14.980066)
[2021/8/18 - 23:56:57] Long has edited HouseID 86's Exterior. (Before:  0.000000, 0.000000, 0.000000 | After: 2326.763427, -1716.702026, 14.237878)
[2021/8/18 - 23:57:10] Long has edited HouseID 87's Exterior. (Before:  0.000000, 0.000000, 0.000000 | After: 2385.429931, -1711.657714, 14.242187)
[2021/8/18 - 23:57:28] Long has edited HouseID 88's Exterior. (Before:  0.000000, 0.000000, 0.000000 | After: 2326.951904, -1681.972167, 14.929687)
[2021/8/18 - 23:57:44] Long has edited HouseID 89's Exterior. (Before:  0.000000, 0.000000, 0.000000 | After: 2307.054443, -1679.201049, 14.331628)
[2021/8/18 - 23:57:54] Long has edited HouseID 90's Exterior. (Before:  0.000000, 0.000000, 0.000000 | After: 2282.297851, -1641.213989, 15.889788)
[2021/8/18 - 23:58:03] Long has edited HouseID 91's Exterior. (Before:  0.000000, 0.000000, 0.000000 | After: 2257.183105, -1643.952026, 15.808191)
[2021/8/18 - 23:58:09] Long has edited HouseID 92's Exterior. (Before:  0.000000, 0.000000, 0.000000 | After: 2244.515625, -1637.633178, 16.237878)
[2021/8/18 - 23:58:43] Long has edited HouseID 85's Interior. (Before:  0.000000, 0.000000, 0.000000 | After: 2196.764160, -1204.441162, 1049.023437)
[2021/8/18 - 23:58:46] Long has edited HouseID 86's Interior. (Before:  0.000000, 0.000000, 0.000000 | After: 2196.764160, -1204.441162, 1049.023437)
[2021/8/18 - 23:58:49] Long has edited HouseID 87's Interior. (Before:  0.000000, 0.000000, 0.000000 | After: 2196.764160, -1204.441162, 1049.023437)
[2021/8/18 - 23:58:52] Long has edited HouseID 88's Interior. (Before:  0.000000, 0.000000, 0.000000 | After: 2196.764160, -1204.441162, 1049.023437)
[2021/8/18 - 23:58:56] Long has edited HouseID 89's Interior. (Before:  0.000000, 0.000000, 0.000000 | After: 2196.764160, -1204.441162, 1049.023437)
[2021/8/18 - 23:59:00] Long has edited HouseID 90's Interior. (Before:  0.000000, 0.000000, 0.000000 | After: 2196.764160, -1204.441162, 1049.023437)
[2021/8/18 - 23:59:04] Long has edited HouseID 91's Interior. (Before:  0.000000, 0.000000, 0.000000 | After: 2196.764160, -1204.441162, 1049.023437)
[2021/8/18 - 23:59:08] Long has edited HouseID 92's Interior. (Before:  0.000000, 0.000000, 0.000000 | After: 2196.764160, -1204.441162, 1049.023437)
[2021/8/18 - 23:59:24] Long has edited HouseID 5000000's Price to $.
[2021/8/18 - 23:59:26] Long has edited HouseID 5000000's Price to $.
[2021/8/18 - 23:59:29] Long has edited HouseID 5000000's Price to $.
[2021/8/18 - 23:59:31] Long has edited HouseID 5000000's Price to $.
[2021/8/18 - 23:59:34] Long has edited HouseID 5000000's Price to $.
[2021/8/18 - 23:59:37] Long has edited HouseID 5000000's Price to $.
[2021/8/18 - 23:59:40] Long has edited HouseID 5000000's Price to $.
[2021/8/18 - 23:59:42] Long has edited HouseID 5000000's Price to $.
[2021/8/19 - 0:00:49] Long has edited HouseID 93's Exterior. (Before:  0.000000, 0.000000, 0.000000 | After: 1938.542846, -1911.311889, 15.256797)
[2021/8/19 - 0:00:55] Long has edited HouseID 94's Exterior. (Before:  0.000000, 0.000000, 0.000000 | After: 1928.588012, -1915.902465, 15.256797)
[2021/8/19 - 0:01:06] Long has edited HouseID 95's Exterior. (Before:  0.000000, 0.000000, 0.000000 | After: 1913.368652, -1911.902465, 15.256797)
[2021/8/19 - 0:01:13] Long has edited HouseID 96's Exterior. (Before:  0.000000, 0.000000, 0.000000 | After: 1891.905761, -1914.394653, 15.256797)
[2021/8/19 - 0:01:23] Long has edited HouseID 97's Exterior. (Before:  0.000000, 0.000000, 0.000000 | After: 1872.250610, -1911.785278, 15.256797)
[2021/8/19 - 0:01:31] Long has edited HouseID 98's Exterior. (Before:  0.000000, 0.000000, 0.000000 | After: 1854.118164, -1914.261840, 15.256797)
[2021/8/19 - 0:02:03] Long has edited HouseID 93's Interior. (Before:  0.000000, 0.000000, 0.000000 | After: 2196.749023, -1204.397827, 1049.023437)
[2021/8/19 - 0:02:08] Long has edited HouseID 94's Interior. (Before:  0.000000, 0.000000, 0.000000 | After: 2196.749023, -1204.397827, 1049.023437)
[2021/8/19 - 0:02:17] Long has edited HouseID 95's Interior. (Before:  0.000000, 0.000000, 0.000000 | After: 2196.849365, -1204.530517, 1049.023437)
[2021/8/19 - 0:02:29] Long has edited HouseID 96's Interior. (Before:  0.000000, 0.000000, 0.000000 | After: 2196.777099, -1204.259521, 1049.023437)
[2021/8/19 - 0:02:32] Long has edited HouseID 97's Interior. (Before:  0.000000, 0.000000, 0.000000 | After: 2196.777099, -1204.259521, 1049.023437)
[2021/8/19 - 0:02:36] Long has edited HouseID 98's Interior. (Before:  0.000000, 0.000000, 0.000000 | After: 2196.777099, -1204.259521, 1049.023437)
[2021/8/19 - 0:02:46] Long has edited HouseID 5000000's Price to $.
[2021/8/19 - 0:02:49] Long has edited HouseID 5000000's Price to $.
[2021/8/19 - 0:02:52] Long has edited HouseID 5000000's Price to $.
[2021/8/19 - 0:02:55] Long has edited HouseID 5000000's Price to $.
[2021/8/19 - 0:02:57] Long has edited HouseID 5000000's Price to $.
[2021/8/19 - 0:03:00] Long has edited HouseID 5000000's Price to $.
[2021/8/19 - 0:03:02] Long has edited HouseID 5000000's Price to $.
[2021/8/19 - 13:17:40] Long has edited HouseID 10's Exterior. (Before:  2451.953857, -1641.408935, 14.066209 | After: 2451.457275, -1646.454467, 13.46
[2021/8/19 - 13:17:46] Long has edited HouseID 10's Exterior. (Before:  2451.457275, -1646.454467, 13.468007 | After: 2452.028808, -1642.639404, 13.84
[2021/8/19 - 15:10:59] Long has edited HouseID 74's Exterior. (Before:  0.000000, 0.000000, 0.000000 | After: 2100.011230, -1290.564086, 24.032508)
[2021/8/19 - 15:11:05] Long has edited HouseID 74's Exterior. (Before:  2100.011230, -1290.564086, 24.032508 | After: -1.054275, 0.614252, -2.304385)
[2021/8/19 - 15:28:12] Long has edited HouseID 16's Interior. (Before:  -30.004499, -106.501678, 1007.399536 | After: 2317.673095, -1026.704711, 1050.
[2021/8/19 - 15:28:39] Long has edited HouseID 16's Interior. (Before:  2317.673095, -1026.704711, 1050.217773 | After: 2317.892822, -1026.704345, 105
[2021/8/20 - 23:23:48] MingQuang has edited HouseID 26's Exterior. (Before:  -1608.711914, 731.295410, 12.390319 | After: 2230.091552, -1280.064575, 2
[2021/8/20 - 23:29:55] MingQuang has edited HouseID 26's Interior. (Before:  226.299148, 1114.307983, 1080.992919 | After: 2496.012695, -1692.084716, 
[2021/8/22 - 17:15:25] Tientom has edited HouseID 200000000's Price to $.
[2021/8/22 - 17:21:08] Tientom da chinh sua Thung Rac nha 30's.
[2021/8/22 - 19:53:17] Tientom has edited HouseID 1's Price to $.
[2021/8/22 - 19:57:20] Tientom has edited HouseID 200000000's Price to $.
[2021/8/22 - 19:59:35] Tientom has edited HouseID 1's Price to $.
[2021/8/26 - 11:22:33] MingQuang has edited HouseID 0's Price to $.
[2021/8/26 - 21:59:48] MingQuang has edited HouseID 1's Exterior. (Before:  2067.050781, -1731.650024, 14.206629 | After: 1497.676391, -701.800964, 61
[2021/8/26 - 21:59:58] MingQuang has edited HouseID 1's Interior. (Before:  235.259216, 1186.749511, 1080.257812 | After: 1497.672607, -701.797058, 61
[2021/8/26 - 22:05:55] MingQuang has edited HouseID 1's Exterior. (Before:  1497.676391, -701.800964, 61.825939 | After: 167.772460, -1758.984619, 6.7
[2021/8/26 - 22:06:00] MingQuang has edited HouseID 0's Price to $.
[2021/8/26 - 22:06:28] MingQuang has edited HouseID 1's Custom Interior.
[2021/8/26 - 22:59:23] MingQuang has edited HouseID 13's Exterior. (Before:  2357.045166, 1011.169128, 10.820309 | After: 140.614303, -1953.430541, 80
[2021/8/28 - 23:07:45] MingQuang has edited HouseID 5's Interior. (Before:  -283.438751, 1471.108276, 1084.375000 | After: 140.225448, 1365.925537, 10
[2021/8/28 - 23:07:48] MingQuang has edited HouseID 5's Exterior. (Before:  2066.241455, -1717.087280, 14.136320 | After: 140.225448, 1365.925537, 108
[2021/8/28 - 23:07:49] MingQuang has edited HouseID 5's Interior. (Before:  140.225448, 1365.925537, 1083.859375 | After: 140.225448, 1365.925537, 108
[2021/8/28 - 23:07:54] MingQuang has edited HouseID 5's Custom Interior.
[2021/8/28 - 23:07:59] MingQuang has edited HouseID 0's Price to $.
[2021/8/28 - 23:08:21] MingQuang has edited HouseID 5's Exterior. (Before:  140.225448, 1365.925537, 1083.859375 | After: 2851.850585, -1365.977661, 1
[2021/8/31 - 13:17:51] Shi has edited HouseID 16's Exterior. (Before:  1980.374633, -1718.783081, 17.030130 | After: 1980.991943, -1682.904174, 17.053
[2021/8/31 - 13:18:51] Shi has edited HouseID 24's Exterior. (Before:  2016.201782, -1717.010009, 14.125000 | After: 1980.374877, -1718.989990, 17.030
[2021/8/31 - 13:18:56] Shi has edited HouseID 0's Price to $.
[2021/8/31 - 22:17:48] Long has edited HouseID 32's Exterior. (Before:  2148.937744, -1484.907714, 26.624029 | After: 1970.026733, -1671.191894, 18.54
[2021/9/1 - 13:54:10] Shi has edited HouseID 0's Price to $.
[2021/9/1 - 13:54:33] Shi has edited HouseID 27's Interior. (Before:  226.299148, 1114.307983, 1080.992919 | After: 234.217971, 1063.719970, 1084.212
[2021/9/1 - 13:54:42] Shi has edited HouseID 57's Interior. (Before:  2196.777343, -1204.417114, 1049.023437 | After: 234.217971, 1063.719970, 1084.2
[2021/9/1 - 18:01:39] Shi has edited HouseID 1's Price to $.
[2021/9/1 - 18:01:45] Shi has edited HouseID 5000000's Price to $.
[2021/9/1 - 18:01:51] Shi has edited HouseID 27's Exterior. (Before:  2146.797851, -1470.463989, 26.042570 | After: 2148.937255, -1484.807006, 26.624
[2021/9/1 - 18:02:09] Shi has edited HouseID 1's Price to $.
[2021/9/1 - 18:04:20] Long has edited HouseID 0's Price to $.
[2021/9/2 - 14:01:07] Long has edited HouseID 64's Exterior. (Before:  2090.616210, -1235.163208, 26.019130 | After: 253.162887, -1270.031860, 74.430
[2021/9/2 - 14:12:21] Long has edited HouseID 64's Exterior. (Before:  253.162887, -1270.031860, 74.430831 | After: 263.773498, -1276.537963, 84.7330
[2021/9/2 - 14:22:53] Long has edited HouseID 64's Exterior. (Before:  263.773498, -1276.537963, 84.733009 | After: 253.234390, -1269.965087, 74.4245
[2021/9/2 - 14:23:00] Long has edited HouseID 0's Price to $.
[2021/9/2 - 14:29:51] Long has edited HouseID 64's Interior. (Before:  2196.777343, -1204.417114, 1049.023437 | After: 295.227600, 1472.266113, 1080.
[2021/9/2 - 14:36:31] Long has edited HouseID 5000000's Price to $.
[2021/9/3 - 10:42:17] Shi has edited HouseID 56's Interior. (Before:  2196.777343, -1204.417114, 1049.023437 | After: 234.170928, 1063.721313, 1084.2
[2021/9/3 - 19:50:20] Long SuaXe has edited HouseID 63's Exterior. (Before:  2091.060058, -1277.834472, 26.179689 | After: 784.396911, -1436.075927, 
[2021/9/3 - 19:50:38] Long SuaXe has edited HouseID 0's Price to $.
[2021/9/3 - 19:51:30] Long SuaXe has edited HouseID 63's Interior. (Before:  2196.777343, -1204.417114, 1049.023437 | After: 295.086730, 1472.265747,
[2021/9/4 - 15:23:38] Long has edited HouseID 62's Exterior. (Before:  2111.421875, -1278.976196, 25.835939 | After: 693.555358, -1705.824340, 3.8194
[2021/9/4 - 15:23:54] Long has edited HouseID 0's Price to $.
[2021/9/4 - 15:24:47] Long has edited HouseID 62's Interior. (Before:  2196.777343, -1204.417114, 1049.023437 | After: 295.094726, 1472.260131, 1080.
[2021/9/4 - 15:27:07] Long has edited HouseID 5's Interior. (Before:  140.225448, 1365.925537, 1083.859375 | After: 295.094726, 1472.260131, 1080.257
[2021/9/4 - 22:19:15] Long has edited HouseID 23's Interior. (Before:  -29.772220, -106.508987, 1007.400451 | After: 226.402160, 1114.249267, 1080.99
[2021/9/6 - 13:32:39] Long has edited HouseID 27's Exterior. (Before:  2148.937255, -1484.807006, 26.624149 | After: 1032.229980, -1416.348999, 13.59
[2021/9/6 - 13:34:06] Long has edited HouseID 27's Exterior. (Before:  1032.229980, -1416.348999, 13.595312 | After: 1974.984619, -1671.191894, 15.96
[2021/9/6 - 13:34:28] Long has edited HouseID 27's Exterior. (Before:  1974.984619, -1671.191894, 15.968750 | After: 2148.937744, -1484.847290, 26.62
[2021/9/6 - 14:18:58] Long has edited HouseID 0's Price to $.
[2021/9/6 - 19:19:15] MingQuang has edited HouseID 13's Exterior. (Before:  140.614303, -1953.430541, 801.495910 | After: 632.881164, -5.271261, 1107
[2021/9/6 - 19:20:16] MingQuang has edited HouseID 13's Exterior. (Before:  632.881164, -5.271261, 1107.916137 | After: 633.203125, -8.555594, 1108.7
[2021/9/6 - 19:21:06] MingQuang has edited HouseID 13's Exterior. (Before:  633.203125, -8.555594, 1108.779663 | After: 646.906494, -17.591318, 1108.
[2021/9/6 - 21:10:27] MingQuang has edited HouseID 2's Exterior. (Before:  1439.636718, 1951.872558, 11.460940 | After: 940.846862, -1731.318603, 13.
[2021/9/7 - 9:57:32] Tientom has edited HouseID 9's Level to 3.
[2021/9/7 - 9:57:44] Tientom has edited HouseID 9's Class to 3.
[2021/9/7 - 9:59:16] Tientom has edited HouseID 9's Exterior. (Before:  2015.342895, -1732.612670, 14.234379 | After: 2015.090332, -1732.706298, 14.
[2021/9/7 - 23:13:40] .HAC has edited HouseID 59's Exterior. (Before:  2148.433105, -1320.083862, 26.073820 | After: 222.499206, -1402.269042, 51.609
[2021/9/7 - 23:13:45] .HAC has edited HouseID 0's Price to $.
[2021/9/7 - 23:25:10] Long has edited HouseID 37's Exterior. (Before:  2449.227050, 689.701599, 11.460940 | After: 228.173004, -1405.363891, 51.60937
[2021/9/8 - 7:24:09] Tientom has edited HouseID 14's Exterior. (Before:  2018.055786, -1629.829711, 14.042570 | After: 2015.904296, -1716.881347, 14
[2021/9/8 - 7:24:21] Tientom has edited HouseID 1's Price to $.
[2021/9/8 - 7:24:29] Tientom has edited HouseID 14's Class to 1.
[2021/9/8 - 7:25:25] Tientom has edited HouseID 14's Interior. (Before:  2317.889892, -1026.760009, 1050.217773 | After: 2318.165283, -1026.486816, 
[2021/9/8 - 7:29:21] Tientom has edited HouseID 3's Level to 1.
[2021/9/8 - 7:29:31] Tientom has edited HouseID 9's Level to 1.
[2021/9/8 - 9:34:43] Tientom has edited HouseID 7000000's Price to $.
[2021/9/8 - 9:35:19] Tientom has edited HouseID 30's Class to 1.
[2021/9/8 - 9:35:30] Tientom has edited HouseID 30's Level to 0.
[2021/9/8 - 9:35:33] Tientom has edited HouseID 30's Level to 1.
[2021/9/8 - 9:35:48] Tientom has edited HouseID 32's Class to 1.
[2021/9/8 - 9:35:57] Tientom has edited HouseID 32's Level to 0.
[2021/9/8 - 9:38:41] Tientom has edited HouseID 14's Exterior. (Before:  2015.904296, -1716.881347, 14.039239 | After: 2067.368652, -1731.333740, 13
[2021/9/8 - 9:38:49] Tientom has edited HouseID 14's Exterior. (Before:  2067.368652, -1731.333740, 13.876157 | After: 2067.377929, -1731.771850, 13
[2021/9/8 - 9:38:58] Tientom has edited HouseID 14's Level to 1.
[2021/9/8 - 21:09:27] Tientom has edited HouseID 9's Exterior. (Before:  2015.090332, -1732.706298, 14.234379 | After: 2244.100097, -1637.639160, 16.
[2021/9/10 - 12:13:11] Tientom has edited HouseID 14's Exterior. (Before:  2067.377929, -1731.771850, 13.876159 | After: 2015.297851, -1732.518676, 14
[2021/9/11 - 1:46:25] Long has edited HouseID 37's Interior. (Before:  0.000000, 0.000000, 0.000000 | After: 234.115905, 1063.739379, 1084.212280)
[2021/9/11 - 1:48:38] Long has edited HouseID 37's Level to 2.
[2021/9/11 - 1:50:21] Long has edited HouseID 37's Level to 5.
[2021/9/11 - 14:49:16] Long has edited HouseID 53's Level to 0.
[2021/9/11 - 14:49:25] Long has edited HouseID 0's Price to $.
[2021/9/11 - 14:49:54] Long has edited HouseID 5000000's Price to $.
[2021/9/11 - 23:21:36] Shi has edited HouseID 52's Exterior. (Before:  2256.347412, -1397.243286, 24.573820 | After: 1916.780029, -2000.382690, 13.546
[2021/9/11 - 23:21:46] Shi has edited HouseID 0's Price to $.
[2021/9/12 - 22:43:57] Shi has edited HouseID 0's Price to $.
[2021/9/12 - 22:44:39] Shi has edited HouseID 5000000's Price to $.
[2021/9/12 - 23:29:52] Long has edited HouseID 52's Exterior. (Before:  1916.780029, -2000.382690, 13.546875 | After: 223.970565, -1413.680664, 51.838
[2021/9/12 - 23:35:19] Shi has edited HouseID 0's Price to $.
[2021/9/12 - 23:37:04] Shi has edited HouseID 53's Exterior. (Before:  2202.912353, -1363.670776, 26.190999 | After: 215.072738, -1404.423217, 51.6093
[2021/9/12 - 23:59:26] Shi has edited HouseID 53's Interior. (Before:  2196.777343, -1204.417114, 1049.023437 | After: 234.247741, 1063.720581, 1084.2
[2021/9/13 - 14:21:08] Long has edited HouseID 61's Exterior. (Before:  2132.325195, -1280.045166, 25.890619 | After: 2153.688964, -1243.806396, 25.36
[2021/9/13 - 14:21:13] Long has edited HouseID 0's Price to $.
[2021/9/13 - 18:42:22] Long has edited HouseID 5's Interior. (Before:  295.094726, 1472.260131, 1080.257812 | After: 225.676727, 1021.551208, 1084.017
[2021/9/13 - 18:42:27] Long has edited HouseID 62's Interior. (Before:  295.094726, 1472.260131, 1080.257812 | After: 225.676727, 1021.551208, 1084.01
[2021/9/13 - 18:42:31] Long has edited HouseID 63's Interior. (Before:  295.086730, 1472.265747, 1080.257812 | After: 225.676727, 1021.551208, 1084.01
[2021/9/13 - 18:42:35] Long has edited HouseID 64's Interior. (Before:  295.227600, 1472.266113, 1080.257812 | After: 225.676727, 1021.551208, 1084.01
[2021/9/27 - 22:49:13] Tientom has edited HouseID 27's Exterior. (Before:  2148.937744, -1484.847290, 26.624109 | After: 2067.127929, -1731.405273, 14
[2021/10/5 - 22:32:06] Long has edited HouseID 34's Exterior. (Before:  2066.735839, -1656.438964, 14.132809 | After: 2016.201782, -1717.023437, 14.12
[2021/10/5 - 22:32:11] Long has edited HouseID 0's Price to $.
[2021/10/13 - 22:59:03] MingQuang has edited HouseID 21's Exterior. (Before:  2002.427368, 919.953369, 10.820309 | After: 2018.055786, -1629.795654, 14
[2021/10/13 - 22:59:13] MingQuang has edited HouseID 21's Exterior. (Before:  2018.055786, -1629.795654, 14.042566 | After: 2018.055786, -1629.824218, 
[2021/10/13 - 22:59:51] MingQuang has edited HouseID 0's Price to $.
[2021/10/19 - 12:48:30] Shi has edited HouseID 24's Exterior. (Before:  1980.374877, -1718.989990, 17.030380 | After: 1985.013183, -1719.143310, 15.969
[2021/10/19 - 12:48:47] Shi has edited HouseID 63's Exterior. (Before:  784.396911, -1436.075927, 13.546879 | After: 1980.374633, -1718.984741, 17.0303
[2021/10/19 - 12:52:23] Shi has edited HouseID 63's Exterior. (Before:  1980.374633, -1718.984741, 17.030378 | After: -329.825103, 1537.043090, 76.6117
[2021/10/19 - 12:52:34] Shi has edited HouseID 24's Exterior. (Before:  1985.013183, -1719.143310, 15.969563 | After: -329.664306, 1536.795532, 76.6117
[2021/10/19 - 12:52:51] Shi has edited HouseID 63's Exterior. (Before:  -329.825103, 1537.043090, 76.611709 | After: 1980.374633, -1718.975585, 17.0303
[2021/10/21 - 13:23:39] Shi has edited HouseID 41's Exterior. (Before:  2196.213134, -1404.066528, 25.948820 | After: 2066.241699, -1717.079589, 14.136
[2021/10/21 - 13:23:44] Shi has edited HouseID 1's Price to $.
