[2021/7/20 - 21:04:44] TienTom (SQL: 1282) has deposited $90000000 into their house (ID: 30) safe.
[2021/7/23 - 13:51:03] Babi Kun (SQL: 1347) has deposited 2 pot into their house (ID: 12) safe.
[2021/7/23 - 13:51:28] Babi Kun (SQL: 1347) has withdrawn 2 pot from their house (ID: 12) safe.
[2021/7/25 - 22:21:39] Tom Hanks (SQL: 1290) has deposited $1 into their house (ID: 6) safe.
[2021/7/25 - 22:21:42] Tom Hanks (SQL: 1290) has deposited 1 pot into their house (ID: 6) safe.
[2021/7/25 - 22:21:44] Tom Hanks (SQL: 1290) has deposited 1 materials into their house (ID: 6) safe.
[2021/7/26 - 0:17:05] Rich Brian (SQL: 1431) has deposited 600 crack into their house (ID: 33) safe.
[2021/7/26 - 0:17:09] Rich Brian (SQL: 1431) has deposited 10 crack into their house (ID: 33) safe.
[2021/7/26 - 0:17:11] Rich Brian (SQL: 1431) has deposited 90 crack into their house (ID: 33) safe.
[2021/7/26 - 0:17:33] Rich Brian (SQL: 1431) has deposited 500 pot into their house (ID: 33) safe.
[2021/7/26 - 11:11:55] Tom Hanks (SQL: 1290) has deposited 99 pot into their house (ID: 6) safe.
[2021/7/26 - 11:12:17] Tom Hanks (SQL: 1290) has withdrawn $1 from their house (ID: 6) safe.
[2021/7/26 - 11:12:21] Tom Hanks (SQL: 1290) da rut 1 vat lieu tu nha cua ho (ID: 6).
[2021/7/26 - 22:04:38] TienTom (SQL: 1282) has withdrawn $1000000 from their house (ID: 30) safe.
[2021/7/27 - 20:21:36] Babi Kun (SQL: 1347) has deposited 1 crack into their house (ID: 12) safe.
[2021/7/27 - 20:21:50] Babi Kun (SQL: 1347) has withdrawn 1 crack from their house (ID: 12) safe.
[2021/7/27 - 20:23:39] Babi Kun (SQL: 1347) has deposited 1 crack into their house (ID: 12) safe.
[2021/7/27 - 20:23:44] Babi Kun (SQL: 1347) has withdrawn 1 crack from their house (ID: 12) safe.
[2021/7/29 - 11:50:28] Babi Kun (SQL: 1347) has deposited 5 crack into their house (ID: 4) safe.
[2021/7/29 - 11:50:44] Babi Kun (SQL: 1347) has withdrawn 5 crack from their house (ID: 4) safe.
[2021/7/29 - 11:50:52] Babi Kun (SQL: 1347) has deposited 5 crack into their house (ID: 4) safe.
[2021/7/29 - 11:52:47] Babi Kun (SQL: 1347) has deposited 1020 crack into their house (ID: 4) safe.
[2021/7/29 - 11:53:24] Babi Kun (SQL: 1347) has withdrawn 1025 crack from their house (ID: 4) safe.
[2021/7/29 - 11:58:31] Babi Kun (SQL: 1347) has deposited 1025 crack into their house (ID: 4) safe.
[2021/7/29 - 11:58:56] Babi Kun (SQL: 1347) has withdrawn 1025 crack from their house (ID: 4) safe.
[2021/7/29 - 11:59:03] Babi Kun (SQL: 1347) has deposited 1025 crack into their house (ID: 4) safe.
[2021/7/29 - 11:59:17] Babi Kun (SQL: 1347) has deposited 620 pot into their house (ID: 4) safe.
[2021/7/29 - 11:59:27] Babi Kun (SQL: 1347) has deposited 66 pot into their house (ID: 4) safe.
[2021/7/29 - 12:10:18] Thor Yang (SQL: 1341) has deposited $1 into their house (ID: 10) safe.
[2021/7/29 - 12:10:35] Thor Yang (SQL: 1341) has withdrawn $1 from their house (ID: 10) safe.
[2021/7/29 - 12:10:43] Thor Yang (SQL: 1341) has deposited $100 into their house (ID: 10) safe.
[2021/7/29 - 12:10:50] Thor Yang (SQL: 1341) has withdrawn $100 from their house (ID: 10) safe.
[2021/7/30 - 2:02:35] Babi Kun (SQL: 1347) has withdrawn 25 crack from their house (ID: 4) safe.
[2021/7/30 - 3:01:46] Babi Kun (SQL: 1347) has deposited 15 crack into their house (ID: 4) safe.
[2021/7/30 - 22:11:30] Babi Kun (SQL: 1347) has withdrawn 686 pot from their house (ID: 4) safe.
[2021/7/30 - 22:11:34] Babi Kun (SQL: 1347) has withdrawn 1015 crack from their house (ID: 4) safe.
[2021/7/30 - 23:21:22] TienTom (SQL: 1282) has withdrawn $50000000 from their house (ID: 30) safe.
[2021/7/31 - 21:50:32] TienTom (SQL: 1282) has withdrawn $6000000 from their house (ID: 30) safe.
[2021/7/31 - 23:18:40] TienTom (SQL: 1282) has deposited $38000000 into their house (ID: 30) safe.
[2021/8/1 - 2:13:34] Babi Kun (SQL: 1347) has deposited 600 pot into their house (ID: 12) safe.
[2021/8/1 - 2:13:44] Babi Kun (SQL: 1347) has deposited 1000 crack into their house (ID: 12) safe.
[2021/8/1 - 2:13:55] Babi Kun (SQL: 1347) has deposited 67 pot into their house (ID: 12) safe.
[2021/8/1 - 7:58:23] Rot Bot (SQL: 1392) has deposited 400000 materials into their house (ID: 8) safe.
[2021/8/1 - 7:59:14] Rot Bot (SQL: 1392) da rut 400000 vat lieu tu nha cua ho (ID: 8).
[2021/8/1 - 9:43:22] Babi Kun (SQL: 1347) has withdrawn 667 pot from their house (ID: 12) safe.
[2021/8/1 - 9:43:34] Babi Kun (SQL: 1347) has withdrawn 1000 crack from their house (ID: 12) safe.
[2021/8/3 - 15:34:05] Tientom (SQL: 1282) has withdrawn $2000000 from their house (ID: 30) safe.
[2021/8/4 - 22:00:20] Babi Kun (SQL: 1347) has deposited 664 pot into their house (ID: 12) safe.
[2021/8/4 - 22:00:32] Babi Kun (SQL: 1347) has deposited 941 crack into their house (ID: 12) safe.
[2021/8/5 - 7:55:26] Rot Bot (SQL: 1392) has deposited 400000 materials into their house (ID: 8) safe.
[2021/8/6 - 9:11:45] Rot Bot (SQL: 1392) da rut 400000 vat lieu tu nha cua ho (ID: 8).
[2021/8/6 - 9:11:52] Rot Bot (SQL: 1392) has deposited 400000 materials into their house (ID: 8) safe.
[2021/8/7 - 17:48:27] Babi Kun (SQL: 1347) has withdrawn 664 pot from their house (ID: 12) safe.
[2021/8/7 - 17:48:32] Babi Kun (SQL: 1347) has withdrawn 941 crack from their house (ID: 12) safe.
[2021/8/17 - 7:55:48] Rot Bot (SQL: 1392) da rut 400000 vat lieu tu nha cua ho (ID: 8).
[2021/8/18 - 17:23:32] Trieu DZ (SQL: 1814) has deposited $29407 into their house (ID: 32) safe.
[2021/8/18 - 17:23:43] Trieu DZ (SQL: 1814) has deposited $300000 into their house (ID: 32) safe.
[2021/8/18 - 17:28:22] Trieu DZ (SQL: 1814) has deposited $73000 into their house (ID: 32) safe.
[2021/8/18 - 17:33:49] Trieu DZ (SQL: 1814) has deposited $1 into their house (ID: 32) safe.
[2021/8/18 - 17:33:58] Trieu DZ (SQL: 1814) has deposited $2222 into their house (ID: 32) safe.
[2021/8/18 - 17:35:17] Trieu DZ (SQL: 1814) has deposited 26 pot into their house (ID: 32) safe.
[2021/8/18 - 17:35:29] Trieu DZ (SQL: 1814) has deposited 19 crack into their house (ID: 32) safe.
[2021/8/18 - 17:39:19] Trieu DZ (SQL: 1814) has deposited $47752 into their house (ID: 32) safe.
[2021/8/18 - 20:29:06] Ha Ngo (SQL: 1559) has deposited 101 pot into their house (ID: 15) safe.
[2021/8/18 - 20:29:49] Ha Ngo (SQL: 1559) has withdrawn 101 pot from their house (ID: 15) safe.
[2021/8/18 - 21:57:58] Trieu DZ (SQL: 1814) has withdrawn $1 from their house (ID: 32) safe.
[2021/8/18 - 21:58:28] Trieu DZ (SQL: 1814) has deposited $290501 into their house (ID: 32) safe.
[2021/8/19 - 10:20:54] Trieu DZ (SQL: 1814) has deposited $300000 into their house (ID: 32) safe.
[2021/8/19 - 10:21:30] Trieu DZ (SQL: 1814) has withdrawn $42882 from their house (ID: 32) safe.
[2021/8/19 - 10:21:39] Trieu DZ (SQL: 1814) has withdrawn $42882 from their house (ID: 32) safe.
[2021/8/19 - 10:21:54] Trieu DZ (SQL: 1814) has deposited $42882 into their house (ID: 32) safe.
[2021/8/19 - 10:22:10] Trieu DZ (SQL: 1814) has withdrawn 6 pot from their house (ID: 32) safe.
[2021/8/19 - 10:22:16] Trieu DZ (SQL: 1814) has withdrawn 4 crack from their house (ID: 32) safe.
[2021/8/19 - 18:29:16] Trieu DZ (SQL: 1814) has deposited $130707 into their house (ID: 32) safe.
[2021/8/19 - 18:29:23] Trieu DZ (SQL: 1814) has deposited $50000 into their house (ID: 32) safe.
[2021/8/19 - 22:29:51] Trieu DZ (SQL: 1814) has deposited $166375 into their house (ID: 32) safe.
[2021/8/20 - 10:37:27] Babi Kun (SQL: 1347) has deposited 1000 crack into their house (ID: 4) safe.
[2021/8/20 - 10:37:47] Babi Kun (SQL: 1347) has deposited 700 pot into their house (ID: 4) safe.
[2021/8/20 - 18:33:16] Trieu DZ (SQL: 1814) has withdrawn $1347082 from their house (ID: 32) safe.
[2021/8/20 - 18:33:22] Trieu DZ (SQL: 1814) has withdrawn 3 pot from their house (ID: 32) safe.
[2021/8/20 - 18:33:33] Trieu DZ (SQL: 1814) has withdrawn 16 pot from their house (ID: 32) safe.
[2021/8/20 - 18:33:42] Trieu DZ (SQL: 1814) has withdrawn 15 crack from their house (ID: 32) safe.
[2021/8/20 - 18:33:53] Trieu DZ (SQL: 1814) has withdrawn 1 pot from their house (ID: 32) safe.
[2021/8/22 - 19:54:03] Tientom (SQL: 1282) has deposited $300000 into their house (ID: 30) safe.
[2021/8/22 - 19:55:32] Ryan Smith (SQL: 1281) has deposited $10000 into their house (ID: 30) safe.
[2021/8/25 - 18:30:39] Trieu DZ (SQL: 1814) has deposited $2000000 into their house (ID: 32) safe.
[2021/8/25 - 21:04:29] Trieu DZ (SQL: 1814) has deposited $500000 into their house (ID: 32) safe.
[2021/8/26 - 17:59:10] Trieu DZ (SQL: 1814) has deposited $1000000 into their house (ID: 32) safe.
[2021/8/26 - 21:29:46] Trieu DZ (SQL: 1814) has deposited $40000 into their house (ID: 32) safe.
[2021/8/26 - 21:29:49] Trieu DZ (SQL: 1814) has deposited $400000 into their house (ID: 32) safe.
[2021/8/26 - 21:30:03] Trieu DZ (SQL: 1814) has withdrawn $40000 from their house (ID: 32) safe.
[2021/8/27 - 11:01:15] Trieu DZ (SQL: 1814) has withdrawn $3900000 from their house (ID: 32) safe.
[2021/8/28 - 16:26:35] Trieu DZ (SQL: 1814) has deposited 21 pot into their house (ID: 32) safe.
[2021/8/28 - 16:26:39] Trieu DZ (SQL: 1814) has deposited 14 crack into their house (ID: 32) safe.
[2021/8/28 - 23:14:41] Marcus Alexander (SQL: 2345) has deposited 3 pot into their house (ID: 5) safe.
[2021/8/28 - 23:14:46] Marcus Alexander (SQL: 2345) has deposited 1 crack into their house (ID: 5) safe.
[2021/8/28 - 23:39:54] Marcus Alexander (SQL: 2345) has deposited 10 pot into their house (ID: 5) safe.
[2021/8/28 - 23:40:02] Marcus Alexander (SQL: 2345) has deposited 5 crack into their house (ID: 5) safe.
[2021/8/28 - 23:46:10] Marcus Alexander (SQL: 2345) has deposited 7 pot into their house (ID: 5) safe.
[2021/8/28 - 23:46:16] Marcus Alexander (SQL: 2345) has deposited 10 crack into their house (ID: 5) safe.
[2021/8/29 - 9:15:40] Marcus Alexander (SQL: 2345) has deposited 30 pot into their house (ID: 5) safe.
[2021/8/29 - 9:15:45] Marcus Alexander (SQL: 2345) has deposited 15 crack into their house (ID: 5) safe.
[2021/8/29 - 11:31:24] Beo ly (SQL: 2342) has deposited 26 pot into their house (ID: 1) safe.
[2021/8/29 - 11:31:28] Beo ly (SQL: 2342) has deposited 26 crack into their house (ID: 1) safe.
[2021/8/29 - 11:37:10] Beo ly (SQL: 2342) has deposited 25 pot into their house (ID: 1) safe.
[2021/8/29 - 11:37:14] Beo ly (SQL: 2342) has deposited 25 crack into their house (ID: 1) safe.
[2021/8/29 - 11:43:53] Beo ly (SQL: 2342) has deposited 25 pot into their house (ID: 1) safe.
[2021/8/29 - 11:43:57] Beo ly (SQL: 2342) has deposited 25 crack into their house (ID: 1) safe.
[2021/8/29 - 11:52:44] Beo ly (SQL: 2342) has deposited 25 pot into their house (ID: 1) safe.
[2021/8/29 - 11:52:48] Beo ly (SQL: 2342) has deposited 25 crack into their house (ID: 1) safe.
[2021/8/29 - 12:50:48] Marcus Alexander (SQL: 2345) has deposited 30 pot into their house (ID: 5) safe.
[2021/8/29 - 12:50:54] Marcus Alexander (SQL: 2345) has deposited 20 crack into their house (ID: 5) safe.
[2021/8/29 - 12:51:04] Marcus Alexander (SQL: 2345) has deposited 5 crack into their house (ID: 5) safe.
[2021/8/29 - 12:59:07] Marcus Alexander (SQL: 2345) has deposited 29 pot into their house (ID: 5) safe.
[2021/8/29 - 13:00:14] Babi Kun (SQL: 1347) has deposited 51 crack into their house (ID: 4) safe.
[2021/8/29 - 13:00:20] Babi Kun (SQL: 1347) has deposited 114 pot into their house (ID: 4) safe.
[2021/8/29 - 13:04:02] Babi Kun (SQL: 1347) has deposited 20 crack into their house (ID: 4) safe.
[2021/8/29 - 13:58:10] Beo ly (SQL: 2342) has withdrawn 25 pot from their house (ID: 1) safe.
[2021/8/29 - 13:58:17] Beo ly (SQL: 2342) has withdrawn 25 crack from their house (ID: 1) safe.
[2021/8/29 - 14:00:45] Marcus Alexander (SQL: 2345) has deposited 1 pot into their house (ID: 5) safe.
[2021/8/29 - 14:46:19] Trieu DZ (SQL: 1814) has deposited 9 pot into their house (ID: 32) safe.
[2021/8/29 - 14:46:23] Trieu DZ (SQL: 1814) has deposited 2 crack into their house (ID: 32) safe.
[2021/8/29 - 15:35:09] Marcus Alexander (SQL: 2345) has withdrawn 2 pot from their house (ID: 5) safe.
[2021/8/29 - 15:35:21] Marcus Alexander (SQL: 2345) has withdrawn 5 crack from their house (ID: 5) safe.
[2021/8/29 - 17:19:32] Marcus Alexander (SQL: 2345) has deposited 2 pot into their house (ID: 5) safe.
[2021/8/29 - 17:19:42] Marcus Alexander (SQL: 2345) has deposited 9 crack into their house (ID: 5) safe.
[2021/8/29 - 17:28:13] Marcus Alexander (SQL: 2345) has deposited 30 pot into their house (ID: 5) safe.
[2021/8/29 - 17:28:19] Marcus Alexander (SQL: 2345) has deposited 25 crack into their house (ID: 5) safe.
[2021/8/29 - 18:02:00] Marcus Alexander (SQL: 2345) has withdrawn 5 pot from their house (ID: 5) safe.
[2021/8/29 - 18:02:03] Marcus Alexander (SQL: 2345) has withdrawn 5 crack from their house (ID: 5) safe.
[2021/8/29 - 18:10:36] Marcus Alexander (SQL: 2345) has withdrawn 5 pot from their house (ID: 5) safe.
[2021/8/29 - 18:10:38] Marcus Alexander (SQL: 2345) has withdrawn 5 crack from their house (ID: 5) safe.
[2021/8/29 - 19:51:16] Marcus Alexander (SQL: 2345) has withdrawn 20 pot from their house (ID: 5) safe.
[2021/8/29 - 19:51:18] Marcus Alexander (SQL: 2345) has withdrawn 20 crack from their house (ID: 5) safe.
[2021/8/29 - 19:54:22] Babi Kun (SQL: 1347) has withdrawn 50 pot from their house (ID: 4) safe.
[2021/8/29 - 19:54:24] Babi Kun (SQL: 1347) has withdrawn 50 crack from their house (ID: 4) safe.
[2021/8/29 - 19:59:37] Beo ly (SQL: 2342) has deposited 25 pot into their house (ID: 1) safe.
[2021/8/29 - 19:59:42] Beo ly (SQL: 2342) has deposited 25 crack into their house (ID: 1) safe.
[2021/8/29 - 20:03:02] Marcus Alexander (SQL: 2345) has withdrawn 5 pot from their house (ID: 5) safe.
[2021/8/29 - 20:24:16] Marcus Alexander (SQL: 2345) has deposited 26 pot into their house (ID: 5) safe.
[2021/8/29 - 20:24:34] Marcus Alexander (SQL: 2345) has deposited 26 crack into their house (ID: 5) safe.
[2021/8/29 - 20:26:48] Marcus Alexander (SQL: 2345) has withdrawn 30 pot from their house (ID: 5) safe.
[2021/8/29 - 20:26:52] Marcus Alexander (SQL: 2345) has withdrawn 30 crack from their house (ID: 5) safe.
[2021/8/29 - 20:27:04] Marcus Alexander (SQL: 2345) has withdrawn 50 pot from their house (ID: 5) safe.
[2021/8/29 - 20:27:05] Marcus Alexander (SQL: 2345) has withdrawn 50 crack from their house (ID: 5) safe.
[2021/8/29 - 20:27:31] Marcus Alexander (SQL: 2345) has deposited 105 pot into their house (ID: 5) safe.
[2021/8/29 - 20:27:33] Marcus Alexander (SQL: 2345) has deposited 105 crack into their house (ID: 5) safe.
[2021/8/29 - 20:29:24] Marcus Alexander (SQL: 2345) has deposited 30 pot into their house (ID: 5) safe.
[2021/8/29 - 20:29:33] Marcus Alexander (SQL: 2345) has deposited 25 crack into their house (ID: 5) safe.
[2021/8/29 - 20:35:28] Marcus Alexander (SQL: 2345) has deposited 30 pot into their house (ID: 5) safe.
[2021/8/29 - 20:35:34] Marcus Alexander (SQL: 2345) has deposited 25 crack into their house (ID: 5) safe.
[2021/8/29 - 20:38:30] Marcus Alexander (SQL: 2345) has withdrawn 20 pot from their house (ID: 5) safe.
[2021/8/29 - 20:38:35] Marcus Alexander (SQL: 2345) has withdrawn 20 crack from their house (ID: 5) safe.
[2021/8/29 - 21:45:49] Marcus Alexander (SQL: 2345) has deposited 26 pot into their house (ID: 5) safe.
[2021/8/29 - 21:46:25] Marcus Alexander (SQL: 2345) has deposited 21 crack into their house (ID: 5) safe.
[2021/8/29 - 22:15:49] Marcus Alexander (SQL: 2345) has withdrawn 3 pot from their house (ID: 5) safe.
[2021/8/29 - 23:11:22] Marcus Alexander (SQL: 2345) has deposited 25 pot into their house (ID: 5) safe.
[2021/8/29 - 23:11:26] Marcus Alexander (SQL: 2345) has deposited 5 pot into their house (ID: 5) safe.
[2021/8/29 - 23:11:30] Marcus Alexander (SQL: 2345) has deposited 25 crack into their house (ID: 5) safe.
[2021/8/30 - 0:26:24] Marcus Alexander (SQL: 2345) has withdrawn 25 crack from their house (ID: 5) safe.
[2021/8/30 - 0:26:35] Marcus Alexander (SQL: 2345) has withdrawn 25 crack from their house (ID: 5) safe.
[2021/8/30 - 0:26:36] Marcus Alexander (SQL: 2345) has withdrawn 25 crack from their house (ID: 5) safe.
[2021/8/30 - 0:28:25] Marcus Alexander (SQL: 2345) has deposited 100 crack into their house (ID: 5) safe.
[2021/8/30 - 0:36:17] Marcus Alexander (SQL: 2345) has deposited 30 pot into their house (ID: 5) safe.
[2021/8/30 - 0:36:23] Marcus Alexander (SQL: 2345) has deposited 25 crack into their house (ID: 5) safe.
[2021/8/30 - 0:39:12] Marcus Alexander (SQL: 2345) has deposited 30 pot into their house (ID: 5) safe.
[2021/8/30 - 0:39:19] Marcus Alexander (SQL: 2345) has deposited 25 crack into their house (ID: 5) safe.
[2021/8/30 - 1:00:18] Marcus Alexander (SQL: 2345) has deposited 30 pot into their house (ID: 5) safe.
[2021/8/30 - 1:00:21] Marcus Alexander (SQL: 2345) has deposited 25 crack into their house (ID: 5) safe.
[2021/8/30 - 1:04:05] Marcus Alexander (SQL: 2345) has deposited 11 pot into their house (ID: 5) safe.
[2021/8/30 - 1:04:14] Marcus Alexander (SQL: 2345) has deposited 18 crack into their house (ID: 5) safe.
[2021/8/30 - 20:44:41] Marcus Alexander (SQL: 2345) has withdrawn 20 pot from their house (ID: 5) safe.
[2021/8/30 - 20:44:44] Marcus Alexander (SQL: 2345) has withdrawn 20 crack from their house (ID: 5) safe.
[2021/8/30 - 20:47:06] Marcus Alexander (SQL: 2345) has withdrawn 20 pot from their house (ID: 5) safe.
[2021/8/30 - 20:47:09] Marcus Alexander (SQL: 2345) has withdrawn 20 crack from their house (ID: 5) safe.
[2021/8/30 - 20:47:20] Marcus Alexander (SQL: 2345) has withdrawn 3 pot from their house (ID: 5) safe.
[2021/8/30 - 20:47:23] Marcus Alexander (SQL: 2345) has withdrawn 2 crack from their house (ID: 5) safe.
[2021/8/30 - 21:15:24] Beo ly (SQL: 2342) has withdrawn 10 pot from their house (ID: 1) safe.
[2021/8/30 - 21:15:30] Beo ly (SQL: 2342) has withdrawn 10 crack from their house (ID: 1) safe.
[2021/8/30 - 21:48:23] Marcus Alexander (SQL: 2345) has withdrawn 10 pot from their house (ID: 5) safe.
[2021/8/30 - 21:48:25] Marcus Alexander (SQL: 2345) has withdrawn 10 crack from their house (ID: 5) safe.
[2021/8/30 - 22:27:09] Marcus Alexander (SQL: 2345) has withdrawn 20 pot from their house (ID: 5) safe.
[2021/8/30 - 22:27:12] Marcus Alexander (SQL: 2345) has withdrawn 20 crack from their house (ID: 5) safe.
[2021/8/31 - 9:29:53] Marcus Alexander (SQL: 2345) has withdrawn 30 pot from their house (ID: 5) safe.
[2021/8/31 - 9:29:58] Marcus Alexander (SQL: 2345) has withdrawn 25 crack from their house (ID: 5) safe.
[2021/8/31 - 9:30:14] Marcus Alexander (SQL: 2345) has withdrawn 30 pot from their house (ID: 5) safe.
[2021/8/31 - 9:30:31] Marcus Alexander (SQL: 2345) has withdrawn 90 pot from their house (ID: 5) safe.
[2021/8/31 - 9:30:42] Marcus Alexander (SQL: 2345) has deposited 90 pot into their house (ID: 5) safe.
[2021/8/31 - 9:30:52] Marcus Alexander (SQL: 2345) has deposited 92 pot into their house (ID: 5) safe.
[2021/8/31 - 9:30:58] Marcus Alexander (SQL: 2345) has deposited 50 crack into their house (ID: 5) safe.
[2021/8/31 - 9:31:07] Marcus Alexander (SQL: 2345) has deposited 1 crack into their house (ID: 5) safe.
[2021/8/31 - 9:33:42] Marcus Alexander (SQL: 2345) has deposited 30 pot into their house (ID: 5) safe.
[2021/8/31 - 9:33:47] Marcus Alexander (SQL: 2345) has deposited 25 crack into their house (ID: 5) safe.
[2021/8/31 - 9:36:00] Marcus Alexander (SQL: 2345) has deposited 25 crack into their house (ID: 5) safe.
[2021/8/31 - 9:37:40] Marcus Alexander (SQL: 2345) has deposited 25 crack into their house (ID: 5) safe.
[2021/8/31 - 9:39:42] Marcus Alexander (SQL: 2345) has deposited 25 crack into their house (ID: 5) safe.
[2021/8/31 - 9:41:33] Marcus Alexander (SQL: 2345) has deposited 25 crack into their house (ID: 5) safe.
[2021/8/31 - 9:47:45] Marcus Alexander (SQL: 2345) has withdrawn 25 crack from their house (ID: 5) safe.
[2021/8/31 - 9:50:51] Marcus Alexander (SQL: 2345) has withdrawn 25 crack from their house (ID: 5) safe.
[2021/8/31 - 9:51:02] Marcus Alexander (SQL: 2345) has withdrawn 75 crack from their house (ID: 5) safe.
[2021/8/31 - 10:10:13] Marcus Alexander (SQL: 2345) has withdrawn 150 crack from their house (ID: 5) safe.
[2021/8/31 - 10:10:22] Marcus Alexander (SQL: 2345) has deposited 150 crack into their house (ID: 5) safe.
[2021/8/31 - 10:10:25] Marcus Alexander (SQL: 2345) has deposited 150 crack into their house (ID: 5) safe.
[2021/8/31 - 10:28:43] Marcus Alexander (SQL: 2345) has deposited 25 crack into their house (ID: 5) safe.
[2021/8/31 - 10:30:15] Marcus Alexander (SQL: 2345) has deposited 25 crack into their house (ID: 5) safe.
[2021/8/31 - 10:32:21] Marcus Alexander (SQL: 2345) has deposited 25 crack into their house (ID: 5) safe.
[2021/8/31 - 10:43:58] Marcus Alexander (SQL: 2345) has deposited 25 crack into their house (ID: 5) safe.
[2021/8/31 - 10:47:07] Marcus Alexander (SQL: 2345) has deposited 25 crack into their house (ID: 5) safe.
[2021/8/31 - 10:49:42] Marcus Alexander (SQL: 2345) has deposited 25 crack into their house (ID: 5) safe.
[2021/8/31 - 10:52:31] Marcus Alexander (SQL: 2345) has deposited 25 crack into their house (ID: 5) safe.
[2021/8/31 - 14:10:09] Babi Kun (SQL: 1347) has withdrawn 764 pot from their house (ID: 4) safe.
[2021/8/31 - 14:10:14] Babi Kun (SQL: 1347) has withdrawn 1021 crack from their house (ID: 4) safe.
[2021/8/31 - 17:04:40] Marcus Alexander (SQL: 2345) has withdrawn 2 pot from their house (ID: 5) safe.
[2021/8/31 - 17:04:47] Marcus Alexander (SQL: 2345) has withdrawn 20 crack from their house (ID: 5) safe.
[2021/8/31 - 19:55:23] Marcus Alexander (SQL: 2345) has deposited 30 pot into their house (ID: 5) safe.
[2021/8/31 - 19:55:27] Marcus Alexander (SQL: 2345) has deposited 25 crack into their house (ID: 5) safe.
[2021/8/31 - 19:57:31] Marcus Alexander (SQL: 2345) has deposited 30 pot into their house (ID: 5) safe.
[2021/8/31 - 19:57:35] Marcus Alexander (SQL: 2345) has deposited 25 crack into their house (ID: 5) safe.
[2021/8/31 - 19:59:14] Marcus Alexander (SQL: 2345) has deposited 30 pot into their house (ID: 5) safe.
[2021/8/31 - 19:59:18] Marcus Alexander (SQL: 2345) has deposited 25 crack into their house (ID: 5) safe.
[2021/8/31 - 20:02:32] Marcus Alexander (SQL: 2345) has deposited 30 pot into their house (ID: 5) safe.
[2021/8/31 - 20:02:40] Marcus Alexander (SQL: 2345) has deposited 25 crack into their house (ID: 5) safe.
[2021/8/31 - 20:04:21] Marcus Alexander (SQL: 2345) has deposited 30 pot into their house (ID: 5) safe.
[2021/8/31 - 20:04:27] Marcus Alexander (SQL: 2345) has deposited 25 crack into their house (ID: 5) safe.
[2021/8/31 - 20:57:04] Marcus Alexander (SQL: 2345) has withdrawn 30 pot from their house (ID: 5) safe.
[2021/8/31 - 20:57:06] Marcus Alexander (SQL: 2345) has withdrawn 30 crack from their house (ID: 5) safe.
[2021/8/31 - 22:27:53] Babi Kun (SQL: 1347) has deposited 1100 crack into their house (ID: 12) safe.
[2021/8/31 - 22:28:00] Babi Kun (SQL: 1347) has deposited 800 pot into their house (ID: 12) safe.
[2021/8/31 - 22:56:02] Babi Kun (SQL: 1347) has deposited 50 pot into their house (ID: 12) safe.
[2021/8/31 - 22:59:00] Marcus Alexander (SQL: 2345) has deposited 26 pot into their house (ID: 5) safe.
[2021/8/31 - 22:59:04] Marcus Alexander (SQL: 2345) has deposited 29 crack into their house (ID: 5) safe.
[2021/8/31 - 23:05:07] Marcus Alexander (SQL: 2345) has deposited 30 pot into their house (ID: 5) safe.
[2021/9/1 - 1:08:08] Marcus Alexander (SQL: 2345) has deposited 30 pot into their house (ID: 5) safe.
[2021/9/1 - 1:08:12] Marcus Alexander (SQL: 2345) has deposited 25 crack into their house (ID: 5) safe.
[2021/9/1 - 1:24:54] Marcus Alexander (SQL: 2345) has withdrawn 30 pot from their house (ID: 5) safe.
[2021/9/1 - 1:24:57] Marcus Alexander (SQL: 2345) has withdrawn 25 pot from their house (ID: 5) safe.
[2021/9/1 - 1:25:10] Marcus Alexander (SQL: 2345) has deposited 75 pot into their house (ID: 5) safe.
[2021/9/1 - 1:25:16] Marcus Alexander (SQL: 2345) has deposited 10 pot into their house (ID: 5) safe.
[2021/9/1 - 1:25:20] Marcus Alexander (SQL: 2345) has deposited 26 crack into their house (ID: 5) safe.
[2021/9/1 - 4:37:49] Marcus Alexander (SQL: 2345) has withdrawn 10 pot from their house (ID: 5) safe.
[2021/9/1 - 4:52:35] Marcus Alexander (SQL: 2345) has deposited 30 pot into their house (ID: 5) safe.
[2021/9/1 - 4:52:39] Marcus Alexander (SQL: 2345) has deposited 25 crack into their house (ID: 5) safe.
[2021/9/1 - 4:55:36] Marcus Alexander (SQL: 2345) has deposited 25 pot into their house (ID: 5) safe.
[2021/9/1 - 4:55:40] Marcus Alexander (SQL: 2345) has deposited 25 crack into their house (ID: 5) safe.
[2021/9/1 - 4:55:51] Marcus Alexander (SQL: 2345) has deposited 2 pot into their house (ID: 5) safe.
[2021/9/1 - 4:55:58] Marcus Alexander (SQL: 2345) has deposited 2 crack into their house (ID: 5) safe.
[2021/9/1 - 4:56:05] Marcus Alexander (SQL: 2345) has deposited 1 crack into their house (ID: 5) safe.
[2021/9/1 - 4:58:06] Marcus Alexander (SQL: 2345) has deposited 30 pot into their house (ID: 5) safe.
[2021/9/1 - 4:58:09] Marcus Alexander (SQL: 2345) has deposited 25 crack into their house (ID: 5) safe.
[2021/9/1 - 11:51:54] Marcus Alexander (SQL: 2345) has withdrawn 20 crack from their house (ID: 5) safe.
[2021/9/1 - 15:59:55] Marcus Alexander (SQL: 2345) has deposited 80000 materials into their house (ID: 5) safe.
[2021/9/1 - 17:05:31] Marcus Alexander (SQL: 2345) has withdrawn 10 pot from their house (ID: 5) safe.
[2021/9/1 - 17:05:33] Marcus Alexander (SQL: 2345) has withdrawn 10 crack from their house (ID: 5) safe.
[2021/9/1 - 18:39:26] Marcus Alexander (SQL: 2345) has deposited 30 pot into their house (ID: 5) safe.
[2021/9/1 - 18:39:29] Marcus Alexander (SQL: 2345) has deposited 25 crack into their house (ID: 5) safe.
[2021/9/1 - 20:16:52] Marcus Alexander (SQL: 2345) has withdrawn 50 pot from their house (ID: 5) safe.
[2021/9/1 - 20:16:54] Marcus Alexander (SQL: 2345) has withdrawn 50 crack from their house (ID: 5) safe.
[2021/9/1 - 20:25:27] Marcus Alexander (SQL: 2345) has withdrawn 24 pot from their house (ID: 5) safe.
[2021/9/1 - 20:25:36] Marcus Alexander (SQL: 2345) has withdrawn 27 crack from their house (ID: 5) safe.
[2021/9/1 - 20:32:41] Beo ly (SQL: 2342) has withdrawn 10 pot from their house (ID: 1) safe.
[2021/9/1 - 20:32:45] Beo ly (SQL: 2342) has withdrawn 10 crack from their house (ID: 1) safe.
[2021/9/2 - 3:42:45] Brian Zeros (SQL: 2142) has deposited 60000 materials into their house (ID: 55) safe.
[2021/9/2 - 3:43:02] Brian Zeros (SQL: 2142) has deposited 10000 materials into their house (ID: 55) safe.
[2021/9/2 - 3:43:39] Brian Zeros (SQL: 2142) has deposited 50 pot into their house (ID: 55) safe.
[2021/9/2 - 3:43:51] Brian Zeros (SQL: 2142) has deposited 50 crack into their house (ID: 55) safe.
[2021/9/2 - 15:09:13] Marcus Alexander (SQL: 2345) has deposited 30 pot into their house (ID: 5) safe.
[2021/9/2 - 15:09:18] Marcus Alexander (SQL: 2345) has deposited 25 crack into their house (ID: 5) safe.
[2021/9/2 - 15:09:27] Marcus Alexander (SQL: 2345) has deposited 2 pot into their house (ID: 5) safe.
[2021/9/2 - 15:09:30] Marcus Alexander (SQL: 2345) has deposited 1 crack into their house (ID: 5) safe.
[2021/9/2 - 18:07:11] Marcus Alexander (SQL: 2345) has withdrawn 10 crack from their house (ID: 5) safe.
[2021/9/2 - 18:11:10] Marcus Alexander (SQL: 2345) has deposited 30 pot into their house (ID: 5) safe.
[2021/9/2 - 18:11:13] Marcus Alexander (SQL: 2345) has deposited 25 crack into their house (ID: 5) safe.
[2021/9/2 - 19:02:05] Marcus Alexander (SQL: 2345) has withdrawn 50 pot from their house (ID: 5) safe.
[2021/9/2 - 19:02:08] Marcus Alexander (SQL: 2345) has withdrawn 50 crack from their house (ID: 5) safe.
[2021/9/2 - 19:21:16] Marcus Alexander (SQL: 2345) has deposited 30 pot into their house (ID: 5) safe.
[2021/9/2 - 19:21:22] Marcus Alexander (SQL: 2345) has deposited 25 crack into their house (ID: 5) safe.
[2021/9/2 - 19:22:55] Marcus Alexander (SQL: 2345) has deposited 32 pot into their house (ID: 5) safe.
[2021/9/2 - 19:24:37] Marcus Alexander (SQL: 2345) has withdrawn 20 crack from their house (ID: 5) safe.
[2021/9/2 - 19:57:36] Marcus Alexander (SQL: 2345) has deposited 30 pot into their house (ID: 5) safe.
[2021/9/2 - 19:57:46] Marcus Alexander (SQL: 2345) has withdrawn 20 crack from their house (ID: 5) safe.
[2021/9/2 - 22:05:21] Marcus Alexander (SQL: 2345) da rut 3000 vat lieu tu nha cua ho (ID: 5).
[2021/9/3 - 0:08:39] Brian Zeros (SQL: 2142) da rut 60000 vat lieu tu nha cua ho (ID: 55).
[2021/9/3 - 0:08:44] Brian Zeros (SQL: 2142) da rut 10000 vat lieu tu nha cua ho (ID: 55).
[2021/9/3 - 16:38:27] Beo ly (SQL: 2342) has deposited 25 pot into their house (ID: 1) safe.
[2021/9/3 - 16:38:30] Beo ly (SQL: 2342) has deposited 25 crack into their house (ID: 1) safe.
[2021/9/3 - 17:19:58] Marcus Alexander (SQL: 2345) da rut 50000 vat lieu tu nha cua ho (ID: 5).
[2021/9/3 - 21:06:47] Beo ly (SQL: 2342) has withdrawn 20 pot from their house (ID: 1) safe.
[2021/9/3 - 21:06:52] Beo ly (SQL: 2342) has withdrawn 20 crack from their house (ID: 1) safe.
[2021/9/3 - 21:06:55] Beo ly (SQL: 2342) has withdrawn 20 crack from their house (ID: 1) safe.
[2021/9/3 - 21:06:59] Beo ly (SQL: 2342) has withdrawn 20 pot from their house (ID: 1) safe.
[2021/9/3 - 21:07:50] Beo ly (SQL: 2342) has withdrawn 20 pot from their house (ID: 1) safe.
[2021/9/3 - 21:07:55] Beo ly (SQL: 2342) has withdrawn 20 crack from their house (ID: 1) safe.
[2021/9/3 - 22:25:12] Marcus Alexander (SQL: 2345) has deposited $3 into their house (ID: 5) safe.
[2021/9/3 - 22:25:20] Marcus Alexander (SQL: 2345) has deposited 3 pot into their house (ID: 5) safe.
[2021/9/3 - 22:25:23] Marcus Alexander (SQL: 2345) has deposited 9 crack into their house (ID: 5) safe.
[2021/9/3 - 22:25:31] Marcus Alexander (SQL: 2345) has withdrawn $3 from their house (ID: 5) safe.
[2021/9/3 - 22:46:28] Marcus Alexander (SQL: 2345) has deposited 30 pot into their house (ID: 5) safe.
[2021/9/3 - 22:46:32] Marcus Alexander (SQL: 2345) has deposited 25 crack into their house (ID: 5) safe.
[2021/9/3 - 22:47:51] Marcus Alexander (SQL: 2345) has deposited 7 pot into their house (ID: 5) safe.
[2021/9/3 - 22:49:22] Marcus Alexander (SQL: 2345) has deposited 30 pot into their house (ID: 5) safe.
[2021/9/3 - 22:49:25] Marcus Alexander (SQL: 2345) has deposited 25 crack into their house (ID: 5) safe.
[2021/9/3 - 22:50:49] Marcus Alexander (SQL: 2345) has deposited 30 pot into their house (ID: 5) safe.
[2021/9/3 - 22:50:53] Marcus Alexander (SQL: 2345) has deposited 25 crack into their house (ID: 5) safe.
[2021/9/3 - 22:52:42] Marcus Alexander (SQL: 2345) has deposited 30 pot into their house (ID: 5) safe.
[2021/9/3 - 22:52:46] Marcus Alexander (SQL: 2345) has deposited 25 crack into their house (ID: 5) safe.
[2021/9/3 - 22:54:19] Marcus Alexander (SQL: 2345) has deposited 30 pot into their house (ID: 5) safe.
[2021/9/3 - 22:54:23] Marcus Alexander (SQL: 2345) has deposited 25 crack into their house (ID: 5) safe.
[2021/9/3 - 22:55:48] Marcus Alexander (SQL: 2345) has deposited 30 pot into their house (ID: 5) safe.
[2021/9/3 - 22:55:51] Marcus Alexander (SQL: 2345) has deposited 25 crack into their house (ID: 5) safe.
[2021/9/3 - 23:09:27] Marcus Alexander (SQL: 2345) has deposited $30 into their house (ID: 5) safe.
[2021/9/3 - 23:09:42] Marcus Alexander (SQL: 2345) has deposited 30 pot into their house (ID: 5) safe.
[2021/9/3 - 23:09:49] Marcus Alexander (SQL: 2345) has deposited 25 crack into their house (ID: 5) safe.
[2021/9/3 - 23:11:16] Marcus Alexander (SQL: 2345) has deposited 30 pot into their house (ID: 5) safe.
[2021/9/3 - 23:11:19] Marcus Alexander (SQL: 2345) has deposited 25 crack into their house (ID: 5) safe.
[2021/9/3 - 23:12:55] Marcus Alexander (SQL: 2345) has deposited 30 pot into their house (ID: 5) safe.
[2021/9/3 - 23:13:02] Marcus Alexander (SQL: 2345) has deposited 25 crack into their house (ID: 5) safe.
[2021/9/3 - 23:14:38] Marcus Alexander (SQL: 2345) has deposited 30 pot into their house (ID: 5) safe.
[2021/9/3 - 23:14:40] Marcus Alexander (SQL: 2345) has deposited 25 crack into their house (ID: 5) safe.
[2021/9/3 - 23:14:45] Babi Kun (SQL: 1347) has deposited 100 pot into their house (ID: 12) safe.
[2021/9/3 - 23:14:47] Babi Kun (SQL: 1347) has deposited 100 crack into their house (ID: 12) safe.
[2021/9/3 - 23:15:02] Gau den (SQL: 1445) has deposited 130 pot into their house (ID: 36) safe.
[2021/9/3 - 23:15:08] Babi Kun (SQL: 1347) has deposited 10 crack into their house (ID: 12) safe.
[2021/9/3 - 23:15:10] Gau den (SQL: 1445) has deposited 100 crack into their house (ID: 36) safe.
[2021/9/3 - 23:15:11] Quan Dang (SQL: 1387) has deposited 50 pot into their house (ID: 35) safe.
[2021/9/3 - 23:15:17] Quan Dang (SQL: 1387) has deposited 50 crack into their house (ID: 35) safe.
[2021/9/3 - 23:15:35] Quan Dang (SQL: 1387) has deposited 30 crack into their house (ID: 35) safe.
[2021/9/3 - 23:15:44] Quan Dang (SQL: 1387) has deposited 12 pot into their house (ID: 35) safe.
[2021/9/4 - 1:47:35] Gau den (SQL: 1445) has deposited 10 pot into their house (ID: 36) safe.
[2021/9/4 - 1:47:37] Gau den (SQL: 1445) has deposited 10 pot into their house (ID: 36) safe.
[2021/9/4 - 1:47:41] Gau den (SQL: 1445) has deposited 20 crack into their house (ID: 36) safe.
[2021/9/4 - 9:54:28] Marcus Alexander (SQL: 2345) has deposited 30 pot into their house (ID: 5) safe.
[2021/9/4 - 9:54:30] Marcus Alexander (SQL: 2345) has deposited 25 crack into their house (ID: 5) safe.
[2021/9/4 - 9:57:57] Marcus Alexander (SQL: 2345) has deposited 30 pot into their house (ID: 5) safe.
[2021/9/4 - 9:58:00] Marcus Alexander (SQL: 2345) has deposited 25 crack into their house (ID: 5) safe.
[2021/9/4 - 10:01:12] Marcus Alexander (SQL: 2345) has deposited 30 pot into their house (ID: 5) safe.
[2021/9/4 - 10:01:15] Marcus Alexander (SQL: 2345) has deposited 25 crack into their house (ID: 5) safe.
[2021/9/4 - 10:06:51] Quan Dang (SQL: 1387) has deposited 125 pot into their house (ID: 35) safe.
[2021/9/4 - 10:07:07] Quan Dang (SQL: 1387) has deposited 125 crack into their house (ID: 35) safe.
[2021/9/4 - 10:07:48] Quan Dang (SQL: 1387) has deposited $700000 into their house (ID: 35) safe.
[2021/9/4 - 15:47:15] Mr Huy (SQL: 2332) has deposited 40 pot into their house (ID: 62) safe.
[2021/9/4 - 15:47:20] Mr Huy (SQL: 2332) has deposited 21 crack into their house (ID: 62) safe.
[2021/9/4 - 15:48:31] Mr Huy (SQL: 2332) has deposited 2000 materials into their house (ID: 62) safe.
[2021/9/4 - 15:48:37] Mr Huy (SQL: 2332) has deposited 304 materials into their house (ID: 62) safe.
[2021/9/4 - 21:21:46] Gau den (SQL: 1445) has withdrawn 100 pot from their house (ID: 36) safe.
[2021/9/4 - 21:21:51] Gau den (SQL: 1445) has withdrawn 100 crack from their house (ID: 36) safe.
[2021/9/4 - 23:08:05] Marcus Alexander (SQL: 2345) has deposited 5 crack into their house (ID: 5) safe.
[2021/9/4 - 23:08:10] Marcus Alexander (SQL: 2345) has deposited 5 pot into their house (ID: 5) safe.
[2021/9/4 - 23:10:01] Marcus Alexander (SQL: 2345) has deposited 5 pot into their house (ID: 5) safe.
[2021/9/4 - 23:10:06] Marcus Alexander (SQL: 2345) has deposited 5 crack into their house (ID: 5) safe.
[2021/9/4 - 23:10:11] Marcus Alexander (SQL: 2345) has deposited 5 crack into their house (ID: 5) safe.
[2021/9/4 - 23:10:13] Marcus Alexander (SQL: 2345) has deposited 5 crack into their house (ID: 5) safe.
[2021/9/4 - 23:10:13] Marcus Alexander (SQL: 2345) has deposited 5 crack into their house (ID: 5) safe.
[2021/9/4 - 23:10:14] Marcus Alexander (SQL: 2345) has deposited 5 crack into their house (ID: 5) safe.
[2021/9/4 - 23:10:16] Marcus Alexander (SQL: 2345) has deposited 5 pot into their house (ID: 5) safe.
[2021/9/4 - 23:10:17] Marcus Alexander (SQL: 2345) has deposited 5 pot into their house (ID: 5) safe.
[2021/9/4 - 23:10:19] Marcus Alexander (SQL: 2345) has deposited 5 pot into their house (ID: 5) safe.
[2021/9/4 - 23:10:20] Marcus Alexander (SQL: 2345) has deposited 5 pot into their house (ID: 5) safe.
[2021/9/4 - 23:12:00] Marcus Alexander (SQL: 2345) has deposited 25 pot into their house (ID: 5) safe.
[2021/9/4 - 23:12:07] Marcus Alexander (SQL: 2345) has deposited 25 crack into their house (ID: 5) safe.
[2021/9/4 - 23:13:40] Marcus Alexander (SQL: 2345) has deposited 25 crack into their house (ID: 5) safe.
[2021/9/4 - 23:13:42] Marcus Alexander (SQL: 2345) has deposited 25 pot into their house (ID: 5) safe.
[2021/9/4 - 23:15:51] Marcus Alexander (SQL: 2345) has deposited 25 pot into their house (ID: 5) safe.
[2021/9/4 - 23:15:54] Marcus Alexander (SQL: 2345) has deposited 25 crack into their house (ID: 5) safe.
[2021/9/5 - 12:54:05] Quan Dang (SQL: 1387) has deposited 60 pot into their house (ID: 35) safe.
[2021/9/5 - 12:54:14] Quan Dang (SQL: 1387) has deposited 43 crack into their house (ID: 35) safe.
[2021/9/5 - 13:10:12] Brian Zeros (SQL: 2142) has deposited 70 pot into their house (ID: 55) safe.
[2021/9/5 - 13:10:25] Brian Zeros (SQL: 2142) has deposited 11 pot into their house (ID: 55) safe.
[2021/9/5 - 13:10:32] Brian Zeros (SQL: 2142) has deposited 118 crack into their house (ID: 55) safe.
[2021/9/5 - 13:42:27] Quan Dang (SQL: 1387) has withdrawn $500000 from their house (ID: 35) safe.
[2021/9/5 - 13:45:03] Babi Kun (SQL: 1347) has deposited 750000 materials into their house (ID: 12) safe.
[2021/9/5 - 13:45:25] Babi Kun (SQL: 1347) da rut 750000 vat lieu tu nha cua ho (ID: 12).
[2021/9/5 - 18:42:36] Tai Tran (SQL: 2219) has deposited 1 pot into their house (ID: 56) safe.
[2021/9/5 - 18:42:51] Tai Tran (SQL: 2219) has deposited 180 pot into their house (ID: 56) safe.
[2021/9/5 - 18:43:08] Tai Tran (SQL: 2219) has deposited 100 crack into their house (ID: 56) safe.
[2021/9/5 - 18:44:20] Tai Tran (SQL: 2219) has withdrawn 1 pot from their house (ID: 56) safe.
[2021/9/5 - 18:46:28] Marcus Alexander (SQL: 2345) has withdrawn 30 crack from their house (ID: 5) safe.
[2021/9/5 - 19:16:25] Tai Tran (SQL: 2219) has deposited 6 pot into their house (ID: 56) safe.
[2021/9/5 - 19:16:30] Tai Tran (SQL: 2219) has deposited 9 crack into their house (ID: 56) safe.
[2021/9/5 - 19:16:41] Tai Tran (SQL: 2219) has deposited 1 pot into their house (ID: 56) safe.
[2021/9/5 - 19:37:41] Nam Nam (SQL: 2206) has deposited $100 into their house (ID: 54) safe.
[2021/9/5 - 19:49:20] Marcus Alexander (SQL: 2345) has withdrawn 60 pot from their house (ID: 5) safe.
[2021/9/5 - 19:49:22] Marcus Alexander (SQL: 2345) has withdrawn 60 crack from their house (ID: 5) safe.
[2021/9/5 - 21:57:41] Quan Dang (SQL: 1387) has withdrawn 15 pot from their house (ID: 35) safe.
[2021/9/5 - 21:57:44] Quan Dang (SQL: 1387) has withdrawn 15 crack from their house (ID: 35) safe.
[2021/9/6 - 4:21:06] Beo ly (SQL: 2342) has deposited 40 pot into their house (ID: 1) safe.
[2021/9/6 - 4:21:10] Beo ly (SQL: 2342) has deposited 40 crack into their house (ID: 1) safe.
[2021/9/6 - 11:59:15] Tuan Khoa (SQL: 2324) has deposited 30 pot into their house (ID: 64) safe.
[2021/9/6 - 11:59:21] Tuan Khoa (SQL: 2324) has deposited 30 crack into their house (ID: 64) safe.
[2021/9/6 - 13:36:33] Thien Minh (SQL: 2124) has deposited 36 crack into their house (ID: 16) safe.
[2021/9/6 - 13:36:41] Thien Minh (SQL: 2124) has deposited 70 pot into their house (ID: 16) safe.
[2021/9/6 - 14:58:29] Nicolas Jackson (SQL: 2139) has deposited 43 crack into their house (ID: 45) safe.
[2021/9/6 - 14:58:35] Nicolas Jackson (SQL: 2139) has deposited 26 pot into their house (ID: 45) safe.
[2021/9/6 - 15:35:55] Nicolas Jackson (SQL: 2139) has withdrawn 26 pot from their house (ID: 45) safe.
[2021/9/6 - 15:35:59] Nicolas Jackson (SQL: 2139) has withdrawn 43 crack from their house (ID: 45) safe.
[2021/9/6 - 15:41:16] NG Nam (SQL: 2487) has deposited 10000 materials into their house (ID: 45) safe.
[2021/9/6 - 15:41:26] NG Nam (SQL: 2487) has deposited 5000 materials into their house (ID: 45) safe.
[2021/9/6 - 15:41:54] NG Nam (SQL: 2487) has deposited 26 crack into their house (ID: 45) safe.
[2021/9/6 - 15:42:04] NG Nam (SQL: 2487) has deposited 22 pot into their house (ID: 45) safe.
[2021/9/6 - 16:21:45] NG Nam (SQL: 2487) has deposited 2027 materials into their house (ID: 45) safe.
[2021/9/6 - 18:49:21] Nicolas Jackson (SQL: 2139) has deposited 26 pot into their house (ID: 27) safe.
[2021/9/6 - 18:49:26] Nicolas Jackson (SQL: 2139) has deposited 42 crack into their house (ID: 27) safe.
[2021/9/6 - 20:16:48] Tai Tran (SQL: 2219) has deposited 10000 materials into their house (ID: 56) safe.
[2021/9/6 - 21:10:43] Thien Minh (SQL: 2124) has withdrawn 10 pot from their house (ID: 16) safe.
[2021/9/6 - 21:10:45] Thien Minh (SQL: 2124) has withdrawn 10 crack from their house (ID: 16) safe.
[2021/9/7 - 3:05:37] Nicolas Jackson (SQL: 2139) has deposited 88 pot into their house (ID: 27) safe.
[2021/9/7 - 3:05:39] Nicolas Jackson (SQL: 2139) has deposited 81 crack into their house (ID: 27) safe.
[2021/9/7 - 3:26:58] Brian Zeros (SQL: 2142) has deposited 6 pot into their house (ID: 55) safe.
[2021/9/7 - 3:27:05] Brian Zeros (SQL: 2142) has deposited 8 crack into their house (ID: 55) safe.
[2021/9/7 - 8:46:49] Nam Nam (SQL: 2206) has deposited 10 materials into their house (ID: 54) safe.
[2021/9/7 - 9:02:24] Babi Kun (SQL: 1347) has deposited 170 pot into their house (ID: 12) safe.
[2021/9/7 - 9:02:35] Babi Kun (SQL: 1347) has deposited 85 crack into their house (ID: 12) safe.
[2021/9/7 - 11:56:38] NG Nam (SQL: 2487) has withdrawn 3 pot from their house (ID: 45) safe.
[2021/9/7 - 11:57:06] NG Nam (SQL: 2487) has deposited 1 pot into their house (ID: 45) safe.
[2021/9/7 - 12:06:25] NG Nam (SQL: 2487) has withdrawn 1 pot from their house (ID: 45) safe.
[2021/9/7 - 12:06:39] NG Nam (SQL: 2487) has withdrawn 1 pot from their house (ID: 45) safe.
[2021/9/7 - 12:06:58] NG Nam (SQL: 2487) has deposited 1 pot into their house (ID: 45) safe.
[2021/9/7 - 13:53:26] NG Nam (SQL: 2487) has withdrawn 1 pot from their house (ID: 45) safe.
[2021/9/7 - 13:53:33] NG Nam (SQL: 2487) has withdrawn 2 crack from their house (ID: 45) safe.
[2021/9/7 - 13:53:43] NG Nam (SQL: 2487) has withdrawn 1 pot from their house (ID: 45) safe.
[2021/9/7 - 13:53:56] NG Nam (SQL: 2487) has withdrawn 2 crack from their house (ID: 45) safe.
[2021/9/7 - 13:54:22] NG Nam (SQL: 2487) has deposited 2 crack into their house (ID: 45) safe.
[2021/9/7 - 13:54:28] NG Nam (SQL: 2487) has deposited 1 pot into their house (ID: 45) safe.
[2021/9/7 - 14:23:19] Mr Huy (SQL: 2332) has withdrawn 15 crack from their house (ID: 62) safe.
[2021/9/7 - 14:23:58] Mr Huy (SQL: 2332) has deposited 41 pot into their house (ID: 62) safe.
[2021/9/7 - 14:59:26] Nicolas Jackson (SQL: 2139) has withdrawn 114 pot from their house (ID: 27) safe.
[2021/9/7 - 14:59:29] Nicolas Jackson (SQL: 2139) has withdrawn 123 crack from their house (ID: 27) safe.
[2021/9/7 - 16:49:48] Hy Khang (SQL: 2612) has deposited 24 pot into their house (ID: 57) safe.
[2021/9/7 - 16:49:56] Hy Khang (SQL: 2612) has deposited 47 crack into their house (ID: 57) safe.
[2021/9/7 - 16:50:14] Hy Khang (SQL: 2612) has deposited 4000 materials into their house (ID: 57) safe.
[2021/9/7 - 16:51:25] Hy Khang (SQL: 2612) has deposited $500000 into their house (ID: 57) safe.
[2021/9/7 - 17:06:11] Thien Minh (SQL: 2124) has deposited 10 crack into their house (ID: 16) safe.
[2021/9/7 - 17:06:25] Thien Minh (SQL: 2124) has deposited 15 pot into their house (ID: 16) safe.
[2021/9/7 - 17:06:51] Thien Minh (SQL: 2124) has deposited 4 pot into their house (ID: 16) safe.
[2021/9/7 - 17:06:54] Thien Minh (SQL: 2124) has deposited 5 crack into their house (ID: 16) safe.
[2021/9/7 - 17:07:22] Thien Minh (SQL: 2124) has deposited 11800 materials into their house (ID: 16) safe.
[2021/9/7 - 17:23:55] Tai Tran (SQL: 2219) has deposited 10000 materials into their house (ID: 56) safe.
[2021/9/7 - 17:56:34] NG Nam (SQL: 2487) has withdrawn 18 pot from their house (ID: 45) safe.
[2021/9/7 - 17:56:51] NG Nam (SQL: 2487) has withdrawn 24 crack from their house (ID: 45) safe.
[2021/9/7 - 17:57:40] NG Nam (SQL: 2487) da rut 17027 vat lieu tu nha cua ho (ID: 45).
[2021/9/7 - 18:59:39] Marcus Alexander (SQL: 2345) has deposited 42 pot into their house (ID: 5) safe.
[2021/9/7 - 18:59:49] Marcus Alexander (SQL: 2345) has deposited 4 crack into their house (ID: 5) safe.
[2021/9/7 - 18:59:59] Marcus Alexander (SQL: 2345) has deposited 38 crack into their house (ID: 5) safe.
[2021/9/7 - 19:00:05] Marcus Alexander (SQL: 2345) has deposited 4 pot into their house (ID: 5) safe.
[2021/9/7 - 19:00:11] Marcus Alexander (SQL: 2345) has deposited 1 pot into their house (ID: 5) safe.
[2021/9/7 - 19:58:04] NG Nam (SQL: 2487) has deposited 18 pot into their house (ID: 45) safe.
[2021/9/7 - 19:58:10] NG Nam (SQL: 2487) has deposited 24 crack into their house (ID: 45) safe.
[2021/9/7 - 19:58:18] NG Nam (SQL: 2487) has deposited 17027 materials into their house (ID: 45) safe.
[2021/9/7 - 20:50:48] Babi Kun (SQL: 1347) has withdrawn 30 pot from their house (ID: 12) safe.
[2021/9/7 - 20:50:50] Babi Kun (SQL: 1347) has withdrawn 30 crack from their house (ID: 12) safe.
[2021/9/7 - 21:35:01] NG Nam (SQL: 2487) has withdrawn 2 crack from their house (ID: 45) safe.
[2021/9/7 - 21:35:06] NG Nam (SQL: 2487) has withdrawn 3 pot from their house (ID: 45) safe.
[2021/9/7 - 21:35:33] NG Nam (SQL: 2487) has deposited 1 pot into their house (ID: 45) safe.
[2021/9/7 - 21:35:43] NG Nam (SQL: 2487) has deposited 2 crack into their house (ID: 45) safe.
[2021/9/8 - 7:41:18] Trieu DZ (SQL: 1814) has withdrawn 30 pot from their house (ID: 32) safe.
[2021/9/8 - 7:41:22] Trieu DZ (SQL: 1814) has withdrawn 16 crack from their house (ID: 32) safe.
[2021/9/8 - 15:21:43] Lee Tae Yong (SQL: 2358) has deposited 3 pot into their house (ID: 39) safe.
[2021/9/8 - 15:21:45] Lee Tae Yong (SQL: 2358) has deposited 5 crack into their house (ID: 39) safe.
[2021/9/8 - 15:31:11] Babi Kun (SQL: 1347) has deposited 70 pot into their house (ID: 12) safe.
[2021/9/8 - 15:31:15] Babi Kun (SQL: 1347) has deposited 34 crack into their house (ID: 12) safe.
[2021/9/8 - 15:36:32] Hy Khang (SQL: 2612) has deposited 70 pot into their house (ID: 57) safe.
[2021/9/8 - 15:36:50] Hy Khang (SQL: 2612) has deposited 3 pot into their house (ID: 57) safe.
[2021/9/8 - 15:36:56] Hy Khang (SQL: 2612) has deposited 8 crack into their house (ID: 57) safe.
[2021/9/8 - 15:37:13] Hy Khang (SQL: 2612) has deposited $1000000 into their house (ID: 57) safe.
[2021/9/8 - 19:28:04] Thien Minh (SQL: 2124) has deposited 38 crack into their house (ID: 16) safe.
[2021/9/8 - 19:28:12] Thien Minh (SQL: 2124) has deposited 13 pot into their house (ID: 16) safe.
[2021/9/8 - 19:34:36] Thien Minh (SQL: 2124) has deposited 2233 materials into their house (ID: 16) safe.
[2021/9/8 - 21:00:23] Babi Kun (SQL: 1347) has withdrawn 30 pot from their house (ID: 12) safe.
[2021/9/8 - 21:00:25] Babi Kun (SQL: 1347) has withdrawn 30 crack from their house (ID: 12) safe.
[2021/9/8 - 22:40:38] Lee Tae Yong (SQL: 2358) has deposited 5 pot into their house (ID: 39) safe.
[2021/9/8 - 22:40:41] Lee Tae Yong (SQL: 2358) has deposited 11 crack into their house (ID: 39) safe.
[2021/9/9 - 4:33:47] Babi Kun (SQL: 1347) has deposited 800000 materials into their house (ID: 12) safe.
[2021/9/9 - 14:44:09] Thien Minh (SQL: 2124) has deposited 3 pot into their house (ID: 16) safe.
[2021/9/9 - 14:44:12] Thien Minh (SQL: 2124) has deposited 4 crack into their house (ID: 16) safe.
[2021/9/9 - 17:53:17] Mr Huy (SQL: 2332) has deposited 8762 materials into their house (ID: 62) safe.
[2021/9/9 - 18:34:20] Hy Khang (SQL: 2612) has withdrawn $1000000 from their house (ID: 57) safe.
[2021/9/10 - 13:57:29] NG Nam (SQL: 2487) has deposited 1 pot into their house (ID: 45) safe.
[2021/9/10 - 14:00:50] NG Nam (SQL: 2487) da rut 3000 vat lieu tu nha cua ho (ID: 45).
[2021/9/10 - 20:28:55] Hy Khang (SQL: 2612) has withdrawn 30 crack from their house (ID: 57) safe.
[2021/9/10 - 20:29:00] Hy Khang (SQL: 2612) has withdrawn 30 pot from their house (ID: 57) safe.
[2021/9/10 - 20:43:40] Marcus Alexander (SQL: 2345) has deposited 8 pot into their house (ID: 5) safe.
[2021/9/10 - 20:43:46] Marcus Alexander (SQL: 2345) has deposited 1 pot into their house (ID: 5) safe.
[2021/9/10 - 20:43:49] Marcus Alexander (SQL: 2345) has deposited 9 crack into their house (ID: 5) safe.
[2021/9/10 - 20:44:03] Marcus Alexander (SQL: 2345) has deposited 3000 materials into their house (ID: 5) safe.
[2021/9/10 - 20:44:39] Marcus Alexander (SQL: 2345) has withdrawn 20 pot from their house (ID: 5) safe.
[2021/9/10 - 20:44:41] Marcus Alexander (SQL: 2345) has withdrawn 20 crack from their house (ID: 5) safe.
[2021/9/10 - 21:11:18] Mr Huy (SQL: 2332) has withdrawn 6 crack from their house (ID: 62) safe.
[2021/9/10 - 21:11:28] Mr Huy (SQL: 2332) has withdrawn 20 pot from their house (ID: 62) safe.
[2021/9/10 - 22:50:43] NG Nam (SQL: 2487) has deposited 21 pot into their house (ID: 45) safe.
[2021/9/10 - 22:50:49] NG Nam (SQL: 2487) has deposited 12 crack into their house (ID: 45) safe.
[2021/9/10 - 22:51:03] NG Nam (SQL: 2487) has deposited 3600 materials into their house (ID: 45) safe.
[2021/9/11 - 1:47:31] Long (SQL: 1279) has deposited $1000000 into their house (ID: 37) safe.
[2021/9/11 - 1:47:40] Long (SQL: 1279) has deposited 20 pot into their house (ID: 37) safe.
[2021/9/11 - 1:47:43] Long (SQL: 1279) has deposited 20 crack into their house (ID: 37) safe.
[2021/9/11 - 1:47:48] Long (SQL: 1279) has deposited 200000 materials into their house (ID: 37) safe.
[2021/9/11 - 10:04:08] Chu Muoi (SQL: 2935) has deposited $1000000 into their house (ID: 24) safe.
[2021/9/11 - 10:04:22] Chu Muoi (SQL: 2935) has deposited $1000000 into their house (ID: 24) safe.
[2021/9/11 - 10:05:16] Chu Muoi (SQL: 2935) has deposited $1000000 into their house (ID: 24) safe.
[2021/9/11 - 10:09:46] Chu Muoi (SQL: 2935) has deposited $150000000 into their house (ID: 24) safe.
[2021/9/11 - 14:05:44] Tai Tran (SQL: 2219) has deposited 20000 materials into their house (ID: 56) safe.
[2021/9/11 - 15:20:32] DaM ThIeN MiNh (SQL: 3538) has deposited 4 crack into their house (ID: 16) safe.
[2021/9/11 - 15:20:48] DaM ThIeN MiNh (SQL: 3538) has deposited 38 pot into their house (ID: 16) safe.
[2021/9/11 - 21:53:13] NG Nam (SQL: 2487) da rut 10000 vat lieu tu nha cua ho (ID: 45).
[2021/9/11 - 22:51:51] NG Nam (SQL: 2487) has deposited 7 crack into their house (ID: 45) safe.
[2021/9/11 - 22:51:56] NG Nam (SQL: 2487) has deposited 9 pot into their house (ID: 45) safe.
[2021/9/11 - 22:52:13] NG Nam (SQL: 2487) has deposited 1600 materials into their house (ID: 45) safe.
[2021/9/11 - 23:16:50] chu muoi (SQL: 2935) has withdrawn $150000000 from their house (ID: 24) safe.
[2021/9/11 - 23:17:01] chu muoi (SQL: 2935) has withdrawn $3000000 from their house (ID: 24) safe.
[2021/9/12 - 3:29:54] Babi Kun (SQL: 1347) has deposited 54 crack into their house (ID: 12) safe.
[2021/9/12 - 3:30:09] Babi Kun (SQL: 1347) has deposited 84 pot into their house (ID: 12) safe.
[2021/9/12 - 13:22:04] NG Nam (SQL: 2487) has withdrawn 2 crack from their house (ID: 45) safe.
[2021/9/12 - 13:22:28] NG Nam (SQL: 2487) has deposited 1 crack into their house (ID: 45) safe.
[2021/9/12 - 16:20:30] Babi Kun (SQL: 1347) has withdrawn 5 pot from their house (ID: 12) safe.
[2021/9/12 - 16:20:33] Babi Kun (SQL: 1347) has withdrawn 5 crack from their house (ID: 12) safe.
[2021/9/12 - 17:14:12] Babi Kun (SQL: 1347) has deposited 1 pot into their house (ID: 12) safe.
[2021/9/12 - 17:14:24] Babi Kun (SQL: 1347) has deposited 4 pot into their house (ID: 12) safe.
[2021/9/12 - 17:14:28] Babi Kun (SQL: 1347) has deposited 1 crack into their house (ID: 12) safe.
[2021/9/12 - 17:53:20] Brian Zeros (SQL: 2142) has withdrawn 10 pot from their house (ID: 55) safe.
[2021/9/12 - 17:53:30] Brian Zeros (SQL: 2142) has withdrawn 10 crack from their house (ID: 55) safe.
[2021/9/13 - 0:53:11] NG Nam (SQL: 2487) has withdrawn 2 crack from their house (ID: 45) safe.
[2021/9/13 - 0:53:22] NG Nam (SQL: 2487) has deposited 1 crack into their house (ID: 45) safe.
[2021/9/13 - 4:36:01] Jayz Niggzen (SQL: 2176) has deposited 450 pot into their house (ID: 53) safe.
[2021/9/13 - 4:36:04] Jayz Niggzen (SQL: 2176) has deposited 450 crack into their house (ID: 53) safe.
[2021/9/13 - 11:58:12] Mr Huy (SQL: 2332) da rut 11066 vat lieu tu nha cua ho (ID: 62).
[2021/9/13 - 12:05:03] Hy Khang (SQL: 2612) has withdrawn $200000 from their house (ID: 57) safe.
[2021/9/13 - 12:23:13] Babi Kun (SQL: 1347) has deposited 30 crack into their house (ID: 12) safe.
[2021/9/13 - 12:23:17] Babi Kun (SQL: 1347) has deposited 25 pot into their house (ID: 12) safe.
[2021/9/13 - 20:43:26] Marcus Alexander (SQL: 2345) has withdrawn 100 crack from their house (ID: 5) safe.
[2021/9/15 - 0:29:01] TruongTri Thuan (SQL: 2935) has deposited $100000000 into their house (ID: 24) safe.
[2021/9/15 - 1:19:49] TruongTri Thuan (SQL: 2935) has deposited $50000000 into their house (ID: 24) safe.
[2021/9/15 - 9:02:31] Mr Alexander (SQL: 2345) has withdrawn $30 from their house (ID: 5) safe.
[2021/9/15 - 9:02:50] Mr Alexander (SQL: 2345) has deposited 5 pot into their house (ID: 5) safe.
[2021/9/15 - 9:02:58] Mr Alexander (SQL: 2345) has deposited 90 crack into their house (ID: 5) safe.
[2021/9/15 - 11:10:22] TruongTri Thuan (SQL: 2935) has deposited $10000000 into their house (ID: 24) safe.
[2021/9/15 - 12:44:31] Mr Alexander (SQL: 2345) has withdrawn 100 crack from their house (ID: 5) safe.
[2021/9/24 - 1:06:17] Mr Alexander (SQL: 2345) has withdrawn 10 pot from their house (ID: 5) safe.
[2021/9/24 - 1:06:21] Mr Alexander (SQL: 2345) has withdrawn 10 crack from their house (ID: 5) safe.
[2021/9/24 - 3:28:06] Chritian Cylor (SQL: 2935) has deposited $10000000 into their house (ID: 24) safe.
[2021/9/24 - 5:47:15] Brian Zeros (SQL: 2142) has withdrawn 100 pot from their house (ID: 55) safe.
[2021/9/24 - 5:47:20] Brian Zeros (SQL: 2142) has withdrawn 100 crack from their house (ID: 55) safe.
[2021/9/24 - 5:47:27] Brian Zeros (SQL: 2142) has withdrawn 50 crack from their house (ID: 55) safe.
[2021/9/24 - 5:47:33] Brian Zeros (SQL: 2142) has withdrawn 10 pot from their house (ID: 55) safe.
[2021/9/24 - 5:47:36] Brian Zeros (SQL: 2142) has withdrawn 10 pot from their house (ID: 55) safe.
[2021/9/24 - 15:59:58] Beo ly (SQL: 2342) has deposited 30 pot into their house (ID: 1) safe.
[2021/9/24 - 16:00:01] Beo ly (SQL: 2342) has deposited 30 crack into their house (ID: 1) safe.
[2021/9/25 - 12:23:43] TruongTri Thuan (SQL: 2935) has deposited $10000000 into their house (ID: 24) safe.
[2021/9/25 - 22:32:29] NG Nam (SQL: 2487) da rut 2500 vat lieu tu nha cua ho (ID: 45).
[2021/9/26 - 0:30:01] TruongTri Thuan (SQL: 2935) has withdrawn $170000000 from their house (ID: 24) safe.
[2021/9/26 - 0:30:18] TruongTri Thuan (SQL: 2935) has withdrawn $10000000 from their house (ID: 24) safe.
[2021/9/26 - 4:24:38] Jayz Niggzen (SQL: 2176) has deposited 300000 materials into their house (ID: 53) safe.
[2021/9/26 - 4:25:05] Jayz Niggzen (SQL: 2176) has deposited 50000 materials into their house (ID: 53) safe.
[2021/9/26 - 5:12:58] Jayz Niggzen (SQL: 2176) has deposited 300000 materials into their house (ID: 53) safe.
[2021/9/26 - 5:24:40] Jayz Niggzen (SQL: 2176) has deposited 150000 materials into their house (ID: 53) safe.
[2021/9/26 - 5:41:17] Jayz Niggzen (SQL: 2176) has deposited 200000 materials into their house (ID: 53) safe.
[2021/9/26 - 5:41:40] Jayz Niggzen (SQL: 2176) has deposited 3440 materials into their house (ID: 53) safe.
[2021/9/26 - 11:08:36] TruongTri Thuan (SQL: 2935) has deposited 500 crack into their house (ID: 24) safe.
[2021/9/26 - 11:25:17] Mr Alexander (SQL: 2345) has withdrawn 50 crack from their house (ID: 5) safe.
[2021/9/27 - 2:10:55] NG Nam (SQL: 2487) da rut 2500 vat lieu tu nha cua ho (ID: 45).
[2021/9/27 - 10:29:59] NG Nam (SQL: 2487) da rut 2500 vat lieu tu nha cua ho (ID: 45).
[2021/9/27 - 11:38:19] Mr Alexander (SQL: 2345) has withdrawn 20 pot from their house (ID: 5) safe.
[2021/9/27 - 11:38:22] Mr Alexander (SQL: 2345) has withdrawn 20 crack from their house (ID: 5) safe.
[2021/9/27 - 14:07:13] NG Nam (SQL: 2487) has deposited 7500 materials into their house (ID: 45) safe.
[2021/9/27 - 15:44:02] Mr Alexander (SQL: 2345) has withdrawn 10 crack from their house (ID: 5) safe.
[2021/9/27 - 15:44:04] Mr Alexander (SQL: 2345) has withdrawn 10 pot from their house (ID: 5) safe.
[2021/9/27 - 15:45:04] Mr Alexander (SQL: 2345) has withdrawn 10 pot from their house (ID: 5) safe.
[2021/9/27 - 15:45:08] Mr Alexander (SQL: 2345) has withdrawn 10 crack from their house (ID: 5) safe.
[2021/9/27 - 22:05:27] minh chug (SQL: 3316) has deposited $600000 into their house (ID: 20) safe.
[2021/9/27 - 22:37:13] minh chug (SQL: 3316) has deposited 10 crack into their house (ID: 20) safe.
[2021/9/27 - 22:37:19] minh chug (SQL: 3316) has deposited 17 pot into their house (ID: 20) safe.
[2021/9/27 - 23:01:14] Aston Martin (SQL: 2612) has withdrawn $300000 from their house (ID: 57) safe.
[2021/9/28 - 0:14:40] NG Nam (SQL: 2487) da rut 5000 vat lieu tu nha cua ho (ID: 45).
[2021/9/28 - 1:29:44] minh chug (SQL: 3316) has deposited $1000000 into their house (ID: 20) safe.
[2021/9/28 - 10:35:51] minh chug (SQL: 3316) has deposited $500000 into their house (ID: 20) safe.
[2021/9/28 - 15:59:08] minh chug (SQL: 3316) has deposited $500000 into their house (ID: 20) safe.
[2021/9/28 - 16:00:26] NG Nam (SQL: 2487) da rut 4227 vat lieu tu nha cua ho (ID: 45).
[2021/9/28 - 16:00:35] NG Nam (SQL: 2487) has deposited 1 pot into their house (ID: 45) safe.
[2021/9/28 - 18:06:29] Nicolas Jackson (SQL: 2139) has deposited 267 pot into their house (ID: 27) safe.
[2021/9/28 - 18:06:38] Nicolas Jackson (SQL: 2139) has deposited 136 crack into their house (ID: 27) safe.
[2021/9/29 - 6:44:14] minh chug (SQL: 3316) has deposited $20000 into their house (ID: 20) safe.
[2021/9/29 - 7:45:09] minh chug (SQL: 3316) has deposited $200000 into their house (ID: 20) safe.
[2021/9/29 - 16:14:53] TruongTri Thuan (SQL: 2935) has withdrawn 500 crack from their house (ID: 24) safe.
[2021/9/29 - 17:57:22] TruongTri Thuan (SQL: 2935) has deposited 600 crack into their house (ID: 24) safe.
[2021/9/29 - 17:59:17] TruongTri Thuan (SQL: 2935) has deposited 50 pot into their house (ID: 24) safe.
[2021/9/29 - 17:59:26] TruongTri Thuan (SQL: 2935) has deposited 71 crack into their house (ID: 24) safe.
[2021/9/30 - 10:00:56] minh chug (SQL: 3316) has withdrawn $2600000 from their house (ID: 20) safe.
[2021/9/30 - 17:18:25] Mr Alexander (SQL: 2345) da rut 3000 vat lieu tu nha cua ho (ID: 5).
[2021/10/1 - 4:52:55] Jayz Niggzen (SQL: 2176) has deposited 500000 materials into their house (ID: 53) safe.
[2021/10/1 - 11:30:17] Diablo Ryan (SQL: 2190) has deposited 50 pot into their house (ID: 52) safe.
[2021/10/1 - 11:30:20] Diablo Ryan (SQL: 2190) has deposited 50 crack into their house (ID: 52) safe.
[2021/10/1 - 14:41:03] Mr Alexander (SQL: 2345) has withdrawn 100 pot from their house (ID: 5) safe.
[2021/10/1 - 14:41:08] Mr Alexander (SQL: 2345) has withdrawn 75 crack from their house (ID: 5) safe.
[2021/10/1 - 19:49:08] Babi Kun (SQL: 1347) has deposited 40 pot into their house (ID: 12) safe.
[2021/10/1 - 19:49:16] Babi Kun (SQL: 1347) has deposited 40 crack into their house (ID: 12) safe.
[2021/10/1 - 19:49:32] Babi Kun (SQL: 1347) has deposited 32 pot into their house (ID: 12) safe.
[2021/10/1 - 20:45:19] Babi Kun (SQL: 1347) has withdrawn 50 pot from their house (ID: 12) safe.
[2021/10/1 - 20:45:21] Babi Kun (SQL: 1347) has withdrawn 50 crack from their house (ID: 12) safe.
[2021/10/1 - 21:45:13] Tai Tran (SQL: 2219) has deposited 40000 materials into their house (ID: 56) safe.
[2021/10/2 - 19:41:36] Brian Zeros (SQL: 2142) has deposited 2 crack into their house (ID: 55) safe.
[2021/10/2 - 19:41:40] Brian Zeros (SQL: 2142) has deposited 50 pot into their house (ID: 55) safe.
[2021/10/2 - 19:41:47] Brian Zeros (SQL: 2142) has deposited 5 pot into their house (ID: 55) safe.
[2021/10/2 - 20:20:34] Babi Kun (SQL: 1347) has withdrawn 30 pot from their house (ID: 12) safe.
[2021/10/2 - 20:20:40] Babi Kun (SQL: 1347) has withdrawn 30 crack from their house (ID: 12) safe.
[2021/10/2 - 21:03:19] Beo ly (SQL: 2342) has withdrawn 10 pot from their house (ID: 1) safe.
[2021/10/2 - 21:03:24] Beo ly (SQL: 2342) has withdrawn 10 crack from their house (ID: 1) safe.
[2021/10/3 - 1:57:28] NG Nam (SQL: 2487) has deposited 11 pot into their house (ID: 45) safe.
[2021/10/3 - 1:57:34] NG Nam (SQL: 2487) has deposited 10 crack into their house (ID: 45) safe.
[2021/10/3 - 1:57:45] NG Nam (SQL: 2487) has deposited 30000 materials into their house (ID: 45) safe.
[2021/10/3 - 1:57:54] NG Nam (SQL: 2487) has deposited 1000 materials into their house (ID: 45) safe.
[2021/10/4 - 20:46:25] Quan Dang (SQL: 1387) has withdrawn 20 crack from their house (ID: 35) safe.
[2021/10/4 - 21:57:44] Babi Kun (SQL: 1347) has withdrawn 50 crack from their house (ID: 12) safe.
[2021/10/5 - 18:23:09] minh chug (SQL: 3316) has withdrawn $220000 from their house (ID: 20) safe.
[2021/10/5 - 20:40:19] Mr Alexander (SQL: 2345) has withdrawn 50 crack from their house (ID: 5) safe.
[2021/10/5 - 20:48:41] Babi Kun (SQL: 1347) has withdrawn 20 pot from their house (ID: 12) safe.
[2021/10/5 - 21:24:02] Mr Alexander (SQL: 2345) has withdrawn 50 crack from their house (ID: 5) safe.
[2021/10/6 - 0:36:08] NG Nam (SQL: 2487) has deposited 40000 materials into their house (ID: 45) safe.
[2021/10/6 - 8:22:00] Mr Huy (SQL: 2332) has deposited 40 crack into their house (ID: 62) safe.
[2021/10/6 - 8:22:08] Mr Huy (SQL: 2332) has deposited 7 pot into their house (ID: 62) safe.
[2021/10/6 - 9:18:17] Trieu DZ (SQL: 1814) has deposited 37 pot into their house (ID: 14) safe.
[2021/10/6 - 9:18:21] Trieu DZ (SQL: 1814) has deposited 27 crack into their house (ID: 14) safe.
[2021/10/6 - 9:18:26] Trieu DZ (SQL: 1814) has deposited 10 crack into their house (ID: 14) safe.
[2021/10/6 - 16:44:56] Mr Alexander (SQL: 2345) has withdrawn 20 pot from their house (ID: 5) safe.
[2021/10/6 - 16:44:59] Mr Alexander (SQL: 2345) has withdrawn 20 crack from their house (ID: 5) safe.
[2021/10/7 - 2:40:14] Levis Lucifer (SQL: 3908) has deposited 19000 materials into their house (ID: 63) safe.
[2021/10/7 - 20:16:08] LQ TOAN (SQL: 2497) has deposited 60 pot into their house (ID: 19) safe.
[2021/10/7 - 20:16:18] LQ TOAN (SQL: 2497) has deposited 46 crack into their house (ID: 19) safe.
[2021/10/7 - 20:16:50] LQ TOAN (SQL: 2497) has deposited 6822 materials into their house (ID: 19) safe.
[2021/10/8 - 3:10:05] LQ TOAN (SQL: 2497) has deposited 23100 materials into their house (ID: 19) safe.
[2021/10/8 - 21:38:59] NG Nam (SQL: 2487) has deposited 19 pot into their house (ID: 45) safe.
[2021/10/9 - 0:55:29] NG Nam (SQL: 2487) has deposited 30000 materials into their house (ID: 45) safe.
[2021/10/9 - 20:29:50] Phu Dinh (SQL: 3307) has deposited 8938 materials into their house (ID: 28) safe.
[2021/10/9 - 20:30:32] Phu Dinh (SQL: 3307) has deposited 1 crack into their house (ID: 28) safe.
[2021/10/9 - 21:36:45] Babi Kun (SQL: 1347) has deposited 18 pot into their house (ID: 12) safe.
[2021/10/9 - 21:36:50] Babi Kun (SQL: 1347) has deposited 41 crack into their house (ID: 12) safe.
[2021/10/9 - 22:30:25] NG Nam (SQL: 2487) da rut 12000 vat lieu tu nha cua ho (ID: 45).
[2021/10/11 - 12:58:58] Phu Dinh (SQL: 3307) has deposited 4 pot into their house (ID: 28) safe.
[2021/10/11 - 13:47:44] Van Nam (SQL: 2139) has deposited 62 pot into their house (ID: 27) safe.
[2021/10/11 - 13:47:47] Van Nam (SQL: 2139) has deposited 16 crack into their house (ID: 27) safe.
[2021/10/11 - 13:48:19] Van Nam (SQL: 2139) has deposited 100000 materials into their house (ID: 27) safe.
[2021/10/11 - 17:43:52] LQ TOAN (SQL: 2497) da rut 3000 vat lieu tu nha cua ho (ID: 19).
[2021/10/11 - 17:43:58] LQ TOAN (SQL: 2497) da rut 3000 vat lieu tu nha cua ho (ID: 19).
[2021/10/11 - 17:44:00] LQ TOAN (SQL: 2497) da rut 3000 vat lieu tu nha cua ho (ID: 19).
[2021/10/11 - 17:44:00] LQ TOAN (SQL: 2497) da rut 3000 vat lieu tu nha cua ho (ID: 19).
[2021/10/11 - 17:44:01] LQ TOAN (SQL: 2497) da rut 3000 vat lieu tu nha cua ho (ID: 19).
[2021/10/11 - 17:44:02] LQ TOAN (SQL: 2497) da rut 3000 vat lieu tu nha cua ho (ID: 19).
[2021/10/11 - 17:44:02] LQ TOAN (SQL: 2497) da rut 3000 vat lieu tu nha cua ho (ID: 19).
[2021/10/11 - 17:44:03] LQ TOAN (SQL: 2497) da rut 3000 vat lieu tu nha cua ho (ID: 19).
[2021/10/11 - 17:44:19] LQ TOAN (SQL: 2497) da rut 3000 vat lieu tu nha cua ho (ID: 19).
[2021/10/11 - 17:44:27] LQ TOAN (SQL: 2497) da rut 2000 vat lieu tu nha cua ho (ID: 19).
[2021/10/11 - 17:44:39] LQ TOAN (SQL: 2497) da rut 100 vat lieu tu nha cua ho (ID: 19).
[2021/10/11 - 17:44:42] LQ TOAN (SQL: 2497) da rut 100 vat lieu tu nha cua ho (ID: 19).
[2021/10/11 - 17:44:45] LQ TOAN (SQL: 2497) da rut 100 vat lieu tu nha cua ho (ID: 19).
[2021/10/11 - 17:45:10] LQ TOAN (SQL: 2497) da rut 100 vat lieu tu nha cua ho (ID: 19).
[2021/10/11 - 17:45:15] LQ TOAN (SQL: 2497) da rut 100 vat lieu tu nha cua ho (ID: 19).
[2021/10/11 - 17:45:22] LQ TOAN (SQL: 2497) da rut 100 vat lieu tu nha cua ho (ID: 19).
[2021/10/11 - 17:45:26] LQ TOAN (SQL: 2497) da rut 100 vat lieu tu nha cua ho (ID: 19).
[2021/10/11 - 17:45:29] LQ TOAN (SQL: 2497) da rut 100 vat lieu tu nha cua ho (ID: 19).
[2021/10/11 - 17:45:36] LQ TOAN (SQL: 2497) da rut 100 vat lieu tu nha cua ho (ID: 19).
[2021/10/11 - 17:45:47] LQ TOAN (SQL: 2497) da rut 10 vat lieu tu nha cua ho (ID: 19).
[2021/10/11 - 17:45:53] LQ TOAN (SQL: 2497) da rut 10 vat lieu tu nha cua ho (ID: 19).
[2021/10/11 - 17:46:07] LQ TOAN (SQL: 2497) da rut 1 vat lieu tu nha cua ho (ID: 19).
[2021/10/11 - 17:46:15] LQ TOAN (SQL: 2497) da rut 1 vat lieu tu nha cua ho (ID: 19).
[2021/10/11 - 17:46:33] LQ TOAN (SQL: 2497) has withdrawn 46 crack from their house (ID: 19) safe.
[2021/10/11 - 17:46:46] LQ TOAN (SQL: 2497) has withdrawn 60 pot from their house (ID: 19) safe.
[2021/10/11 - 18:08:54] Weed Dealler (SQL: 5554) has deposited 50 pot into their house (ID: 19) safe.
[2021/10/11 - 18:08:59] Weed Dealler (SQL: 5554) has deposited 50 crack into their house (ID: 19) safe.
[2021/10/11 - 18:09:15] Weed Dealler (SQL: 5554) has deposited 40000 materials into their house (ID: 19) safe.
[2021/10/11 - 20:33:16] Phu Dinh (SQL: 3307) has deposited 938 materials into their house (ID: 28) safe.
[2021/10/11 - 22:56:26] NG Nam (SQL: 2487) da rut 2099 vat lieu tu nha cua ho (ID: 45).
[2021/10/11 - 22:56:38] NG Nam (SQL: 2487) has deposited 73 materials into their house (ID: 45) safe.
[2021/10/11 - 23:41:10] Larry Eriksen (SQL: 2935) has withdrawn 500 crack from their house (ID: 24) safe.
[2021/10/11 - 23:41:24] Larry Eriksen (SQL: 2935) has withdrawn 50 pot from their house (ID: 24) safe.
[2021/10/12 - 0:42:41] Levis Lucifer (SQL: 3908) has deposited 30000 materials into their house (ID: 63) safe.
[2021/10/12 - 2:01:44] Van Nam (SQL: 2139) has withdrawn 300 pot from their house (ID: 27) safe.
[2021/10/12 - 2:01:50] Van Nam (SQL: 2139) has withdrawn 150 crack from their house (ID: 27) safe.
[2021/10/12 - 9:08:24] Tuan Khang (SQL: 2612) da rut 4000 vat lieu tu nha cua ho (ID: 57).
[2021/10/12 - 14:52:10] Lee Tae Yong (SQL: 2358) has deposited 40 crack into their house (ID: 39) safe.
[2021/10/12 - 19:38:57] Ricardo James (SQL: 3758) has deposited $5000000 into their house (ID: 34) safe.
[2021/10/12 - 19:39:09] Ricardo James (SQL: 3758) has deposited $40000000 into their house (ID: 34) safe.
[2021/10/12 - 19:41:19] Ricardo James (SQL: 3758) has deposited $5000000 into their house (ID: 34) safe.
[2021/10/12 - 19:41:33] Ricardo James (SQL: 3758) has withdrawn $50000000 from their house (ID: 34) safe.
[2021/10/12 - 22:28:46] Van Nam (SQL: 2139) has withdrawn 29 pot from their house (ID: 27) safe.
[2021/10/12 - 22:28:50] Van Nam (SQL: 2139) has withdrawn 2 crack from their house (ID: 27) safe.
[2021/10/12 - 22:30:23] Weed Dealler (SQL: 5554) has deposited 100 pot into their house (ID: 19) safe.
[2021/10/12 - 22:30:28] Weed Dealler (SQL: 5554) has deposited 100 crack into their house (ID: 19) safe.
[2021/10/12 - 23:55:38] Weed Dealler (SQL: 5554) has deposited 40 pot into their house (ID: 19) safe.
[2021/10/13 - 2:10:28] Levis Lucifer (SQL: 3908) has deposited 15000 materials into their house (ID: 63) safe.
[2021/10/13 - 2:17:43] Weed Dealler (SQL: 5554) has deposited 25000 materials into their house (ID: 19) safe.
[2021/10/13 - 3:25:20] Weed Dealler (SQL: 5554) has deposited 20000 materials into their house (ID: 19) safe.
[2021/10/13 - 17:16:57] Jayz Niggzen (SQL: 2176) has deposited 23 pot into their house (ID: 53) safe.
[2021/10/13 - 17:17:15] Jayz Niggzen (SQL: 2176) has deposited 23 crack into their house (ID: 53) safe.
[2021/10/13 - 17:17:19] Jayz Niggzen (SQL: 2176) has deposited 32 pot into their house (ID: 53) safe.
[2021/10/14 - 12:17:55] Kha Chanh (SQL: 5122) has deposited $200000 into their house (ID: 21) safe.
[2021/10/14 - 12:18:06] Kha Chanh (SQL: 5122) has withdrawn $200000 from their house (ID: 21) safe.
[2021/10/14 - 20:52:23] NG Nam (SQL: 2487) da rut 10000 vat lieu tu nha cua ho (ID: 45).
[2021/10/14 - 20:59:42] Quan Dang (SQL: 1387) has withdrawn 10 pot from their house (ID: 35) safe.
[2021/10/14 - 20:59:50] Quan Dang (SQL: 1387) has withdrawn 10 crack from their house (ID: 35) safe.
[2021/10/14 - 21:12:07] Jayz Niggzen (SQL: 2176) has withdrawn 60 crack from their house (ID: 53) safe.
[2021/10/14 - 21:12:30] Jayz Niggzen (SQL: 2176) has withdrawn 30 pot from their house (ID: 53) safe.
[2021/10/15 - 11:11:07] Phu Dinh (SQL: 3307) has deposited $172198 into their house (ID: 28) safe.
[2021/10/15 - 14:25:52] minh chug (SQL: 3316) has deposited $1900000 into their house (ID: 20) safe.
[2021/10/16 - 5:31:49] Weed Dealler (SQL: 5554) has deposited 25000 materials into their house (ID: 19) safe.
[2021/10/16 - 19:58:55] Phu Dinh (SQL: 3307) has deposited $479006 into their house (ID: 28) safe.
[2021/10/16 - 21:44:37] Babi Kun (SQL: 1347) has withdrawn 20 crack from their house (ID: 12) safe.
[2021/10/17 - 0:47:07] Weed Dealler (SQL: 5554) has deposited $2000000 into their house (ID: 19) safe.
[2021/10/17 - 4:16:48] Levis Lucifer (SQL: 3908) da rut 10000 vat lieu tu nha cua ho (ID: 63).
[2021/10/17 - 11:14:29] Phu Dinh (SQL: 3307) has deposited 18186 materials into their house (ID: 28) safe.
[2021/10/17 - 20:35:00] Babi Kun (SQL: 1347) has withdrawn 29 pot from their house (ID: 12) safe.
[2021/10/17 - 20:47:25] Weed Dealler (SQL: 5554) has withdrawn $2000000 from their house (ID: 19) safe.
[2021/10/18 - 1:40:15] Levis Lucifer (SQL: 3908) da rut 35000 vat lieu tu nha cua ho (ID: 63).
[2021/10/18 - 2:06:41] Weed Dealler (SQL: 5554) da rut 80000 vat lieu tu nha cua ho (ID: 19).
[2021/10/18 - 2:06:51] Weed Dealler (SQL: 5554) da rut 10000 vat lieu tu nha cua ho (ID: 19).
[2021/10/18 - 2:06:53] Weed Dealler (SQL: 5554) da rut 10000 vat lieu tu nha cua ho (ID: 19).
[2021/10/18 - 2:06:55] Weed Dealler (SQL: 5554) da rut 10000 vat lieu tu nha cua ho (ID: 19).
[2021/10/18 - 4:02:20] Weed Dealler (SQL: 5554) has deposited 10000 materials into their house (ID: 19) safe.
[2021/10/19 - 1:17:02] kiet nguyen (SQL: 2817) has deposited 70 pot into their house (ID: 63) safe.
[2021/10/19 - 1:17:10] kiet nguyen (SQL: 2817) has deposited 50 crack into their house (ID: 63) safe.
[2021/10/19 - 1:40:25] minh chug (SQL: 3316) has deposited $5000000 into their house (ID: 20) safe.
[2021/10/19 - 2:00:26] minh chug (SQL: 3316) has withdrawn $5000000 from their house (ID: 20) safe.
[2021/10/19 - 8:36:52] Weed Dealler (SQL: 5554) has deposited $1000000 into their house (ID: 19) safe.
[2021/10/19 - 18:05:31] kiet nguyen (SQL: 2817) has withdrawn 70 pot from their house (ID: 63) safe.
[2021/10/19 - 18:05:46] kiet nguyen (SQL: 2817) has deposited 70 pot into their house (ID: 63) safe.
[2021/10/19 - 18:47:12] Weed Dealler (SQL: 5554) has deposited $1000000 into their house (ID: 19) safe.
[2021/10/19 - 20:22:39] kiet nguyen (SQL: 2817) has deposited 40 pot into their house (ID: 63) safe.
[2021/10/19 - 20:22:53] kiet nguyen (SQL: 2817) has deposited 80 crack into their house (ID: 63) safe.
[2021/10/20 - 2:53:13] Weed Dealler (SQL: 5554) has deposited 50000 materials into their house (ID: 19) safe.
[2021/10/20 - 3:11:10] Weed Dealler (SQL: 5554) has deposited $1000000 into their house (ID: 19) safe.
[2021/10/21 - 12:53:35] Jayz Niggzen (SQL: 2176) da rut 200000 vat lieu tu nha cua ho (ID: 53).
[2021/10/21 - 12:57:01] Jayz Niggzen (SQL: 2176) has withdrawn 20 pot from their house (ID: 53) safe.
[2021/10/21 - 14:41:41] minh chug (SQL: 3316) has deposited $7000000 into their house (ID: 20) safe.
[2021/10/21 - 23:19:53] NG Nam (SQL: 2487) has deposited 20000 materials into their house (ID: 45) safe.
[2021/10/21 - 23:20:17] NG Nam (SQL: 2487) has deposited 4000 materials into their house (ID: 45) safe.
[2021/10/22 - 3:41:32] minh chug (SQL: 3316) has withdrawn $8900000 from their house (ID: 20) safe.
[2021/10/22 - 3:41:46] minh chug (SQL: 3316) has withdrawn 17 pot from their house (ID: 20) safe.
[2021/10/22 - 3:42:02] minh chug (SQL: 3316) has withdrawn 10 crack from their house (ID: 20) safe.
[2021/10/22 - 3:44:30] minh chug (SQL: 3316) has deposited $9800000 into their house (ID: 58) safe.
[2021/10/22 - 3:44:38] minh chug (SQL: 3316) has deposited 17 pot into their house (ID: 58) safe.
[2021/10/22 - 3:44:45] minh chug (SQL: 3316) has deposited 10 crack into their house (ID: 58) safe.
[2021/10/22 - 23:25:59] Isaac NewSon (SQL: 4122) has deposited 2 crack into their house (ID: 44) safe.
[2021/10/22 - 23:26:16] Isaac NewSon (SQL: 4122) has deposited 7 pot into their house (ID: 44) safe.
[2021/10/22 - 23:26:25] Isaac NewSon (SQL: 4122) has deposited 1 crack into their house (ID: 44) safe.
[2021/10/22 - 23:26:59] Isaac NewSon (SQL: 4122) has deposited 1701 materials into their house (ID: 44) safe.
[2021/10/23 - 0:33:38] kiet nguyen (SQL: 2817) has deposited 1 pot into their house (ID: 63) safe.
[2021/10/23 - 0:33:42] kiet nguyen (SQL: 2817) has deposited 1 crack into their house (ID: 63) safe.
[2021/10/23 - 10:16:13] NG Nam (SQL: 2487) has deposited $1 into their house (ID: 45) safe.
[2021/10/23 - 10:16:26] NG Nam (SQL: 2487) has deposited $10000000 into their house (ID: 45) safe.
[2021/10/23 - 13:31:03] NG Nam (SQL: 2487) has deposited $7000000 into their house (ID: 45) safe.
[2021/10/23 - 15:16:29] Isaac NewSon (SQL: 4122) has deposited 2700 materials into their house (ID: 44) safe.
[2021/10/23 - 15:16:47] Isaac NewSon (SQL: 4122) has deposited $50000 into their house (ID: 44) safe.
[2021/10/23 - 16:59:41] Phu Dinh (SQL: 3307) da rut 20000 vat lieu tu nha cua ho (ID: 28).
[2021/10/23 - 17:03:15] Phu Dinh (SQL: 3307) da rut 8000 vat lieu tu nha cua ho (ID: 28).
[2021/10/23 - 17:57:01] Van Nam (SQL: 2139) da rut 100000 vat lieu tu nha cua ho (ID: 27).
[2021/10/23 - 18:39:05] minh chug (SQL: 3316) has withdrawn $9800000 from their house (ID: 58) safe.
[2021/10/23 - 19:15:09] NG Nam (SQL: 2487) has deposited $10000000 into their house (ID: 45) safe.
