[2017/12/30 - 14:31:53] Tyler has IP Checked Rin
[2021/7/18 - 14:45:06] Fairy Hair has IP Checked MingQuang
[2021/7/18 - 16:19:07] Fairy Hair has IP Checked Brandon Prascott
[2021/7/18 - 17:52:21] Xander Archer has IP Checked tuan_dung
[2021/7/18 - 22:16:00] Xander Archer has IP Checked Brandon Prascott
[2021/7/19 - 12:09:56] Xander Archer has IP Checked Otter Steward
[2021/7/20 - 0:58:47] Xander Archer has IP Checked Nguyen Nhan
[2021/7/21 - 1:23:28] Long has IP Checked Chua he
[2021/7/21 - 1:24:02] Long has IP Checked Mazuong Cheese
[2021/7/21 - 1:24:31] Long has IP Checked Gau Den
[2021/7/21 - 13:53:43] Long has IP Checked Chevrolet Camaro
[2021/7/21 - 16:22:02] Long has IP Checked Chua he
[2021/7/21 - 17:12:55] Long has IP Checked than he
[2021/7/21 - 17:14:49] Long has IP Checked Chua he
[2021/7/21 - 21:20:42] Xander Arche has IP Checked Nhi
[2021/7/21 - 21:47:48] Xander Arche has IP Checked Brandon Prascott
[2021/7/21 - 23:38:52] Long has IP Checked Nhi
[2021/7/22 - 1:07:31] Long has IP Checked Keelin Borussia
[2021/7/22 - 11:00:32] Xander Arche has IP Checked Xander_Archer
[2021/7/22 - 12:27:18] Hoai Rinn has IP Checked NguyenLe_An
[2021/7/22 - 12:27:31] Hoai Rinn has IP Checked Liam Le
[2021/7/22 - 14:01:15] Hoai Rinn has IP Checked Ho_Duy
[2021/7/22 - 14:27:11] Hoai Rinn has IP Checked Thien_Ha
[2021/7/22 - 14:50:32] Long has IP Checked Kita Smiths
[2021/7/22 - 16:38:53] Hoai Rinn has IP Checked Trua_He
[2021/7/22 - 21:22:31] MingQuang has IP Checked ChoiGemKoDos DoiKoNe
[2021/7/22 - 21:22:31] Long has IP Checked Quang Handsome
[2021/7/22 - 21:22:48] Shi has IP Checked Quang Handsome
[2021/7/22 - 21:28:46] Long has IP Checked hovan tin
[2021/7/23 - 11:50:49] Shi has IP Checked Tom Curise
[2021/7/24 - 0:31:50] ToKuDa has IP Checked VU BILL
[2021/7/24 - 0:32:38] ToKuDa has IP Checked Ducc Hoa
[2021/7/24 - 0:32:47] ToKuDa has IP Checked The Forseti
[2021/7/24 - 0:33:29] ToKuDa has IP Checked Kevin Over
[2021/7/24 - 0:33:42] ToKuDa has IP Checked Quan Dang
[2021/7/24 - 0:33:48] ToKuDa has IP Checked Ducc Hoa
[2021/7/24 - 0:34:03] ToKuDa has IP Checked Basil Griffin
[2021/7/24 - 0:34:10] ToKuDa has IP Checked Kurei Shendel
[2021/7/24 - 0:34:15] ToKuDa has IP Checked YooShi Jin
[2021/7/24 - 0:34:18] ToKuDa has IP Checked Otter Steward
[2021/7/24 - 0:34:21] ToKuDa has IP Checked Kevin Over
[2021/7/24 - 0:34:27] ToKuDa has IP Checked Ducc Hoa
[2021/7/24 - 0:34:32] ToKuDa has IP Checked Ducc Hoa
[2021/7/24 - 0:34:50] ToKuDa has IP Checked Gau Den
[2021/7/24 - 0:34:54] ToKuDa has IP Checked Dominic Toretto
[2021/7/24 - 0:35:00] ToKuDa has IP Checked Dalton Campbell
[2021/7/24 - 0:35:04] ToKuDa has IP Checked The Forseti
[2021/7/24 - 0:35:08] ToKuDa has IP Checked Basil Griffin
[2021/7/24 - 0:36:36] ToKuDa has IP Checked BANH BAO
[2021/7/24 - 0:40:15] ToKuDa has IP Checked Kurei Shendel
[2021/7/24 - 0:44:24] ToKuDa has IP Checked Kenny Kennys
[2021/7/24 - 0:44:44] ToKuDa has IP Checked Kenny Kennys
[2021/7/24 - 0:54:01] Long has IP Checked Ha Dong
[2021/7/24 - 1:09:56] Long has IP Checked ADCUHN TT
[2021/7/24 - 1:13:08] Long has IP Checked VU BILL
[2021/7/24 - 1:15:04] Long has IP Checked Dong Xin
[2021/7/24 - 1:15:49] Long has IP Checked VU BILL
[2021/7/24 - 1:15:52] Long has IP Checked Kenny Kennys
[2021/7/24 - 1:35:39] Long has IP Checked Ho Khai
[2021/7/24 - 10:53:02] Khanh Don has IP Checked Banh Khuc
[2021/7/24 - 11:00:04] Khanh Don has IP Checked duy man
[2021/7/24 - 11:00:06] Khanh Don has IP Checked duy man
[2021/7/24 - 11:46:17] Khanh Don has IP Checked duy man
[2021/7/24 - 17:51:34] Long has IP Checked Kurei Shendel
[2021/7/24 - 21:18:04] Long has IP Checked quing dz
[2021/7/24 - 21:42:53] admin has IP Checked Chinh_Tu
[2021/7/24 - 21:43:09] admin has IP Checked Nguyen_Nhan
[2021/7/24 - 21:43:20] Long has IP Checked Chua he
[2021/7/24 - 21:44:06] Long has IP Checked Chua he
[2021/7/24 - 21:44:09] admin has IP Checked Nguyen_Nhan
[2021/7/24 - 21:45:01] Long has IP Checked TRONG BUR
[2021/7/24 - 22:21:58] Long has IP Checked vua_he
[2021/7/24 - 22:22:05] Danielle has IP Checked vua_he
[2021/7/24 - 22:22:15] Shi Master has IP Checked vua_he
[2021/7/24 - 22:22:15] Danielle has IP Checked Chua_he
[2021/7/24 - 22:22:48] Shi Master has IP Checked Nguyen_Nhan
[2021/7/25 - 14:04:06] Long has IP Checked Rot Bot
[2021/7/25 - 22:47:58] Long has IP Checked Dark Night
[2021/7/25 - 22:52:13] Danielle has IP Checked Simple Love
[2021/7/25 - 22:53:01] Danielle has IP Checked Simple Love
[2021/7/25 - 22:54:25] Danielle has IP Checked Simple Right
[2021/7/25 - 22:55:16] Danielle has IP Checked Simple Right
[2021/7/26 - 0:44:32] MingQuang has IP Checked DangVan Ngu
[2021/7/26 - 12:38:37] MingQuang has IP Checked Otter Steward
[2021/7/26 - 15:09:44] Long has IP Checked Justin Baby
[2021/7/26 - 15:29:20] Danielle has IP Checked Rjn Penho
[2021/7/26 - 15:30:20] Danielle has IP Checked Rjn Penho
[2021/7/26 - 22:12:11] TienTom has IP Checked BuiMinh_Top1
[2021/7/26 - 22:12:12] HAC has IP Checked BuiMinh TopMot
[2021/7/26 - 22:51:57] TienTom has IP Checked Dawkin Nguyen
[2021/7/26 - 22:52:05] TienTom has IP Checked Salueste Huppy
[2021/7/26 - 22:54:39] TienTom has IP Checked Salueste_Huppy
[2021/7/26 - 23:03:10] TienTom has IP Checked Samurai Huy
[2021/7/27 - 16:11:15] Long has IP Checked Tupac_Takanashi
[2021/7/27 - 16:12:15] Long has IP Checked Babi Kun
[2021/7/27 - 17:20:40] Long has IP Checked donald_duck
[2021/7/27 - 19:03:27] Danielle has IP Checked Trien Chieu
[2021/7/28 - 19:22:42] Long has IP Checked davin roger
[2021/7/28 - 20:49:12] Long has IP Checked Minh_Thuat
[2021/7/29 - 13:47:39] Long has IP Checked AS_MOBILE
[2021/7/29 - 20:19:11] Long has IP Checked SIRO GAMING
[2021/7/29 - 20:38:26] Long has IP Checked Williams Kane
[2021/7/30 - 15:41:20] Long has IP Checked Mlem Mlem
[2021/7/31 - 22:08:26] Shi Master has IP Checked Tran_Trung_Hau
[2021/8/1 - 11:50:06] TienTom has IP Checked Tom Curry
[2021/8/1 - 17:31:33] Long has IP Checked Anh_Bay
[2021/8/2 - 0:23:21] Long has IP Checked Yuno kinomoto
[2021/8/2 - 0:23:36] Long has IP Checked Yuno_kinomoto
[2021/8/2 - 0:24:48] Shi Master has IP Checked Yuno kinomoto
[2021/8/2 - 0:26:06] Shi Master has IP Checked Otter_Steward
[2021/8/2 - 0:27:10] Long has IP Checked Otter_Steward
[2021/8/2 - 14:53:22] Ryan Smith has IP Checked Uzumaki Hokage
[2021/8/2 - 14:53:26] Ryan Smith has IP Checked Alex Hokage
[2021/8/2 - 14:53:40] Long has IP Checked Alex Hokage
[2021/8/2 - 14:53:42] Long has IP Checked Uzumaki Hokage
[2021/8/2 - 14:53:52] Long has IP Checked Shark_Boy
[2021/8/2 - 14:56:49] Long has IP Checked Alex Hokage
[2021/8/2 - 14:56:55] Long has IP Checked Shark_Boy
[2021/8/2 - 15:35:08] Ryan Smith has IP Checked linh hoang
[2021/8/2 - 15:35:13] Ryan Smith has IP Checked Tom Curry
[2021/8/2 - 15:35:22] Ryan Smith has IP Checked Tom Curise
[2021/8/2 - 17:24:28] Ryan Smith has IP Checked Tom Curise
[2021/8/2 - 17:24:29] Ryan Smith has IP Checked Yosjn No
[2021/8/2 - 17:26:08] Ryan Smith has IP Checked Tran Long
[2021/8/2 - 17:26:10] Ryan Smith has IP Checked Yosjn No
[2021/8/2 - 17:26:11] Ryan Smith has IP Checked Tom Curise
[2021/8/2 - 19:12:28] Long has IP Checked Arnold Clinton
[2021/8/2 - 20:00:15] Ryan Smith has IP Checked Tom Curry
[2021/8/2 - 20:29:11] Ryan Smith has IP Checked Trieu DZ
[2021/8/2 - 20:29:13] Ryan Smith has IP Checked Tom Curry
[2021/8/2 - 20:45:10] TienTom has IP Checked TranMinh Tuan
[2021/8/2 - 20:46:37] Shi Master has IP Checked Tuan TrumDdos
[2021/8/2 - 21:48:02] Shi Master has IP Checked Truong Phi
[2021/8/2 - 21:48:06] Shi Master has IP Checked Vo_VanThang
[2021/8/2 - 22:45:45] Long has IP Checked Anh Phan
[2021/8/2 - 22:45:48] Long has IP Checked daica b
[2021/8/2 - 22:45:58] Shi Master has IP Checked Thanh_Phan
[2021/8/2 - 22:46:00] Shi Master has IP Checked Anh Phan
[2021/8/2 - 22:47:01] Shi Master has IP Checked Tommy_Cj
[2021/8/3 - 11:50:28] Ryan Smith has IP Checked Monsiour Frank
[2021/8/3 - 11:50:29] Ryan Smith has IP Checked Wolf Capricorn
[2021/8/3 - 11:50:39] Ryan Smith has IP Checked Otter Steward
[2021/8/3 - 11:50:48] Ryan Smith has IP Checked Trieu DZ
[2021/8/3 - 12:26:23] Ryan Smith has IP Checked Arnold Clinton
[2021/8/3 - 12:26:25] Ryan Smith has IP Checked Otter Steward
[2021/8/3 - 13:24:12] Ryan Smith has IP Checked THAI VX
[2021/8/3 - 13:44:24] Ryan Smith has IP Checked Tom Raider
[2021/8/3 - 13:47:26] Ryan Smith has IP Checked Tom Raider
[2021/8/3 - 14:14:11] Ryan Smith has IP Checked Koa Lee
[2021/8/3 - 14:56:36] Ryan Smith has IP Checked Tom Raider
[2021/8/3 - 15:47:33] Ryan Smith has IP Checked Kim Ke
[2021/8/3 - 17:58:13] Long has IP Checked Shark Boy
[2021/8/3 - 17:58:24] Long has IP Checked Rot Bot
[2021/8/3 - 20:36:07] Long Nguyen has IP Checked Trieu DZ
[2021/8/3 - 21:03:05] Hoai Rinn has IP Checked Yuno kinomoto
[2021/8/3 - 21:03:08] Hoai Rinn has IP Checked Trieu DZ
[2021/8/3 - 21:12:48] Long has IP Checked Trieu DZ
[2021/8/3 - 21:12:58] Ryan Smith has IP Checked Trieu DZ
[2021/8/3 - 21:12:59] Long has IP Checked Yuno kinomoto
[2021/8/3 - 21:13:00] Ryan Smith has IP Checked Yuno kinomoto
[2021/8/3 - 22:30:45] Ryan Smith has IP Checked Kim Ke
[2021/8/3 - 22:30:49] Ryan Smith has IP Checked Ke Vuong
[2021/8/4 - 12:06:10] Ryan Smith has IP Checked Yuno kinomoto
[2021/8/4 - 12:20:53] Ryan Smith has IP Checked Yuno kinomoto
[2021/8/4 - 12:25:15] Ryan Smith has IP Checked Yuno kinomoto
[2021/8/4 - 14:04:31] Ryan Smith has IP Checked Bear Dog
[2021/8/4 - 14:08:54] Ryan Smith has IP Checked Bear Dog
[2021/8/4 - 15:16:43] Ryan Smith has IP Checked Huong Tay
[2021/8/4 - 15:16:45] Ryan Smith has IP Checked Huyen Tay
[2021/8/4 - 15:49:25] Ryan Smith has IP Checked Gau Den
[2021/8/4 - 15:49:27] Ryan Smith has IP Checked dalvin roger
[2021/8/4 - 16:13:59] Ryan Smith has IP Checked Huyen Tay
[2021/8/4 - 16:14:00] Ryan Smith has IP Checked Huong Tay
[2021/8/4 - 16:14:02] Ryan Smith has IP Checked Boy Teu
[2021/8/4 - 17:29:20] Long has IP Checked Huyen_Tay
[2021/8/4 - 23:20:50] Shi Master has IP Checked Coce_Zec
[2021/8/4 - 23:20:52] Shi Master has IP Checked DouP Handsome
[2021/8/5 - 0:30:45] Shi Master has IP Checked Sun shine
[2021/8/5 - 20:08:51] Ryan Smith has IP Checked Dom Pham
[2021/8/6 - 12:00:27] Ryan Smith has IP Checked Hau Tank
[2021/8/6 - 12:24:16] Ryan Smith has IP Checked Tom Raider
[2021/8/7 - 10:44:00] Peter Smith has IP Checked Josh Michael
[2021/8/7 - 13:40:25] Ryan Smith has IP Checked Treepool mothaibabon
[2021/8/7 - 14:39:36] Ryan Smith has IP Checked Vi Puscu
[2021/8/7 - 14:40:58] Ryan Smith has IP Checked Vi Puscu
[2021/8/7 - 17:35:41] Ryan Smith has IP Checked Ha Ngo
[2021/8/7 - 22:53:25] Ryan Smith has IP Checked Chun Nguyen
[2021/8/8 - 20:08:22] Ryan Smith has IP Checked Loui Ken
[2021/8/8 - 20:41:40] Long has IP Checked Treepool Santos
[2021/8/8 - 22:29:31] Long ChiTiet has IP Checked THAN DUC
[2021/8/8 - 22:29:49] Long ChiTiet has IP Checked THAN DUC
[2021/8/9 - 20:18:19] Danielle has IP Checked Un Known
[2021/8/10 - 14:27:18] Ryan Smith has IP Checked Huang Salueste
[2021/8/17 - 15:18:57] TienTom has IP Checked The Walking
[2021/8/17 - 20:53:19] Ryan Smith has IP Checked Long AoThat
[2021/8/17 - 21:13:02] Ryan Smith has IP Checked Pro Smith
[2021/8/17 - 21:57:49] Shi Master has IP Checked cryto_bitcoin
[2021/8/17 - 21:57:53] Shi Master has IP Checked hac ne
[2021/8/18 - 9:46:00] Ryan Smith has IP Checked Nicolas Jackson
[2021/8/18 - 10:54:41] Ryan Smith has IP Checked davin roger
[2021/8/18 - 21:14:41] Ryan Smith has IP Checked Tran Trung Hau
[2021/8/18 - 21:27:42] Long ChiTiet has IP Checked Lorenzo Kyo
[2021/8/18 - 21:50:37] Long has IP Checked Andy Johnson
[2021/8/18 - 21:55:32] Ryan Smith has IP Checked Pro Smith
[2021/8/18 - 21:55:36] Ryan Smith has IP Checked Pro Vinh
[2021/8/19 - 0:25:11] Long has IP Checked Trong_Hoang
[2021/8/19 - 13:11:53] Long has IP Checked Long
[2021/8/19 - 14:15:07] Ryan Smith has IP Checked Tommy Smith
[2021/8/19 - 14:29:25] Long has IP Checked Thien Minh
[2021/8/19 - 14:29:30] Long has IP Checked Nicolas Jackson
[2021/8/19 - 14:29:30] Ryan Smith has IP Checked Thien Minh
[2021/8/19 - 14:30:09] Long has IP Checked Andy Johnson
[2021/8/19 - 15:26:21] Ryan Smith has IP Checked THAN DUC
[2021/8/19 - 18:47:49] Shi Master has IP Checked ChienThan Javier
[2021/8/19 - 22:59:04] Ryan Smith has IP Checked Pro Vinh
[2021/8/19 - 23:03:22] Ryan Smith has IP Checked Shion Wan
[2021/8/19 - 23:38:27] Ryan Smith has IP Checked CryuS ViruS
[2021/8/20 - 8:20:54] Tientom has IP Checked Duc_nimo
[2021/8/20 - 16:15:32] Ryan Smith has IP Checked Nam Nam
[2021/8/20 - 17:02:09] VGTA 02 has IP Checked Tran_Trung_Hau
[2021/8/20 - 17:39:16] Ryan Smith has IP Checked Nicolas Jackson
[2021/8/20 - 17:56:51] VGTA SHI has IP Checked Otter_Steward
[2021/8/20 - 20:03:15] Ryan Smith has IP Checked Lorenzo Kyo
[2021/8/20 - 20:12:31] Long has IP Checked Tom Curry
[2021/8/23 - 15:24:32] Long has IP Checked Lorenzo Kyo
[2021/8/23 - 15:24:48] Long has IP Checked Ryan Smith
[2021/8/23 - 15:24:48] VGTA SHI has IP Checked Ryan Smith
[2021/8/23 - 15:25:01] VGTA SHI has IP Checked VGTA SHI
[2021/8/23 - 16:50:00] Tientom has IP Checked ChienThan_Javier
[2021/8/23 - 17:35:42] Long has IP Checked Ryan Smith
[2021/8/23 - 19:59:22] VGTA SHI has IP Checked Ryan Smith
[2021/8/23 - 20:17:56] VGTA SHI has IP Checked Ryan Smith
[2021/8/23 - 20:17:59] Long has IP Checked Ryan Smith
[2021/8/23 - 21:02:05] Ryan Smith has IP Checked Hoa Sangg
[2021/8/23 - 21:17:22] VGTA SHI has IP Checked Ryan Smith
[2021/8/23 - 22:37:25] VGTA SHI has IP Checked Ryan Smith
[2021/8/24 - 16:54:00] VGTA SHI has IP Checked Ryan Smith
[2021/8/24 - 17:19:33] Ryan Smith has IP Checked Keny Golden
[2021/8/24 - 17:29:20] VGTA SHI has IP Checked Ryan Smith
[2021/8/24 - 17:48:48] Ryan Smith has IP Checked Pro Smith
[2021/8/24 - 17:53:43] Long has IP Checked TAM_GAY_TO
[2021/8/24 - 17:56:37] Ryan Smith has IP Checked Haruno Miku
[2021/8/24 - 18:13:48] VGTA SHI has IP Checked Ryan Smith
[2021/8/24 - 19:42:03] Ryan Smith has IP Checked Cho_Con
[2021/8/24 - 19:42:34] Ryan Smith has IP Checked Pro Smith
[2021/8/25 - 11:24:52] VGTA SHI has IP Checked Ryan Smith
[2021/8/25 - 14:11:26] VGTA SHI has IP Checked Ryan Smith
[2021/8/25 - 14:14:51] Ryan Smith has IP Checked Pro Smith
[2021/8/25 - 14:21:08] VGTA SHI has IP Checked Long BuChai
[2021/8/25 - 14:42:48] Ryan Smith has IP Checked Long BuChai
[2021/8/25 - 16:10:29] Long has IP Checked Ha_Ngo
[2021/8/25 - 16:11:15] Ryan Smith has IP Checked Ha_Ngo
[2021/8/25 - 19:38:37] Ryan Smith has IP Checked Kimmsy_Ertyuio
[2021/8/25 - 20:12:11] Long has IP Checked Ryan Smith
[2021/8/25 - 21:03:16] MingQuang has IP Checked Thanh Thuy
[2021/8/25 - 21:35:48] Luu Loc has IP Checked Tuan Broter
[2021/8/25 - 21:35:51] Ryan Smith has IP Checked Tuan Broter
[2021/8/25 - 21:36:02] Long has IP Checked Tuan Broter
[2021/8/25 - 21:47:00] Tientom has IP Checked Tuan_Broter
[2021/8/25 - 22:31:48] VGTA SHI has IP Checked Ryan Smith
[2021/8/25 - 22:44:05] Long has IP Checked VGTA SHI
[2021/8/25 - 22:44:12] Ryan Smith has IP Checked Pro Smith
[2021/8/25 - 22:55:07] Ryan Smith has IP Checked rich boy
[2021/8/26 - 0:47:15] Long has IP Checked VGTA SHI
[2021/8/26 - 1:01:46] VGTA SHI has IP Checked ChienThan Javier
[2021/8/26 - 1:02:25] VGTA SHI has IP Checked CkjenTkan MjnhTuagn
[2021/8/26 - 12:34:34] Long has IP Checked Ryan Smith
[2021/8/26 - 12:44:32] VGTA SHI has IP Checked Ryan Smith
[2021/8/26 - 13:57:31] Ryan Smith has IP Checked Alberto Cortez
[2021/8/26 - 15:24:47] Shi has IP Checked Tran_Trung_Hau
[2021/8/26 - 15:36:25] Long has IP Checked Pro Smith
[2021/8/26 - 16:18:29] Shi has IP Checked Shark Boy
[2021/8/26 - 16:18:33] Shi has IP Checked Ha Ngo
[2021/8/26 - 16:18:34] Long has IP Checked Shark Boy
[2021/8/26 - 16:18:39] Long has IP Checked Ha Ngo
[2021/8/26 - 17:41:01] Shi has IP Checked Shark Boy
[2021/8/26 - 17:41:07] Shi has IP Checked Ha Ngo
[2021/8/26 - 17:47:52] Shi has IP Checked Ha Ngo
[2021/8/26 - 20:00:48] Long has IP Checked Ryan Smith
[2021/8/26 - 21:11:13] Long has IP Checked Ryan Smith
[2021/8/26 - 21:27:11] Shi has IP Checked Ryan Smith
[2021/8/26 - 22:30:26] Ryan Smith has IP Checked THAI VX
[2021/8/26 - 23:34:28] Shi has IP Checked Ryan Smith
[2021/8/27 - 15:48:43] Ryan Smith has IP Checked Trum Coleo
[2021/8/27 - 15:54:22] Ryan Smith has IP Checked CkjenTkan WagHoo
[2021/8/27 - 16:06:14] Long has IP Checked Be_Sua
[2021/8/27 - 16:10:11] Long has IP Checked Nguyen Chi Khang
[2021/8/27 - 16:10:16] Long has IP Checked Nguyen Chi Khang
[2021/8/27 - 16:23:00] Long has IP Checked Kush eat
[2021/8/27 - 16:24:25] Long has IP Checked John Bui
[2021/8/27 - 16:25:35] Long has IP Checked ChuBe LoetChoet
[2021/8/27 - 16:31:52] Long has IP Checked ChuBe_LoetChoet
[2021/8/27 - 16:33:53] Long has IP Checked Ga Con
[2021/8/27 - 16:34:11] Long has IP Checked ChuBe_LoetChoet
[2021/8/27 - 16:35:01] Long has IP Checked Black Louis
[2021/8/27 - 16:43:56] Long has IP Checked Black Louis
[2021/8/27 - 16:46:15] Long has IP Checked Ga Con
[2021/8/27 - 17:02:45] Long has IP Checked POLIC_LON
[2021/8/27 - 17:04:58] Long has IP Checked Dai Rong
[2021/8/27 - 17:05:19] Long has IP Checked ALO ALO
[2021/8/27 - 17:05:37] Tientom has IP Checked Dai Rong
[2021/8/27 - 17:06:13] Long has IP Checked Ba Nho
[2021/8/27 - 17:07:15] Ryan Smith has IP Checked Dai Rong
[2021/8/27 - 17:07:17] Ryan Smith has IP Checked Ba Nho
[2021/8/27 - 17:12:00] Long has IP Checked Dai_Rong
[2021/8/27 - 17:12:06] Long has IP Checked Ba_Nho
[2021/8/27 - 17:13:13] Tientom has IP Checked Dai_Rong
[2021/8/27 - 17:13:21] Tientom has IP Checked Ba_Nho
[2021/8/27 - 17:13:49] Long has IP Checked Ba_Nho
[2021/8/27 - 17:14:14] Long has IP Checked Dai_Rong
[2021/8/27 - 17:14:51] Tientom has IP Checked Andrew Thinh
[2021/8/27 - 17:15:52] Long has IP Checked Andrew Thinh
[2021/8/27 - 17:17:35] Long has IP Checked Justin dat
[2021/8/27 - 22:04:24] Shi has IP Checked Tiger Nude
[2021/8/27 - 23:48:46] Ryan Smith has IP Checked Bo_Con
[2021/8/28 - 13:06:05] Tientom has IP Checked Orochi Takashi
[2021/8/28 - 13:06:17] Tientom has IP Checked Kita_Smiths
[2021/8/28 - 14:34:23] Shi has IP Checked Hoang DeGan
[2021/8/28 - 14:36:03] Shi has IP Checked Hoang Wallha
[2021/8/28 - 14:36:42] Shi has IP Checked Hoang Cleoo
[2021/8/28 - 14:37:15] Ryan Smith has IP Checked Hoang Winner
[2021/8/28 - 14:39:27] Shi has IP Checked ShinNoSuKe Xcution
[2021/8/28 - 14:39:33] Shi has IP Checked ShinNoSuKe Xcution
[2021/8/28 - 15:36:40] Ryan Smith has IP Checked Khoa Umi
[2021/8/28 - 15:41:05] Long has IP Checked Khoa_Umi
[2021/8/28 - 19:46:19] Long has IP Checked Tommy_Xcution
[2021/8/28 - 19:47:10] MingQuang has IP Checked Tran Chanh
[2021/8/28 - 20:37:30] Ryan Smith has IP Checked Ro Bot
[2021/8/28 - 20:59:43] Ryan Smith has IP Checked Pro Smith
[2021/8/28 - 21:33:47] Luu Loc has IP Checked Tran_Chanh
[2021/8/28 - 22:37:21] Shi has IP Checked Nam_Son
[2021/8/28 - 22:42:11] Shi has IP Checked Ryan Smith
[2021/8/29 - 15:26:40] Shi has IP Checked Tran_An
[2021/8/29 - 15:39:35] Long has IP Checked Hac Duy
[2021/8/29 - 16:19:43] Ryan Smith has IP Checked Mot_Tinh
[2021/8/29 - 16:26:46] Long has IP Checked Ha Ngo
[2021/8/29 - 16:26:58] Long has IP Checked Shark Boy
[2021/8/29 - 17:20:12] Long ChiTiet has IP Checked Nam_Son
[2021/8/29 - 19:08:32] Long has IP Checked Duy_Pibo
[2021/8/29 - 19:13:57] Long has IP Checked Duy_Pibo
[2021/8/29 - 19:48:36] Long has IP Checked Ha Ngo
[2021/8/29 - 19:50:15] Long has IP Checked Ha Ngo
[2021/8/29 - 21:50:17] Long ChiTiet has IP Checked Ha Ngo
[2021/8/29 - 22:43:05] Long has IP Checked One_Time
[2021/8/29 - 23:18:09] Long has IP Checked Ha Ngo
[2021/8/30 - 0:27:08] Shi has IP Checked Lionel messi
[2021/8/30 - 14:33:10] Long has IP Checked Long pro
[2021/8/30 - 14:33:17] Long has IP Checked Long pro
[2021/8/30 - 14:33:25] Long has IP Checked Long
[2021/8/30 - 15:35:36] Ryan Smith has IP Checked Ahoi Nir
[2021/8/30 - 19:14:45] Long has IP Checked Ha Ngo
[2021/8/30 - 19:18:46] Long has IP Checked Shi
[2021/8/30 - 20:36:55] Long has IP Checked Ac_Me
[2021/8/30 - 20:43:06] Ryan Smith has IP Checked Sussy Baka
[2021/8/30 - 21:29:08] Shi has IP Checked Trieu DZ
[2021/8/30 - 21:29:16] Shi has IP Checked Trieu_van
[2021/8/30 - 21:32:07] Shi has IP Checked Tu_MaY
[2021/8/30 - 21:40:37] Shi has IP Checked Tao_Thao
[2021/8/30 - 21:47:21] Tientom has IP Checked Mike Gradilla
[2021/8/30 - 21:47:25] Tientom has IP Checked Mike GradiIla
[2021/8/30 - 22:10:11] Shi has IP Checked Thay TheDuc
[2021/8/30 - 22:10:11] Long has IP Checked Thay_Toan
[2021/8/30 - 22:10:13] Shi has IP Checked Co DayVan
[2021/8/30 - 22:10:28] Ryan Smith has IP Checked Thay_Toan
[2021/8/30 - 22:10:41] Shi has IP Checked co laocong
[2021/8/30 - 22:10:49] Ryan Smith has IP Checked Co Day Hoa
[2021/8/30 - 22:10:57] Shi has IP Checked thay Fuho
[2021/8/30 - 22:11:09] Ryan Smith has IP Checked Co DayVan
[2021/8/30 - 22:11:29] Ryan Smith has IP Checked Thay AmNhac
[2021/8/30 - 22:11:47] Shi has IP Checked co_laocong
[2021/8/30 - 22:12:06] Shi has IP Checked Thay Toanz
[2021/8/30 - 22:12:07] Ryan Smith has IP Checked Thay Toanz
[2021/8/30 - 22:12:47] Shi has IP Checked Thay DayLy
[2021/8/30 - 22:13:10] Ryan Smith has IP Checked Thay DayLy
[2021/8/30 - 22:13:30] Shi has IP Checked pho bo
[2021/8/30 - 23:27:37] Long has IP Checked Ac_Me
[2021/8/30 - 23:38:55] Shi has IP Checked su_na
[2021/8/31 - 14:34:55] Long has IP Checked Ac_Me
[2021/8/31 - 15:06:51] Ryan Smith has IP Checked Pro Smith
[2021/8/31 - 15:39:01] Ryan Smith has IP Checked Sai dn
[2021/8/31 - 15:43:00] Ryan Smith has IP Checked Sai dn
[2021/8/31 - 19:02:34] Ryan Smith has IP Checked Men Aorus
[2021/8/31 - 19:02:36] Ryan Smith has IP Checked Nam Nam
[2021/8/31 - 19:02:42] Ryan Smith has IP Checked Tuan Khoa
[2021/8/31 - 19:39:54] Ryan Smith has IP Checked test apk
[2021/8/31 - 19:48:31] Long has IP Checked test_apk
[2021/8/31 - 19:48:37] Long has IP Checked NPC_DEVIE
[2021/8/31 - 20:55:15] Long has IP Checked Tai_Tran
[2021/9/1 - 2:08:22] Long has IP Checked Hao_Con
[2021/9/1 - 12:27:58] Shi has IP Checked Tientom
[2021/9/1 - 13:04:34] Ryan Smith has IP Checked Test_ing
[2021/9/1 - 13:04:58] Ryan Smith has IP Checked Test_ing
[2021/9/1 - 13:17:22] Ryan Smith has IP Checked Test_ing
[2021/9/1 - 13:51:40] Ryan Smith has IP Checked Tran Trung Hau
[2021/9/1 - 13:51:42] Ryan Smith has IP Checked Tran Chanh
[2021/9/1 - 14:31:04] Ryan Smith has IP Checked Tran ChanhQuaDu
[2021/9/1 - 15:17:45] Ryan Smith has IP Checked xic_fuhoo
[2021/9/1 - 15:19:01] Ryan Smith has IP Checked xic fuho
[2021/9/1 - 15:31:43] Ryan Smith has IP Checked Diesi edw
[2021/9/1 - 16:15:41] Ryan Smith has IP Checked Tran ChanhQuaDu
[2021/9/1 - 16:15:44] Ryan Smith has IP Checked Trung AnhQuaDz
[2021/9/1 - 16:22:53] Tientom has IP Checked beso Yun
[2021/9/1 - 18:25:27] ShiDz has IP Checked Huynh_Nam
[2021/9/1 - 18:25:28] Ryan Smith has IP Checked Huynh_Nam
[2021/9/1 - 18:39:09] ShiDz has IP Checked Sark_killer
[2021/9/1 - 18:50:12] ShiDz has IP Checked Thuan_Kieu
[2021/9/1 - 18:56:42] ShiDz has IP Checked GLX_Huy
[2021/9/1 - 19:29:20] Ryan Smith has IP Checked GLX NPC
[2021/9/1 - 19:34:08] Ryan Smith has IP Checked GLX NPC
[2021/9/1 - 19:34:15] Ryan Smith has IP Checked GLX NPC
[2021/9/1 - 19:35:01] Ryan Smith has IP Checked GLX NPC
[2021/9/1 - 19:40:38] Ryan Smith has IP Checked GLX NPC
[2021/9/1 - 19:48:44] ShiDz has IP Checked Tin_Lam
[2021/9/1 - 20:05:53] Ryan Smith has IP Checked ChienThan TranTranh
[2021/9/1 - 23:34:43] ShiDz has IP Checked Tran_Trung_Hau
[2021/9/1 - 23:45:24] Long has IP Checked beso Yun
[2021/9/1 - 23:46:49] ShiDz has IP Checked beso_Yun
[2021/9/2 - 0:10:50] Long has IP Checked kim_ngan_chua_ny
[2021/9/2 - 0:12:24] Long has IP Checked kim ngan chua ny
[2021/9/2 - 0:12:27] ShiDz has IP Checked kim ngan chua ny
[2021/9/2 - 11:51:32] Ryan Smith has IP Checked Pro Smith
[2021/9/2 - 11:54:22] Ryan Smith has IP Checked Hoang_Huy
[2021/9/2 - 12:02:17] Shi has IP Checked Hoang_Huy
[2021/9/2 - 12:02:18] Shi has IP Checked Hoang_Huy
[2021/9/2 - 12:08:43] Shi has IP Checked Nathan Huynh
[2021/9/2 - 12:09:14] Ryan Smith has IP Checked Nathan Huynh
[2021/9/2 - 12:09:21] Ryan Smith has IP Checked Hoang_Huy
[2021/9/2 - 12:12:47] Ryan Smith has IP Checked Nathan_Huynh
[2021/9/2 - 12:15:29] Tientom has IP Checked Nam_Cuong
[2021/9/2 - 12:16:23] Tientom has IP Checked Hoang_Trungs
[2021/9/2 - 12:16:30] Long has IP Checked Hoang_Trungs
[2021/9/2 - 12:18:45] Shi has IP Checked Hoang_Phi
[2021/9/2 - 13:41:00] Ryan Smith has IP Checked Sim Ple
[2021/9/2 - 13:41:13] Ryan Smith has IP Checked Sim Ple
[2021/9/2 - 15:06:53] Long has IP Checked Xuan_Truong
[2021/9/2 - 17:20:07] Ryan Smith has IP Checked ahihi ngulol
[2021/9/3 - 0:26:41] Long Master has IP Checked Tomyteo_Da
[2021/9/4 - 1:00:17] Long has IP Checked Jadon Lucifer
[2021/9/4 - 1:00:20] Long has IP Checked Shi
[2021/9/4 - 17:16:59] Mr John has IP Checked long yangho
[2021/9/4 - 20:46:59] Long has IP Checked ....
[2021/9/4 - 20:47:37] Long has IP Checked ....
[2021/9/4 - 21:55:04] Shi has IP Checked Adam_Pro
[2021/9/4 - 21:55:20] Long has IP Checked Adam_Pro
[2021/9/4 - 22:23:19] Tientom has IP Checked Cesar_Kahura
[2021/9/4 - 22:23:26] Tientom has IP Checked Tientom
[2021/9/5 - 0:55:34] Shi has IP Checked Tran_Trung_Hau
[2021/9/5 - 0:55:41] Shi has IP Checked Rich Brian
[2021/9/5 - 0:56:37] Long has IP Checked Rich Brian
[2021/9/5 - 0:56:46] Long has IP Checked Tran_Trung_Hau
[2021/9/5 - 14:31:04] Ryan Smith has IP Checked King oF Shoppe
[2021/9/5 - 17:50:02] MingQuang has IP Checked Shark Boy
[2021/9/5 - 17:50:08] MingQuang has IP Checked Shark Boy
[2021/9/5 - 17:50:09] MingQuang has IP Checked Jack Sparrow
[2021/9/5 - 20:27:04] Long has IP Checked Po_roro
[2021/9/6 - 0:39:28] Long has IP Checked Po_roro
[2021/9/6 - 14:36:15] Ryan Smith has IP Checked Sans Sans
[2021/9/6 - 14:37:24] Ryan Smith has IP Checked Fer JamesR
[2021/9/6 - 14:37:45] ShiCuBu has IP Checked Sans_Sans
[2021/9/6 - 15:28:00] Long has IP Checked minh_nhat
[2021/9/6 - 19:35:54] Ryan Smith has IP Checked sans_roleplay
[2021/9/6 - 19:36:06] Hong Anhs has IP Checked sans_roleplay
[2021/9/6 - 22:06:30] Long has IP Checked Im Evan
[2021/9/6 - 22:06:45] Long has IP Checked MingQuang
[2021/9/6 - 22:48:15] Long has IP Checked Shi
[2021/9/7 - 12:05:02] Shi has IP Checked Luffy Master
[2021/9/7 - 16:27:01] Ryan Smith has IP Checked Cesar Kahura
[2021/9/7 - 19:16:42] Long has IP Checked thinh_papi
[2021/9/7 - 21:24:29] Ryan Smith has IP Checked Cau Bao
[2021/9/7 - 21:29:20] Long has IP Checked Sayo Nara
[2021/9/7 - 21:29:32] Long has IP Checked Ha_Ngo
[2021/9/7 - 21:52:01] Long has IP Checked Cau_ba
[2021/9/8 - 1:29:17] Long has IP Checked Ha Ngo
[2021/9/8 - 2:09:49] Long has IP Checked Grove_Adam
[2021/9/8 - 2:20:52] Long has IP Checked PhamThi ThanhHong
[2021/9/8 - 2:20:58] Long has IP Checked Kieu_Nhi
[2021/9/8 - 7:37:20] Tientom has IP Checked Jadon Lucifer
[2021/9/8 - 7:37:24] Tientom has IP Checked Jang Douglas
[2021/9/8 - 20:43:20] MingQuang has IP Checked CauBe DangYeu
[2021/9/8 - 21:34:13] Long has IP Checked Dio Redi
[2021/9/8 - 21:34:51] Tientom has IP Checked Dio_Redi
[2021/9/8 - 23:19:05] Long has IP Checked Grove_Adam
[2021/9/9 - 17:12:17] Ryan Smith has IP Checked Johnson Pol
[2021/9/9 - 17:12:59] Ryan Smith has IP Checked Sony Low
[2021/9/10 - 14:41:31] Ryan Smith has IP Checked Tea_Tue
[2021/9/10 - 14:42:56] Ryan Smith has IP Checked Hai HaoHan
[2021/9/10 - 17:46:16] Long has IP Checked Hy_Khang
[2021/9/10 - 18:24:34] Ryan Smith has IP Checked Thien Minh
[2021/9/10 - 18:24:40] Ryan Smith has IP Checked Dam Thien Minh
[2021/9/10 - 23:50:37] Ryan Smith has IP Checked Fairy Hair
[2021/9/10 - 23:51:52] MingQuang has IP Checked Fairy Hair
[2021/9/10 - 23:53:27] MingQuang has IP Checked Shi Xcution
[2021/9/11 - 0:23:50] Shi Xcution has IP Checked Tran_Trung_Hau
[2021/9/11 - 0:23:53] Long has IP Checked ryan_smith
[2021/9/11 - 0:23:54] Shi Xcution has IP Checked ryan_smith
[2021/9/11 - 0:23:59] Long has IP Checked Tran_Trung_Hau
[2021/9/11 - 0:34:07] Shi Xcution has IP Checked Fairy_Hair
[2021/9/11 - 12:22:11] Tientom has IP Checked thanh long
[2021/9/11 - 12:22:21] Tientom has IP Checked DUNG_NTH
[2021/9/11 - 12:37:54] Tientom has IP Checked Thor_Yang
[2021/9/11 - 12:38:08] Tientom has IP Checked Long Noob
[2021/9/11 - 18:47:33] Long has IP Checked thinh papi
[2021/9/11 - 18:47:50] Long has IP Checked thinh_papi
[2021/9/11 - 20:49:47] Xanh Chi Van has IP Checked jun_xiong
[2021/9/11 - 20:49:54] Kim has IP Checked jun_xiong
[2021/9/11 - 20:49:57] Kim has IP Checked Mark Luke
[2021/9/11 - 21:43:42] MingQuang has IP Checked Shi
[2021/9/12 - 15:14:26] Long has IP Checked Hac Duy
[2021/9/12 - 15:14:28] Long has IP Checked Shark Boy
[2021/9/12 - 15:14:41] Long has IP Checked Ha Ngo
[2021/9/12 - 17:02:09] MingQuang has IP Checked MingQuang
[2021/9/12 - 19:31:59] MingQuang has IP Checked Shi
[2021/9/13 - 12:36:47] Ryan Smith has IP Checked Hao DitBu
[2021/9/13 - 16:21:21] Ryan Smith has IP Checked Kudo Kimochi
[2021/9/13 - 16:21:36] Ryan Smith has IP Checked MinhQuang
[2021/9/13 - 20:34:20] Ryan Smith has IP Checked Master Rtmoii
[2021/9/13 - 20:46:57] Long has IP Checked Master Rtmoii
[2021/9/13 - 20:48:14] Ryan Smith has IP Checked Mieu_Dung
[2021/9/13 - 20:48:20] Ryan Smith has IP Checked Pro Smith
[2021/9/13 - 22:51:41] Long has IP Checked Marcus_Alexander
[2021/9/13 - 23:46:48] Long has IP Checked Shi
[2021/9/14 - 12:34:14] Tientom has IP Checked La_La
[2021/9/14 - 12:34:41] Tientom has IP Checked Adam z
[2021/9/14 - 12:41:02] Tientom has IP Checked Omo_umu
[2021/9/14 - 12:43:28] Ryan Smith has IP Checked Ola Smith
[2021/9/14 - 13:17:16] Ryan Smith has IP Checked Golden Plus
[2021/9/14 - 13:25:35] Ryan Smith has IP Checked Golden_Plus
[2021/9/14 - 13:26:22] Long has IP Checked Golden Plus
[2021/9/15 - 13:03:06] Ryan Smith has IP Checked Mr_Alexander
[2021/9/15 - 13:26:00] Ryan Smith has IP Checked Golden Plus
[2021/9/15 - 14:21:21] Ryan Smith has IP Checked Jang Douglass
[2021/9/24 - 1:07:17] MingQuang has IP Checked Thuy Truc
[2021/9/24 - 1:08:17] MingQuang has IP Checked Mike_Gradilla
[2021/9/24 - 1:08:27] MingQuang has IP Checked Thuy Truc
[2021/9/24 - 2:08:01] Long has IP Checked Co_Rich
[2021/9/24 - 2:21:06] Long has IP Checked Ching Chong
[2021/9/24 - 2:21:18] Long has IP Checked tung_tran
[2021/9/24 - 9:58:28] Ryan Smith has IP Checked Van_Tho
[2021/9/24 - 9:59:13] Ryan Smith has IP Checked Van_Tho
[2021/9/24 - 10:36:31] Shi has IP Checked ditme admin
[2021/9/24 - 10:49:39] Shi has IP Checked Charlie Puth
[2021/9/24 - 10:49:44] Shi has IP Checked Thor_Yang
[2021/9/25 - 14:06:52] Ryan Smith has IP Checked Beo HaiCa
[2021/9/25 - 16:26:03] Ryan Smith has IP Checked Zhong Liu
[2021/9/25 - 17:25:27] Ryan Smith has IP Checked Rick Astley
[2021/9/25 - 17:56:40] Ryan Smith has IP Checked hiu hiu
[2021/9/25 - 17:57:16] Ryan Smith has IP Checked hiu hiu
[2021/9/25 - 17:59:45] Ryan Smith has IP Checked Tran Kiet
[2021/9/25 - 18:01:33] Ryan Smith has IP Checked hiu_hiu
[2021/9/25 - 18:02:37] Ryan Smith has IP Checked hiu hiu
[2021/9/25 - 18:09:02] Ryan Smith has IP Checked hiu hiy
[2021/9/25 - 18:16:07] Ryan Smith has IP Checked hiu hiy
[2021/9/25 - 18:18:21] Ryan Smith has IP Checked hiu hiy
[2021/9/25 - 18:33:06] Ryan Smith has IP Checked hiu hiy
[2021/9/26 - 11:44:16] Tientom has IP Checked hiu hiy
[2021/9/26 - 12:06:15] Ryan Smith has IP Checked hiu hiy
[2021/9/26 - 13:39:29] Ryan Smith has IP Checked hiu hiy
[2021/9/26 - 14:25:50] Ryan Smith has IP Checked hiu hiy
[2021/9/26 - 14:45:57] Ryan Smith has IP Checked hiu hij
[2021/9/26 - 15:48:16] Ryan Smith has IP Checked i Sou
[2021/9/26 - 17:20:31] Ryan Smith has IP Checked hiu_hiuu
[2021/9/26 - 17:37:02] Ryan Smith has IP Checked hiu comeback
[2021/9/26 - 18:28:06] Ryan Smith has IP Checked Tran Binh
[2021/9/26 - 20:30:39] Ryan Smith has IP Checked Nam_Black
[2021/9/26 - 20:54:03] Ryan Smith has IP Checked Amadax York
[2021/9/26 - 20:56:53] Ryan Smith has IP Checked Copx James
[2021/9/26 - 22:04:22] Ryan Smith has IP Checked phi hungokok
[2021/9/27 - 12:55:21] Ryan Smith has IP Checked hiu_comeback
[2021/9/27 - 12:57:32] Ryan Smith has IP Checked hiu_comeback
[2021/9/27 - 16:46:16] Ryan Smith has IP Checked Ditme Lu NamKy
[2021/9/27 - 17:02:38] Ryan Smith has IP Checked long chinngon
[2021/9/27 - 17:02:41] Ryan Smith has IP Checked TH True Milk
[2021/9/27 - 17:04:48] Ryan Smith has IP Checked TH True Milk
[2021/9/27 - 17:08:16] Ryan Smith has IP Checked Copx James
[2021/9/27 - 17:10:29] Ryan Smith has IP Checked Copx James
[2021/9/27 - 18:41:31] Long has IP Checked Hawking Starling
[2021/9/27 - 18:41:35] Long has IP Checked Ha Ngo
[2021/9/27 - 18:41:50] Long has IP Checked Ha_Ngo
[2021/9/27 - 18:42:05] Long has IP Checked Tran_Trung_Hau
[2021/9/27 - 18:42:12] Long has IP Checked Rot_Bot
[2021/9/27 - 18:42:42] Long has IP Checked Quan_Dang
[2021/9/27 - 19:28:58] Ryan Smith has IP Checked hiu comeback
[2021/9/28 - 3:02:11] Doremon Kun has IP Checked Lam Beo
[2021/9/29 - 7:32:11] Tientom has IP Checked Diz_Key
[2021/9/29 - 15:42:12] MingQuang has IP Checked Liesu Sakai
[2021/9/29 - 15:42:43] Ryan Smith has IP Checked Liesu_Sakai
[2021/9/29 - 21:04:46] Ryan Smith has IP Checked hiu_comeback
[2021/9/30 - 14:27:44] Long has IP Checked Shi
[2021/9/30 - 16:51:58] Shi has IP Checked KyoBule_Top
[2021/9/30 - 17:27:57] Shi has IP Checked Nguyen_Hoang_Hiep
[2021/9/30 - 21:34:33] Tientom has IP Checked Tientom
[2021/10/1 - 14:55:32] Mr AIexander has IP Checked Cut Jiiii
[2021/10/1 - 14:57:39] Mr AIexander has IP Checked Minh Jii
[2021/10/1 - 16:59:46] Ryan Smith has IP Checked Martin Billy
[2021/10/2 - 0:55:27] ryan smith has IP Checked Lionel Edwards
[2021/10/2 - 7:04:45] Jackie Han has IP Checked Tuan_Cui
[2021/10/2 - 7:05:08] Jackie Han has IP Checked Be BaMien
[2021/10/2 - 7:05:42] Jackie Han has IP Checked Be Dieu
[2021/10/2 - 7:09:02] Jackie Han has IP Checked Be_Dieu
[2021/10/2 - 7:10:00] Jackie Han has IP Checked Be_Dieu
[2021/10/2 - 7:10:15] Jackie Han has IP Checked Be_luy
[2021/10/2 - 7:12:05] Huy Redd has IP Checked Be BaMien
[2021/10/2 - 7:12:25] Huy Redd has IP Checked Carlos Arct
[2021/10/2 - 8:25:54] it me has IP Checked Cui_Chui
[2021/10/2 - 8:26:44] it me has IP Checked Sniper_thu
[2021/10/2 - 13:07:43] Shi has IP Checked phong gu
[2021/10/2 - 13:56:23] Ryan Smith has IP Checked Chu Nam BaMien
[2021/10/2 - 18:26:18] Tientom has IP Checked con_cac
[2021/10/3 - 9:26:09] Huy Redd has IP Checked EB Man
[2021/10/3 - 9:26:22] Huy Redd has IP Checked Boy Moii
[2021/10/3 - 9:26:34] Huy Redd has IP Checked Shin VN
[2021/10/3 - 14:14:03] Shi Mastey has IP Checked Angel_Reyes
[2021/10/3 - 14:14:21] Ryan Smith has IP Checked Angel_Reyes
[2021/10/3 - 15:11:14] Long has IP Checked Lee_Tea_Yang
[2021/10/3 - 16:04:18] Long has IP Checked SV_NHULONTAO
[2021/10/3 - 23:14:51] Shi Mastey has IP Checked Luc_Van_Tien
[2021/10/4 - 1:47:58] MingQuang has IP Checked Li Chan
[2021/10/4 - 1:48:09] MingQuang has IP Checked Thor_Yang
[2021/10/4 - 2:04:44] MingQuang has IP Checked Li Chan
[2021/10/4 - 21:57:23] VGTA SHI has IP Checked DatGoku_KadiZ
[2021/10/4 - 22:44:23] VGTA SHI has IP Checked Donald_Trump
[2021/10/4 - 22:44:28] VGTA SHI has IP Checked Thor_Yang
[2021/10/4 - 22:45:45] Tientom has IP Checked Po_rop
[2021/10/4 - 22:45:56] Tientom has IP Checked O Kia
[2021/10/4 - 22:48:21] VGTA SHI has IP Checked van_naw
[2021/10/5 - 7:17:43] Tientom has IP Checked Will_Peo
[2021/10/5 - 17:37:02] Ryan Smith has IP Checked ngu lam
[2021/10/5 - 17:38:19] Ryan Smith has IP Checked Khang_Sky
[2021/10/6 - 11:09:13] Shi has IP Checked TaiSan IsMe
[2021/10/6 - 11:09:18] Shi has IP Checked Vo_VanThang
[2021/10/6 - 12:08:29] Long has IP Checked C_J
[2021/10/6 - 19:10:26] Ryan Smith has IP Checked Khanh_Huy
[2021/10/6 - 19:46:01] Ryan Smith has IP Checked Khanh Hustler
[2021/10/6 - 19:46:27] Ryan Smith has IP Checked Youngest_Huslter
[2021/10/6 - 20:56:30] Shi has IP Checked huy rok
[2021/10/7 - 12:09:48] Shi has IP Checked Osama_Binladen
[2021/10/7 - 12:50:27] Ryan Smith has IP Checked Nicolai_Yangte
[2021/10/7 - 13:06:11] Ryan Smith has IP Checked Cesar_Morene
[2021/10/8 - 10:56:47] Long has IP Checked cu_toOOdsdsv
[2021/10/8 - 11:04:48] Long has IP Checked bE HOM
[2021/10/8 - 12:47:45] Long has IP Checked Tran_Trung_Hau
[2021/10/8 - 12:56:32] Ryan Smith has IP Checked Alex Hokage
[2021/10/8 - 13:23:20] Long has IP Checked Quy_Phe_Co
[2021/10/8 - 19:01:48] Hawking Starling has IP Checked lope lee
[2021/10/8 - 19:01:51] Hawking Starling has IP Checked snoop cat
[2021/10/8 - 19:01:58] Hawking Starling has IP Checked Babi Kun
[2021/10/8 - 19:02:02] Hawking Starling has IP Checked jacques berman
[2021/10/8 - 19:02:06] Hawking Starling has IP Checked Lagos Glen
[2021/10/8 - 19:02:11] Hawking Starling has IP Checked minh Fat
[2021/10/8 - 19:17:09] Hawking Starling has IP Checked snoop cat
[2021/10/8 - 19:17:24] Hawking Starling has IP Checked Lagos Glen
[2021/10/8 - 19:17:30] Hawking Starling has IP Checked minh Fat
[2021/10/8 - 22:52:06] Shi has IP Checked Dai Sento
[2021/10/8 - 23:30:38] Shi has IP Checked do_thanhtai
[2021/10/8 - 23:32:09] Hawking Starling has IP Checked pc boyg
[2021/10/8 - 23:32:12] Hawking Starling has IP Checked ku si
[2021/10/9 - 16:03:17] Mr AIexander has IP Checked Park Chaeyoung
[2021/10/9 - 16:29:15] Ryan Smith has IP Checked Cu_ToOo
[2021/10/9 - 18:44:30] Tientom has IP Checked Cu_ToOo
[2021/10/9 - 19:17:41] Ryan Smith has IP Checked Cu ToOO
[2021/10/9 - 19:26:33] Tientom has IP Checked Cu ToOO
[2021/10/9 - 19:42:09] Ryan Smith has IP Checked Cu ToOO
[2021/10/9 - 19:45:01] Ryan Smith has IP Checked LE TOAN
[2021/10/9 - 20:03:06] Tientom has IP Checked MG Pph
[2021/10/9 - 20:20:31] Ryan Smith has IP Checked Ryan Smuth
[2021/10/9 - 21:03:48] Ryan Smith has IP Checked Gia Bao
[2021/10/9 - 22:02:57] Ryan Smith has IP Checked John Porter
[2021/10/9 - 22:25:16] Ryan Smith has IP Checked tao gioivl
[2021/10/9 - 23:38:07] Ryan Smith has IP Checked Pham long
[2021/10/10 - 12:23:52] Shen has IP Checked bao_gialam112233
[2021/10/10 - 12:49:29] Shen has IP Checked tao_xau
[2021/10/10 - 12:49:35] Ryan Smith has IP Checked tao_xau
[2021/10/10 - 12:56:45] Ryan Smith has IP Checked Shi
[2021/10/10 - 12:56:51] Ryan Smith has IP Checked Shi Mastey
[2021/10/10 - 13:09:27] Ryan Smith has IP Checked John Porter
[2021/10/10 - 13:25:43] Shen has IP Checked Long_Dep_Trai
[2021/10/10 - 13:46:19] Shen has IP Checked Thanh_073
[2021/10/10 - 13:46:25] Shen has IP Checked Thanh_073
[2021/10/10 - 14:28:55] Hawking Starling has IP Checked Van Nam
[2021/10/10 - 17:38:17] MingQuang has IP Checked Shi
[2021/10/10 - 17:38:23] MingQuang has IP Checked Shi Mastey
[2021/10/11 - 19:29:09] Ryan Smith has IP Checked xuan nac
[2021/10/11 - 19:34:19] Ryan Smith has IP Checked ice cube
[2021/10/11 - 20:40:01] Ryan Smith has IP Checked hu hu
[2021/10/11 - 21:45:23] Hawking Starling has IP Checked shin me
[2021/10/11 - 23:03:12] Uni Wind has IP Checked su_tuu
[2021/10/12 - 13:02:04] Ryan Smith has IP Checked xin choititaokopha
[2021/10/12 - 14:16:17] MingQuang has IP Checked Shi
[2021/10/12 - 14:16:20] MingQuang has IP Checked Jin Niggzen
[2021/10/12 - 14:16:24] MingQuang has IP Checked Yuh Gad
[2021/10/12 - 14:16:27] MingQuang has IP Checked Jayz Niggzen
[2021/10/12 - 21:15:01] Ryan Smith has IP Checked Kati Harmes
[2021/10/12 - 21:15:14] Ryan Smith has IP Checked Kita_Smiths
[2021/10/13 - 13:54:03] Ryan Smith has IP Checked Carl_FLore
[2021/10/13 - 20:07:33] Van Nam has IP Checked tim em noi dau
[2021/10/13 - 22:31:23] Shi has IP Checked Dr_Dee
[2021/10/13 - 22:31:30] Shi has IP Checked Dr_Dee
[2021/10/13 - 22:32:10] Shi has IP Checked xuan_nac
[2021/10/14 - 2:57:19] Tuan Khang has IP Checked Anh canhsat
[2021/10/14 - 2:57:21] Tuan Khang has IP Checked Po roro
[2021/10/14 - 2:57:36] Tuan Khang has IP Checked Duong Beck
[2021/10/14 - 13:02:22] Van Nam has IP Checked Khanh Skyy
[2021/10/14 - 15:47:13] Ryan Smith has IP Checked nicolas_cake
[2021/10/14 - 15:48:32] Shen has IP Checked nicolas_cake
[2021/10/14 - 16:00:42] Ryan Smith has IP Checked dai_toan
[2021/10/14 - 16:53:06] Hawking Starling has IP Checked m gamertv
[2021/10/14 - 17:00:28] Ryan Smith has IP Checked travis_lopaz
[2021/10/14 - 17:35:52] Huy Redd has IP Checked Tack Riong
[2021/10/14 - 17:46:07] Van Nam has IP Checked nGUyenvAn cHIeN
[2021/10/14 - 18:07:29] Ryan Smith has IP Checked Alex Hokage
[2021/10/14 - 21:19:18] Shi has IP Checked brac_putin
[2021/10/14 - 21:28:34] Shi has IP Checked tuan_anhle
[2021/10/14 - 21:38:05] Tuan Khang has IP Checked minh nhua
[2021/10/14 - 21:38:09] Shi has IP Checked minh nhua
[2021/10/14 - 21:39:35] Shi has IP Checked minh_nhua
[2021/10/14 - 21:47:29] Shi has IP Checked minh_nhua
[2021/10/14 - 21:48:44] Tuan Khang has IP Checked kiki nudoile
[2021/10/14 - 21:51:45] Shi has IP Checked minh_nhua
[2021/10/14 - 21:59:43] Tuan Khang has IP Checked jonathan yu
[2021/10/14 - 22:20:21] Tuan Khang has IP Checked kun marsT
[2021/10/15 - 11:56:28] Tientom has IP Checked m_gamertv
[2021/10/15 - 12:31:59] Ryan Smith has IP Checked BOSS Gaming
[2021/10/15 - 12:32:05] Ryan Smith has IP Checked mgamer_tv
[2021/10/15 - 12:32:07] Tientom has IP Checked BOSS Gaming
[2021/10/15 - 12:32:29] Tientom has IP Checked mgamer_tv
[2021/10/15 - 14:01:26] Ryan Smith has IP Checked Peter_Bumb
[2021/10/15 - 14:04:33] Ryan Smith has IP Checked Peter roger
[2021/10/15 - 16:51:23] TuanKhang has IP Checked Nam Cansinhdoi
[2021/10/15 - 16:51:32] Ryan Smith has IP Checked Nam Cansinhdoi
[2021/10/15 - 16:52:26] Ryan Smith has IP Checked NamCam_Dz
[2021/10/15 - 16:52:31] Ryan Smith has IP Checked Nam Cansinhdoi
[2021/10/15 - 16:52:59] Ryan Smith has IP Checked NamCam Comeback
[2021/10/15 - 16:53:19] TuanKhang has IP Checked Nam Cansinhdoi
[2021/10/15 - 16:53:50] TuanKhang has IP Checked NamCam Comeback
[2021/10/15 - 16:54:13] Ryan Smith has IP Checked Nam Cansinhdoi
[2021/10/15 - 16:59:17] Ryan Smith has IP Checked NamCam_Comeback
[2021/10/15 - 17:18:30] Ryan Smith has IP Checked Tran ducanh
[2021/10/15 - 19:45:29] TuanKhang has IP Checked Duc Toan
[2021/10/15 - 20:11:18] Ryan Smith has IP Checked Donald Trump
[2021/10/15 - 20:11:23] Ryan Smith has IP Checked Thor_Yang
[2021/10/15 - 20:11:47] Tientom has IP Checked Donald Trump
[2021/10/15 - 20:11:57] Tientom has IP Checked Thor_Yang
[2021/10/15 - 20:38:03] Hawking Starling has IP Checked van ky
[2021/10/15 - 20:40:54] TuanKhang has IP Checked Toan kaka
[2021/10/15 - 22:04:53] Ryan Smith has IP Checked David Daniel
[2021/10/15 - 22:04:59] Ryan Smith has IP Checked Trieu_DZ
[2021/10/16 - 0:41:45] TuanKhang has IP Checked Me Game
[2021/10/16 - 0:41:50] TuanKhang has IP Checked Kha Banhday
[2021/10/16 - 2:38:55] TuanKhang has IP Checked Hung ly
[2021/10/16 - 12:10:22] TienTom has IP Checked Cong_Vinh
[2021/10/16 - 22:48:26] Jun Xiaolon has IP Checked Thomas_Hampton
[2021/10/17 - 13:50:17] Ryan Smith has IP Checked Lorenzo Chase
[2021/10/17 - 19:21:02] Ryan Smith has IP Checked Thor_Yang
[2021/10/17 - 19:21:18] Ryan Smith has IP Checked Trieu_DZ
[2021/10/17 - 22:16:24] TuanKhang has IP Checked baby red
[2021/10/18 - 1:28:18] TuanKhang has IP Checked SINGLE MOM
[2021/10/18 - 1:31:14] TuanKhang has IP Checked Peter Bumb
[2021/10/18 - 1:33:02] TuanKhang has IP Checked Ricardo James
[2021/10/18 - 1:33:25] TuanKhang has IP Checked Richard Drake
[2021/10/18 - 1:42:34] TuanKhang has IP Checked Peter Bumb
[2021/10/18 - 2:10:47] TuanKhang has IP Checked Weed Dealler
[2021/10/18 - 2:12:28] TuanKhang has IP Checked Minh Anh
[2021/10/18 - 2:12:55] TuanKhang has IP Checked Weed Dealler
[2021/10/18 - 3:11:15] TuanKhang has IP Checked Peter Adler
[2021/10/18 - 3:11:18] TuanKhang has IP Checked Peter Appel
[2021/10/18 - 6:33:28] TuanKhang has IP Checked Smoke Weed
[2021/10/18 - 6:33:37] TuanKhang has IP Checked Nhu Quynh
[2021/10/18 - 6:33:41] TuanKhang has IP Checked Versailles Rosaleen
[2021/10/18 - 6:52:14] TuanKhang has IP Checked Johny Dang
[2021/10/18 - 6:52:57] TuanKhang has IP Checked TruongTri Thuan
[2021/10/18 - 8:04:56] TuanKhang has IP Checked Po roro
[2021/10/18 - 10:39:24] TuanKhang has IP Checked Ah Toan
[2021/10/18 - 12:10:40] TuanKhang has IP Checked Nicolas Jackson
[2021/10/18 - 12:10:44] Van Nam has IP Checked Nicolas Jackson
[2021/10/18 - 12:10:45] Van Nam has IP Checked TruongTri Thuan
[2021/10/18 - 13:51:06] TuanKhang has IP Checked Mike Grezys
[2021/10/18 - 14:11:56] Hai Yen has IP Checked Baby Chan
[2021/10/18 - 14:12:06] Hai Yen has IP Checked Hoang PhiHong
[2021/10/18 - 15:52:55] Van Nam has IP Checked LEF Whatlen
[2021/10/18 - 16:23:56] Van Nam has IP Checked Nicolas Jackson
[2021/10/18 - 16:24:14] Van Nam has IP Checked TruongTri Thuan
[2021/10/18 - 16:42:43] Van Nam has IP Checked Khoa Pug
[2021/10/18 - 16:42:46] Van Nam has IP Checked Big Mike
[2021/10/18 - 16:42:52] Van Nam has IP Checked TruongTri Thuan
[2021/10/18 - 16:42:54] Van Nam has IP Checked Nicolas Jackson
[2021/10/18 - 16:43:00] Van Nam has IP Checked Johny Dang
[2021/10/18 - 16:50:58] Hai Yen has IP Checked Artix Voon
[2021/10/18 - 16:53:18] TienTom has IP Checked Artix_Voon
[2021/10/18 - 16:54:08] Hai Yen has IP Checked NgocHuyen Jemmyr
[2021/10/18 - 16:54:12] Hai Yen has IP Checked Thuan Truong
[2021/10/18 - 16:54:13] Hai Yen has IP Checked Nicolas Jackson
[2021/10/18 - 16:54:18] Hai Yen has IP Checked Huang Quy
[2021/10/18 - 16:54:19] Hai Yen has IP Checked Baby Chan
[2021/10/18 - 16:54:22] Hai Yen has IP Checked Khoa Pug
[2021/10/18 - 16:54:23] Hai Yen has IP Checked Big Mike
[2021/10/18 - 16:54:24] Hai Yen has IP Checked Johny Dang
[2021/10/18 - 16:54:26] Hai Yen has IP Checked CuBi Oi
[2021/10/18 - 16:54:31] Hai Yen has IP Checked Nhu Quynh
[2021/10/18 - 17:00:58] Ryan Smith has IP Checked Shark girl
[2021/10/18 - 17:20:50] Ryan Smith has IP Checked Shark girl
[2021/10/18 - 23:32:25] TuanKhang has IP Checked Lire Gum
[2021/10/18 - 23:36:55] TuanKhang has IP Checked Kiwi noth
[2021/10/18 - 23:49:54] TuanKhang has IP Checked Johny Dang
[2021/10/18 - 23:51:57] Van Nam has IP Checked NgocHuyen Jemmyr
[2021/10/18 - 23:52:00] Van Nam has IP Checked TruongTri Thuan
[2021/10/18 - 23:52:06] Van Nam has IP Checked Johny Dang
[2021/10/18 - 23:52:15] TuanKhang has IP Checked NgocHuyen Jemmyr
[2021/10/18 - 23:52:32] TuanKhang has IP Checked Johny Dang
[2021/10/19 - 0:04:04] Shi has IP Checked TruongTri Thuan
[2021/10/19 - 0:05:47] Shi has IP Checked NgocHuyen Jemmyr
[2021/10/19 - 0:12:57] TuanKhang has IP Checked TruongTri Thuan
[2021/10/19 - 0:17:07] Shi has IP Checked TruongTri Thuan
[2021/10/19 - 0:26:00] TuanKhang has IP Checked Ricardo James
[2021/10/19 - 0:29:42] TuanKhang has IP Checked haizz n
[2021/10/19 - 1:46:20] Shi has IP Checked Babi_Kun
[2021/10/19 - 1:46:24] TuanKhang has IP Checked Peter Jame
[2021/10/19 - 1:46:26] TuanKhang has IP Checked Peter Appel
[2021/10/19 - 1:46:38] Shi has IP Checked Peter Jame
[2021/10/19 - 1:46:41] Shi has IP Checked Peter Appel
[2021/10/19 - 1:46:46] TuanKhang has IP Checked Babi Kun
[2021/10/19 - 1:48:12] TuanKhang has IP Checked Obamas Right Nut
[2021/10/19 - 1:52:10] TuanKhang has IP Checked cua gg
[2021/10/19 - 1:52:29] TuanKhang has IP Checked Aomine Daiki
[2021/10/19 - 2:03:52] TuanKhang has IP Checked Wick Statham
[2021/10/19 - 2:13:49] TuanKhang has IP Checked Hugo Lorik
[2021/10/19 - 2:41:03] TuanKhang has IP Checked Hugo Lorik
[2021/10/19 - 2:48:55] TuanKhang has IP Checked Vy Mina
[2021/10/19 - 7:55:34] TuanKhang has IP Checked Ah Toan
[2021/10/19 - 7:55:44] TuanKhang has IP Checked Toan kaka
[2021/10/19 - 8:16:37] TuanKhang has IP Checked Weed Dealler
[2021/10/19 - 8:18:22] TienTom has IP Checked Weed Dealler
[2021/10/19 - 8:20:00] TuanKhang has IP Checked Nhu Quynh
[2021/10/19 - 9:40:41] TuanKhang has IP Checked Pham dai loc
[2021/10/19 - 9:40:58] TuanKhang has IP Checked Loc ngao
[2021/10/19 - 11:12:35] TuanKhang has IP Checked DHoa Vjppro
[2021/10/19 - 11:50:38] TuanKhang has IP Checked Khang khang
[2021/10/19 - 12:08:00] TuanKhang has IP Checked Khang khang
[2021/10/19 - 12:08:04] TuanKhang has IP Checked Kien kien
[2021/10/19 - 12:33:35] Ryan Smith has IP Checked Thuan Truong
[2021/10/19 - 12:55:43] Shi has IP Checked Khang khang
[2021/10/19 - 13:48:40] TuanKhang has IP Checked Ngoc Tien
[2021/10/19 - 13:50:07] TuanKhang has IP Checked Weed Dealler
[2021/10/19 - 13:50:59] Ryan Smith has IP Checked Weed Dealler
[2021/10/19 - 13:59:04] Ryan Smith has IP Checked Weed Dealler
[2021/10/19 - 14:01:40] Ryan Smith has IP Checked Tuan Reset
[2021/10/19 - 14:11:38] Ryan Smith has IP Checked Tu That
[2021/10/19 - 14:40:50] Ryan Smith has IP Checked Weed Dealler
[2021/10/19 - 14:41:18] Hai Yen has IP Checked DHoa Vjppro
[2021/10/19 - 16:25:59] Ryan Smith has IP Checked Babi Kun
[2021/10/19 - 17:01:45] Ryan Smith has IP Checked Big Mike
[2021/10/19 - 17:14:00] Ryan Smith has IP Checked Weed Dealler
[2021/10/19 - 17:14:02] Ryan Smith has IP Checked Thuan Truong
[2021/10/19 - 19:01:24] TuanKhang has IP Checked Smoke Weed
[2021/10/19 - 19:41:15] TuanKhang has IP Checked Dominic Edsel
[2021/10/19 - 19:44:32] Ryan Smith has IP Checked TruongTri Thuan
[2021/10/19 - 22:54:59] TuanKhang has IP Checked Tuan Khangg
[2021/10/19 - 23:19:22] TruongTri Thuann has IP Checked Kiet Nguyenn
[2021/10/19 - 23:21:33] TruongTri Thuann has IP Checked pi deli
[2021/10/19 - 23:21:34] TuanKhang has IP Checked Dam VinhHung
[2021/10/19 - 23:21:44] TruongTri Thuann has IP Checked Dam VinhHung
[2021/10/19 - 23:23:45] TruongTri Thuann has IP Checked uncel shin
[2021/10/19 - 23:30:26] TuanKhang has IP Checked CuBi Oi
[2021/10/19 - 23:33:24] TruongTri Thuan. has IP Checked Richard Drakee
[2021/10/19 - 23:36:01] TuanKhang has IP Checked Dam VinhHung
[2021/10/19 - 23:40:03] TruongTri Thuan. has IP Checked Ricardo Jamess
[2021/10/19 - 23:40:08] TuanKhang has IP Checked Ricardo Jamess
[2021/10/19 - 23:42:02] TruongTri Thuan. has IP Checked Luis Miller
[2021/10/19 - 23:42:04] TruongTri Thuan. has IP Checked Dickard Shaw
[2021/10/19 - 23:42:24] TuanKhang has IP Checked Luis Miller
[2021/10/19 - 23:42:27] TuanKhang has IP Checked Dickard Shaw
[2021/10/19 - 23:43:45] Van Nam has IP Checked Luis Miller
[2021/10/19 - 23:44:20] TuanKhang has IP Checked Dickard Shaw
[2021/10/19 - 23:44:34] TuanKhang has IP Checked Luis Miller
[2021/10/19 - 23:45:34] Van Nam has IP Checked Luis Miller
[2021/10/19 - 23:48:20] Van Nam has IP Checked Kiet Cuto
[2021/10/19 - 23:50:51] TuanKhang has IP Checked Nhu Quynh
[2021/10/19 - 23:53:29] TuanKhang has IP Checked Kiet Cuto
[2021/10/19 - 23:53:45] Van Nam has IP Checked Kiet Cuto
[2021/10/19 - 23:58:08] TuanKhang has IP Checked Kiet Cuto
[2021/10/19 - 23:58:15] TuanKhang has IP Checked TruongTri Thuan
[2021/10/20 - 0:04:34] TuanKhang has IP Checked LQ Toann
[2021/10/20 - 0:04:52] Van Nam has IP Checked LQ Toann
[2021/10/20 - 0:40:04] TuanKhang has IP Checked Ricardo James
[2021/10/20 - 2:36:01] TuanKhang has IP Checked Hoa Le
[2021/10/20 - 5:10:58] TienTom has IP Checked Nhu Quynh
[2021/10/20 - 5:11:06] TienTom has IP Checked Smoke Weed
[2021/10/20 - 9:26:54] TuanKhang has IP Checked King Nihai
[2021/10/20 - 12:16:55] Ryan Smith has IP Checked King Tobi
[2021/10/20 - 12:32:52] Van Nam has IP Checked Hung Cutes
[2021/10/20 - 12:37:00] Van Nam has IP Checked Holy Shitt
[2021/10/20 - 13:33:24] Ryan Smith has IP Checked Elsu Elsa
[2021/10/20 - 13:34:43] Ryan Smith has IP Checked Elsu Elsa
[2021/10/20 - 13:55:53] Ryan Smith has IP Checked Ryan Smith
[2021/10/20 - 16:07:03] Van Nam has IP Checked Welcome homi
[2021/10/20 - 16:07:51] Van Nam has IP Checked Jayz Niggzen
[2021/10/20 - 16:16:50] TuanKhang has IP Checked Kim Thu
[2021/10/20 - 18:12:02] Mr AIexander has IP Checked May Misssingyou
[2021/10/20 - 18:25:48] TuanKhang has IP Checked TruongTri Thuan
[2021/10/20 - 18:27:24] TuanKhang has IP Checked Joen Collins
[2021/10/20 - 18:41:30] TuanKhang has IP Checked Resister Black
[2021/10/20 - 19:19:21] Ryan Smith has IP Checked Dee_Estass
[2021/10/20 - 19:19:58] Shi has IP Checked Thuan_Truong
[2021/10/20 - 19:59:23] TuanKhang has IP Checked Loc mat
[2021/10/20 - 20:12:04] Van Nam has IP Checked Versailles Rosaleen
[2021/10/20 - 20:17:19] Van Nam has IP Checked TruongTri Thuan
[2021/10/20 - 20:17:24] Van Nam has IP Checked May Misssingyou
[2021/10/20 - 20:25:44] TuanKhang has IP Checked Thure Shutdow
[2021/10/20 - 20:27:14] TuanKhang has IP Checked Thure Shutdow
[2021/10/20 - 20:27:37] Ryan Smith has IP Checked Thure Shutdow
[2021/10/20 - 20:37:03] Ryan Smith has IP Checked Alibaba Cmoer
[2021/10/20 - 20:45:21] TuanKhang has IP Checked Thuy Yen
[2021/10/20 - 20:46:18] Ryan Smith has IP Checked Thuy Yen
[2021/10/20 - 20:51:34] Ryan Smith has IP Checked David Daniel
[2021/10/20 - 20:51:43] Ryan Smith has IP Checked David Daniel
[2021/10/20 - 21:03:06] Van Nam has IP Checked Thuy Yenn
[2021/10/20 - 21:03:49] Tientom has IP Checked Thuy_Yenn
[2021/10/20 - 21:40:32] Shi has IP Checked Hawkling_Handding
[2021/10/20 - 21:47:44] TuanKhang has IP Checked Ha Ngo
[2021/10/20 - 21:52:50] TuanKhang has IP Checked HoThinh Ho
[2021/10/20 - 22:00:34] TuanKhang has IP Checked Richard Peresbero
[2021/10/20 - 23:34:54] Shi has IP Checked TruongTri Thuan
[2021/10/20 - 23:35:27] TuanKhang has IP Checked Phuong Troc
[2021/10/20 - 23:38:30] Shi has IP Checked Big_Mike
[2021/10/20 - 23:38:59] Shi has IP Checked Dickard_Shaw
[2021/10/20 - 23:44:23] Thor Yang has IP Checked Khoa Pug
[2021/10/21 - 0:23:28] Shi has IP Checked LQ_TOAN
[2021/10/21 - 0:23:55] Shi has IP Checked Tuan_Khoa
[2021/10/21 - 0:24:18] Shi has IP Checked Ricardo James
[2021/10/21 - 0:26:10] TuanKhang has IP Checked Jacky Chun
[2021/10/21 - 0:26:15] Shi has IP Checked Jacky Chun
[2021/10/21 - 0:26:22] Shi has IP Checked LQ_TOAN
[2021/10/21 - 12:14:47] Shi has IP Checked Isaac NewSon
[2021/10/21 - 12:14:49] Shi has IP Checked Diiiii Khang
[2021/10/21 - 14:39:34] Shi has IP Checked Ngo_Khong
[2021/10/21 - 16:44:13] Ryan Smith has IP Checked TruongTri Thuan
[2021/10/21 - 16:46:16] Ryan Smith has IP Checked TruongTri Thuan
[2021/10/21 - 21:00:33] TuanKhang has IP Checked bao thai
[2021/10/21 - 21:00:50] Ryan Smith has IP Checked bao thai
[2021/10/22 - 1:46:39] Shi has IP Checked Peter Adler
[2021/10/22 - 1:56:59] TuanKhang has IP Checked Ricardo James
[2021/10/22 - 13:53:23] Ryan Smith has IP Checked ddos sever
[2021/10/22 - 16:42:00] Ryan Smith has IP Checked Ronaldo Delima
[2021/10/22 - 16:42:10] Ryan Smith has IP Checked NamCam ComebackT
[2021/10/22 - 23:13:34] TuanKhang has IP Checked hello kitty
[2021/10/22 - 23:15:40] TuanKhang has IP Checked hello kitty
[2021/10/22 - 23:18:09] Shi has IP Checked hello kitty
[2021/10/22 - 23:33:15] Shi has IP Checked hello_kitty
[2021/10/22 - 23:43:02] Shi has IP Checked Thai Smile
[2021/10/23 - 12:50:18] Ryan Smith has IP Checked admin loz
[2021/10/23 - 13:05:03] Ryan Smith has IP Checked hello_kitty
[2021/10/23 - 13:08:43] Ryan Smith has IP Checked leander_moore
[2021/10/23 - 13:29:51] Ryan Smith has IP Checked Dat Rambo
[2021/10/23 - 15:09:32] Ryan Smith has IP Checked Big kid
[2021/10/23 - 15:09:43] Ryan Smith has IP Checked Trieu_DZ
[2021/10/23 - 15:09:47] Ryan Smith has IP Checked kiet_nguyen
[2021/10/23 - 15:09:52] Ryan Smith has IP Checked Dat_Rambo
