[2018/1/7 - 12:35:32] NDP da chinh sua toa do Khu An Toan (ID 1).
[2018/1/7 - 12:35:37] NDP da chinh sua khoang cach Khu An Toan (ID 1).
[2018/1/8 - 9:55:54]  NDP  da chinh sua toa do Khu An Toan (ID 10).
[2018/1/8 - 9:56:00]  NDP  da chinh sua khoang cach Khu An Toan (ID 10).
[2018/1/8 - 10:01:16]  NDP  da xoa Khu An Toan (ID 1).
[2018/1/8 - 12:50:38] Shins San da chinh sua khoang cach Khu An Toan (ID 10).
[2018/1/8 - 12:51:58] Shins San da chinh sua toa do Khu An Toan (ID 0).
[2018/1/8 - 12:52:16] Shins San da chinh sua khoang cach Khu An Toan (ID 0).
[2018/1/8 - 18:47:12] Khanh DinoA da chinh sua toa do Khu An Toan (ID 1).
[2018/1/8 - 18:47:26] Khanh DinoA da chinh sua khoang cach Khu An Toan (ID 1).
[2018/1/8 - 18:47:30] Khanh DinoA da chinh sua khoang cach Khu An Toan (ID 1).
[2018/1/8 - 18:47:51] Sin da chinh sua khoang cach Khu An Toan (ID 1).
[2018/1/8 - 18:53:05] Shins San da xoa Khu An Toan (ID 0).
[2018/1/8 - 18:53:06] Shins San da xoa Khu An Toan (ID 10).
[2018/1/8 - 18:53:14] Shins San da chinh sua toa do Khu An Toan (ID 0).
[2018/1/8 - 18:53:24] Shins San da chinh sua khoang cach Khu An Toan (ID 0).
[2018/1/8 - 18:55:33] Shins San da chinh sua khoang cach Khu An Toan (ID 0).
[2018/1/8 - 18:56:35] Shins San da chinh sua toa do Khu An Toan (ID 10).
[2018/1/8 - 18:59:30] Shins San da chinh sua khoang cach Khu An Toan (ID 10).
[2018/1/8 - 18:59:32] Shins San da chinh sua khoang cach Khu An Toan (ID 10).
[2018/1/8 - 18:59:36] Shins San da chinh sua khoang cach Khu An Toan (ID 0).
[2018/1/8 - 18:59:56] Shins San da chinh sua toa do Khu An Toan (ID 0).
[2018/1/8 - 19:10:40] [Fmod] Khanh da chinh sua khoang cach Khu An Toan (ID 1).
[2018/1/8 - 19:15:28] NguyenNgoc Giau da xoa Khu An Toan (ID 1).
[2018/1/8 - 20:14:13] Thinh FenLinh da chinh sua toa do Khu An Toan (ID 10).
[2018/1/8 - 20:14:26] Thinh FenLinh da chinh sua khoang cach Khu An Toan (ID 0).
[2018/1/8 - 20:14:34] Thinh FenLinh da chinh sua khoang cach Khu An Toan (ID 10).
[2018/1/9 - 9:28:54] Nguyen DuyPhuong da chinh sua toa do Khu An Toan (ID 444).
[2018/1/9 - 9:29:01] Nguyen DuyPhuong da chinh sua khoang cach Khu An Toan (ID 444).
[2018/1/9 - 11:39:19] Biin da xoa Khu An Toan (ID 0).
[2018/1/9 - 11:39:44] Biin da chinh sua khoang cach Khu An Toan (ID 19).
[2018/1/9 - 11:39:47] Biin da chinh sua khoang cach Khu An Toan (ID 10).
[2018/1/9 - 12:24:24] Shins San da chinh sua toa do Khu An Toan (ID 2).
[2018/1/9 - 13:31:55] Refund da chinh sua toa do Khu An Toan (ID 1).
[2018/1/9 - 13:32:11] Refund da chinh sua khoang cach Khu An Toan (ID 1).
[2018/1/9 - 13:58:29] Refund da chinh sua toa do Khu An Toan (ID 9).
[2018/1/9 - 13:58:44] Zeno da chinh sua toa do Khu An Toan (ID 11).
[2018/1/9 - 13:58:46] Refund da chinh sua khoang cach Khu An Toan (ID 9).
[2018/1/9 - 13:59:01] Zeno da chinh sua khoang cach Khu An Toan (ID 11).
[2018/1/9 - 13:59:10] Refund da chinh sua khoang cach Khu An Toan (ID 9).
[2018/1/9 - 14:01:10] RO BOT da chinh sua toa do Khu An Toan (ID 5).
[2018/1/9 - 14:01:30] RO BOT da chinh sua toa do Khu An Toan (ID 5).
[2018/1/9 - 14:01:35] RO BOT da chinh sua toa do Khu An Toan (ID 5).
[2018/1/9 - 14:01:54] RO BOT da chinh sua khoang cach Khu An Toan (ID 5).
[2018/1/9 - 14:07:09] Zeno da chinh sua khoang cach Khu An Toan (ID 11).
[2018/1/9 - 14:08:50] Zeno da chinh sua toa do Khu An Toan (ID 11).
[2018/1/9 - 18:04:17] [Fmod] Khanh da chinh sua khoang cach Khu An Toan (ID 2).
[2018/1/9 - 18:25:50] Shins San da chinh sua khoang cach Khu An Toan (ID 10).
[2018/1/9 - 19:14:10] Biin da chinh sua khoang cach Khu An Toan (ID 10).
[2020/3/7 - 19:50:48] Resister Black da chinh sua toa do Khu An Toan (ID 99).
[2020/3/7 - 19:51:36] Resister Black da chinh sua khoang cach Khu An Toan (ID 99).
[2020/3/8 - 11:39:16] Clay Machizh da chinh sua toa do Khu An Toan (ID 9).
[2020/3/8 - 11:39:51] Clay Machizh da chinh sua toa do Khu An Toan (ID 9).
