[2020/4/24 - 12:59:36] {AA3333}AdmCmd{FFFF00}:HAC da KICK TAT CA NGUOI CHOI, {FFFF00}Ly Do{FFFF00}: bao tri
[2021/7/18 - 15:00:15] {AA3333}AdmCmd{FFFF00}:hac da KICK TAT CA NGUOI CHOI, {FFFF00}Ly Do{FFFF00}: bao tri
[2021/7/18 - 15:00:15] {AA3333}AdmCmd{FFFF00}:hac da KICK TAT CA NGUOI CHOI, {FFFF00}Ly Do{FFFF00}: bao tri
[2021/7/18 - 15:00:15] {AA3333}AdmCmd{FFFF00}:hac da KICK TAT CA NGUOI CHOI, {FFFF00}Ly Do{FFFF00}: bao tri
[2021/7/18 - 15:00:15] {AA3333}AdmCmd{FFFF00}:hac da KICK TAT CA NGUOI CHOI, {FFFF00}Ly Do{FFFF00}: bao tri
[2021/7/18 - 15:00:15] {AA3333}AdmCmd{FFFF00}:hac da KICK TAT CA NGUOI CHOI, {FFFF00}Ly Do{FFFF00}: bao tri
[2021/7/18 - 15:00:15] {AA3333}AdmCmd{FFFF00}:hac da KICK TAT CA NGUOI CHOI, {FFFF00}Ly Do{FFFF00}: bao tri
[2021/7/18 - 15:00:15] {AA3333}AdmCmd{FFFF00}:hac da KICK TAT CA NGUOI CHOI, {FFFF00}Ly Do{FFFF00}: bao tri
[2021/7/18 - 15:00:15] {AA3333}AdmCmd{FFFF00}:hac da KICK TAT CA NGUOI CHOI, {FFFF00}Ly Do{FFFF00}: bao tri
[2021/7/18 - 15:00:15] {AA3333}AdmCmd{FFFF00}:hac da KICK TAT CA NGUOI CHOI, {FFFF00}Ly Do{FFFF00}: bao tri
[2021/7/18 - 20:42:13] {AA3333}AdmCmd{FFFF00}:hac da KICK TAT CA NGUOI CHOI, {FFFF00}Ly Do{FFFF00}: reset, moi nguoi out ra vo lai
[2021/7/18 - 20:42:13] {AA3333}AdmCmd{FFFF00}:hac da KICK TAT CA NGUOI CHOI, {FFFF00}Ly Do{FFFF00}: reset, moi nguoi out ra vo lai
[2021/7/18 - 20:42:13] {AA3333}AdmCmd{FFFF00}:hac da KICK TAT CA NGUOI CHOI, {FFFF00}Ly Do{FFFF00}: reset, moi nguoi out ra vo lai
[2021/7/18 - 20:42:13] {AA3333}AdmCmd{FFFF00}:hac da KICK TAT CA NGUOI CHOI, {FFFF00}Ly Do{FFFF00}: reset, moi nguoi out ra vo lai
[2021/7/18 - 20:42:13] {AA3333}AdmCmd{FFFF00}:hac da KICK TAT CA NGUOI CHOI, {FFFF00}Ly Do{FFFF00}: reset, moi nguoi out ra vo lai
[2021/7/18 - 20:42:13] {AA3333}AdmCmd{FFFF00}:hac da KICK TAT CA NGUOI CHOI, {FFFF00}Ly Do{FFFF00}: reset, moi nguoi out ra vo lai
[2021/7/18 - 20:42:13] {AA3333}AdmCmd{FFFF00}:hac da KICK TAT CA NGUOI CHOI, {FFFF00}Ly Do{FFFF00}: reset, moi nguoi out ra vo lai
[2021/7/18 - 20:42:13] {AA3333}AdmCmd{FFFF00}:hac da KICK TAT CA NGUOI CHOI, {FFFF00}Ly Do{FFFF00}: reset, moi nguoi out ra vo lai
[2021/7/18 - 20:42:13] {AA3333}AdmCmd{FFFF00}:hac da KICK TAT CA NGUOI CHOI, {FFFF00}Ly Do{FFFF00}: reset, moi nguoi out ra vo lai
[2021/7/18 - 20:42:13] {AA3333}AdmCmd{FFFF00}:hac da KICK TAT CA NGUOI CHOI, {FFFF00}Ly Do{FFFF00}: reset, moi nguoi out ra vo lai
[2021/7/18 - 20:42:13] {AA3333}AdmCmd{FFFF00}:hac da KICK TAT CA NGUOI CHOI, {FFFF00}Ly Do{FFFF00}: reset, moi nguoi out ra vo lai
[2021/7/18 - 20:42:13] {AA3333}AdmCmd{FFFF00}:hac da KICK TAT CA NGUOI CHOI, {FFFF00}Ly Do{FFFF00}: reset, moi nguoi out ra vo lai
[2021/7/18 - 20:42:13] {AA3333}AdmCmd{FFFF00}:hac da KICK TAT CA NGUOI CHOI, {FFFF00}Ly Do{FFFF00}: reset, moi nguoi out ra vo lai
[2021/7/19 - 0:26:12] {AA3333}AdmCmd{FFFF00}:hac da KICK TAT CA NGUOI CHOI, {FFFF00}Ly Do{FFFF00}: baotri
[2021/7/19 - 0:26:12] {AA3333}AdmCmd{FFFF00}:hac da KICK TAT CA NGUOI CHOI, {FFFF00}Ly Do{FFFF00}: baotri
[2021/7/19 - 0:26:12] {AA3333}AdmCmd{FFFF00}:hac da KICK TAT CA NGUOI CHOI, {FFFF00}Ly Do{FFFF00}: baotri
[2021/7/19 - 0:26:12] {AA3333}AdmCmd{FFFF00}:hac da KICK TAT CA NGUOI CHOI, {FFFF00}Ly Do{FFFF00}: baotri
[2021/7/20 - 11:53:50] {AA3333}AdmCmd{FFFF00}:hac da KICK TAT CA NGUOI CHOI, {FFFF00}Ly Do{FFFF00}: bao tri 1 phut vo lai nhe
[2021/7/20 - 11:53:50] {AA3333}AdmCmd{FFFF00}:hac da KICK TAT CA NGUOI CHOI, {FFFF00}Ly Do{FFFF00}: bao tri 1 phut vo lai nhe
[2021/7/20 - 11:53:50] {AA3333}AdmCmd{FFFF00}:hac da KICK TAT CA NGUOI CHOI, {FFFF00}Ly Do{FFFF00}: bao tri 1 phut vo lai nhe
[2021/7/20 - 11:53:50] {AA3333}AdmCmd{FFFF00}:hac da KICK TAT CA NGUOI CHOI, {FFFF00}Ly Do{FFFF00}: bao tri 1 phut vo lai nhe
[2021/7/20 - 11:53:50] {AA3333}AdmCmd{FFFF00}:hac da KICK TAT CA NGUOI CHOI, {FFFF00}Ly Do{FFFF00}: bao tri 1 phut vo lai nhe
[2021/7/20 - 11:53:50] {AA3333}AdmCmd{FFFF00}:hac da KICK TAT CA NGUOI CHOI, {FFFF00}Ly Do{FFFF00}: bao tri 1 phut vo lai nhe
[2021/7/20 - 11:53:50] {AA3333}AdmCmd{FFFF00}:hac da KICK TAT CA NGUOI CHOI, {FFFF00}Ly Do{FFFF00}: bao tri 1 phut vo lai nhe
[2021/7/20 - 11:53:50] {AA3333}AdmCmd{FFFF00}:hac da KICK TAT CA NGUOI CHOI, {FFFF00}Ly Do{FFFF00}: bao tri 1 phut vo lai nhe
[2021/7/20 - 11:53:50] {AA3333}AdmCmd{FFFF00}:hac da KICK TAT CA NGUOI CHOI, {FFFF00}Ly Do{FFFF00}: bao tri 1 phut vo lai nhe
[2021/7/20 - 11:53:50] {AA3333}AdmCmd{FFFF00}:hac da KICK TAT CA NGUOI CHOI, {FFFF00}Ly Do{FFFF00}: bao tri 1 phut vo lai nhe
[2021/7/20 - 11:53:50] {AA3333}AdmCmd{FFFF00}:hac da KICK TAT CA NGUOI CHOI, {FFFF00}Ly Do{FFFF00}: bao tri 1 phut vo lai nhe
[2021/7/20 - 11:53:50] {AA3333}AdmCmd{FFFF00}:hac da KICK TAT CA NGUOI CHOI, {FFFF00}Ly Do{FFFF00}: bao tri 1 phut vo lai nhe
[2021/7/20 - 11:53:50] {AA3333}AdmCmd{FFFF00}:hac da KICK TAT CA NGUOI CHOI, {FFFF00}Ly Do{FFFF00}: bao tri 1 phut vo lai nhe
[2021/7/20 - 11:53:50] {AA3333}AdmCmd{FFFF00}:hac da KICK TAT CA NGUOI CHOI, {FFFF00}Ly Do{FFFF00}: bao tri 1 phut vo lai nhe
[2021/7/20 - 11:53:50] {AA3333}AdmCmd{FFFF00}:hac da KICK TAT CA NGUOI CHOI, {FFFF00}Ly Do{FFFF00}: bao tri 1 phut vo lai nhe
[2021/7/20 - 11:53:50] {AA3333}AdmCmd{FFFF00}:hac da KICK TAT CA NGUOI CHOI, {FFFF00}Ly Do{FFFF00}: bao tri 1 phut vo lai nhe
[2021/7/20 - 11:53:50] {AA3333}AdmCmd{FFFF00}:hac da KICK TAT CA NGUOI CHOI, {FFFF00}Ly Do{FFFF00}: bao tri 1 phut vo lai nhe
[2021/7/20 - 11:53:50] {AA3333}AdmCmd{FFFF00}:hac da KICK TAT CA NGUOI CHOI, {FFFF00}Ly Do{FFFF00}: bao tri 1 phut vo lai nhe
[2021/7/20 - 11:53:50] {AA3333}AdmCmd{FFFF00}:hac da KICK TAT CA NGUOI CHOI, {FFFF00}Ly Do{FFFF00}: bao tri 1 phut vo lai nhe
[2021/7/22 - 16:45:06] {AA3333}AdmCmd{FFFF00}:HAC da KICK TAT CA NGUOI CHOI, {FFFF00}Ly Do{FFFF00}: bao tri den 17h
[2021/7/22 - 16:45:06] {AA3333}AdmCmd{FFFF00}:HAC da KICK TAT CA NGUOI CHOI, {FFFF00}Ly Do{FFFF00}: bao tri den 17h
[2021/7/22 - 16:45:06] {AA3333}AdmCmd{FFFF00}:HAC da KICK TAT CA NGUOI CHOI, {FFFF00}Ly Do{FFFF00}: bao tri den 17h
[2021/7/22 - 16:45:06] {AA3333}AdmCmd{FFFF00}:HAC da KICK TAT CA NGUOI CHOI, {FFFF00}Ly Do{FFFF00}: bao tri den 17h
[2021/7/22 - 16:45:06] {AA3333}AdmCmd{FFFF00}:HAC da KICK TAT CA NGUOI CHOI, {FFFF00}Ly Do{FFFF00}: bao tri den 17h
[2021/7/22 - 16:45:06] {AA3333}AdmCmd{FFFF00}:HAC da KICK TAT CA NGUOI CHOI, {FFFF00}Ly Do{FFFF00}: bao tri den 17h
[2021/7/22 - 16:45:06] {AA3333}AdmCmd{FFFF00}:HAC da KICK TAT CA NGUOI CHOI, {FFFF00}Ly Do{FFFF00}: bao tri den 17h
[2021/7/22 - 16:45:06] {AA3333}AdmCmd{FFFF00}:HAC da KICK TAT CA NGUOI CHOI, {FFFF00}Ly Do{FFFF00}: bao tri den 17h
[2021/7/22 - 16:45:06] {AA3333}AdmCmd{FFFF00}:HAC da KICK TAT CA NGUOI CHOI, {FFFF00}Ly Do{FFFF00}: bao tri den 17h
[2021/7/22 - 16:45:06] {AA3333}AdmCmd{FFFF00}:HAC da KICK TAT CA NGUOI CHOI, {FFFF00}Ly Do{FFFF00}: bao tri den 17h
[2021/7/22 - 16:45:06] {AA3333}AdmCmd{FFFF00}:HAC da KICK TAT CA NGUOI CHOI, {FFFF00}Ly Do{FFFF00}: bao tri den 17h
[2021/7/22 - 16:45:06] {AA3333}AdmCmd{FFFF00}:HAC da KICK TAT CA NGUOI CHOI, {FFFF00}Ly Do{FFFF00}: bao tri den 17h
[2021/7/22 - 16:45:06] {AA3333}AdmCmd{FFFF00}:HAC da KICK TAT CA NGUOI CHOI, {FFFF00}Ly Do{FFFF00}: bao tri den 17h
[2021/7/22 - 16:45:06] {AA3333}AdmCmd{FFFF00}:HAC da KICK TAT CA NGUOI CHOI, {FFFF00}Ly Do{FFFF00}: bao tri den 17h
[2021/7/23 - 17:37:14] {AA3333}AdmCmd{FFFF00}:HAC da KICK TAT CA NGUOI CHOI, {FFFF00}Ly Do{FFFF00}: bao tri du kien den 19h
[2021/7/23 - 17:37:14] {AA3333}AdmCmd{FFFF00}:HAC da KICK TAT CA NGUOI CHOI, {FFFF00}Ly Do{FFFF00}: bao tri du kien den 19h
[2021/7/23 - 17:37:14] {AA3333}AdmCmd{FFFF00}:HAC da KICK TAT CA NGUOI CHOI, {FFFF00}Ly Do{FFFF00}: bao tri du kien den 19h
[2021/7/23 - 17:37:14] {AA3333}AdmCmd{FFFF00}:HAC da KICK TAT CA NGUOI CHOI, {FFFF00}Ly Do{FFFF00}: bao tri du kien den 19h
[2021/7/23 - 17:37:14] {AA3333}AdmCmd{FFFF00}:HAC da KICK TAT CA NGUOI CHOI, {FFFF00}Ly Do{FFFF00}: bao tri du kien den 19h
[2021/7/23 - 17:37:14] {AA3333}AdmCmd{FFFF00}:HAC da KICK TAT CA NGUOI CHOI, {FFFF00}Ly Do{FFFF00}: bao tri du kien den 19h
[2021/7/23 - 17:37:14] {AA3333}AdmCmd{FFFF00}:HAC da KICK TAT CA NGUOI CHOI, {FFFF00}Ly Do{FFFF00}: bao tri du kien den 19h
[2021/7/23 - 17:37:14] {AA3333}AdmCmd{FFFF00}:HAC da KICK TAT CA NGUOI CHOI, {FFFF00}Ly Do{FFFF00}: bao tri du kien den 19h
[2021/7/23 - 17:37:14] {AA3333}AdmCmd{FFFF00}:HAC da KICK TAT CA NGUOI CHOI, {FFFF00}Ly Do{FFFF00}: bao tri du kien den 19h
[2021/7/23 - 17:37:14] {AA3333}AdmCmd{FFFF00}:HAC da KICK TAT CA NGUOI CHOI, {FFFF00}Ly Do{FFFF00}: bao tri du kien den 19h
[2021/7/23 - 17:37:14] {AA3333}AdmCmd{FFFF00}:HAC da KICK TAT CA NGUOI CHOI, {FFFF00}Ly Do{FFFF00}: bao tri du kien den 19h
[2021/7/23 - 17:37:14] {AA3333}AdmCmd{FFFF00}:HAC da KICK TAT CA NGUOI CHOI, {FFFF00}Ly Do{FFFF00}: bao tri du kien den 19h
[2021/7/23 - 17:37:14] {AA3333}AdmCmd{FFFF00}:HAC da KICK TAT CA NGUOI CHOI, {FFFF00}Ly Do{FFFF00}: bao tri du kien den 19h
[2021/7/23 - 17:37:14] {AA3333}AdmCmd{FFFF00}:HAC da KICK TAT CA NGUOI CHOI, {FFFF00}Ly Do{FFFF00}: bao tri du kien den 19h
[2021/7/23 - 20:49:10] {AA3333}AdmCmd{FFFF00}:HAC da KICK TAT CA NGUOI CHOI, {FFFF00}Ly Do{FFFF00}: relog server
[2021/7/23 - 20:49:10] {AA3333}AdmCmd{FFFF00}:HAC da KICK TAT CA NGUOI CHOI, {FFFF00}Ly Do{FFFF00}: relog server
[2021/7/23 - 20:49:10] {AA3333}AdmCmd{FFFF00}:HAC da KICK TAT CA NGUOI CHOI, {FFFF00}Ly Do{FFFF00}: relog server
[2021/7/23 - 20:49:10] {AA3333}AdmCmd{FFFF00}:HAC da KICK TAT CA NGUOI CHOI, {FFFF00}Ly Do{FFFF00}: relog server
[2021/7/23 - 20:49:10] {AA3333}AdmCmd{FFFF00}:HAC da KICK TAT CA NGUOI CHOI, {FFFF00}Ly Do{FFFF00}: relog server
[2021/7/23 - 21:13:05] {AA3333}AdmCmd{FFFF00}:HAC da KICK TAT CA NGUOI CHOI, {FFFF00}Ly Do{FFFF00}: relog sv vao lai nhe
[2021/7/23 - 21:13:05] {AA3333}AdmCmd{FFFF00}:HAC da KICK TAT CA NGUOI CHOI, {FFFF00}Ly Do{FFFF00}: relog sv vao lai nhe
[2021/7/23 - 21:13:05] {AA3333}AdmCmd{FFFF00}:HAC da KICK TAT CA NGUOI CHOI, {FFFF00}Ly Do{FFFF00}: relog sv vao lai nhe
[2021/7/23 - 21:13:05] {AA3333}AdmCmd{FFFF00}:HAC da KICK TAT CA NGUOI CHOI, {FFFF00}Ly Do{FFFF00}: relog sv vao lai nhe
[2021/7/23 - 21:13:05] {AA3333}AdmCmd{FFFF00}:HAC da KICK TAT CA NGUOI CHOI, {FFFF00}Ly Do{FFFF00}: relog sv vao lai nhe
[2021/7/23 - 21:13:05] {AA3333}AdmCmd{FFFF00}:HAC da KICK TAT CA NGUOI CHOI, {FFFF00}Ly Do{FFFF00}: relog sv vao lai nhe
[2021/7/23 - 21:13:05] {AA3333}AdmCmd{FFFF00}:HAC da KICK TAT CA NGUOI CHOI, {FFFF00}Ly Do{FFFF00}: relog sv vao lai nhe
[2021/7/23 - 21:13:05] {AA3333}AdmCmd{FFFF00}:HAC da KICK TAT CA NGUOI CHOI, {FFFF00}Ly Do{FFFF00}: relog sv vao lai nhe
[2021/7/23 - 21:13:05] {AA3333}AdmCmd{FFFF00}:HAC da KICK TAT CA NGUOI CHOI, {FFFF00}Ly Do{FFFF00}: relog sv vao lai nhe
[2021/7/23 - 21:13:05] {AA3333}AdmCmd{FFFF00}:HAC da KICK TAT CA NGUOI CHOI, {FFFF00}Ly Do{FFFF00}: relog sv vao lai nhe
[2021/7/23 - 21:13:05] {AA3333}AdmCmd{FFFF00}:HAC da KICK TAT CA NGUOI CHOI, {FFFF00}Ly Do{FFFF00}: relog sv vao lai nhe
[2021/7/23 - 21:13:05] {AA3333}AdmCmd{FFFF00}:HAC da KICK TAT CA NGUOI CHOI, {FFFF00}Ly Do{FFFF00}: relog sv vao lai nhe
[2021/7/23 - 21:13:05] {AA3333}AdmCmd{FFFF00}:HAC da KICK TAT CA NGUOI CHOI, {FFFF00}Ly Do{FFFF00}: relog sv vao lai nhe
[2021/7/23 - 21:13:05] {AA3333}AdmCmd{FFFF00}:HAC da KICK TAT CA NGUOI CHOI, {FFFF00}Ly Do{FFFF00}: relog sv vao lai nhe
[2021/7/23 - 21:13:05] {AA3333}AdmCmd{FFFF00}:HAC da KICK TAT CA NGUOI CHOI, {FFFF00}Ly Do{FFFF00}: relog sv vao lai nhe
[2021/7/24 - 8:31:54] {AA3333}AdmCmd{FFFF00}:HAC da KICK TAT CA NGUOI CHOI, {FFFF00}Ly Do{FFFF00}: tat npc moi nguoi ra vo lai
[2021/7/24 - 8:31:54] {AA3333}AdmCmd{FFFF00}:HAC da KICK TAT CA NGUOI CHOI, {FFFF00}Ly Do{FFFF00}: tat npc moi nguoi ra vo lai
[2021/7/24 - 8:31:54] {AA3333}AdmCmd{FFFF00}:HAC da KICK TAT CA NGUOI CHOI, {FFFF00}Ly Do{FFFF00}: tat npc moi nguoi ra vo lai
[2021/7/24 - 8:31:54] {AA3333}AdmCmd{FFFF00}:HAC da KICK TAT CA NGUOI CHOI, {FFFF00}Ly Do{FFFF00}: tat npc moi nguoi ra vo lai
[2021/7/24 - 8:31:54] {AA3333}AdmCmd{FFFF00}:HAC da KICK TAT CA NGUOI CHOI, {FFFF00}Ly Do{FFFF00}: tat npc moi nguoi ra vo lai
[2021/7/25 - 0:15:04] {AA3333}AdmCmd{FFFF00}:Long da KICK TAT CA NGUOI CHOI, {FFFF00}Ly Do{FFFF00}: relog
[2021/7/25 - 0:15:04] {AA3333}AdmCmd{FFFF00}:Long da KICK TAT CA NGUOI CHOI, {FFFF00}Ly Do{FFFF00}: relog
[2021/7/25 - 0:15:04] {AA3333}AdmCmd{FFFF00}:Long da KICK TAT CA NGUOI CHOI, {FFFF00}Ly Do{FFFF00}: relog
[2021/7/25 - 0:15:04] {AA3333}AdmCmd{FFFF00}:Long da KICK TAT CA NGUOI CHOI, {FFFF00}Ly Do{FFFF00}: relog
[2021/7/25 - 0:15:04] {AA3333}AdmCmd{FFFF00}:Long da KICK TAT CA NGUOI CHOI, {FFFF00}Ly Do{FFFF00}: relog
[2021/7/25 - 0:15:04] {AA3333}AdmCmd{FFFF00}:Long da KICK TAT CA NGUOI CHOI, {FFFF00}Ly Do{FFFF00}: relog
[2021/7/25 - 0:15:04] {AA3333}AdmCmd{FFFF00}:Long da KICK TAT CA NGUOI CHOI, {FFFF00}Ly Do{FFFF00}: relog
[2021/7/25 - 0:15:04] {AA3333}AdmCmd{FFFF00}:Long da KICK TAT CA NGUOI CHOI, {FFFF00}Ly Do{FFFF00}: relog
[2021/7/25 - 0:15:04] {AA3333}AdmCmd{FFFF00}:Long da KICK TAT CA NGUOI CHOI, {FFFF00}Ly Do{FFFF00}: relog
[2021/7/25 - 0:15:04] {AA3333}AdmCmd{FFFF00}:Long da KICK TAT CA NGUOI CHOI, {FFFF00}Ly Do{FFFF00}: relog
[2021/7/25 - 0:15:04] {AA3333}AdmCmd{FFFF00}:Long da KICK TAT CA NGUOI CHOI, {FFFF00}Ly Do{FFFF00}: relog
[2021/7/25 - 0:15:04] {AA3333}AdmCmd{FFFF00}:Long da KICK TAT CA NGUOI CHOI, {FFFF00}Ly Do{FFFF00}: relog
[2021/7/25 - 0:15:04] {AA3333}AdmCmd{FFFF00}:Long da KICK TAT CA NGUOI CHOI, {FFFF00}Ly Do{FFFF00}: relog
[2021/7/25 - 0:15:04] {AA3333}AdmCmd{FFFF00}:Long da KICK TAT CA NGUOI CHOI, {FFFF00}Ly Do{FFFF00}: relog
[2021/8/1 - 9:05:59] {AA3333}AdmCmd{FFFF00}:HAC da KICK TAT CA NGUOI CHOI, {FFFF00}Ly Do{FFFF00}: bao tri 1 phut
[2021/8/1 - 9:05:59] {AA3333}AdmCmd{FFFF00}:HAC da KICK TAT CA NGUOI CHOI, {FFFF00}Ly Do{FFFF00}: bao tri 1 phut
[2021/8/1 - 9:05:59] {AA3333}AdmCmd{FFFF00}:HAC da KICK TAT CA NGUOI CHOI, {FFFF00}Ly Do{FFFF00}: bao tri 1 phut
[2021/8/1 - 9:05:59] {AA3333}AdmCmd{FFFF00}:HAC da KICK TAT CA NGUOI CHOI, {FFFF00}Ly Do{FFFF00}: bao tri 1 phut
[2021/8/1 - 9:05:59] {AA3333}AdmCmd{FFFF00}:HAC da KICK TAT CA NGUOI CHOI, {FFFF00}Ly Do{FFFF00}: bao tri 1 phut
[2021/8/2 - 9:10:03] {AA3333}AdmCmd{FFFF00}:HAC da KICK TAT CA NGUOI CHOI, {FFFF00}Ly Do{FFFF00}: bao tri 1 phut
[2021/8/2 - 9:10:03] {AA3333}AdmCmd{FFFF00}:HAC da KICK TAT CA NGUOI CHOI, {FFFF00}Ly Do{FFFF00}: bao tri 1 phut
[2021/8/2 - 9:10:03] {AA3333}AdmCmd{FFFF00}:HAC da KICK TAT CA NGUOI CHOI, {FFFF00}Ly Do{FFFF00}: bao tri 1 phut
[2021/8/4 - 9:30:52] {AA3333}AdmCmd{FFFF00}:HAC da KICK TAT CA NGUOI CHOI, {FFFF00}Ly Do{FFFF00}: bao tri
[2021/8/4 - 9:30:52] {AA3333}AdmCmd{FFFF00}:HAC da KICK TAT CA NGUOI CHOI, {FFFF00}Ly Do{FFFF00}: bao tri
[2021/8/4 - 9:30:52] {AA3333}AdmCmd{FFFF00}:HAC da KICK TAT CA NGUOI CHOI, {FFFF00}Ly Do{FFFF00}: bao tri
[2021/8/5 - 12:41:10] {AA3333}AdmCmd{FFFF00}:hac da KICK TAT CA NGUOI CHOI, {FFFF00}Ly Do{FFFF00}: bao tri 1 phut
[2021/8/5 - 12:41:10] {AA3333}AdmCmd{FFFF00}:hac da KICK TAT CA NGUOI CHOI, {FFFF00}Ly Do{FFFF00}: bao tri 1 phut
[2021/8/5 - 12:41:10] {AA3333}AdmCmd{FFFF00}:hac da KICK TAT CA NGUOI CHOI, {FFFF00}Ly Do{FFFF00}: bao tri 1 phut
[2021/8/5 - 12:41:10] {AA3333}AdmCmd{FFFF00}:hac da KICK TAT CA NGUOI CHOI, {FFFF00}Ly Do{FFFF00}: bao tri 1 phut
[2021/8/5 - 12:41:10] {AA3333}AdmCmd{FFFF00}:hac da KICK TAT CA NGUOI CHOI, {FFFF00}Ly Do{FFFF00}: bao tri 1 phut
[2021/8/5 - 12:41:10] {AA3333}AdmCmd{FFFF00}:hac da KICK TAT CA NGUOI CHOI, {FFFF00}Ly Do{FFFF00}: bao tri 1 phut
[2021/8/5 - 12:41:10] {AA3333}AdmCmd{FFFF00}:hac da KICK TAT CA NGUOI CHOI, {FFFF00}Ly Do{FFFF00}: bao tri 1 phut
[2021/8/5 - 12:41:10] {AA3333}AdmCmd{FFFF00}:hac da KICK TAT CA NGUOI CHOI, {FFFF00}Ly Do{FFFF00}: bao tri 1 phut
[2021/8/5 - 12:41:10] {AA3333}AdmCmd{FFFF00}:hac da KICK TAT CA NGUOI CHOI, {FFFF00}Ly Do{FFFF00}: bao tri 1 phut
[2021/8/5 - 12:41:10] {AA3333}AdmCmd{FFFF00}:hac da KICK TAT CA NGUOI CHOI, {FFFF00}Ly Do{FFFF00}: bao tri 1 phut
[2021/8/5 - 12:41:10] {AA3333}AdmCmd{FFFF00}:hac da KICK TAT CA NGUOI CHOI, {FFFF00}Ly Do{FFFF00}: bao tri 1 phut
[2021/8/5 - 12:41:10] {AA3333}AdmCmd{FFFF00}:hac da KICK TAT CA NGUOI CHOI, {FFFF00}Ly Do{FFFF00}: bao tri 1 phut
[2021/8/5 - 12:41:10] {AA3333}AdmCmd{FFFF00}:hac da KICK TAT CA NGUOI CHOI, {FFFF00}Ly Do{FFFF00}: bao tri 1 phut
[2021/8/5 - 12:41:10] {AA3333}AdmCmd{FFFF00}:hac da KICK TAT CA NGUOI CHOI, {FFFF00}Ly Do{FFFF00}: bao tri 1 phut
[2021/8/5 - 12:41:10] {AA3333}AdmCmd{FFFF00}:hac da KICK TAT CA NGUOI CHOI, {FFFF00}Ly Do{FFFF00}: bao tri 1 phut
[2021/8/5 - 12:41:10] {AA3333}AdmCmd{FFFF00}:hac da KICK TAT CA NGUOI CHOI, {FFFF00}Ly Do{FFFF00}: bao tri 1 phut
[2021/8/5 - 23:38:08] {AA3333}AdmCmd{FFFF00}:hac da KICK TAT CA NGUOI CHOI, {FFFF00}Ly Do{FFFF00}: bao tri 1 phur
[2021/8/5 - 23:38:08] {AA3333}AdmCmd{FFFF00}:hac da KICK TAT CA NGUOI CHOI, {FFFF00}Ly Do{FFFF00}: bao tri 1 phur
[2021/8/5 - 23:38:08] {AA3333}AdmCmd{FFFF00}:hac da KICK TAT CA NGUOI CHOI, {FFFF00}Ly Do{FFFF00}: bao tri 1 phur
[2021/8/5 - 23:38:08] {AA3333}AdmCmd{FFFF00}:hac da KICK TAT CA NGUOI CHOI, {FFFF00}Ly Do{FFFF00}: bao tri 1 phur
[2021/8/5 - 23:38:08] {AA3333}AdmCmd{FFFF00}:hac da KICK TAT CA NGUOI CHOI, {FFFF00}Ly Do{FFFF00}: bao tri 1 phur
[2021/8/5 - 23:38:08] {AA3333}AdmCmd{FFFF00}:hac da KICK TAT CA NGUOI CHOI, {FFFF00}Ly Do{FFFF00}: bao tri 1 phur
[2021/8/5 - 23:38:08] {AA3333}AdmCmd{FFFF00}:hac da KICK TAT CA NGUOI CHOI, {FFFF00}Ly Do{FFFF00}: bao tri 1 phur
[2021/8/5 - 23:38:08] {AA3333}AdmCmd{FFFF00}:hac da KICK TAT CA NGUOI CHOI, {FFFF00}Ly Do{FFFF00}: bao tri 1 phur
[2021/8/5 - 23:38:08] {AA3333}AdmCmd{FFFF00}:hac da KICK TAT CA NGUOI CHOI, {FFFF00}Ly Do{FFFF00}: bao tri 1 phur
[2021/8/5 - 23:38:08] {AA3333}AdmCmd{FFFF00}:hac da KICK TAT CA NGUOI CHOI, {FFFF00}Ly Do{FFFF00}: bao tri 1 phur
[2021/8/5 - 23:38:08] {AA3333}AdmCmd{FFFF00}:hac da KICK TAT CA NGUOI CHOI, {FFFF00}Ly Do{FFFF00}: bao tri 1 phur
[2021/8/5 - 23:38:08] {AA3333}AdmCmd{FFFF00}:hac da KICK TAT CA NGUOI CHOI, {FFFF00}Ly Do{FFFF00}: bao tri 1 phur
[2021/8/5 - 23:38:08] {AA3333}AdmCmd{FFFF00}:hac da KICK TAT CA NGUOI CHOI, {FFFF00}Ly Do{FFFF00}: bao tri 1 phur
[2021/8/5 - 23:38:08] {AA3333}AdmCmd{FFFF00}:hac da KICK TAT CA NGUOI CHOI, {FFFF00}Ly Do{FFFF00}: bao tri 1 phur
[2021/8/5 - 23:38:08] {AA3333}AdmCmd{FFFF00}:hac da KICK TAT CA NGUOI CHOI, {FFFF00}Ly Do{FFFF00}: bao tri 1 phur
[2021/8/5 - 23:38:08] {AA3333}AdmCmd{FFFF00}:hac da KICK TAT CA NGUOI CHOI, {FFFF00}Ly Do{FFFF00}: bao tri 1 phur
[2021/8/5 - 23:38:08] {AA3333}AdmCmd{FFFF00}:hac da KICK TAT CA NGUOI CHOI, {FFFF00}Ly Do{FFFF00}: bao tri 1 phur
[2021/8/6 - 9:44:42] {AA3333}AdmCmd{FFFF00}:hac da KICK TAT CA NGUOI CHOI, {FFFF00}Ly Do{FFFF00}: bao tri 1 phut
[2021/8/6 - 9:44:42] {AA3333}AdmCmd{FFFF00}:hac da KICK TAT CA NGUOI CHOI, {FFFF00}Ly Do{FFFF00}: bao tri 1 phut
[2021/8/6 - 9:44:42] {AA3333}AdmCmd{FFFF00}:hac da KICK TAT CA NGUOI CHOI, {FFFF00}Ly Do{FFFF00}: bao tri 1 phut
[2021/8/9 - 15:13:00] {AA3333}AdmCmd{FFFF00}:MingQuang da KICK TAT CA NGUOI CHOI, {FFFF00}Ly Do{FFFF00}: Bao Tri
[2021/8/9 - 15:13:00] {AA3333}AdmCmd{FFFF00}:MingQuang da KICK TAT CA NGUOI CHOI, {FFFF00}Ly Do{FFFF00}: Bao Tri
[2021/8/9 - 15:13:00] {AA3333}AdmCmd{FFFF00}:MingQuang da KICK TAT CA NGUOI CHOI, {FFFF00}Ly Do{FFFF00}: Bao Tri
[2021/8/9 - 15:13:00] {AA3333}AdmCmd{FFFF00}:MingQuang da KICK TAT CA NGUOI CHOI, {FFFF00}Ly Do{FFFF00}: Bao Tri
[2021/8/9 - 15:13:00] {AA3333}AdmCmd{FFFF00}:MingQuang da KICK TAT CA NGUOI CHOI, {FFFF00}Ly Do{FFFF00}: Bao Tri
[2021/8/9 - 15:13:00] {AA3333}AdmCmd{FFFF00}:MingQuang da KICK TAT CA NGUOI CHOI, {FFFF00}Ly Do{FFFF00}: Bao Tri
[2021/8/9 - 15:13:00] {AA3333}AdmCmd{FFFF00}:MingQuang da KICK TAT CA NGUOI CHOI, {FFFF00}Ly Do{FFFF00}: Bao Tri
[2021/8/11 - 9:27:14] {AA3333}AdmCmd{FFFF00}:hac da KICK TAT CA NGUOI CHOI, {FFFF00}Ly Do{FFFF00}: bao tri may chu
[2021/8/11 - 9:27:14] {AA3333}AdmCmd{FFFF00}:hac da KICK TAT CA NGUOI CHOI, {FFFF00}Ly Do{FFFF00}: bao tri may chu
[2021/8/11 - 9:27:14] {AA3333}AdmCmd{FFFF00}:hac da KICK TAT CA NGUOI CHOI, {FFFF00}Ly Do{FFFF00}: bao tri may chu
[2021/8/11 - 9:27:14] {AA3333}AdmCmd{FFFF00}:hac da KICK TAT CA NGUOI CHOI, {FFFF00}Ly Do{FFFF00}: bao tri may chu
[2021/8/11 - 9:27:14] {AA3333}AdmCmd{FFFF00}:hac da KICK TAT CA NGUOI CHOI, {FFFF00}Ly Do{FFFF00}: bao tri may chu
[2021/8/17 - 12:36:23] {AA3333}AdmCmd{FFFF00}:Long da KICK TAT CA NGUOI CHOI, {FFFF00}Ly Do{FFFF00}: 30s vao lai
[2021/8/17 - 12:36:23] {AA3333}AdmCmd{FFFF00}:Long da KICK TAT CA NGUOI CHOI, {FFFF00}Ly Do{FFFF00}: 30s vao lai
[2021/8/17 - 12:36:23] {AA3333}AdmCmd{FFFF00}:Long da KICK TAT CA NGUOI CHOI, {FFFF00}Ly Do{FFFF00}: 30s vao lai
[2021/8/17 - 12:36:23] {AA3333}AdmCmd{FFFF00}:Long da KICK TAT CA NGUOI CHOI, {FFFF00}Ly Do{FFFF00}: 30s vao lai
[2021/8/17 - 12:36:23] {AA3333}AdmCmd{FFFF00}:Long da KICK TAT CA NGUOI CHOI, {FFFF00}Ly Do{FFFF00}: 30s vao lai
[2021/8/17 - 12:36:23] {AA3333}AdmCmd{FFFF00}:Long da KICK TAT CA NGUOI CHOI, {FFFF00}Ly Do{FFFF00}: 30s vao lai
[2021/8/17 - 12:36:23] {AA3333}AdmCmd{FFFF00}:Long da KICK TAT CA NGUOI CHOI, {FFFF00}Ly Do{FFFF00}: 30s vao lai
[2021/8/17 - 12:36:23] {AA3333}AdmCmd{FFFF00}:Long da KICK TAT CA NGUOI CHOI, {FFFF00}Ly Do{FFFF00}: 30s vao lai
[2021/8/17 - 12:36:23] {AA3333}AdmCmd{FFFF00}:Long da KICK TAT CA NGUOI CHOI, {FFFF00}Ly Do{FFFF00}: 30s vao lai
[2021/8/17 - 12:36:23] {AA3333}AdmCmd{FFFF00}:Long da KICK TAT CA NGUOI CHOI, {FFFF00}Ly Do{FFFF00}: 30s vao lai
[2021/8/17 - 12:36:23] {AA3333}AdmCmd{FFFF00}:Long da KICK TAT CA NGUOI CHOI, {FFFF00}Ly Do{FFFF00}: 30s vao lai
[2021/8/17 - 12:36:23] {AA3333}AdmCmd{FFFF00}:Long da KICK TAT CA NGUOI CHOI, {FFFF00}Ly Do{FFFF00}: 30s vao lai
[2021/8/17 - 12:36:23] {AA3333}AdmCmd{FFFF00}:Long da KICK TAT CA NGUOI CHOI, {FFFF00}Ly Do{FFFF00}: 30s vao lai
[2021/8/17 - 12:36:23] {AA3333}AdmCmd{FFFF00}:Long da KICK TAT CA NGUOI CHOI, {FFFF00}Ly Do{FFFF00}: 30s vao lai
[2021/8/17 - 12:36:23] {AA3333}AdmCmd{FFFF00}:Long da KICK TAT CA NGUOI CHOI, {FFFF00}Ly Do{FFFF00}: 30s vao lai
[2021/8/17 - 12:36:23] {AA3333}AdmCmd{FFFF00}:Long da KICK TAT CA NGUOI CHOI, {FFFF00}Ly Do{FFFF00}: 30s vao lai
[2021/8/17 - 12:36:23] {AA3333}AdmCmd{FFFF00}:Long da KICK TAT CA NGUOI CHOI, {FFFF00}Ly Do{FFFF00}: 30s vao lai
[2021/8/17 - 12:36:23] {AA3333}AdmCmd{FFFF00}:Long da KICK TAT CA NGUOI CHOI, {FFFF00}Ly Do{FFFF00}: 30s vao lai
[2021/8/17 - 12:36:23] {AA3333}AdmCmd{FFFF00}:Long da KICK TAT CA NGUOI CHOI, {FFFF00}Ly Do{FFFF00}: 30s vao lai
[2021/8/17 - 12:36:23] {AA3333}AdmCmd{FFFF00}:Long da KICK TAT CA NGUOI CHOI, {FFFF00}Ly Do{FFFF00}: 30s vao lai
[2021/8/17 - 12:36:23] {AA3333}AdmCmd{FFFF00}:Long da KICK TAT CA NGUOI CHOI, {FFFF00}Ly Do{FFFF00}: 30s vao lai
[2021/8/17 - 12:36:23] {AA3333}AdmCmd{FFFF00}:Long da KICK TAT CA NGUOI CHOI, {FFFF00}Ly Do{FFFF00}: 30s vao lai
[2021/8/17 - 12:36:23] {AA3333}AdmCmd{FFFF00}:Long da KICK TAT CA NGUOI CHOI, {FFFF00}Ly Do{FFFF00}: 30s vao lai
[2021/8/17 - 12:36:23] {AA3333}AdmCmd{FFFF00}:Long da KICK TAT CA NGUOI CHOI, {FFFF00}Ly Do{FFFF00}: 30s vao lai
[2021/8/17 - 12:36:23] {AA3333}AdmCmd{FFFF00}:Long da KICK TAT CA NGUOI CHOI, {FFFF00}Ly Do{FFFF00}: 30s vao lai
[2021/8/17 - 12:36:23] {AA3333}AdmCmd{FFFF00}:Long da KICK TAT CA NGUOI CHOI, {FFFF00}Ly Do{FFFF00}: 30s vao lai
[2021/8/18 - 11:24:43] {AA3333}AdmCmd{FFFF00}:hac da KICK TAT CA NGUOI CHOI, {FFFF00}Ly Do{FFFF00}: bao tri
[2021/8/18 - 11:24:43] {AA3333}AdmCmd{FFFF00}:hac da KICK TAT CA NGUOI CHOI, {FFFF00}Ly Do{FFFF00}: bao tri
[2021/8/18 - 11:24:43] {AA3333}AdmCmd{FFFF00}:hac da KICK TAT CA NGUOI CHOI, {FFFF00}Ly Do{FFFF00}: bao tri
[2021/8/18 - 11:24:43] {AA3333}AdmCmd{FFFF00}:hac da KICK TAT CA NGUOI CHOI, {FFFF00}Ly Do{FFFF00}: bao tri
[2021/8/18 - 11:24:43] {AA3333}AdmCmd{FFFF00}:hac da KICK TAT CA NGUOI CHOI, {FFFF00}Ly Do{FFFF00}: bao tri
[2021/8/18 - 11:24:43] {AA3333}AdmCmd{FFFF00}:hac da KICK TAT CA NGUOI CHOI, {FFFF00}Ly Do{FFFF00}: bao tri
[2021/8/18 - 11:24:43] {AA3333}AdmCmd{FFFF00}:hac da KICK TAT CA NGUOI CHOI, {FFFF00}Ly Do{FFFF00}: bao tri
[2021/8/18 - 11:24:43] {AA3333}AdmCmd{FFFF00}:hac da KICK TAT CA NGUOI CHOI, {FFFF00}Ly Do{FFFF00}: bao tri
[2021/8/18 - 11:24:43] {AA3333}AdmCmd{FFFF00}:hac da KICK TAT CA NGUOI CHOI, {FFFF00}Ly Do{FFFF00}: bao tri
[2021/8/18 - 11:24:43] {AA3333}AdmCmd{FFFF00}:hac da KICK TAT CA NGUOI CHOI, {FFFF00}Ly Do{FFFF00}: bao tri
[2021/8/18 - 11:24:43] {AA3333}AdmCmd{FFFF00}:hac da KICK TAT CA NGUOI CHOI, {FFFF00}Ly Do{FFFF00}: bao tri
[2021/8/18 - 11:24:43] {AA3333}AdmCmd{FFFF00}:hac da KICK TAT CA NGUOI CHOI, {FFFF00}Ly Do{FFFF00}: bao tri
[2021/8/18 - 11:24:43] {AA3333}AdmCmd{FFFF00}:hac da KICK TAT CA NGUOI CHOI, {FFFF00}Ly Do{FFFF00}: bao tri
[2021/8/18 - 11:24:43] {AA3333}AdmCmd{FFFF00}:hac da KICK TAT CA NGUOI CHOI, {FFFF00}Ly Do{FFFF00}: bao tri
[2021/8/18 - 11:24:43] {AA3333}AdmCmd{FFFF00}:hac da KICK TAT CA NGUOI CHOI, {FFFF00}Ly Do{FFFF00}: bao tri
[2021/8/18 - 11:24:43] {AA3333}AdmCmd{FFFF00}:hac da KICK TAT CA NGUOI CHOI, {FFFF00}Ly Do{FFFF00}: bao tri
[2021/8/18 - 11:24:43] {AA3333}AdmCmd{FFFF00}:hac da KICK TAT CA NGUOI CHOI, {FFFF00}Ly Do{FFFF00}: bao tri
[2021/8/18 - 11:24:43] {AA3333}AdmCmd{FFFF00}:hac da KICK TAT CA NGUOI CHOI, {FFFF00}Ly Do{FFFF00}: bao tri
[2021/8/18 - 11:24:43] {AA3333}AdmCmd{FFFF00}:hac da KICK TAT CA NGUOI CHOI, {FFFF00}Ly Do{FFFF00}: bao tri
[2021/8/18 - 11:24:43] {AA3333}AdmCmd{FFFF00}:hac da KICK TAT CA NGUOI CHOI, {FFFF00}Ly Do{FFFF00}: bao tri
[2021/8/18 - 11:24:43] {AA3333}AdmCmd{FFFF00}:hac da KICK TAT CA NGUOI CHOI, {FFFF00}Ly Do{FFFF00}: bao tri
[2021/8/18 - 11:24:43] {AA3333}AdmCmd{FFFF00}:hac da KICK TAT CA NGUOI CHOI, {FFFF00}Ly Do{FFFF00}: bao tri
[2021/8/18 - 11:24:43] {AA3333}AdmCmd{FFFF00}:hac da KICK TAT CA NGUOI CHOI, {FFFF00}Ly Do{FFFF00}: bao tri
[2021/8/18 - 11:24:43] {AA3333}AdmCmd{FFFF00}:hac da KICK TAT CA NGUOI CHOI, {FFFF00}Ly Do{FFFF00}: bao tri
[2021/8/18 - 11:24:43] {AA3333}AdmCmd{FFFF00}:hac da KICK TAT CA NGUOI CHOI, {FFFF00}Ly Do{FFFF00}: bao tri
[2021/8/18 - 11:24:43] {AA3333}AdmCmd{FFFF00}:hac da KICK TAT CA NGUOI CHOI, {FFFF00}Ly Do{FFFF00}: bao tri
[2021/8/19 - 12:15:44] {AA3333}AdmCmd{FFFF00}:HAC da KICK TAT CA NGUOI CHOI, {FFFF00}Ly Do{FFFF00}: bao tri 1 phut
[2021/8/19 - 12:15:44] {AA3333}AdmCmd{FFFF00}:HAC da KICK TAT CA NGUOI CHOI, {FFFF00}Ly Do{FFFF00}: bao tri 1 phut
[2021/8/19 - 12:15:44] {AA3333}AdmCmd{FFFF00}:HAC da KICK TAT CA NGUOI CHOI, {FFFF00}Ly Do{FFFF00}: bao tri 1 phut
[2021/8/19 - 12:15:44] {AA3333}AdmCmd{FFFF00}:HAC da KICK TAT CA NGUOI CHOI, {FFFF00}Ly Do{FFFF00}: bao tri 1 phut
[2021/8/19 - 12:15:44] {AA3333}AdmCmd{FFFF00}:HAC da KICK TAT CA NGUOI CHOI, {FFFF00}Ly Do{FFFF00}: bao tri 1 phut
[2021/8/19 - 12:15:44] {AA3333}AdmCmd{FFFF00}:HAC da KICK TAT CA NGUOI CHOI, {FFFF00}Ly Do{FFFF00}: bao tri 1 phut
[2021/8/19 - 12:15:44] {AA3333}AdmCmd{FFFF00}:HAC da KICK TAT CA NGUOI CHOI, {FFFF00}Ly Do{FFFF00}: bao tri 1 phut
[2021/8/19 - 12:15:44] {AA3333}AdmCmd{FFFF00}:HAC da KICK TAT CA NGUOI CHOI, {FFFF00}Ly Do{FFFF00}: bao tri 1 phut
[2021/8/19 - 12:15:44] {AA3333}AdmCmd{FFFF00}:HAC da KICK TAT CA NGUOI CHOI, {FFFF00}Ly Do{FFFF00}: bao tri 1 phut
[2021/8/19 - 12:15:44] {AA3333}AdmCmd{FFFF00}:HAC da KICK TAT CA NGUOI CHOI, {FFFF00}Ly Do{FFFF00}: bao tri 1 phut
[2021/8/19 - 12:15:44] {AA3333}AdmCmd{FFFF00}:HAC da KICK TAT CA NGUOI CHOI, {FFFF00}Ly Do{FFFF00}: bao tri 1 phut
[2021/8/19 - 12:15:44] {AA3333}AdmCmd{FFFF00}:HAC da KICK TAT CA NGUOI CHOI, {FFFF00}Ly Do{FFFF00}: bao tri 1 phut
[2021/8/19 - 12:15:44] {AA3333}AdmCmd{FFFF00}:HAC da KICK TAT CA NGUOI CHOI, {FFFF00}Ly Do{FFFF00}: bao tri 1 phut
[2021/8/19 - 12:32:18] {AA3333}AdmCmd{FFFF00}:Long da KICK TAT CA NGUOI CHOI, {FFFF00}Ly Do{FFFF00}: bao tri 30s
[2021/8/19 - 12:32:18] {AA3333}AdmCmd{FFFF00}:Long da KICK TAT CA NGUOI CHOI, {FFFF00}Ly Do{FFFF00}: bao tri 30s
[2021/8/19 - 12:32:18] {AA3333}AdmCmd{FFFF00}:Long da KICK TAT CA NGUOI CHOI, {FFFF00}Ly Do{FFFF00}: bao tri 30s
[2021/8/19 - 12:32:18] {AA3333}AdmCmd{FFFF00}:Long da KICK TAT CA NGUOI CHOI, {FFFF00}Ly Do{FFFF00}: bao tri 30s
[2021/8/19 - 12:32:18] {AA3333}AdmCmd{FFFF00}:Long da KICK TAT CA NGUOI CHOI, {FFFF00}Ly Do{FFFF00}: bao tri 30s
[2021/8/19 - 12:32:18] {AA3333}AdmCmd{FFFF00}:Long da KICK TAT CA NGUOI CHOI, {FFFF00}Ly Do{FFFF00}: bao tri 30s
[2021/8/19 - 12:32:18] {AA3333}AdmCmd{FFFF00}:Long da KICK TAT CA NGUOI CHOI, {FFFF00}Ly Do{FFFF00}: bao tri 30s
[2021/8/20 - 13:00:05] {AA3333}AdmCmd{FFFF00}:HAC da KICK TAT CA NGUOI CHOI, {FFFF00}Ly Do{FFFF00}: bao tri 30p
[2021/8/20 - 13:00:05] {AA3333}AdmCmd{FFFF00}:HAC da KICK TAT CA NGUOI CHOI, {FFFF00}Ly Do{FFFF00}: bao tri 30p
[2021/8/20 - 13:00:05] {AA3333}AdmCmd{FFFF00}:HAC da KICK TAT CA NGUOI CHOI, {FFFF00}Ly Do{FFFF00}: bao tri 30p
[2021/8/20 - 13:00:05] {AA3333}AdmCmd{FFFF00}:HAC da KICK TAT CA NGUOI CHOI, {FFFF00}Ly Do{FFFF00}: bao tri 30p
[2021/8/20 - 13:00:05] {AA3333}AdmCmd{FFFF00}:HAC da KICK TAT CA NGUOI CHOI, {FFFF00}Ly Do{FFFF00}: bao tri 30p
[2021/8/20 - 13:00:05] {AA3333}AdmCmd{FFFF00}:HAC da KICK TAT CA NGUOI CHOI, {FFFF00}Ly Do{FFFF00}: bao tri 30p
[2021/8/20 - 13:00:05] {AA3333}AdmCmd{FFFF00}:HAC da KICK TAT CA NGUOI CHOI, {FFFF00}Ly Do{FFFF00}: bao tri 30p
[2021/8/20 - 13:00:05] {AA3333}AdmCmd{FFFF00}:HAC da KICK TAT CA NGUOI CHOI, {FFFF00}Ly Do{FFFF00}: bao tri 30p
[2021/8/20 - 13:00:05] {AA3333}AdmCmd{FFFF00}:HAC da KICK TAT CA NGUOI CHOI, {FFFF00}Ly Do{FFFF00}: bao tri 30p
[2021/8/20 - 13:00:05] {AA3333}AdmCmd{FFFF00}:HAC da KICK TAT CA NGUOI CHOI, {FFFF00}Ly Do{FFFF00}: bao tri 30p
[2021/8/20 - 13:00:05] {AA3333}AdmCmd{FFFF00}:HAC da KICK TAT CA NGUOI CHOI, {FFFF00}Ly Do{FFFF00}: bao tri 30p
[2021/8/20 - 13:00:05] {AA3333}AdmCmd{FFFF00}:HAC da KICK TAT CA NGUOI CHOI, {FFFF00}Ly Do{FFFF00}: bao tri 30p
[2021/8/20 - 13:00:05] {AA3333}AdmCmd{FFFF00}:HAC da KICK TAT CA NGUOI CHOI, {FFFF00}Ly Do{FFFF00}: bao tri 30p
[2021/8/20 - 13:00:05] {AA3333}AdmCmd{FFFF00}:HAC da KICK TAT CA NGUOI CHOI, {FFFF00}Ly Do{FFFF00}: bao tri 30p
[2021/8/20 - 13:00:05] {AA3333}AdmCmd{FFFF00}:HAC da KICK TAT CA NGUOI CHOI, {FFFF00}Ly Do{FFFF00}: bao tri 30p
[2021/8/20 - 13:00:05] {AA3333}AdmCmd{FFFF00}:HAC da KICK TAT CA NGUOI CHOI, {FFFF00}Ly Do{FFFF00}: bao tri 30p
[2021/8/20 - 13:00:05] {AA3333}AdmCmd{FFFF00}:HAC da KICK TAT CA NGUOI CHOI, {FFFF00}Ly Do{FFFF00}: bao tri 30p
[2021/8/20 - 13:00:05] {AA3333}AdmCmd{FFFF00}:HAC da KICK TAT CA NGUOI CHOI, {FFFF00}Ly Do{FFFF00}: bao tri 30p
[2021/8/20 - 13:00:05] {AA3333}AdmCmd{FFFF00}:HAC da KICK TAT CA NGUOI CHOI, {FFFF00}Ly Do{FFFF00}: bao tri 30p
[2021/8/20 - 13:00:05] {AA3333}AdmCmd{FFFF00}:HAC da KICK TAT CA NGUOI CHOI, {FFFF00}Ly Do{FFFF00}: bao tri 30p
[2021/8/20 - 13:00:05] {AA3333}AdmCmd{FFFF00}:HAC da KICK TAT CA NGUOI CHOI, {FFFF00}Ly Do{FFFF00}: bao tri 30p
[2021/8/20 - 13:00:05] {AA3333}AdmCmd{FFFF00}:HAC da KICK TAT CA NGUOI CHOI, {FFFF00}Ly Do{FFFF00}: bao tri 30p
[2021/8/20 - 13:00:05] {AA3333}AdmCmd{FFFF00}:HAC da KICK TAT CA NGUOI CHOI, {FFFF00}Ly Do{FFFF00}: bao tri 30p
[2021/8/20 - 13:00:05] {AA3333}AdmCmd{FFFF00}:HAC da KICK TAT CA NGUOI CHOI, {FFFF00}Ly Do{FFFF00}: bao tri 30p
[2021/8/20 - 13:00:05] {AA3333}AdmCmd{FFFF00}:HAC da KICK TAT CA NGUOI CHOI, {FFFF00}Ly Do{FFFF00}: bao tri 30p
[2021/8/20 - 13:00:05] {AA3333}AdmCmd{FFFF00}:HAC da KICK TAT CA NGUOI CHOI, {FFFF00}Ly Do{FFFF00}: bao tri 30p
[2021/8/20 - 13:00:05] {AA3333}AdmCmd{FFFF00}:HAC da KICK TAT CA NGUOI CHOI, {FFFF00}Ly Do{FFFF00}: bao tri 30p
[2021/8/20 - 13:00:05] {AA3333}AdmCmd{FFFF00}:HAC da KICK TAT CA NGUOI CHOI, {FFFF00}Ly Do{FFFF00}: bao tri 30p
[2021/8/20 - 13:00:05] {AA3333}AdmCmd{FFFF00}:HAC da KICK TAT CA NGUOI CHOI, {FFFF00}Ly Do{FFFF00}: bao tri 30p
[2021/8/22 - 17:43:19] {AA3333}AdmCmd{FFFF00}:VGTA SHI da KICK TAT CA NGUOI CHOI, {FFFF00}Ly Do{FFFF00}: Loi trucker
[2021/8/22 - 17:43:19] {AA3333}AdmCmd{FFFF00}:VGTA SHI da KICK TAT CA NGUOI CHOI, {FFFF00}Ly Do{FFFF00}: Loi trucker
[2021/8/22 - 17:43:19] {AA3333}AdmCmd{FFFF00}:VGTA SHI da KICK TAT CA NGUOI CHOI, {FFFF00}Ly Do{FFFF00}: Loi trucker
[2021/8/22 - 17:43:19] {AA3333}AdmCmd{FFFF00}:VGTA SHI da KICK TAT CA NGUOI CHOI, {FFFF00}Ly Do{FFFF00}: Loi trucker
[2021/8/22 - 17:43:19] {AA3333}AdmCmd{FFFF00}:VGTA SHI da KICK TAT CA NGUOI CHOI, {FFFF00}Ly Do{FFFF00}: Loi trucker
[2021/8/22 - 17:43:19] {AA3333}AdmCmd{FFFF00}:VGTA SHI da KICK TAT CA NGUOI CHOI, {FFFF00}Ly Do{FFFF00}: Loi trucker
[2021/8/22 - 17:43:19] {AA3333}AdmCmd{FFFF00}:VGTA SHI da KICK TAT CA NGUOI CHOI, {FFFF00}Ly Do{FFFF00}: Loi trucker
[2021/8/22 - 17:43:19] {AA3333}AdmCmd{FFFF00}:VGTA SHI da KICK TAT CA NGUOI CHOI, {FFFF00}Ly Do{FFFF00}: Loi trucker
[2021/8/22 - 17:43:19] {AA3333}AdmCmd{FFFF00}:VGTA SHI da KICK TAT CA NGUOI CHOI, {FFFF00}Ly Do{FFFF00}: Loi trucker
[2021/8/22 - 17:43:19] {AA3333}AdmCmd{FFFF00}:VGTA SHI da KICK TAT CA NGUOI CHOI, {FFFF00}Ly Do{FFFF00}: Loi trucker
[2021/8/22 - 17:43:19] {AA3333}AdmCmd{FFFF00}:VGTA SHI da KICK TAT CA NGUOI CHOI, {FFFF00}Ly Do{FFFF00}: Loi trucker
[2021/8/22 - 17:43:19] {AA3333}AdmCmd{FFFF00}:VGTA SHI da KICK TAT CA NGUOI CHOI, {FFFF00}Ly Do{FFFF00}: Loi trucker
[2021/8/22 - 17:43:19] {AA3333}AdmCmd{FFFF00}:VGTA SHI da KICK TAT CA NGUOI CHOI, {FFFF00}Ly Do{FFFF00}: Loi trucker
[2021/8/22 - 17:43:19] {AA3333}AdmCmd{FFFF00}:VGTA SHI da KICK TAT CA NGUOI CHOI, {FFFF00}Ly Do{FFFF00}: Loi trucker
[2021/8/22 - 17:43:19] {AA3333}AdmCmd{FFFF00}:VGTA SHI da KICK TAT CA NGUOI CHOI, {FFFF00}Ly Do{FFFF00}: Loi trucker
[2021/8/22 - 17:43:19] {AA3333}AdmCmd{FFFF00}:VGTA SHI da KICK TAT CA NGUOI CHOI, {FFFF00}Ly Do{FFFF00}: Loi trucker
[2021/8/22 - 17:43:19] {AA3333}AdmCmd{FFFF00}:VGTA SHI da KICK TAT CA NGUOI CHOI, {FFFF00}Ly Do{FFFF00}: Loi trucker
[2021/8/22 - 17:43:19] {AA3333}AdmCmd{FFFF00}:VGTA SHI da KICK TAT CA NGUOI CHOI, {FFFF00}Ly Do{FFFF00}: Loi trucker
[2021/8/22 - 17:43:19] {AA3333}AdmCmd{FFFF00}:VGTA SHI da KICK TAT CA NGUOI CHOI, {FFFF00}Ly Do{FFFF00}: Loi trucker
[2021/8/22 - 17:43:19] {AA3333}AdmCmd{FFFF00}:VGTA SHI da KICK TAT CA NGUOI CHOI, {FFFF00}Ly Do{FFFF00}: Loi trucker
[2021/8/22 - 17:43:19] {AA3333}AdmCmd{FFFF00}:VGTA SHI da KICK TAT CA NGUOI CHOI, {FFFF00}Ly Do{FFFF00}: Loi trucker
[2021/8/22 - 17:43:19] {AA3333}AdmCmd{FFFF00}:VGTA SHI da KICK TAT CA NGUOI CHOI, {FFFF00}Ly Do{FFFF00}: Loi trucker
[2021/8/22 - 17:43:19] {AA3333}AdmCmd{FFFF00}:VGTA SHI da KICK TAT CA NGUOI CHOI, {FFFF00}Ly Do{FFFF00}: Loi trucker
[2021/8/22 - 17:43:19] {AA3333}AdmCmd{FFFF00}:VGTA SHI da KICK TAT CA NGUOI CHOI, {FFFF00}Ly Do{FFFF00}: Loi trucker
[2021/8/22 - 17:43:19] {AA3333}AdmCmd{FFFF00}:VGTA SHI da KICK TAT CA NGUOI CHOI, {FFFF00}Ly Do{FFFF00}: Loi trucker
[2021/8/22 - 17:43:19] {AA3333}AdmCmd{FFFF00}:VGTA SHI da KICK TAT CA NGUOI CHOI, {FFFF00}Ly Do{FFFF00}: Loi trucker
[2021/8/22 - 17:43:19] {AA3333}AdmCmd{FFFF00}:VGTA SHI da KICK TAT CA NGUOI CHOI, {FFFF00}Ly Do{FFFF00}: Loi trucker
[2021/8/22 - 17:43:19] {AA3333}AdmCmd{FFFF00}:VGTA SHI da KICK TAT CA NGUOI CHOI, {FFFF00}Ly Do{FFFF00}: Loi trucker
[2021/8/22 - 17:43:19] {AA3333}AdmCmd{FFFF00}:VGTA SHI da KICK TAT CA NGUOI CHOI, {FFFF00}Ly Do{FFFF00}: Loi trucker
[2021/8/22 - 17:43:19] {AA3333}AdmCmd{FFFF00}:VGTA SHI da KICK TAT CA NGUOI CHOI, {FFFF00}Ly Do{FFFF00}: Loi trucker
[2021/8/22 - 17:43:19] {AA3333}AdmCmd{FFFF00}:VGTA SHI da KICK TAT CA NGUOI CHOI, {FFFF00}Ly Do{FFFF00}: Loi trucker
[2021/8/22 - 17:43:19] {AA3333}AdmCmd{FFFF00}:VGTA SHI da KICK TAT CA NGUOI CHOI, {FFFF00}Ly Do{FFFF00}: Loi trucker
[2021/8/22 - 17:43:19] {AA3333}AdmCmd{FFFF00}:VGTA SHI da KICK TAT CA NGUOI CHOI, {FFFF00}Ly Do{FFFF00}: Loi trucker
[2021/8/22 - 17:43:19] {AA3333}AdmCmd{FFFF00}:VGTA SHI da KICK TAT CA NGUOI CHOI, {FFFF00}Ly Do{FFFF00}: Loi trucker
[2021/8/23 - 9:20:51] {AA3333}AdmCmd{FFFF00}:HAC da KICK TAT CA NGUOI CHOI, {FFFF00}Ly Do{FFFF00}: bao tri 1 phut
[2021/8/23 - 9:20:51] {AA3333}AdmCmd{FFFF00}:HAC da KICK TAT CA NGUOI CHOI, {FFFF00}Ly Do{FFFF00}: bao tri 1 phut
[2021/8/23 - 9:20:51] {AA3333}AdmCmd{FFFF00}:HAC da KICK TAT CA NGUOI CHOI, {FFFF00}Ly Do{FFFF00}: bao tri 1 phut
[2021/8/25 - 9:45:39] {AA3333}AdmCmd{FFFF00}:HAC da KICK TAT CA NGUOI CHOI, {FFFF00}Ly Do{FFFF00}: bao tri 1 phut
[2021/8/25 - 9:45:39] {AA3333}AdmCmd{FFFF00}:HAC da KICK TAT CA NGUOI CHOI, {FFFF00}Ly Do{FFFF00}: bao tri 1 phut
[2021/8/25 - 9:45:39] {AA3333}AdmCmd{FFFF00}:HAC da KICK TAT CA NGUOI CHOI, {FFFF00}Ly Do{FFFF00}: bao tri 1 phut
[2021/8/25 - 9:45:39] {AA3333}AdmCmd{FFFF00}:HAC da KICK TAT CA NGUOI CHOI, {FFFF00}Ly Do{FFFF00}: bao tri 1 phut
[2021/8/25 - 9:45:39] {AA3333}AdmCmd{FFFF00}:HAC da KICK TAT CA NGUOI CHOI, {FFFF00}Ly Do{FFFF00}: bao tri 1 phut
[2021/8/25 - 9:45:39] {AA3333}AdmCmd{FFFF00}:HAC da KICK TAT CA NGUOI CHOI, {FFFF00}Ly Do{FFFF00}: bao tri 1 phut
[2021/8/25 - 9:45:39] {AA3333}AdmCmd{FFFF00}:HAC da KICK TAT CA NGUOI CHOI, {FFFF00}Ly Do{FFFF00}: bao tri 1 phut
[2021/8/25 - 9:45:39] {AA3333}AdmCmd{FFFF00}:HAC da KICK TAT CA NGUOI CHOI, {FFFF00}Ly Do{FFFF00}: bao tri 1 phut
[2021/8/25 - 9:45:39] {AA3333}AdmCmd{FFFF00}:HAC da KICK TAT CA NGUOI CHOI, {FFFF00}Ly Do{FFFF00}: bao tri 1 phut
[2021/8/25 - 9:45:39] {AA3333}AdmCmd{FFFF00}:HAC da KICK TAT CA NGUOI CHOI, {FFFF00}Ly Do{FFFF00}: bao tri 1 phut
[2021/8/25 - 9:45:39] {AA3333}AdmCmd{FFFF00}:HAC da KICK TAT CA NGUOI CHOI, {FFFF00}Ly Do{FFFF00}: bao tri 1 phut
[2021/8/25 - 9:45:39] {AA3333}AdmCmd{FFFF00}:HAC da KICK TAT CA NGUOI CHOI, {FFFF00}Ly Do{FFFF00}: bao tri 1 phut
[2021/8/25 - 9:45:39] {AA3333}AdmCmd{FFFF00}:HAC da KICK TAT CA NGUOI CHOI, {FFFF00}Ly Do{FFFF00}: bao tri 1 phut
[2021/8/25 - 9:45:39] {AA3333}AdmCmd{FFFF00}:HAC da KICK TAT CA NGUOI CHOI, {FFFF00}Ly Do{FFFF00}: bao tri 1 phut
[2021/8/26 - 12:48:47] {AA3333}AdmCmd{FFFF00}:HAC da KICK TAT CA NGUOI CHOI, {FFFF00}Ly Do{FFFF00}: bao tri 1 phut vao lai duoc lien
[2021/8/26 - 12:48:47] {AA3333}AdmCmd{FFFF00}:HAC da KICK TAT CA NGUOI CHOI, {FFFF00}Ly Do{FFFF00}: bao tri 1 phut vao lai duoc lien
[2021/8/26 - 12:48:47] {AA3333}AdmCmd{FFFF00}:HAC da KICK TAT CA NGUOI CHOI, {FFFF00}Ly Do{FFFF00}: bao tri 1 phut vao lai duoc lien
[2021/8/26 - 12:48:47] {AA3333}AdmCmd{FFFF00}:HAC da KICK TAT CA NGUOI CHOI, {FFFF00}Ly Do{FFFF00}: bao tri 1 phut vao lai duoc lien
[2021/8/26 - 12:48:47] {AA3333}AdmCmd{FFFF00}:HAC da KICK TAT CA NGUOI CHOI, {FFFF00}Ly Do{FFFF00}: bao tri 1 phut vao lai duoc lien
[2021/8/26 - 12:48:47] {AA3333}AdmCmd{FFFF00}:HAC da KICK TAT CA NGUOI CHOI, {FFFF00}Ly Do{FFFF00}: bao tri 1 phut vao lai duoc lien
[2021/8/26 - 12:48:47] {AA3333}AdmCmd{FFFF00}:HAC da KICK TAT CA NGUOI CHOI, {FFFF00}Ly Do{FFFF00}: bao tri 1 phut vao lai duoc lien
[2021/8/26 - 12:48:47] {AA3333}AdmCmd{FFFF00}:HAC da KICK TAT CA NGUOI CHOI, {FFFF00}Ly Do{FFFF00}: bao tri 1 phut vao lai duoc lien
[2021/8/26 - 12:48:47] {AA3333}AdmCmd{FFFF00}:HAC da KICK TAT CA NGUOI CHOI, {FFFF00}Ly Do{FFFF00}: bao tri 1 phut vao lai duoc lien
[2021/8/26 - 12:48:47] {AA3333}AdmCmd{FFFF00}:HAC da KICK TAT CA NGUOI CHOI, {FFFF00}Ly Do{FFFF00}: bao tri 1 phut vao lai duoc lien
[2021/8/26 - 12:48:47] {AA3333}AdmCmd{FFFF00}:HAC da KICK TAT CA NGUOI CHOI, {FFFF00}Ly Do{FFFF00}: bao tri 1 phut vao lai duoc lien
[2021/8/26 - 12:48:47] {AA3333}AdmCmd{FFFF00}:HAC da KICK TAT CA NGUOI CHOI, {FFFF00}Ly Do{FFFF00}: bao tri 1 phut vao lai duoc lien
[2021/8/26 - 12:48:47] {AA3333}AdmCmd{FFFF00}:HAC da KICK TAT CA NGUOI CHOI, {FFFF00}Ly Do{FFFF00}: bao tri 1 phut vao lai duoc lien
[2021/8/26 - 12:48:47] {AA3333}AdmCmd{FFFF00}:HAC da KICK TAT CA NGUOI CHOI, {FFFF00}Ly Do{FFFF00}: bao tri 1 phut vao lai duoc lien
[2021/8/26 - 12:48:47] {AA3333}AdmCmd{FFFF00}:HAC da KICK TAT CA NGUOI CHOI, {FFFF00}Ly Do{FFFF00}: bao tri 1 phut vao lai duoc lien
[2021/8/26 - 12:48:47] {AA3333}AdmCmd{FFFF00}:HAC da KICK TAT CA NGUOI CHOI, {FFFF00}Ly Do{FFFF00}: bao tri 1 phut vao lai duoc lien
[2021/8/26 - 12:48:47] {AA3333}AdmCmd{FFFF00}:HAC da KICK TAT CA NGUOI CHOI, {FFFF00}Ly Do{FFFF00}: bao tri 1 phut vao lai duoc lien
[2021/8/26 - 12:48:47] {AA3333}AdmCmd{FFFF00}:HAC da KICK TAT CA NGUOI CHOI, {FFFF00}Ly Do{FFFF00}: bao tri 1 phut vao lai duoc lien
[2021/8/26 - 12:48:47] {AA3333}AdmCmd{FFFF00}:HAC da KICK TAT CA NGUOI CHOI, {FFFF00}Ly Do{FFFF00}: bao tri 1 phut vao lai duoc lien
[2021/8/26 - 12:48:47] {AA3333}AdmCmd{FFFF00}:HAC da KICK TAT CA NGUOI CHOI, {FFFF00}Ly Do{FFFF00}: bao tri 1 phut vao lai duoc lien
[2021/8/26 - 12:48:47] {AA3333}AdmCmd{FFFF00}:HAC da KICK TAT CA NGUOI CHOI, {FFFF00}Ly Do{FFFF00}: bao tri 1 phut vao lai duoc lien
[2021/8/26 - 12:48:47] {AA3333}AdmCmd{FFFF00}:HAC da KICK TAT CA NGUOI CHOI, {FFFF00}Ly Do{FFFF00}: bao tri 1 phut vao lai duoc lien
[2021/8/26 - 12:48:47] {AA3333}AdmCmd{FFFF00}:HAC da KICK TAT CA NGUOI CHOI, {FFFF00}Ly Do{FFFF00}: bao tri 1 phut vao lai duoc lien
[2021/8/26 - 12:48:47] {AA3333}AdmCmd{FFFF00}:HAC da KICK TAT CA NGUOI CHOI, {FFFF00}Ly Do{FFFF00}: bao tri 1 phut vao lai duoc lien
[2021/8/26 - 12:48:47] {AA3333}AdmCmd{FFFF00}:HAC da KICK TAT CA NGUOI CHOI, {FFFF00}Ly Do{FFFF00}: bao tri 1 phut vao lai duoc lien
[2021/8/26 - 12:48:47] {AA3333}AdmCmd{FFFF00}:HAC da KICK TAT CA NGUOI CHOI, {FFFF00}Ly Do{FFFF00}: bao tri 1 phut vao lai duoc lien
[2021/8/26 - 12:48:47] {AA3333}AdmCmd{FFFF00}:HAC da KICK TAT CA NGUOI CHOI, {FFFF00}Ly Do{FFFF00}: bao tri 1 phut vao lai duoc lien
[2021/8/26 - 12:48:47] {AA3333}AdmCmd{FFFF00}:HAC da KICK TAT CA NGUOI CHOI, {FFFF00}Ly Do{FFFF00}: bao tri 1 phut vao lai duoc lien
[2021/8/26 - 12:48:47] {AA3333}AdmCmd{FFFF00}:HAC da KICK TAT CA NGUOI CHOI, {FFFF00}Ly Do{FFFF00}: bao tri 1 phut vao lai duoc lien
[2021/8/26 - 12:48:47] {AA3333}AdmCmd{FFFF00}:HAC da KICK TAT CA NGUOI CHOI, {FFFF00}Ly Do{FFFF00}: bao tri 1 phut vao lai duoc lien
[2021/8/26 - 12:48:47] {AA3333}AdmCmd{FFFF00}:HAC da KICK TAT CA NGUOI CHOI, {FFFF00}Ly Do{FFFF00}: bao tri 1 phut vao lai duoc lien
[2021/8/26 - 12:48:47] {AA3333}AdmCmd{FFFF00}:HAC da KICK TAT CA NGUOI CHOI, {FFFF00}Ly Do{FFFF00}: bao tri 1 phut vao lai duoc lien
[2021/8/26 - 12:48:47] {AA3333}AdmCmd{FFFF00}:HAC da KICK TAT CA NGUOI CHOI, {FFFF00}Ly Do{FFFF00}: bao tri 1 phut vao lai duoc lien
[2021/8/28 - 11:21:07] {AA3333}AdmCmd{FFFF00}:Shi da KICK TAT CA NGUOI CHOI, {FFFF00}Ly Do{FFFF00}: 30s vao lai
[2021/8/28 - 11:21:07] {AA3333}AdmCmd{FFFF00}:Shi da KICK TAT CA NGUOI CHOI, {FFFF00}Ly Do{FFFF00}: 30s vao lai
[2021/8/28 - 11:21:07] {AA3333}AdmCmd{FFFF00}:Shi da KICK TAT CA NGUOI CHOI, {FFFF00}Ly Do{FFFF00}: 30s vao lai
[2021/8/28 - 11:21:07] {AA3333}AdmCmd{FFFF00}:Shi da KICK TAT CA NGUOI CHOI, {FFFF00}Ly Do{FFFF00}: 30s vao lai
[2021/8/28 - 11:21:07] {AA3333}AdmCmd{FFFF00}:Shi da KICK TAT CA NGUOI CHOI, {FFFF00}Ly Do{FFFF00}: 30s vao lai
[2021/8/28 - 11:21:07] {AA3333}AdmCmd{FFFF00}:Shi da KICK TAT CA NGUOI CHOI, {FFFF00}Ly Do{FFFF00}: 30s vao lai
[2021/8/28 - 11:21:07] {AA3333}AdmCmd{FFFF00}:Shi da KICK TAT CA NGUOI CHOI, {FFFF00}Ly Do{FFFF00}: 30s vao lai
[2021/8/28 - 11:21:07] {AA3333}AdmCmd{FFFF00}:Shi da KICK TAT CA NGUOI CHOI, {FFFF00}Ly Do{FFFF00}: 30s vao lai
[2021/8/28 - 11:21:07] {AA3333}AdmCmd{FFFF00}:Shi da KICK TAT CA NGUOI CHOI, {FFFF00}Ly Do{FFFF00}: 30s vao lai
[2021/8/28 - 11:21:07] {AA3333}AdmCmd{FFFF00}:Shi da KICK TAT CA NGUOI CHOI, {FFFF00}Ly Do{FFFF00}: 30s vao lai
[2021/8/28 - 11:21:07] {AA3333}AdmCmd{FFFF00}:Shi da KICK TAT CA NGUOI CHOI, {FFFF00}Ly Do{FFFF00}: 30s vao lai
[2021/8/28 - 11:21:07] {AA3333}AdmCmd{FFFF00}:Shi da KICK TAT CA NGUOI CHOI, {FFFF00}Ly Do{FFFF00}: 30s vao lai
[2021/8/28 - 11:21:07] {AA3333}AdmCmd{FFFF00}:Shi da KICK TAT CA NGUOI CHOI, {FFFF00}Ly Do{FFFF00}: 30s vao lai
[2021/8/28 - 11:21:07] {AA3333}AdmCmd{FFFF00}:Shi da KICK TAT CA NGUOI CHOI, {FFFF00}Ly Do{FFFF00}: 30s vao lai
[2021/8/28 - 11:21:07] {AA3333}AdmCmd{FFFF00}:Shi da KICK TAT CA NGUOI CHOI, {FFFF00}Ly Do{FFFF00}: 30s vao lai
[2021/8/28 - 11:21:07] {AA3333}AdmCmd{FFFF00}:Shi da KICK TAT CA NGUOI CHOI, {FFFF00}Ly Do{FFFF00}: 30s vao lai
[2021/8/28 - 11:21:07] {AA3333}AdmCmd{FFFF00}:Shi da KICK TAT CA NGUOI CHOI, {FFFF00}Ly Do{FFFF00}: 30s vao lai
[2021/8/28 - 11:21:07] {AA3333}AdmCmd{FFFF00}:Shi da KICK TAT CA NGUOI CHOI, {FFFF00}Ly Do{FFFF00}: 30s vao lai
[2021/8/28 - 11:21:07] {AA3333}AdmCmd{FFFF00}:Shi da KICK TAT CA NGUOI CHOI, {FFFF00}Ly Do{FFFF00}: 30s vao lai
[2021/8/28 - 11:21:07] {AA3333}AdmCmd{FFFF00}:Shi da KICK TAT CA NGUOI CHOI, {FFFF00}Ly Do{FFFF00}: 30s vao lai
[2021/8/28 - 11:21:07] {AA3333}AdmCmd{FFFF00}:Shi da KICK TAT CA NGUOI CHOI, {FFFF00}Ly Do{FFFF00}: 30s vao lai
[2021/8/28 - 11:21:07] {AA3333}AdmCmd{FFFF00}:Shi da KICK TAT CA NGUOI CHOI, {FFFF00}Ly Do{FFFF00}: 30s vao lai
[2021/8/28 - 11:21:07] {AA3333}AdmCmd{FFFF00}:Shi da KICK TAT CA NGUOI CHOI, {FFFF00}Ly Do{FFFF00}: 30s vao lai
[2021/8/28 - 11:21:07] {AA3333}AdmCmd{FFFF00}:Shi da KICK TAT CA NGUOI CHOI, {FFFF00}Ly Do{FFFF00}: 30s vao lai
[2021/8/28 - 11:21:07] {AA3333}AdmCmd{FFFF00}:Shi da KICK TAT CA NGUOI CHOI, {FFFF00}Ly Do{FFFF00}: 30s vao lai
[2021/8/28 - 11:21:07] {AA3333}AdmCmd{FFFF00}:Shi da KICK TAT CA NGUOI CHOI, {FFFF00}Ly Do{FFFF00}: 30s vao lai
[2021/8/28 - 11:21:07] {AA3333}AdmCmd{FFFF00}:Shi da KICK TAT CA NGUOI CHOI, {FFFF00}Ly Do{FFFF00}: 30s vao lai
[2021/8/28 - 11:21:07] {AA3333}AdmCmd{FFFF00}:Shi da KICK TAT CA NGUOI CHOI, {FFFF00}Ly Do{FFFF00}: 30s vao lai
[2021/8/28 - 11:21:07] {AA3333}AdmCmd{FFFF00}:Shi da KICK TAT CA NGUOI CHOI, {FFFF00}Ly Do{FFFF00}: 30s vao lai
[2021/8/28 - 11:21:07] {AA3333}AdmCmd{FFFF00}:Shi da KICK TAT CA NGUOI CHOI, {FFFF00}Ly Do{FFFF00}: 30s vao lai
[2021/8/30 - 13:05:07] {AA3333}AdmCmd{FFFF00}:Long da KICK TAT CA NGUOI CHOI, {FFFF00}Ly Do{FFFF00}: 1p vao lai
[2021/8/30 - 13:05:07] {AA3333}AdmCmd{FFFF00}:Long da KICK TAT CA NGUOI CHOI, {FFFF00}Ly Do{FFFF00}: 1p vao lai
[2021/8/30 - 13:05:07] {AA3333}AdmCmd{FFFF00}:Long da KICK TAT CA NGUOI CHOI, {FFFF00}Ly Do{FFFF00}: 1p vao lai
[2021/8/30 - 13:05:07] {AA3333}AdmCmd{FFFF00}:Long da KICK TAT CA NGUOI CHOI, {FFFF00}Ly Do{FFFF00}: 1p vao lai
[2021/8/30 - 13:05:07] {AA3333}AdmCmd{FFFF00}:Long da KICK TAT CA NGUOI CHOI, {FFFF00}Ly Do{FFFF00}: 1p vao lai
[2021/8/30 - 13:05:07] {AA3333}AdmCmd{FFFF00}:Long da KICK TAT CA NGUOI CHOI, {FFFF00}Ly Do{FFFF00}: 1p vao lai
[2021/8/30 - 13:05:07] {AA3333}AdmCmd{FFFF00}:Long da KICK TAT CA NGUOI CHOI, {FFFF00}Ly Do{FFFF00}: 1p vao lai
[2021/8/30 - 13:05:07] {AA3333}AdmCmd{FFFF00}:Long da KICK TAT CA NGUOI CHOI, {FFFF00}Ly Do{FFFF00}: 1p vao lai
[2021/8/30 - 13:05:07] {AA3333}AdmCmd{FFFF00}:Long da KICK TAT CA NGUOI CHOI, {FFFF00}Ly Do{FFFF00}: 1p vao lai
[2021/8/30 - 13:05:07] {AA3333}AdmCmd{FFFF00}:Long da KICK TAT CA NGUOI CHOI, {FFFF00}Ly Do{FFFF00}: 1p vao lai
[2021/8/30 - 13:05:07] {AA3333}AdmCmd{FFFF00}:Long da KICK TAT CA NGUOI CHOI, {FFFF00}Ly Do{FFFF00}: 1p vao lai
[2021/8/30 - 13:05:07] {AA3333}AdmCmd{FFFF00}:Long da KICK TAT CA NGUOI CHOI, {FFFF00}Ly Do{FFFF00}: 1p vao lai
[2021/8/30 - 13:05:07] {AA3333}AdmCmd{FFFF00}:Long da KICK TAT CA NGUOI CHOI, {FFFF00}Ly Do{FFFF00}: 1p vao lai
[2021/8/30 - 13:05:07] {AA3333}AdmCmd{FFFF00}:Long da KICK TAT CA NGUOI CHOI, {FFFF00}Ly Do{FFFF00}: 1p vao lai
[2021/8/30 - 13:05:07] {AA3333}AdmCmd{FFFF00}:Long da KICK TAT CA NGUOI CHOI, {FFFF00}Ly Do{FFFF00}: 1p vao lai
[2021/8/30 - 13:05:07] {AA3333}AdmCmd{FFFF00}:Long da KICK TAT CA NGUOI CHOI, {FFFF00}Ly Do{FFFF00}: 1p vao lai
[2021/8/30 - 13:05:07] {AA3333}AdmCmd{FFFF00}:Long da KICK TAT CA NGUOI CHOI, {FFFF00}Ly Do{FFFF00}: 1p vao lai
[2021/8/30 - 13:05:07] {AA3333}AdmCmd{FFFF00}:Long da KICK TAT CA NGUOI CHOI, {FFFF00}Ly Do{FFFF00}: 1p vao lai
[2021/8/30 - 13:05:07] {AA3333}AdmCmd{FFFF00}:Long da KICK TAT CA NGUOI CHOI, {FFFF00}Ly Do{FFFF00}: 1p vao lai
[2021/8/30 - 13:05:07] {AA3333}AdmCmd{FFFF00}:Long da KICK TAT CA NGUOI CHOI, {FFFF00}Ly Do{FFFF00}: 1p vao lai
[2021/8/30 - 13:05:07] {AA3333}AdmCmd{FFFF00}:Long da KICK TAT CA NGUOI CHOI, {FFFF00}Ly Do{FFFF00}: 1p vao lai
[2021/8/30 - 13:05:07] {AA3333}AdmCmd{FFFF00}:Long da KICK TAT CA NGUOI CHOI, {FFFF00}Ly Do{FFFF00}: 1p vao lai
[2021/8/30 - 13:05:07] {AA3333}AdmCmd{FFFF00}:Long da KICK TAT CA NGUOI CHOI, {FFFF00}Ly Do{FFFF00}: 1p vao lai
[2021/8/30 - 13:05:07] {AA3333}AdmCmd{FFFF00}:Long da KICK TAT CA NGUOI CHOI, {FFFF00}Ly Do{FFFF00}: 1p vao lai
[2021/8/30 - 13:05:07] {AA3333}AdmCmd{FFFF00}:Long da KICK TAT CA NGUOI CHOI, {FFFF00}Ly Do{FFFF00}: 1p vao lai
[2021/8/31 - 0:33:19] {AA3333}AdmCmd{FFFF00}:Shi da KICK TAT CA NGUOI CHOI, {FFFF00}Ly Do{FFFF00}: 1 phut vao lai
[2021/8/31 - 0:33:19] {AA3333}AdmCmd{FFFF00}:Shi da KICK TAT CA NGUOI CHOI, {FFFF00}Ly Do{FFFF00}: 1 phut vao lai
[2021/8/31 - 0:33:19] {AA3333}AdmCmd{FFFF00}:Shi da KICK TAT CA NGUOI CHOI, {FFFF00}Ly Do{FFFF00}: 1 phut vao lai
[2021/8/31 - 0:33:19] {AA3333}AdmCmd{FFFF00}:Shi da KICK TAT CA NGUOI CHOI, {FFFF00}Ly Do{FFFF00}: 1 phut vao lai
[2021/8/31 - 0:33:19] {AA3333}AdmCmd{FFFF00}:Shi da KICK TAT CA NGUOI CHOI, {FFFF00}Ly Do{FFFF00}: 1 phut vao lai
[2021/8/31 - 0:33:19] {AA3333}AdmCmd{FFFF00}:Shi da KICK TAT CA NGUOI CHOI, {FFFF00}Ly Do{FFFF00}: 1 phut vao lai
[2021/8/31 - 0:33:19] {AA3333}AdmCmd{FFFF00}:Shi da KICK TAT CA NGUOI CHOI, {FFFF00}Ly Do{FFFF00}: 1 phut vao lai
[2021/8/31 - 0:33:19] {AA3333}AdmCmd{FFFF00}:Shi da KICK TAT CA NGUOI CHOI, {FFFF00}Ly Do{FFFF00}: 1 phut vao lai
[2021/8/31 - 0:33:19] {AA3333}AdmCmd{FFFF00}:Shi da KICK TAT CA NGUOI CHOI, {FFFF00}Ly Do{FFFF00}: 1 phut vao lai
[2021/8/31 - 0:33:19] {AA3333}AdmCmd{FFFF00}:Shi da KICK TAT CA NGUOI CHOI, {FFFF00}Ly Do{FFFF00}: 1 phut vao lai
[2021/8/31 - 0:33:19] {AA3333}AdmCmd{FFFF00}:Shi da KICK TAT CA NGUOI CHOI, {FFFF00}Ly Do{FFFF00}: 1 phut vao lai
[2021/9/1 - 9:05:38] {AA3333}AdmCmd{FFFF00}:HAC da KICK TAT CA NGUOI CHOI, {FFFF00}Ly Do{FFFF00}: bao tri 1 phut vao lai duoc a.
[2021/9/1 - 9:05:38] {AA3333}AdmCmd{FFFF00}:HAC da KICK TAT CA NGUOI CHOI, {FFFF00}Ly Do{FFFF00}: bao tri 1 phut vao lai duoc a.
[2021/9/1 - 9:05:38] {AA3333}AdmCmd{FFFF00}:HAC da KICK TAT CA NGUOI CHOI, {FFFF00}Ly Do{FFFF00}: bao tri 1 phut vao lai duoc a.
[2021/9/1 - 9:05:38] {AA3333}AdmCmd{FFFF00}:HAC da KICK TAT CA NGUOI CHOI, {FFFF00}Ly Do{FFFF00}: bao tri 1 phut vao lai duoc a.
[2021/9/1 - 9:05:38] {AA3333}AdmCmd{FFFF00}:HAC da KICK TAT CA NGUOI CHOI, {FFFF00}Ly Do{FFFF00}: bao tri 1 phut vao lai duoc a.
[2021/9/1 - 9:05:38] {AA3333}AdmCmd{FFFF00}:HAC da KICK TAT CA NGUOI CHOI, {FFFF00}Ly Do{FFFF00}: bao tri 1 phut vao lai duoc a.
[2021/9/1 - 9:05:38] {AA3333}AdmCmd{FFFF00}:HAC da KICK TAT CA NGUOI CHOI, {FFFF00}Ly Do{FFFF00}: bao tri 1 phut vao lai duoc a.
[2021/9/1 - 9:05:38] {AA3333}AdmCmd{FFFF00}:HAC da KICK TAT CA NGUOI CHOI, {FFFF00}Ly Do{FFFF00}: bao tri 1 phut vao lai duoc a.
[2021/9/1 - 9:05:38] {AA3333}AdmCmd{FFFF00}:HAC da KICK TAT CA NGUOI CHOI, {FFFF00}Ly Do{FFFF00}: bao tri 1 phut vao lai duoc a.
[2021/9/1 - 9:05:38] {AA3333}AdmCmd{FFFF00}:HAC da KICK TAT CA NGUOI CHOI, {FFFF00}Ly Do{FFFF00}: bao tri 1 phut vao lai duoc a.
[2021/9/1 - 9:05:38] {AA3333}AdmCmd{FFFF00}:HAC da KICK TAT CA NGUOI CHOI, {FFFF00}Ly Do{FFFF00}: bao tri 1 phut vao lai duoc a.
[2021/9/1 - 9:05:38] {AA3333}AdmCmd{FFFF00}:HAC da KICK TAT CA NGUOI CHOI, {FFFF00}Ly Do{FFFF00}: bao tri 1 phut vao lai duoc a.
[2021/9/1 - 9:05:38] {AA3333}AdmCmd{FFFF00}:HAC da KICK TAT CA NGUOI CHOI, {FFFF00}Ly Do{FFFF00}: bao tri 1 phut vao lai duoc a.
[2021/9/1 - 9:05:38] {AA3333}AdmCmd{FFFF00}:HAC da KICK TAT CA NGUOI CHOI, {FFFF00}Ly Do{FFFF00}: bao tri 1 phut vao lai duoc a.
[2021/9/1 - 9:05:38] {AA3333}AdmCmd{FFFF00}:HAC da KICK TAT CA NGUOI CHOI, {FFFF00}Ly Do{FFFF00}: bao tri 1 phut vao lai duoc a.
[2021/9/1 - 9:05:38] {AA3333}AdmCmd{FFFF00}:HAC da KICK TAT CA NGUOI CHOI, {FFFF00}Ly Do{FFFF00}: bao tri 1 phut vao lai duoc a.
[2021/9/1 - 9:05:38] {AA3333}AdmCmd{FFFF00}:HAC da KICK TAT CA NGUOI CHOI, {FFFF00}Ly Do{FFFF00}: bao tri 1 phut vao lai duoc a.
[2021/9/1 - 9:05:38] {AA3333}AdmCmd{FFFF00}:HAC da KICK TAT CA NGUOI CHOI, {FFFF00}Ly Do{FFFF00}: bao tri 1 phut vao lai duoc a.
[2021/9/2 - 8:28:59] {AA3333}AdmCmd{FFFF00}:HAC da KICK TAT CA NGUOI CHOI, {FFFF00}Ly Do{FFFF00}: bao tri 1 phut
[2021/9/2 - 8:28:59] {AA3333}AdmCmd{FFFF00}:HAC da KICK TAT CA NGUOI CHOI, {FFFF00}Ly Do{FFFF00}: bao tri 1 phut
[2021/9/2 - 8:28:59] {AA3333}AdmCmd{FFFF00}:HAC da KICK TAT CA NGUOI CHOI, {FFFF00}Ly Do{FFFF00}: bao tri 1 phut
[2021/9/2 - 8:28:59] {AA3333}AdmCmd{FFFF00}:HAC da KICK TAT CA NGUOI CHOI, {FFFF00}Ly Do{FFFF00}: bao tri 1 phut
[2021/9/2 - 8:28:59] {AA3333}AdmCmd{FFFF00}:HAC da KICK TAT CA NGUOI CHOI, {FFFF00}Ly Do{FFFF00}: bao tri 1 phut
[2021/9/2 - 8:28:59] {AA3333}AdmCmd{FFFF00}:HAC da KICK TAT CA NGUOI CHOI, {FFFF00}Ly Do{FFFF00}: bao tri 1 phut
[2021/9/2 - 8:28:59] {AA3333}AdmCmd{FFFF00}:HAC da KICK TAT CA NGUOI CHOI, {FFFF00}Ly Do{FFFF00}: bao tri 1 phut
[2021/9/2 - 8:28:59] {AA3333}AdmCmd{FFFF00}:HAC da KICK TAT CA NGUOI CHOI, {FFFF00}Ly Do{FFFF00}: bao tri 1 phut
[2021/9/2 - 8:28:59] {AA3333}AdmCmd{FFFF00}:HAC da KICK TAT CA NGUOI CHOI, {FFFF00}Ly Do{FFFF00}: bao tri 1 phut
[2021/9/2 - 8:28:59] {AA3333}AdmCmd{FFFF00}:HAC da KICK TAT CA NGUOI CHOI, {FFFF00}Ly Do{FFFF00}: bao tri 1 phut
[2021/9/2 - 8:28:59] {AA3333}AdmCmd{FFFF00}:HAC da KICK TAT CA NGUOI CHOI, {FFFF00}Ly Do{FFFF00}: bao tri 1 phut
[2021/9/2 - 8:28:59] {AA3333}AdmCmd{FFFF00}:HAC da KICK TAT CA NGUOI CHOI, {FFFF00}Ly Do{FFFF00}: bao tri 1 phut
[2021/9/2 - 8:28:59] {AA3333}AdmCmd{FFFF00}:HAC da KICK TAT CA NGUOI CHOI, {FFFF00}Ly Do{FFFF00}: bao tri 1 phut
[2021/9/2 - 8:28:59] {AA3333}AdmCmd{FFFF00}:HAC da KICK TAT CA NGUOI CHOI, {FFFF00}Ly Do{FFFF00}: bao tri 1 phut
[2021/9/2 - 8:28:59] {AA3333}AdmCmd{FFFF00}:HAC da KICK TAT CA NGUOI CHOI, {FFFF00}Ly Do{FFFF00}: bao tri 1 phut
[2021/9/2 - 8:28:59] {AA3333}AdmCmd{FFFF00}:HAC da KICK TAT CA NGUOI CHOI, {FFFF00}Ly Do{FFFF00}: bao tri 1 phut
[2021/9/2 - 8:28:59] {AA3333}AdmCmd{FFFF00}:HAC da KICK TAT CA NGUOI CHOI, {FFFF00}Ly Do{FFFF00}: bao tri 1 phut
[2021/9/2 - 8:28:59] {AA3333}AdmCmd{FFFF00}:HAC da KICK TAT CA NGUOI CHOI, {FFFF00}Ly Do{FFFF00}: bao tri 1 phut
[2021/9/2 - 8:28:59] {AA3333}AdmCmd{FFFF00}:HAC da KICK TAT CA NGUOI CHOI, {FFFF00}Ly Do{FFFF00}: bao tri 1 phut
[2021/9/2 - 8:28:59] {AA3333}AdmCmd{FFFF00}:HAC da KICK TAT CA NGUOI CHOI, {FFFF00}Ly Do{FFFF00}: bao tri 1 phut
[2021/9/2 - 8:28:59] {AA3333}AdmCmd{FFFF00}:HAC da KICK TAT CA NGUOI CHOI, {FFFF00}Ly Do{FFFF00}: bao tri 1 phut
[2021/9/2 - 8:28:59] {AA3333}AdmCmd{FFFF00}:HAC da KICK TAT CA NGUOI CHOI, {FFFF00}Ly Do{FFFF00}: bao tri 1 phut
[2021/9/2 - 8:28:59] {AA3333}AdmCmd{FFFF00}:HAC da KICK TAT CA NGUOI CHOI, {FFFF00}Ly Do{FFFF00}: bao tri 1 phut
[2021/9/2 - 8:28:59] {AA3333}AdmCmd{FFFF00}:HAC da KICK TAT CA NGUOI CHOI, {FFFF00}Ly Do{FFFF00}: bao tri 1 phut
[2021/9/2 - 8:28:59] {AA3333}AdmCmd{FFFF00}:HAC da KICK TAT CA NGUOI CHOI, {FFFF00}Ly Do{FFFF00}: bao tri 1 phut
[2021/9/3 - 9:41:50] {AA3333}AdmCmd{FFFF00}:hac da KICK TAT CA NGUOI CHOI, {FFFF00}Ly Do{FFFF00}: bao tri 1 phut
[2021/9/3 - 9:41:50] {AA3333}AdmCmd{FFFF00}:hac da KICK TAT CA NGUOI CHOI, {FFFF00}Ly Do{FFFF00}: bao tri 1 phut
[2021/9/3 - 9:41:50] {AA3333}AdmCmd{FFFF00}:hac da KICK TAT CA NGUOI CHOI, {FFFF00}Ly Do{FFFF00}: bao tri 1 phut
[2021/9/3 - 9:41:50] {AA3333}AdmCmd{FFFF00}:hac da KICK TAT CA NGUOI CHOI, {FFFF00}Ly Do{FFFF00}: bao tri 1 phut
[2021/9/3 - 9:41:50] {AA3333}AdmCmd{FFFF00}:hac da KICK TAT CA NGUOI CHOI, {FFFF00}Ly Do{FFFF00}: bao tri 1 phut
[2021/9/3 - 9:41:50] {AA3333}AdmCmd{FFFF00}:hac da KICK TAT CA NGUOI CHOI, {FFFF00}Ly Do{FFFF00}: bao tri 1 phut
[2021/9/3 - 9:41:50] {AA3333}AdmCmd{FFFF00}:hac da KICK TAT CA NGUOI CHOI, {FFFF00}Ly Do{FFFF00}: bao tri 1 phut
[2021/9/3 - 9:41:50] {AA3333}AdmCmd{FFFF00}:hac da KICK TAT CA NGUOI CHOI, {FFFF00}Ly Do{FFFF00}: bao tri 1 phut
[2021/9/3 - 9:41:50] {AA3333}AdmCmd{FFFF00}:hac da KICK TAT CA NGUOI CHOI, {FFFF00}Ly Do{FFFF00}: bao tri 1 phut
[2021/9/3 - 9:41:50] {AA3333}AdmCmd{FFFF00}:hac da KICK TAT CA NGUOI CHOI, {FFFF00}Ly Do{FFFF00}: bao tri 1 phut
[2021/9/3 - 9:41:50] {AA3333}AdmCmd{FFFF00}:hac da KICK TAT CA NGUOI CHOI, {FFFF00}Ly Do{FFFF00}: bao tri 1 phut
[2021/9/3 - 9:41:50] {AA3333}AdmCmd{FFFF00}:hac da KICK TAT CA NGUOI CHOI, {FFFF00}Ly Do{FFFF00}: bao tri 1 phut
[2021/9/3 - 9:41:50] {AA3333}AdmCmd{FFFF00}:hac da KICK TAT CA NGUOI CHOI, {FFFF00}Ly Do{FFFF00}: bao tri 1 phut
[2021/9/3 - 9:41:50] {AA3333}AdmCmd{FFFF00}:hac da KICK TAT CA NGUOI CHOI, {FFFF00}Ly Do{FFFF00}: bao tri 1 phut
[2021/9/3 - 9:41:50] {AA3333}AdmCmd{FFFF00}:hac da KICK TAT CA NGUOI CHOI, {FFFF00}Ly Do{FFFF00}: bao tri 1 phut
[2021/9/3 - 9:41:50] {AA3333}AdmCmd{FFFF00}:hac da KICK TAT CA NGUOI CHOI, {FFFF00}Ly Do{FFFF00}: bao tri 1 phut
[2021/9/3 - 9:41:50] {AA3333}AdmCmd{FFFF00}:hac da KICK TAT CA NGUOI CHOI, {FFFF00}Ly Do{FFFF00}: bao tri 1 phut
[2021/9/3 - 9:41:50] {AA3333}AdmCmd{FFFF00}:hac da KICK TAT CA NGUOI CHOI, {FFFF00}Ly Do{FFFF00}: bao tri 1 phut
[2021/9/3 - 9:41:50] {AA3333}AdmCmd{FFFF00}:hac da KICK TAT CA NGUOI CHOI, {FFFF00}Ly Do{FFFF00}: bao tri 1 phut
[2021/9/3 - 9:41:50] {AA3333}AdmCmd{FFFF00}:hac da KICK TAT CA NGUOI CHOI, {FFFF00}Ly Do{FFFF00}: bao tri 1 phut
[2021/9/3 - 9:41:50] {AA3333}AdmCmd{FFFF00}:hac da KICK TAT CA NGUOI CHOI, {FFFF00}Ly Do{FFFF00}: bao tri 1 phut
[2021/9/3 - 9:41:50] {AA3333}AdmCmd{FFFF00}:hac da KICK TAT CA NGUOI CHOI, {FFFF00}Ly Do{FFFF00}: bao tri 1 phut
[2021/9/3 - 9:41:51] {AA3333}AdmCmd{FFFF00}:Shi da KICK TAT CA NGUOI CHOI, {FFFF00}Ly Do{FFFF00}: 1 phut vao lai nhen mng
[2021/9/3 - 9:41:51] {AA3333}AdmCmd{FFFF00}:Shi da KICK TAT CA NGUOI CHOI, {FFFF00}Ly Do{FFFF00}: 1 phut vao lai nhen mng
[2021/9/3 - 9:41:51] {AA3333}AdmCmd{FFFF00}:Shi da KICK TAT CA NGUOI CHOI, {FFFF00}Ly Do{FFFF00}: 1 phut vao lai nhen mng
[2021/9/3 - 9:41:51] {AA3333}AdmCmd{FFFF00}:Shi da KICK TAT CA NGUOI CHOI, {FFFF00}Ly Do{FFFF00}: 1 phut vao lai nhen mng
[2021/9/3 - 9:41:51] {AA3333}AdmCmd{FFFF00}:Shi da KICK TAT CA NGUOI CHOI, {FFFF00}Ly Do{FFFF00}: 1 phut vao lai nhen mng
[2021/9/3 - 9:41:51] {AA3333}AdmCmd{FFFF00}:Shi da KICK TAT CA NGUOI CHOI, {FFFF00}Ly Do{FFFF00}: 1 phut vao lai nhen mng
[2021/9/3 - 9:41:51] {AA3333}AdmCmd{FFFF00}:Shi da KICK TAT CA NGUOI CHOI, {FFFF00}Ly Do{FFFF00}: 1 phut vao lai nhen mng
[2021/9/3 - 9:41:51] {AA3333}AdmCmd{FFFF00}:Shi da KICK TAT CA NGUOI CHOI, {FFFF00}Ly Do{FFFF00}: 1 phut vao lai nhen mng
[2021/9/3 - 9:41:51] {AA3333}AdmCmd{FFFF00}:Shi da KICK TAT CA NGUOI CHOI, {FFFF00}Ly Do{FFFF00}: 1 phut vao lai nhen mng
[2021/9/3 - 9:41:51] {AA3333}AdmCmd{FFFF00}:Shi da KICK TAT CA NGUOI CHOI, {FFFF00}Ly Do{FFFF00}: 1 phut vao lai nhen mng
[2021/9/3 - 9:41:51] {AA3333}AdmCmd{FFFF00}:Shi da KICK TAT CA NGUOI CHOI, {FFFF00}Ly Do{FFFF00}: 1 phut vao lai nhen mng
[2021/9/3 - 9:41:51] {AA3333}AdmCmd{FFFF00}:Shi da KICK TAT CA NGUOI CHOI, {FFFF00}Ly Do{FFFF00}: 1 phut vao lai nhen mng
[2021/9/3 - 9:41:51] {AA3333}AdmCmd{FFFF00}:Shi da KICK TAT CA NGUOI CHOI, {FFFF00}Ly Do{FFFF00}: 1 phut vao lai nhen mng
[2021/9/3 - 9:41:51] {AA3333}AdmCmd{FFFF00}:Shi da KICK TAT CA NGUOI CHOI, {FFFF00}Ly Do{FFFF00}: 1 phut vao lai nhen mng
[2021/9/3 - 9:41:51] {AA3333}AdmCmd{FFFF00}:Shi da KICK TAT CA NGUOI CHOI, {FFFF00}Ly Do{FFFF00}: 1 phut vao lai nhen mng
[2021/9/3 - 9:41:51] {AA3333}AdmCmd{FFFF00}:Shi da KICK TAT CA NGUOI CHOI, {FFFF00}Ly Do{FFFF00}: 1 phut vao lai nhen mng
[2021/9/3 - 9:41:51] {AA3333}AdmCmd{FFFF00}:Shi da KICK TAT CA NGUOI CHOI, {FFFF00}Ly Do{FFFF00}: 1 phut vao lai nhen mng
[2021/9/3 - 9:41:51] {AA3333}AdmCmd{FFFF00}:Shi da KICK TAT CA NGUOI CHOI, {FFFF00}Ly Do{FFFF00}: 1 phut vao lai nhen mng
[2021/9/3 - 9:41:51] {AA3333}AdmCmd{FFFF00}:Shi da KICK TAT CA NGUOI CHOI, {FFFF00}Ly Do{FFFF00}: 1 phut vao lai nhen mng
[2021/9/3 - 9:41:51] {AA3333}AdmCmd{FFFF00}:Shi da KICK TAT CA NGUOI CHOI, {FFFF00}Ly Do{FFFF00}: 1 phut vao lai nhen mng
[2021/9/3 - 9:41:51] {AA3333}AdmCmd{FFFF00}:Shi da KICK TAT CA NGUOI CHOI, {FFFF00}Ly Do{FFFF00}: 1 phut vao lai nhen mng
[2021/9/3 - 9:41:51] {AA3333}AdmCmd{FFFF00}:Shi da KICK TAT CA NGUOI CHOI, {FFFF00}Ly Do{FFFF00}: 1 phut vao lai nhen mng
[2021/9/7 - 23:00:41] {AA3333}AdmCmd{FFFF00}:Long da KICK TAT CA NGUOI CHOI, {FFFF00}Ly Do{FFFF00}: 30s zo lai
[2021/9/7 - 23:00:41] {AA3333}AdmCmd{FFFF00}:Long da KICK TAT CA NGUOI CHOI, {FFFF00}Ly Do{FFFF00}: 30s zo lai
[2021/9/7 - 23:00:41] {AA3333}AdmCmd{FFFF00}:Long da KICK TAT CA NGUOI CHOI, {FFFF00}Ly Do{FFFF00}: 30s zo lai
[2021/9/7 - 23:00:41] {AA3333}AdmCmd{FFFF00}:Long da KICK TAT CA NGUOI CHOI, {FFFF00}Ly Do{FFFF00}: 30s zo lai
[2021/9/7 - 23:00:41] {AA3333}AdmCmd{FFFF00}:Long da KICK TAT CA NGUOI CHOI, {FFFF00}Ly Do{FFFF00}: 30s zo lai
[2021/9/7 - 23:00:41] {AA3333}AdmCmd{FFFF00}:Long da KICK TAT CA NGUOI CHOI, {FFFF00}Ly Do{FFFF00}: 30s zo lai
[2021/9/7 - 23:00:41] {AA3333}AdmCmd{FFFF00}:Long da KICK TAT CA NGUOI CHOI, {FFFF00}Ly Do{FFFF00}: 30s zo lai
[2021/9/7 - 23:00:41] {AA3333}AdmCmd{FFFF00}:Long da KICK TAT CA NGUOI CHOI, {FFFF00}Ly Do{FFFF00}: 30s zo lai
[2021/9/7 - 23:00:41] {AA3333}AdmCmd{FFFF00}:Long da KICK TAT CA NGUOI CHOI, {FFFF00}Ly Do{FFFF00}: 30s zo lai
[2021/9/7 - 23:00:41] {AA3333}AdmCmd{FFFF00}:Long da KICK TAT CA NGUOI CHOI, {FFFF00}Ly Do{FFFF00}: 30s zo lai
[2021/9/7 - 23:00:41] {AA3333}AdmCmd{FFFF00}:Long da KICK TAT CA NGUOI CHOI, {FFFF00}Ly Do{FFFF00}: 30s zo lai
[2021/9/7 - 23:00:41] {AA3333}AdmCmd{FFFF00}:Long da KICK TAT CA NGUOI CHOI, {FFFF00}Ly Do{FFFF00}: 30s zo lai
[2021/9/7 - 23:00:41] {AA3333}AdmCmd{FFFF00}:Long da KICK TAT CA NGUOI CHOI, {FFFF00}Ly Do{FFFF00}: 30s zo lai
[2021/9/7 - 23:00:41] {AA3333}AdmCmd{FFFF00}:Long da KICK TAT CA NGUOI CHOI, {FFFF00}Ly Do{FFFF00}: 30s zo lai
[2021/9/8 - 13:08:42] {AA3333}AdmCmd{FFFF00}:HAC da KICK TAT CA NGUOI CHOI, {FFFF00}Ly Do{FFFF00}: bao tri 1 phut vao lai
[2021/9/8 - 13:08:42] {AA3333}AdmCmd{FFFF00}:HAC da KICK TAT CA NGUOI CHOI, {FFFF00}Ly Do{FFFF00}: bao tri 1 phut vao lai
[2021/9/8 - 13:08:42] {AA3333}AdmCmd{FFFF00}:HAC da KICK TAT CA NGUOI CHOI, {FFFF00}Ly Do{FFFF00}: bao tri 1 phut vao lai
[2021/9/8 - 13:08:42] {AA3333}AdmCmd{FFFF00}:HAC da KICK TAT CA NGUOI CHOI, {FFFF00}Ly Do{FFFF00}: bao tri 1 phut vao lai
[2021/9/8 - 13:08:42] {AA3333}AdmCmd{FFFF00}:HAC da KICK TAT CA NGUOI CHOI, {FFFF00}Ly Do{FFFF00}: bao tri 1 phut vao lai
[2021/9/8 - 13:08:42] {AA3333}AdmCmd{FFFF00}:HAC da KICK TAT CA NGUOI CHOI, {FFFF00}Ly Do{FFFF00}: bao tri 1 phut vao lai
[2021/9/8 - 13:08:42] {AA3333}AdmCmd{FFFF00}:HAC da KICK TAT CA NGUOI CHOI, {FFFF00}Ly Do{FFFF00}: bao tri 1 phut vao lai
[2021/9/8 - 13:08:42] {AA3333}AdmCmd{FFFF00}:HAC da KICK TAT CA NGUOI CHOI, {FFFF00}Ly Do{FFFF00}: bao tri 1 phut vao lai
[2021/9/8 - 13:08:42] {AA3333}AdmCmd{FFFF00}:HAC da KICK TAT CA NGUOI CHOI, {FFFF00}Ly Do{FFFF00}: bao tri 1 phut vao lai
[2021/9/8 - 13:08:42] {AA3333}AdmCmd{FFFF00}:HAC da KICK TAT CA NGUOI CHOI, {FFFF00}Ly Do{FFFF00}: bao tri 1 phut vao lai
[2021/9/8 - 13:08:42] {AA3333}AdmCmd{FFFF00}:HAC da KICK TAT CA NGUOI CHOI, {FFFF00}Ly Do{FFFF00}: bao tri 1 phut vao lai
[2021/9/8 - 13:08:42] {AA3333}AdmCmd{FFFF00}:HAC da KICK TAT CA NGUOI CHOI, {FFFF00}Ly Do{FFFF00}: bao tri 1 phut vao lai
[2021/9/8 - 13:08:42] {AA3333}AdmCmd{FFFF00}:HAC da KICK TAT CA NGUOI CHOI, {FFFF00}Ly Do{FFFF00}: bao tri 1 phut vao lai
[2021/9/8 - 13:08:42] {AA3333}AdmCmd{FFFF00}:HAC da KICK TAT CA NGUOI CHOI, {FFFF00}Ly Do{FFFF00}: bao tri 1 phut vao lai
[2021/9/8 - 13:08:42] {AA3333}AdmCmd{FFFF00}:HAC da KICK TAT CA NGUOI CHOI, {FFFF00}Ly Do{FFFF00}: bao tri 1 phut vao lai
[2021/9/8 - 13:08:42] {AA3333}AdmCmd{FFFF00}:HAC da KICK TAT CA NGUOI CHOI, {FFFF00}Ly Do{FFFF00}: bao tri 1 phut vao lai
[2021/9/8 - 13:08:42] {AA3333}AdmCmd{FFFF00}:HAC da KICK TAT CA NGUOI CHOI, {FFFF00}Ly Do{FFFF00}: bao tri 1 phut vao lai
[2021/9/8 - 13:08:42] {AA3333}AdmCmd{FFFF00}:HAC da KICK TAT CA NGUOI CHOI, {FFFF00}Ly Do{FFFF00}: bao tri 1 phut vao lai
[2021/9/8 - 13:08:42] {AA3333}AdmCmd{FFFF00}:HAC da KICK TAT CA NGUOI CHOI, {FFFF00}Ly Do{FFFF00}: bao tri 1 phut vao lai
[2021/9/8 - 13:08:42] {AA3333}AdmCmd{FFFF00}:HAC da KICK TAT CA NGUOI CHOI, {FFFF00}Ly Do{FFFF00}: bao tri 1 phut vao lai
[2021/9/8 - 13:08:42] {AA3333}AdmCmd{FFFF00}:HAC da KICK TAT CA NGUOI CHOI, {FFFF00}Ly Do{FFFF00}: bao tri 1 phut vao lai
[2021/9/8 - 13:08:42] {AA3333}AdmCmd{FFFF00}:HAC da KICK TAT CA NGUOI CHOI, {FFFF00}Ly Do{FFFF00}: bao tri 1 phut vao lai
[2021/9/8 - 13:08:42] {AA3333}AdmCmd{FFFF00}:HAC da KICK TAT CA NGUOI CHOI, {FFFF00}Ly Do{FFFF00}: bao tri 1 phut vao lai
[2021/9/8 - 13:08:42] {AA3333}AdmCmd{FFFF00}:HAC da KICK TAT CA NGUOI CHOI, {FFFF00}Ly Do{FFFF00}: bao tri 1 phut vao lai
[2021/9/8 - 13:08:42] {AA3333}AdmCmd{FFFF00}:HAC da KICK TAT CA NGUOI CHOI, {FFFF00}Ly Do{FFFF00}: bao tri 1 phut vao lai
[2021/9/8 - 13:08:42] {AA3333}AdmCmd{FFFF00}:HAC da KICK TAT CA NGUOI CHOI, {FFFF00}Ly Do{FFFF00}: bao tri 1 phut vao lai
[2021/9/8 - 13:08:42] {AA3333}AdmCmd{FFFF00}:HAC da KICK TAT CA NGUOI CHOI, {FFFF00}Ly Do{FFFF00}: bao tri 1 phut vao lai
[2021/9/8 - 13:08:42] {AA3333}AdmCmd{FFFF00}:HAC da KICK TAT CA NGUOI CHOI, {FFFF00}Ly Do{FFFF00}: bao tri 1 phut vao lai
[2021/9/8 - 13:08:42] {AA3333}AdmCmd{FFFF00}:HAC da KICK TAT CA NGUOI CHOI, {FFFF00}Ly Do{FFFF00}: bao tri 1 phut vao lai
[2021/9/8 - 13:08:42] {AA3333}AdmCmd{FFFF00}:HAC da KICK TAT CA NGUOI CHOI, {FFFF00}Ly Do{FFFF00}: bao tri 1 phut vao lai
[2021/9/11 - 18:05:56] {AA3333}AdmCmd{FFFF00}:HAC da KICK TAT CA NGUOI CHOI, {FFFF00}Ly Do{FFFF00}: bao tri 1 phut moi nguoi vao lai
[2021/9/11 - 18:05:56] {AA3333}AdmCmd{FFFF00}:HAC da KICK TAT CA NGUOI CHOI, {FFFF00}Ly Do{FFFF00}: bao tri 1 phut moi nguoi vao lai
[2021/9/11 - 18:05:56] {AA3333}AdmCmd{FFFF00}:HAC da KICK TAT CA NGUOI CHOI, {FFFF00}Ly Do{FFFF00}: bao tri 1 phut moi nguoi vao lai
[2021/9/11 - 18:05:56] {AA3333}AdmCmd{FFFF00}:HAC da KICK TAT CA NGUOI CHOI, {FFFF00}Ly Do{FFFF00}: bao tri 1 phut moi nguoi vao lai
[2021/9/11 - 18:05:56] {AA3333}AdmCmd{FFFF00}:HAC da KICK TAT CA NGUOI CHOI, {FFFF00}Ly Do{FFFF00}: bao tri 1 phut moi nguoi vao lai
[2021/9/11 - 18:05:56] {AA3333}AdmCmd{FFFF00}:HAC da KICK TAT CA NGUOI CHOI, {FFFF00}Ly Do{FFFF00}: bao tri 1 phut moi nguoi vao lai
[2021/9/11 - 18:05:56] {AA3333}AdmCmd{FFFF00}:HAC da KICK TAT CA NGUOI CHOI, {FFFF00}Ly Do{FFFF00}: bao tri 1 phut moi nguoi vao lai
[2021/9/11 - 18:05:56] {AA3333}AdmCmd{FFFF00}:HAC da KICK TAT CA NGUOI CHOI, {FFFF00}Ly Do{FFFF00}: bao tri 1 phut moi nguoi vao lai
[2021/9/11 - 18:05:56] {AA3333}AdmCmd{FFFF00}:HAC da KICK TAT CA NGUOI CHOI, {FFFF00}Ly Do{FFFF00}: bao tri 1 phut moi nguoi vao lai
[2021/9/11 - 18:05:56] {AA3333}AdmCmd{FFFF00}:HAC da KICK TAT CA NGUOI CHOI, {FFFF00}Ly Do{FFFF00}: bao tri 1 phut moi nguoi vao lai
[2021/9/11 - 18:05:56] {AA3333}AdmCmd{FFFF00}:HAC da KICK TAT CA NGUOI CHOI, {FFFF00}Ly Do{FFFF00}: bao tri 1 phut moi nguoi vao lai
[2021/9/11 - 18:05:56] {AA3333}AdmCmd{FFFF00}:HAC da KICK TAT CA NGUOI CHOI, {FFFF00}Ly Do{FFFF00}: bao tri 1 phut moi nguoi vao lai
[2021/9/11 - 18:05:56] {AA3333}AdmCmd{FFFF00}:HAC da KICK TAT CA NGUOI CHOI, {FFFF00}Ly Do{FFFF00}: bao tri 1 phut moi nguoi vao lai
[2021/9/11 - 18:05:56] {AA3333}AdmCmd{FFFF00}:HAC da KICK TAT CA NGUOI CHOI, {FFFF00}Ly Do{FFFF00}: bao tri 1 phut moi nguoi vao lai
[2021/9/11 - 18:05:56] {AA3333}AdmCmd{FFFF00}:HAC da KICK TAT CA NGUOI CHOI, {FFFF00}Ly Do{FFFF00}: bao tri 1 phut moi nguoi vao lai
[2021/9/11 - 18:05:56] {AA3333}AdmCmd{FFFF00}:HAC da KICK TAT CA NGUOI CHOI, {FFFF00}Ly Do{FFFF00}: bao tri 1 phut moi nguoi vao lai
[2021/9/11 - 18:05:56] {AA3333}AdmCmd{FFFF00}:HAC da KICK TAT CA NGUOI CHOI, {FFFF00}Ly Do{FFFF00}: bao tri 1 phut moi nguoi vao lai
[2021/9/11 - 18:05:56] {AA3333}AdmCmd{FFFF00}:HAC da KICK TAT CA NGUOI CHOI, {FFFF00}Ly Do{FFFF00}: bao tri 1 phut moi nguoi vao lai
[2021/9/11 - 18:05:56] {AA3333}AdmCmd{FFFF00}:HAC da KICK TAT CA NGUOI CHOI, {FFFF00}Ly Do{FFFF00}: bao tri 1 phut moi nguoi vao lai
[2021/9/11 - 18:05:56] {AA3333}AdmCmd{FFFF00}:HAC da KICK TAT CA NGUOI CHOI, {FFFF00}Ly Do{FFFF00}: bao tri 1 phut moi nguoi vao lai
[2021/9/11 - 18:05:56] {AA3333}AdmCmd{FFFF00}:HAC da KICK TAT CA NGUOI CHOI, {FFFF00}Ly Do{FFFF00}: bao tri 1 phut moi nguoi vao lai
[2021/9/15 - 16:28:13] {AA3333}AdmCmd{FFFF00}:Shi da KICK TAT CA NGUOI CHOI, {FFFF00}Ly Do{FFFF00}: Bao TRI
[2021/9/15 - 16:28:13] {AA3333}AdmCmd{FFFF00}:Shi da KICK TAT CA NGUOI CHOI, {FFFF00}Ly Do{FFFF00}: Bao TRI
[2021/9/15 - 16:28:13] {AA3333}AdmCmd{FFFF00}:Shi da KICK TAT CA NGUOI CHOI, {FFFF00}Ly Do{FFFF00}: Bao TRI
[2021/9/15 - 16:28:13] {AA3333}AdmCmd{FFFF00}:Shi da KICK TAT CA NGUOI CHOI, {FFFF00}Ly Do{FFFF00}: Bao TRI
[2021/9/15 - 16:28:13] {AA3333}AdmCmd{FFFF00}:Shi da KICK TAT CA NGUOI CHOI, {FFFF00}Ly Do{FFFF00}: Bao TRI
[2021/9/15 - 16:28:13] {AA3333}AdmCmd{FFFF00}:Shi da KICK TAT CA NGUOI CHOI, {FFFF00}Ly Do{FFFF00}: Bao TRI
[2021/9/15 - 16:28:13] {AA3333}AdmCmd{FFFF00}:Shi da KICK TAT CA NGUOI CHOI, {FFFF00}Ly Do{FFFF00}: Bao TRI
[2021/9/15 - 16:28:13] {AA3333}AdmCmd{FFFF00}:Shi da KICK TAT CA NGUOI CHOI, {FFFF00}Ly Do{FFFF00}: Bao TRI
[2021/9/15 - 16:28:13] {AA3333}AdmCmd{FFFF00}:Shi da KICK TAT CA NGUOI CHOI, {FFFF00}Ly Do{FFFF00}: Bao TRI
[2021/9/15 - 16:28:13] {AA3333}AdmCmd{FFFF00}:Shi da KICK TAT CA NGUOI CHOI, {FFFF00}Ly Do{FFFF00}: Bao TRI
[2021/9/15 - 16:28:13] {AA3333}AdmCmd{FFFF00}:Shi da KICK TAT CA NGUOI CHOI, {FFFF00}Ly Do{FFFF00}: Bao TRI
[2021/9/15 - 16:28:13] {AA3333}AdmCmd{FFFF00}:Shi da KICK TAT CA NGUOI CHOI, {FFFF00}Ly Do{FFFF00}: Bao TRI
[2021/9/15 - 16:28:13] {AA3333}AdmCmd{FFFF00}:Shi da KICK TAT CA NGUOI CHOI, {FFFF00}Ly Do{FFFF00}: Bao TRI
[2021/9/15 - 16:28:13] {AA3333}AdmCmd{FFFF00}:Shi da KICK TAT CA NGUOI CHOI, {FFFF00}Ly Do{FFFF00}: Bao TRI
[2021/9/15 - 16:28:13] {AA3333}AdmCmd{FFFF00}:Shi da KICK TAT CA NGUOI CHOI, {FFFF00}Ly Do{FFFF00}: Bao TRI
[2021/9/15 - 16:28:13] {AA3333}AdmCmd{FFFF00}:Shi da KICK TAT CA NGUOI CHOI, {FFFF00}Ly Do{FFFF00}: Bao TRI
[2021/9/15 - 16:28:13] {AA3333}AdmCmd{FFFF00}:Shi da KICK TAT CA NGUOI CHOI, {FFFF00}Ly Do{FFFF00}: Bao TRI
[2021/9/15 - 16:28:13] {AA3333}AdmCmd{FFFF00}:Shi da KICK TAT CA NGUOI CHOI, {FFFF00}Ly Do{FFFF00}: Bao TRI
[2021/9/15 - 16:28:13] {AA3333}AdmCmd{FFFF00}:Shi da KICK TAT CA NGUOI CHOI, {FFFF00}Ly Do{FFFF00}: Bao TRI
[2021/9/15 - 16:28:13] {AA3333}AdmCmd{FFFF00}:Shi da KICK TAT CA NGUOI CHOI, {FFFF00}Ly Do{FFFF00}: Bao TRI
[2021/9/15 - 16:28:13] {AA3333}AdmCmd{FFFF00}:Shi da KICK TAT CA NGUOI CHOI, {FFFF00}Ly Do{FFFF00}: Bao TRI
[2021/9/15 - 16:28:13] {AA3333}AdmCmd{FFFF00}:Shi da KICK TAT CA NGUOI CHOI, {FFFF00}Ly Do{FFFF00}: Bao TRI
[2021/9/15 - 16:28:13] {AA3333}AdmCmd{FFFF00}:Shi da KICK TAT CA NGUOI CHOI, {FFFF00}Ly Do{FFFF00}: Bao TRI
[2021/9/15 - 16:28:13] {AA3333}AdmCmd{FFFF00}:Shi da KICK TAT CA NGUOI CHOI, {FFFF00}Ly Do{FFFF00}: Bao TRI
[2021/9/15 - 16:28:13] {AA3333}AdmCmd{FFFF00}:Shi da KICK TAT CA NGUOI CHOI, {FFFF00}Ly Do{FFFF00}: Bao TRI
[2021/9/15 - 16:28:13] {AA3333}AdmCmd{FFFF00}:Shi da KICK TAT CA NGUOI CHOI, {FFFF00}Ly Do{FFFF00}: Bao TRI
[2021/9/15 - 16:28:13] {AA3333}AdmCmd{FFFF00}:Shi da KICK TAT CA NGUOI CHOI, {FFFF00}Ly Do{FFFF00}: Bao TRI
[2021/9/15 - 16:28:13] {AA3333}AdmCmd{FFFF00}:Shi da KICK TAT CA NGUOI CHOI, {FFFF00}Ly Do{FFFF00}: Bao TRI
[2021/9/15 - 16:28:13] {AA3333}AdmCmd{FFFF00}:Shi da KICK TAT CA NGUOI CHOI, {FFFF00}Ly Do{FFFF00}: Bao TRI
[2021/9/15 - 16:28:13] {AA3333}AdmCmd{FFFF00}:Shi da KICK TAT CA NGUOI CHOI, {FFFF00}Ly Do{FFFF00}: Bao TRI
[2021/9/15 - 16:28:13] {AA3333}AdmCmd{FFFF00}:Shi da KICK TAT CA NGUOI CHOI, {FFFF00}Ly Do{FFFF00}: Bao TRI
[2021/9/25 - 20:30:04] {AA3333}AdmCmd{FFFF00}:Shi da KICK TAT CA NGUOI CHOI, {FFFF00}Ly Do{FFFF00}: 15p nha mng oi
[2021/9/25 - 20:30:04] {AA3333}AdmCmd{FFFF00}:Shi da KICK TAT CA NGUOI CHOI, {FFFF00}Ly Do{FFFF00}: 15p nha mng oi
[2021/9/25 - 20:30:04] {AA3333}AdmCmd{FFFF00}:Shi da KICK TAT CA NGUOI CHOI, {FFFF00}Ly Do{FFFF00}: 15p nha mng oi
[2021/9/25 - 20:30:04] {AA3333}AdmCmd{FFFF00}:Shi da KICK TAT CA NGUOI CHOI, {FFFF00}Ly Do{FFFF00}: 15p nha mng oi
[2021/9/25 - 20:30:04] {AA3333}AdmCmd{FFFF00}:Shi da KICK TAT CA NGUOI CHOI, {FFFF00}Ly Do{FFFF00}: 15p nha mng oi
[2021/9/25 - 20:30:04] {AA3333}AdmCmd{FFFF00}:Shi da KICK TAT CA NGUOI CHOI, {FFFF00}Ly Do{FFFF00}: 15p nha mng oi
[2021/9/25 - 20:30:04] {AA3333}AdmCmd{FFFF00}:Shi da KICK TAT CA NGUOI CHOI, {FFFF00}Ly Do{FFFF00}: 15p nha mng oi
[2021/9/25 - 20:30:04] {AA3333}AdmCmd{FFFF00}:Shi da KICK TAT CA NGUOI CHOI, {FFFF00}Ly Do{FFFF00}: 15p nha mng oi
[2021/9/25 - 20:30:04] {AA3333}AdmCmd{FFFF00}:Shi da KICK TAT CA NGUOI CHOI, {FFFF00}Ly Do{FFFF00}: 15p nha mng oi
[2021/9/25 - 20:30:04] {AA3333}AdmCmd{FFFF00}:Shi da KICK TAT CA NGUOI CHOI, {FFFF00}Ly Do{FFFF00}: 15p nha mng oi
[2021/9/25 - 20:30:04] {AA3333}AdmCmd{FFFF00}:Shi da KICK TAT CA NGUOI CHOI, {FFFF00}Ly Do{FFFF00}: 15p nha mng oi
[2021/9/25 - 20:30:04] {AA3333}AdmCmd{FFFF00}:Shi da KICK TAT CA NGUOI CHOI, {FFFF00}Ly Do{FFFF00}: 15p nha mng oi
[2021/9/25 - 20:30:04] {AA3333}AdmCmd{FFFF00}:Shi da KICK TAT CA NGUOI CHOI, {FFFF00}Ly Do{FFFF00}: 15p nha mng oi
[2021/9/25 - 20:30:04] {AA3333}AdmCmd{FFFF00}:Shi da KICK TAT CA NGUOI CHOI, {FFFF00}Ly Do{FFFF00}: 15p nha mng oi
[2021/9/25 - 20:30:04] {AA3333}AdmCmd{FFFF00}:Shi da KICK TAT CA NGUOI CHOI, {FFFF00}Ly Do{FFFF00}: 15p nha mng oi
[2021/9/25 - 20:30:04] {AA3333}AdmCmd{FFFF00}:Shi da KICK TAT CA NGUOI CHOI, {FFFF00}Ly Do{FFFF00}: 15p nha mng oi
[2021/9/25 - 20:30:04] {AA3333}AdmCmd{FFFF00}:Shi da KICK TAT CA NGUOI CHOI, {FFFF00}Ly Do{FFFF00}: 15p nha mng oi
[2021/9/25 - 20:30:04] {AA3333}AdmCmd{FFFF00}:Shi da KICK TAT CA NGUOI CHOI, {FFFF00}Ly Do{FFFF00}: 15p nha mng oi
[2021/9/25 - 20:30:04] {AA3333}AdmCmd{FFFF00}:Shi da KICK TAT CA NGUOI CHOI, {FFFF00}Ly Do{FFFF00}: 15p nha mng oi
[2021/9/25 - 20:30:04] {AA3333}AdmCmd{FFFF00}:Shi da KICK TAT CA NGUOI CHOI, {FFFF00}Ly Do{FFFF00}: 15p nha mng oi
[2021/9/25 - 20:30:04] {AA3333}AdmCmd{FFFF00}:Shi da KICK TAT CA NGUOI CHOI, {FFFF00}Ly Do{FFFF00}: 15p nha mng oi
[2021/9/25 - 20:30:04] {AA3333}AdmCmd{FFFF00}:Shi da KICK TAT CA NGUOI CHOI, {FFFF00}Ly Do{FFFF00}: 15p nha mng oi
[2021/9/25 - 20:30:04] {AA3333}AdmCmd{FFFF00}:Shi da KICK TAT CA NGUOI CHOI, {FFFF00}Ly Do{FFFF00}: 15p nha mng oi
[2021/9/25 - 20:30:04] {AA3333}AdmCmd{FFFF00}:Shi da KICK TAT CA NGUOI CHOI, {FFFF00}Ly Do{FFFF00}: 15p nha mng oi
[2021/9/25 - 20:30:04] {AA3333}AdmCmd{FFFF00}:Shi da KICK TAT CA NGUOI CHOI, {FFFF00}Ly Do{FFFF00}: 15p nha mng oi
[2021/9/25 - 20:30:04] {AA3333}AdmCmd{FFFF00}:Shi da KICK TAT CA NGUOI CHOI, {FFFF00}Ly Do{FFFF00}: 15p nha mng oi
[2021/9/25 - 20:30:04] {AA3333}AdmCmd{FFFF00}:Shi da KICK TAT CA NGUOI CHOI, {FFFF00}Ly Do{FFFF00}: 15p nha mng oi
[2021/9/26 - 20:38:16] {AA3333}AdmCmd{FFFF00}:Shi da KICK TAT CA NGUOI CHOI, {FFFF00}Ly Do{FFFF00}: 1 phut vao lai
[2021/9/26 - 20:38:16] {AA3333}AdmCmd{FFFF00}:Shi da KICK TAT CA NGUOI CHOI, {FFFF00}Ly Do{FFFF00}: 1 phut vao lai
[2021/9/26 - 20:38:16] {AA3333}AdmCmd{FFFF00}:Shi da KICK TAT CA NGUOI CHOI, {FFFF00}Ly Do{FFFF00}: 1 phut vao lai
[2021/9/26 - 20:38:16] {AA3333}AdmCmd{FFFF00}:Shi da KICK TAT CA NGUOI CHOI, {FFFF00}Ly Do{FFFF00}: 1 phut vao lai
[2021/9/26 - 20:38:16] {AA3333}AdmCmd{FFFF00}:Shi da KICK TAT CA NGUOI CHOI, {FFFF00}Ly Do{FFFF00}: 1 phut vao lai
[2021/9/26 - 20:38:16] {AA3333}AdmCmd{FFFF00}:Shi da KICK TAT CA NGUOI CHOI, {FFFF00}Ly Do{FFFF00}: 1 phut vao lai
[2021/9/26 - 20:38:16] {AA3333}AdmCmd{FFFF00}:Shi da KICK TAT CA NGUOI CHOI, {FFFF00}Ly Do{FFFF00}: 1 phut vao lai
[2021/9/26 - 20:38:16] {AA3333}AdmCmd{FFFF00}:Shi da KICK TAT CA NGUOI CHOI, {FFFF00}Ly Do{FFFF00}: 1 phut vao lai
[2021/9/26 - 20:38:16] {AA3333}AdmCmd{FFFF00}:Shi da KICK TAT CA NGUOI CHOI, {FFFF00}Ly Do{FFFF00}: 1 phut vao lai
[2021/9/26 - 20:38:16] {AA3333}AdmCmd{FFFF00}:Shi da KICK TAT CA NGUOI CHOI, {FFFF00}Ly Do{FFFF00}: 1 phut vao lai
[2021/9/26 - 20:38:16] {AA3333}AdmCmd{FFFF00}:Shi da KICK TAT CA NGUOI CHOI, {FFFF00}Ly Do{FFFF00}: 1 phut vao lai
[2021/9/26 - 20:38:16] {AA3333}AdmCmd{FFFF00}:Shi da KICK TAT CA NGUOI CHOI, {FFFF00}Ly Do{FFFF00}: 1 phut vao lai
[2021/9/26 - 20:38:16] {AA3333}AdmCmd{FFFF00}:Shi da KICK TAT CA NGUOI CHOI, {FFFF00}Ly Do{FFFF00}: 1 phut vao lai
[2021/9/26 - 20:38:16] {AA3333}AdmCmd{FFFF00}:Shi da KICK TAT CA NGUOI CHOI, {FFFF00}Ly Do{FFFF00}: 1 phut vao lai
[2021/9/26 - 20:38:16] {AA3333}AdmCmd{FFFF00}:Shi da KICK TAT CA NGUOI CHOI, {FFFF00}Ly Do{FFFF00}: 1 phut vao lai
[2021/9/26 - 20:38:16] {AA3333}AdmCmd{FFFF00}:Shi da KICK TAT CA NGUOI CHOI, {FFFF00}Ly Do{FFFF00}: 1 phut vao lai
[2021/9/26 - 20:38:16] {AA3333}AdmCmd{FFFF00}:Shi da KICK TAT CA NGUOI CHOI, {FFFF00}Ly Do{FFFF00}: 1 phut vao lai
[2021/9/26 - 20:38:16] {AA3333}AdmCmd{FFFF00}:Shi da KICK TAT CA NGUOI CHOI, {FFFF00}Ly Do{FFFF00}: 1 phut vao lai
[2021/9/26 - 20:38:16] {AA3333}AdmCmd{FFFF00}:Shi da KICK TAT CA NGUOI CHOI, {FFFF00}Ly Do{FFFF00}: 1 phut vao lai
[2021/9/26 - 20:38:16] {AA3333}AdmCmd{FFFF00}:Shi da KICK TAT CA NGUOI CHOI, {FFFF00}Ly Do{FFFF00}: 1 phut vao lai
[2021/9/26 - 20:38:16] {AA3333}AdmCmd{FFFF00}:Shi da KICK TAT CA NGUOI CHOI, {FFFF00}Ly Do{FFFF00}: 1 phut vao lai
[2021/9/26 - 20:38:16] {AA3333}AdmCmd{FFFF00}:Shi da KICK TAT CA NGUOI CHOI, {FFFF00}Ly Do{FFFF00}: 1 phut vao lai
[2021/9/28 - 22:02:46] {AA3333}AdmCmd{FFFF00}:Tientom da KICK TAT CA NGUOI CHOI, {FFFF00}Ly Do{FFFF00}: bao tri 24h mo lai
[2021/9/28 - 22:02:46] {AA3333}AdmCmd{FFFF00}:Tientom da KICK TAT CA NGUOI CHOI, {FFFF00}Ly Do{FFFF00}: bao tri 24h mo lai
[2021/9/28 - 22:02:46] {AA3333}AdmCmd{FFFF00}:Tientom da KICK TAT CA NGUOI CHOI, {FFFF00}Ly Do{FFFF00}: bao tri 24h mo lai
[2021/9/28 - 22:02:46] {AA3333}AdmCmd{FFFF00}:Tientom da KICK TAT CA NGUOI CHOI, {FFFF00}Ly Do{FFFF00}: bao tri 24h mo lai
[2021/9/28 - 22:02:46] {AA3333}AdmCmd{FFFF00}:Tientom da KICK TAT CA NGUOI CHOI, {FFFF00}Ly Do{FFFF00}: bao tri 24h mo lai
[2021/9/29 - 8:31:59] {AA3333}AdmCmd{FFFF00}:Tientom da KICK TAT CA NGUOI CHOI, {FFFF00}Ly Do{FFFF00}: bao tri
[2021/9/29 - 8:31:59] {AA3333}AdmCmd{FFFF00}:Tientom da KICK TAT CA NGUOI CHOI, {FFFF00}Ly Do{FFFF00}: bao tri
[2021/9/29 - 8:31:59] {AA3333}AdmCmd{FFFF00}:Tientom da KICK TAT CA NGUOI CHOI, {FFFF00}Ly Do{FFFF00}: bao tri
[2021/9/29 - 8:31:59] {AA3333}AdmCmd{FFFF00}:Tientom da KICK TAT CA NGUOI CHOI, {FFFF00}Ly Do{FFFF00}: bao tri
[2021/9/29 - 8:31:59] {AA3333}AdmCmd{FFFF00}:Tientom da KICK TAT CA NGUOI CHOI, {FFFF00}Ly Do{FFFF00}: bao tri
[2021/9/29 - 8:31:59] {AA3333}AdmCmd{FFFF00}:Tientom da KICK TAT CA NGUOI CHOI, {FFFF00}Ly Do{FFFF00}: bao tri
[2021/9/29 - 8:31:59] {AA3333}AdmCmd{FFFF00}:Tientom da KICK TAT CA NGUOI CHOI, {FFFF00}Ly Do{FFFF00}: bao tri
[2021/9/29 - 8:31:59] {AA3333}AdmCmd{FFFF00}:Tientom da KICK TAT CA NGUOI CHOI, {FFFF00}Ly Do{FFFF00}: bao tri
[2021/9/29 - 8:31:59] {AA3333}AdmCmd{FFFF00}:Tientom da KICK TAT CA NGUOI CHOI, {FFFF00}Ly Do{FFFF00}: bao tri
[2021/9/29 - 8:31:59] {AA3333}AdmCmd{FFFF00}:Tientom da KICK TAT CA NGUOI CHOI, {FFFF00}Ly Do{FFFF00}: bao tri
[2021/9/29 - 8:31:59] {AA3333}AdmCmd{FFFF00}:Tientom da KICK TAT CA NGUOI CHOI, {FFFF00}Ly Do{FFFF00}: bao tri
[2021/9/29 - 8:31:59] {AA3333}AdmCmd{FFFF00}:Tientom da KICK TAT CA NGUOI CHOI, {FFFF00}Ly Do{FFFF00}: bao tri
[2021/9/29 - 8:31:59] {AA3333}AdmCmd{FFFF00}:Tientom da KICK TAT CA NGUOI CHOI, {FFFF00}Ly Do{FFFF00}: bao tri
[2021/9/30 - 12:07:18] {AA3333}AdmCmd{FFFF00}:HAC da KICK TAT CA NGUOI CHOI, {FFFF00}Ly Do{FFFF00}: bao tri 10 phut
[2021/9/30 - 12:07:18] {AA3333}AdmCmd{FFFF00}:HAC da KICK TAT CA NGUOI CHOI, {FFFF00}Ly Do{FFFF00}: bao tri 10 phut
[2021/9/30 - 12:07:18] {AA3333}AdmCmd{FFFF00}:HAC da KICK TAT CA NGUOI CHOI, {FFFF00}Ly Do{FFFF00}: bao tri 10 phut
[2021/9/30 - 12:07:18] {AA3333}AdmCmd{FFFF00}:HAC da KICK TAT CA NGUOI CHOI, {FFFF00}Ly Do{FFFF00}: bao tri 10 phut
[2021/9/30 - 12:07:18] {AA3333}AdmCmd{FFFF00}:HAC da KICK TAT CA NGUOI CHOI, {FFFF00}Ly Do{FFFF00}: bao tri 10 phut
[2021/9/30 - 12:07:18] {AA3333}AdmCmd{FFFF00}:HAC da KICK TAT CA NGUOI CHOI, {FFFF00}Ly Do{FFFF00}: bao tri 10 phut
[2021/9/30 - 12:07:18] {AA3333}AdmCmd{FFFF00}:HAC da KICK TAT CA NGUOI CHOI, {FFFF00}Ly Do{FFFF00}: bao tri 10 phut
[2021/9/30 - 12:07:18] {AA3333}AdmCmd{FFFF00}:HAC da KICK TAT CA NGUOI CHOI, {FFFF00}Ly Do{FFFF00}: bao tri 10 phut
[2021/9/30 - 12:07:18] {AA3333}AdmCmd{FFFF00}:HAC da KICK TAT CA NGUOI CHOI, {FFFF00}Ly Do{FFFF00}: bao tri 10 phut
[2021/9/30 - 12:07:18] {AA3333}AdmCmd{FFFF00}:HAC da KICK TAT CA NGUOI CHOI, {FFFF00}Ly Do{FFFF00}: bao tri 10 phut
[2021/9/30 - 12:07:18] {AA3333}AdmCmd{FFFF00}:HAC da KICK TAT CA NGUOI CHOI, {FFFF00}Ly Do{FFFF00}: bao tri 10 phut
[2021/9/30 - 12:07:18] {AA3333}AdmCmd{FFFF00}:HAC da KICK TAT CA NGUOI CHOI, {FFFF00}Ly Do{FFFF00}: bao tri 10 phut
[2021/9/30 - 12:07:18] {AA3333}AdmCmd{FFFF00}:HAC da KICK TAT CA NGUOI CHOI, {FFFF00}Ly Do{FFFF00}: bao tri 10 phut
[2021/9/30 - 12:07:18] {AA3333}AdmCmd{FFFF00}:HAC da KICK TAT CA NGUOI CHOI, {FFFF00}Ly Do{FFFF00}: bao tri 10 phut
[2021/9/30 - 12:07:18] {AA3333}AdmCmd{FFFF00}:HAC da KICK TAT CA NGUOI CHOI, {FFFF00}Ly Do{FFFF00}: bao tri 10 phut
[2021/9/30 - 12:07:18] {AA3333}AdmCmd{FFFF00}:HAC da KICK TAT CA NGUOI CHOI, {FFFF00}Ly Do{FFFF00}: bao tri 10 phut
[2021/9/30 - 12:07:18] {AA3333}AdmCmd{FFFF00}:HAC da KICK TAT CA NGUOI CHOI, {FFFF00}Ly Do{FFFF00}: bao tri 10 phut
[2021/10/4 - 9:46:01] {AA3333}AdmCmd{FFFF00}:HAC da KICK TAT CA NGUOI CHOI, {FFFF00}Ly Do{FFFF00}: bao tri den 13h
[2021/10/4 - 9:46:01] {AA3333}AdmCmd{FFFF00}:HAC da KICK TAT CA NGUOI CHOI, {FFFF00}Ly Do{FFFF00}: bao tri den 13h
[2021/10/4 - 9:46:01] {AA3333}AdmCmd{FFFF00}:HAC da KICK TAT CA NGUOI CHOI, {FFFF00}Ly Do{FFFF00}: bao tri den 13h
[2021/10/4 - 9:46:01] {AA3333}AdmCmd{FFFF00}:HAC da KICK TAT CA NGUOI CHOI, {FFFF00}Ly Do{FFFF00}: bao tri den 13h
[2021/10/4 - 9:46:01] {AA3333}AdmCmd{FFFF00}:HAC da KICK TAT CA NGUOI CHOI, {FFFF00}Ly Do{FFFF00}: bao tri den 13h
[2021/10/4 - 9:46:01] {AA3333}AdmCmd{FFFF00}:HAC da KICK TAT CA NGUOI CHOI, {FFFF00}Ly Do{FFFF00}: bao tri den 13h
[2021/10/4 - 9:46:01] {AA3333}AdmCmd{FFFF00}:HAC da KICK TAT CA NGUOI CHOI, {FFFF00}Ly Do{FFFF00}: bao tri den 13h
[2021/10/4 - 9:46:01] {AA3333}AdmCmd{FFFF00}:HAC da KICK TAT CA NGUOI CHOI, {FFFF00}Ly Do{FFFF00}: bao tri den 13h
[2021/10/4 - 9:46:01] {AA3333}AdmCmd{FFFF00}:HAC da KICK TAT CA NGUOI CHOI, {FFFF00}Ly Do{FFFF00}: bao tri den 13h
[2021/10/4 - 9:46:01] {AA3333}AdmCmd{FFFF00}:HAC da KICK TAT CA NGUOI CHOI, {FFFF00}Ly Do{FFFF00}: bao tri den 13h
[2021/10/4 - 9:46:01] {AA3333}AdmCmd{FFFF00}:HAC da KICK TAT CA NGUOI CHOI, {FFFF00}Ly Do{FFFF00}: bao tri den 13h
[2021/10/4 - 9:46:01] {AA3333}AdmCmd{FFFF00}:HAC da KICK TAT CA NGUOI CHOI, {FFFF00}Ly Do{FFFF00}: bao tri den 13h
[2021/10/4 - 9:46:01] {AA3333}AdmCmd{FFFF00}:HAC da KICK TAT CA NGUOI CHOI, {FFFF00}Ly Do{FFFF00}: bao tri den 13h
[2021/10/4 - 9:46:01] {AA3333}AdmCmd{FFFF00}:HAC da KICK TAT CA NGUOI CHOI, {FFFF00}Ly Do{FFFF00}: bao tri den 13h
[2021/10/4 - 9:46:01] {AA3333}AdmCmd{FFFF00}:HAC da KICK TAT CA NGUOI CHOI, {FFFF00}Ly Do{FFFF00}: bao tri den 13h
[2021/10/4 - 9:46:01] {AA3333}AdmCmd{FFFF00}:HAC da KICK TAT CA NGUOI CHOI, {FFFF00}Ly Do{FFFF00}: bao tri den 13h
[2021/10/4 - 9:46:01] {AA3333}AdmCmd{FFFF00}:HAC da KICK TAT CA NGUOI CHOI, {FFFF00}Ly Do{FFFF00}: bao tri den 13h
[2021/10/4 - 9:46:01] {AA3333}AdmCmd{FFFF00}:HAC da KICK TAT CA NGUOI CHOI, {FFFF00}Ly Do{FFFF00}: bao tri den 13h
[2021/10/4 - 0:55:45] {AA3333}AdmCmd{FFFF00}:Shi da KICK TAT CA NGUOI CHOI, {FFFF00}Ly Do{FFFF00}: fix thoi gian , 2p vao lai
[2021/10/4 - 0:55:45] {AA3333}AdmCmd{FFFF00}:Shi da KICK TAT CA NGUOI CHOI, {FFFF00}Ly Do{FFFF00}: fix thoi gian , 2p vao lai
[2021/10/4 - 0:55:45] {AA3333}AdmCmd{FFFF00}:Shi da KICK TAT CA NGUOI CHOI, {FFFF00}Ly Do{FFFF00}: fix thoi gian , 2p vao lai
[2021/10/4 - 0:55:45] {AA3333}AdmCmd{FFFF00}:Shi da KICK TAT CA NGUOI CHOI, {FFFF00}Ly Do{FFFF00}: fix thoi gian , 2p vao lai
[2021/10/4 - 0:55:45] {AA3333}AdmCmd{FFFF00}:Shi da KICK TAT CA NGUOI CHOI, {FFFF00}Ly Do{FFFF00}: fix thoi gian , 2p vao lai
[2021/10/4 - 0:55:45] {AA3333}AdmCmd{FFFF00}:Shi da KICK TAT CA NGUOI CHOI, {FFFF00}Ly Do{FFFF00}: fix thoi gian , 2p vao lai
[2021/10/4 - 0:55:45] {AA3333}AdmCmd{FFFF00}:Shi da KICK TAT CA NGUOI CHOI, {FFFF00}Ly Do{FFFF00}: fix thoi gian , 2p vao lai
[2021/10/4 - 0:55:45] {AA3333}AdmCmd{FFFF00}:Shi da KICK TAT CA NGUOI CHOI, {FFFF00}Ly Do{FFFF00}: fix thoi gian , 2p vao lai
[2021/10/4 - 0:55:45] {AA3333}AdmCmd{FFFF00}:Shi da KICK TAT CA NGUOI CHOI, {FFFF00}Ly Do{FFFF00}: fix thoi gian , 2p vao lai
[2021/10/4 - 0:55:45] {AA3333}AdmCmd{FFFF00}:Shi da KICK TAT CA NGUOI CHOI, {FFFF00}Ly Do{FFFF00}: fix thoi gian , 2p vao lai
[2021/10/4 - 0:55:45] {AA3333}AdmCmd{FFFF00}:Shi da KICK TAT CA NGUOI CHOI, {FFFF00}Ly Do{FFFF00}: fix thoi gian , 2p vao lai
[2021/10/4 - 0:55:45] {AA3333}AdmCmd{FFFF00}:Shi da KICK TAT CA NGUOI CHOI, {FFFF00}Ly Do{FFFF00}: fix thoi gian , 2p vao lai
[2021/10/4 - 0:55:45] {AA3333}AdmCmd{FFFF00}:Shi da KICK TAT CA NGUOI CHOI, {FFFF00}Ly Do{FFFF00}: fix thoi gian , 2p vao lai
[2021/10/4 - 0:55:45] {AA3333}AdmCmd{FFFF00}:Shi da KICK TAT CA NGUOI CHOI, {FFFF00}Ly Do{FFFF00}: fix thoi gian , 2p vao lai
[2021/10/4 - 0:55:45] {AA3333}AdmCmd{FFFF00}:Shi da KICK TAT CA NGUOI CHOI, {FFFF00}Ly Do{FFFF00}: fix thoi gian , 2p vao lai
[2021/10/4 - 0:55:45] {AA3333}AdmCmd{FFFF00}:Shi da KICK TAT CA NGUOI CHOI, {FFFF00}Ly Do{FFFF00}: fix thoi gian , 2p vao lai
[2021/10/5 - 23:36:55] {AA3333}AdmCmd{FFFF00}:HAC da KICK TAT CA NGUOI CHOI, {FFFF00}Ly Do{FFFF00}: bao tri 1 phut sau vo lai
[2021/10/5 - 23:36:55] {AA3333}AdmCmd{FFFF00}:HAC da KICK TAT CA NGUOI CHOI, {FFFF00}Ly Do{FFFF00}: bao tri 1 phut sau vo lai
[2021/10/5 - 23:36:55] {AA3333}AdmCmd{FFFF00}:HAC da KICK TAT CA NGUOI CHOI, {FFFF00}Ly Do{FFFF00}: bao tri 1 phut sau vo lai
[2021/10/5 - 23:36:55] {AA3333}AdmCmd{FFFF00}:HAC da KICK TAT CA NGUOI CHOI, {FFFF00}Ly Do{FFFF00}: bao tri 1 phut sau vo lai
[2021/10/5 - 23:36:55] {AA3333}AdmCmd{FFFF00}:HAC da KICK TAT CA NGUOI CHOI, {FFFF00}Ly Do{FFFF00}: bao tri 1 phut sau vo lai
[2021/10/5 - 23:36:55] {AA3333}AdmCmd{FFFF00}:HAC da KICK TAT CA NGUOI CHOI, {FFFF00}Ly Do{FFFF00}: bao tri 1 phut sau vo lai
[2021/10/5 - 23:36:55] {AA3333}AdmCmd{FFFF00}:HAC da KICK TAT CA NGUOI CHOI, {FFFF00}Ly Do{FFFF00}: bao tri 1 phut sau vo lai
[2021/10/5 - 23:36:55] {AA3333}AdmCmd{FFFF00}:HAC da KICK TAT CA NGUOI CHOI, {FFFF00}Ly Do{FFFF00}: bao tri 1 phut sau vo lai
[2021/10/5 - 23:36:55] {AA3333}AdmCmd{FFFF00}:HAC da KICK TAT CA NGUOI CHOI, {FFFF00}Ly Do{FFFF00}: bao tri 1 phut sau vo lai
[2021/10/5 - 23:36:55] {AA3333}AdmCmd{FFFF00}:HAC da KICK TAT CA NGUOI CHOI, {FFFF00}Ly Do{FFFF00}: bao tri 1 phut sau vo lai
[2021/10/5 - 23:36:55] {AA3333}AdmCmd{FFFF00}:HAC da KICK TAT CA NGUOI CHOI, {FFFF00}Ly Do{FFFF00}: bao tri 1 phut sau vo lai
[2021/10/5 - 23:36:55] {AA3333}AdmCmd{FFFF00}:HAC da KICK TAT CA NGUOI CHOI, {FFFF00}Ly Do{FFFF00}: bao tri 1 phut sau vo lai
[2021/10/5 - 23:36:55] {AA3333}AdmCmd{FFFF00}:HAC da KICK TAT CA NGUOI CHOI, {FFFF00}Ly Do{FFFF00}: bao tri 1 phut sau vo lai
[2021/10/5 - 23:36:55] {AA3333}AdmCmd{FFFF00}:HAC da KICK TAT CA NGUOI CHOI, {FFFF00}Ly Do{FFFF00}: bao tri 1 phut sau vo lai
[2021/10/5 - 23:36:55] {AA3333}AdmCmd{FFFF00}:HAC da KICK TAT CA NGUOI CHOI, {FFFF00}Ly Do{FFFF00}: bao tri 1 phut sau vo lai
[2021/10/5 - 23:36:55] {AA3333}AdmCmd{FFFF00}:HAC da KICK TAT CA NGUOI CHOI, {FFFF00}Ly Do{FFFF00}: bao tri 1 phut sau vo lai
[2021/10/5 - 23:36:55] {AA3333}AdmCmd{FFFF00}:HAC da KICK TAT CA NGUOI CHOI, {FFFF00}Ly Do{FFFF00}: bao tri 1 phut sau vo lai
[2021/10/5 - 23:36:55] {AA3333}AdmCmd{FFFF00}:HAC da KICK TAT CA NGUOI CHOI, {FFFF00}Ly Do{FFFF00}: bao tri 1 phut sau vo lai
[2021/10/5 - 23:36:55] {AA3333}AdmCmd{FFFF00}:HAC da KICK TAT CA NGUOI CHOI, {FFFF00}Ly Do{FFFF00}: bao tri 1 phut sau vo lai
[2021/10/5 - 23:36:55] {AA3333}AdmCmd{FFFF00}:HAC da KICK TAT CA NGUOI CHOI, {FFFF00}Ly Do{FFFF00}: bao tri 1 phut sau vo lai
[2021/10/5 - 23:36:55] {AA3333}AdmCmd{FFFF00}:HAC da KICK TAT CA NGUOI CHOI, {FFFF00}Ly Do{FFFF00}: bao tri 1 phut sau vo lai
[2021/10/5 - 23:36:55] {AA3333}AdmCmd{FFFF00}:Shi da KICK TAT CA NGUOI CHOI, {FFFF00}Ly Do{FFFF00}: 1 phut vao lai ne ae
[2021/10/5 - 23:36:55] {AA3333}AdmCmd{FFFF00}:Shi da KICK TAT CA NGUOI CHOI, {FFFF00}Ly Do{FFFF00}: 1 phut vao lai ne ae
[2021/10/5 - 23:36:55] {AA3333}AdmCmd{FFFF00}:Shi da KICK TAT CA NGUOI CHOI, {FFFF00}Ly Do{FFFF00}: 1 phut vao lai ne ae
[2021/10/5 - 23:36:56] {AA3333}AdmCmd{FFFF00}:Shi da KICK TAT CA NGUOI CHOI, {FFFF00}Ly Do{FFFF00}: 1 phut vao lai ne ae
[2021/10/5 - 23:36:56] {AA3333}AdmCmd{FFFF00}:Shi da KICK TAT CA NGUOI CHOI, {FFFF00}Ly Do{FFFF00}: 1 phut vao lai ne ae
[2021/10/5 - 23:36:56] {AA3333}AdmCmd{FFFF00}:Shi da KICK TAT CA NGUOI CHOI, {FFFF00}Ly Do{FFFF00}: 1 phut vao lai ne ae
[2021/10/5 - 23:36:56] {AA3333}AdmCmd{FFFF00}:Shi da KICK TAT CA NGUOI CHOI, {FFFF00}Ly Do{FFFF00}: 1 phut vao lai ne ae
[2021/10/5 - 23:36:56] {AA3333}AdmCmd{FFFF00}:Shi da KICK TAT CA NGUOI CHOI, {FFFF00}Ly Do{FFFF00}: 1 phut vao lai ne ae
[2021/10/5 - 23:36:56] {AA3333}AdmCmd{FFFF00}:Shi da KICK TAT CA NGUOI CHOI, {FFFF00}Ly Do{FFFF00}: 1 phut vao lai ne ae
[2021/10/5 - 23:36:56] {AA3333}AdmCmd{FFFF00}:Shi da KICK TAT CA NGUOI CHOI, {FFFF00}Ly Do{FFFF00}: 1 phut vao lai ne ae
[2021/10/5 - 23:36:56] {AA3333}AdmCmd{FFFF00}:Shi da KICK TAT CA NGUOI CHOI, {FFFF00}Ly Do{FFFF00}: 1 phut vao lai ne ae
[2021/10/5 - 23:36:56] {AA3333}AdmCmd{FFFF00}:Shi da KICK TAT CA NGUOI CHOI, {FFFF00}Ly Do{FFFF00}: 1 phut vao lai ne ae
[2021/10/5 - 23:36:56] {AA3333}AdmCmd{FFFF00}:Shi da KICK TAT CA NGUOI CHOI, {FFFF00}Ly Do{FFFF00}: 1 phut vao lai ne ae
[2021/10/5 - 23:36:56] {AA3333}AdmCmd{FFFF00}:Shi da KICK TAT CA NGUOI CHOI, {FFFF00}Ly Do{FFFF00}: 1 phut vao lai ne ae
[2021/10/5 - 23:36:56] {AA3333}AdmCmd{FFFF00}:Shi da KICK TAT CA NGUOI CHOI, {FFFF00}Ly Do{FFFF00}: 1 phut vao lai ne ae
[2021/10/5 - 23:36:56] {AA3333}AdmCmd{FFFF00}:Shi da KICK TAT CA NGUOI CHOI, {FFFF00}Ly Do{FFFF00}: 1 phut vao lai ne ae
[2021/10/5 - 23:36:56] {AA3333}AdmCmd{FFFF00}:Shi da KICK TAT CA NGUOI CHOI, {FFFF00}Ly Do{FFFF00}: 1 phut vao lai ne ae
[2021/10/5 - 23:36:56] {AA3333}AdmCmd{FFFF00}:Shi da KICK TAT CA NGUOI CHOI, {FFFF00}Ly Do{FFFF00}: 1 phut vao lai ne ae
[2021/10/5 - 23:36:56] {AA3333}AdmCmd{FFFF00}:Shi da KICK TAT CA NGUOI CHOI, {FFFF00}Ly Do{FFFF00}: 1 phut vao lai ne ae
[2021/10/5 - 23:36:56] {AA3333}AdmCmd{FFFF00}:Shi da KICK TAT CA NGUOI CHOI, {FFFF00}Ly Do{FFFF00}: 1 phut vao lai ne ae
[2021/10/5 - 23:36:56] {AA3333}AdmCmd{FFFF00}:Shi da KICK TAT CA NGUOI CHOI, {FFFF00}Ly Do{FFFF00}: 1 phut vao lai ne ae
[2021/10/10 - 13:37:31] {AA3333}AdmCmd{FFFF00}:HAC da KICK TAT CA NGUOI CHOI, {FFFF00}Ly Do{FFFF00}: bao tri 1 phut vao lai moi nguoi
[2021/10/10 - 13:37:31] {AA3333}AdmCmd{FFFF00}:HAC da KICK TAT CA NGUOI CHOI, {FFFF00}Ly Do{FFFF00}: bao tri 1 phut vao lai moi nguoi
[2021/10/10 - 13:37:31] {AA3333}AdmCmd{FFFF00}:HAC da KICK TAT CA NGUOI CHOI, {FFFF00}Ly Do{FFFF00}: bao tri 1 phut vao lai moi nguoi
[2021/10/10 - 13:37:32] {AA3333}AdmCmd{FFFF00}:HAC da KICK TAT CA NGUOI CHOI, {FFFF00}Ly Do{FFFF00}: bao tri 1 phut vao lai moi nguoi
[2021/10/10 - 13:37:32] {AA3333}AdmCmd{FFFF00}:HAC da KICK TAT CA NGUOI CHOI, {FFFF00}Ly Do{FFFF00}: bao tri 1 phut vao lai moi nguoi
[2021/10/10 - 13:37:32] {AA3333}AdmCmd{FFFF00}:HAC da KICK TAT CA NGUOI CHOI, {FFFF00}Ly Do{FFFF00}: bao tri 1 phut vao lai moi nguoi
[2021/10/10 - 13:37:32] {AA3333}AdmCmd{FFFF00}:HAC da KICK TAT CA NGUOI CHOI, {FFFF00}Ly Do{FFFF00}: bao tri 1 phut vao lai moi nguoi
[2021/10/10 - 13:37:32] {AA3333}AdmCmd{FFFF00}:HAC da KICK TAT CA NGUOI CHOI, {FFFF00}Ly Do{FFFF00}: bao tri 1 phut vao lai moi nguoi
[2021/10/10 - 13:37:32] {AA3333}AdmCmd{FFFF00}:HAC da KICK TAT CA NGUOI CHOI, {FFFF00}Ly Do{FFFF00}: bao tri 1 phut vao lai moi nguoi
[2021/10/10 - 13:37:32] {AA3333}AdmCmd{FFFF00}:HAC da KICK TAT CA NGUOI CHOI, {FFFF00}Ly Do{FFFF00}: bao tri 1 phut vao lai moi nguoi
[2021/10/10 - 13:37:32] {AA3333}AdmCmd{FFFF00}:HAC da KICK TAT CA NGUOI CHOI, {FFFF00}Ly Do{FFFF00}: bao tri 1 phut vao lai moi nguoi
[2021/10/10 - 13:37:32] {AA3333}AdmCmd{FFFF00}:HAC da KICK TAT CA NGUOI CHOI, {FFFF00}Ly Do{FFFF00}: bao tri 1 phut vao lai moi nguoi
[2021/10/10 - 13:37:32] {AA3333}AdmCmd{FFFF00}:HAC da KICK TAT CA NGUOI CHOI, {FFFF00}Ly Do{FFFF00}: bao tri 1 phut vao lai moi nguoi
[2021/10/10 - 13:37:32] {AA3333}AdmCmd{FFFF00}:HAC da KICK TAT CA NGUOI CHOI, {FFFF00}Ly Do{FFFF00}: bao tri 1 phut vao lai moi nguoi
[2021/10/10 - 13:37:32] {AA3333}AdmCmd{FFFF00}:HAC da KICK TAT CA NGUOI CHOI, {FFFF00}Ly Do{FFFF00}: bao tri 1 phut vao lai moi nguoi
[2021/10/10 - 13:37:32] {AA3333}AdmCmd{FFFF00}:HAC da KICK TAT CA NGUOI CHOI, {FFFF00}Ly Do{FFFF00}: bao tri 1 phut vao lai moi nguoi
[2021/10/10 - 13:37:32] {AA3333}AdmCmd{FFFF00}:HAC da KICK TAT CA NGUOI CHOI, {FFFF00}Ly Do{FFFF00}: bao tri 1 phut vao lai moi nguoi
[2021/10/10 - 13:37:32] {AA3333}AdmCmd{FFFF00}:HAC da KICK TAT CA NGUOI CHOI, {FFFF00}Ly Do{FFFF00}: bao tri 1 phut vao lai moi nguoi
[2021/10/10 - 13:37:32] {AA3333}AdmCmd{FFFF00}:HAC da KICK TAT CA NGUOI CHOI, {FFFF00}Ly Do{FFFF00}: bao tri 1 phut vao lai moi nguoi
[2021/10/10 - 13:37:32] {AA3333}AdmCmd{FFFF00}:HAC da KICK TAT CA NGUOI CHOI, {FFFF00}Ly Do{FFFF00}: bao tri 1 phut vao lai moi nguoi
[2021/10/10 - 13:37:32] {AA3333}AdmCmd{FFFF00}:HAC da KICK TAT CA NGUOI CHOI, {FFFF00}Ly Do{FFFF00}: bao tri 1 phut vao lai moi nguoi
[2021/10/10 - 13:37:32] {AA3333}AdmCmd{FFFF00}:HAC da KICK TAT CA NGUOI CHOI, {FFFF00}Ly Do{FFFF00}: bao tri 1 phut vao lai moi nguoi
[2021/10/10 - 13:37:32] {AA3333}AdmCmd{FFFF00}:HAC da KICK TAT CA NGUOI CHOI, {FFFF00}Ly Do{FFFF00}: bao tri 1 phut vao lai moi nguoi
[2021/10/10 - 13:37:32] {AA3333}AdmCmd{FFFF00}:HAC da KICK TAT CA NGUOI CHOI, {FFFF00}Ly Do{FFFF00}: bao tri 1 phut vao lai moi nguoi
[2021/10/10 - 13:37:32] {AA3333}AdmCmd{FFFF00}:HAC da KICK TAT CA NGUOI CHOI, {FFFF00}Ly Do{FFFF00}: bao tri 1 phut vao lai moi nguoi
[2021/10/10 - 13:37:32] {AA3333}AdmCmd{FFFF00}:HAC da KICK TAT CA NGUOI CHOI, {FFFF00}Ly Do{FFFF00}: bao tri 1 phut vao lai moi nguoi
[2021/10/10 - 13:37:32] {AA3333}AdmCmd{FFFF00}:HAC da KICK TAT CA NGUOI CHOI, {FFFF00}Ly Do{FFFF00}: bao tri 1 phut vao lai moi nguoi
[2021/10/10 - 13:37:32] {AA3333}AdmCmd{FFFF00}:HAC da KICK TAT CA NGUOI CHOI, {FFFF00}Ly Do{FFFF00}: bao tri 1 phut vao lai moi nguoi
[2021/10/10 - 13:37:32] {AA3333}AdmCmd{FFFF00}:HAC da KICK TAT CA NGUOI CHOI, {FFFF00}Ly Do{FFFF00}: bao tri 1 phut vao lai moi nguoi
[2021/10/10 - 13:37:32] {AA3333}AdmCmd{FFFF00}:HAC da KICK TAT CA NGUOI CHOI, {FFFF00}Ly Do{FFFF00}: bao tri 1 phut vao lai moi nguoi
[2021/10/10 - 13:37:32] {AA3333}AdmCmd{FFFF00}:HAC da KICK TAT CA NGUOI CHOI, {FFFF00}Ly Do{FFFF00}: bao tri 1 phut vao lai moi nguoi
[2021/10/10 - 13:37:32] {AA3333}AdmCmd{FFFF00}:HAC da KICK TAT CA NGUOI CHOI, {FFFF00}Ly Do{FFFF00}: bao tri 1 phut vao lai moi nguoi
[2021/10/10 - 13:37:32] {AA3333}AdmCmd{FFFF00}:HAC da KICK TAT CA NGUOI CHOI, {FFFF00}Ly Do{FFFF00}: bao tri 1 phut vao lai moi nguoi
[2021/10/10 - 13:37:32] {AA3333}AdmCmd{FFFF00}:HAC da KICK TAT CA NGUOI CHOI, {FFFF00}Ly Do{FFFF00}: bao tri 1 phut vao lai moi nguoi
[2021/10/10 - 13:37:32] {AA3333}AdmCmd{FFFF00}:HAC da KICK TAT CA NGUOI CHOI, {FFFF00}Ly Do{FFFF00}: bao tri 1 phut vao lai moi nguoi
[2021/10/10 - 13:37:32] {AA3333}AdmCmd{FFFF00}:HAC da KICK TAT CA NGUOI CHOI, {FFFF00}Ly Do{FFFF00}: bao tri 1 phut vao lai moi nguoi
[2021/10/10 - 13:37:32] {AA3333}AdmCmd{FFFF00}:HAC da KICK TAT CA NGUOI CHOI, {FFFF00}Ly Do{FFFF00}: bao tri 1 phut vao lai moi nguoi
[2021/10/10 - 13:37:32] {AA3333}AdmCmd{FFFF00}:HAC da KICK TAT CA NGUOI CHOI, {FFFF00}Ly Do{FFFF00}: bao tri 1 phut vao lai moi nguoi
[2021/10/10 - 13:37:32] {AA3333}AdmCmd{FFFF00}:HAC da KICK TAT CA NGUOI CHOI, {FFFF00}Ly Do{FFFF00}: bao tri 1 phut vao lai moi nguoi
[2021/10/10 - 13:37:32] {AA3333}AdmCmd{FFFF00}:HAC da KICK TAT CA NGUOI CHOI, {FFFF00}Ly Do{FFFF00}: bao tri 1 phut vao lai moi nguoi
[2021/10/10 - 13:37:32] {AA3333}AdmCmd{FFFF00}:HAC da KICK TAT CA NGUOI CHOI, {FFFF00}Ly Do{FFFF00}: bao tri 1 phut vao lai moi nguoi
[2021/10/10 - 13:37:32] {AA3333}AdmCmd{FFFF00}:HAC da KICK TAT CA NGUOI CHOI, {FFFF00}Ly Do{FFFF00}: bao tri 1 phut vao lai moi nguoi
[2021/10/10 - 13:37:32] {AA3333}AdmCmd{FFFF00}:HAC da KICK TAT CA NGUOI CHOI, {FFFF00}Ly Do{FFFF00}: bao tri 1 phut vao lai moi nguoi
[2021/10/10 - 13:37:32] {AA3333}AdmCmd{FFFF00}:HAC da KICK TAT CA NGUOI CHOI, {FFFF00}Ly Do{FFFF00}: bao tri 1 phut vao lai moi nguoi
[2021/10/10 - 13:37:32] {AA3333}AdmCmd{FFFF00}:HAC da KICK TAT CA NGUOI CHOI, {FFFF00}Ly Do{FFFF00}: bao tri 1 phut vao lai moi nguoi
[2021/10/10 - 13:37:32] {AA3333}AdmCmd{FFFF00}:HAC da KICK TAT CA NGUOI CHOI, {FFFF00}Ly Do{FFFF00}: bao tri 1 phut vao lai moi nguoi
[2021/10/10 - 13:37:32] {AA3333}AdmCmd{FFFF00}:HAC da KICK TAT CA NGUOI CHOI, {FFFF00}Ly Do{FFFF00}: bao tri 1 phut vao lai moi nguoi
[2021/10/10 - 13:37:32] {AA3333}AdmCmd{FFFF00}:HAC da KICK TAT CA NGUOI CHOI, {FFFF00}Ly Do{FFFF00}: bao tri 1 phut vao lai moi nguoi
[2021/10/10 - 13:37:32] {AA3333}AdmCmd{FFFF00}:HAC da KICK TAT CA NGUOI CHOI, {FFFF00}Ly Do{FFFF00}: bao tri 1 phut vao lai moi nguoi
[2021/10/10 - 13:37:32] {AA3333}AdmCmd{FFFF00}:HAC da KICK TAT CA NGUOI CHOI, {FFFF00}Ly Do{FFFF00}: bao tri 1 phut vao lai moi nguoi
[2021/10/10 - 13:37:32] {AA3333}AdmCmd{FFFF00}:HAC da KICK TAT CA NGUOI CHOI, {FFFF00}Ly Do{FFFF00}: bao tri 1 phut vao lai moi nguoi
[2021/10/10 - 13:37:32] {AA3333}AdmCmd{FFFF00}:HAC da KICK TAT CA NGUOI CHOI, {FFFF00}Ly Do{FFFF00}: bao tri 1 phut vao lai moi nguoi
[2021/10/10 - 13:37:32] {AA3333}AdmCmd{FFFF00}:HAC da KICK TAT CA NGUOI CHOI, {FFFF00}Ly Do{FFFF00}: bao tri 1 phut vao lai moi nguoi
[2021/10/10 - 13:37:32] {AA3333}AdmCmd{FFFF00}:HAC da KICK TAT CA NGUOI CHOI, {FFFF00}Ly Do{FFFF00}: bao tri 1 phut vao lai moi nguoi
[2021/10/10 - 13:37:32] {AA3333}AdmCmd{FFFF00}:HAC da KICK TAT CA NGUOI CHOI, {FFFF00}Ly Do{FFFF00}: bao tri 1 phut vao lai moi nguoi
[2021/10/10 - 13:37:32] {AA3333}AdmCmd{FFFF00}:HAC da KICK TAT CA NGUOI CHOI, {FFFF00}Ly Do{FFFF00}: bao tri 1 phut vao lai moi nguoi
[2021/10/10 - 13:37:32] {AA3333}AdmCmd{FFFF00}:HAC da KICK TAT CA NGUOI CHOI, {FFFF00}Ly Do{FFFF00}: bao tri 1 phut vao lai moi nguoi
