[2016/7/27 - 20:44:54] Administrator Thai Nguyen has given a pilot license to Thai Nguyen.
[2016/8/1 - 11:07:41] Administrator Thai Nguyen has given a pilot license to Thai Nguyen.
[2017/12/30 - 23:38:58] Administrator Rin VGTA has given a pilot license to Rin VGTA.
[2018/1/1 - 15:26:54] Administrator Shisui ShiJin has given a pilot license to Shisui ShiJin.
[2018/1/1 - 15:27:13] Administrator Shisui ShiJin has given a pilot license to HAC NGUYEN.
[2021/7/16 - 15:37:53] Administrator Long has given a pilot license to Long.
[2021/7/19 - 8:19:06] Administrator TienTom has given a pilot license to Ryan Smith.
[2021/7/19 - 8:19:12] Administrator TienTom has given a boating license to Ryan Smith.
[2021/7/22 - 11:07:02] Administrator Long has given a pilot license to Green Cat.
[2021/7/22 - 11:09:02] Administrator Xander Arche has given a pilot license to Xander Arche.
[2021/7/22 - 11:09:31] Administrator Long has given a pilot license to Long.
[2021/7/30 - 22:49:51] Administrator Long has given a boating license to Long.
[2021/7/30 - 22:49:55] Administrator Long da dua giay phep lai xe taxi cho Long.
[2021/8/11 - 7:59:09] Administrator MingQuang has given a pilot license to Ha Ngo.
[2021/8/11 - 7:59:11] Administrator MingQuang has given a boating license to Ha Ngo.
[2021/8/11 - 7:59:11] Administrator MingQuang da dua giay phep lai xe taxi cho Ha Ngo.
[2021/8/23 - 14:41:37] Richard Dawnson mat Yuh Gad' giay phep lai xe. {FFFF00}Ly Do{FFFF00}: Khang lenh bo chay.
[2021/8/23 - 15:24:11] Chuong Huynh mat Samurai Huy' giay phep lai xe. {FFFF00}Ly Do{FFFF00}: chay xe lang lach.
[2021/8/24 - 17:56:52] Brian Zeros mat quan dang' giay phep lai xe. {FFFF00}Ly Do{FFFF00}: chay xe lang lach tron chay khoi canh sat.
[2021/8/25 - 23:10:04] Administrator Danielle has given a pilot license to Danielle.
[2021/8/26 - 14:57:48] Nicolas Jackson mat Sanji Andrew' giay phep lai xe. {FFFF00}Ly Do{FFFF00}: Chay xe lang lach, vuot den do.
[2021/8/26 - 15:21:29] Richard Dawnson mat Bao ga' giay phep lai xe. {FFFF00}Ly Do{FFFF00}: Khang lenh bo chay - khong hop tac canh sat.
[2021/8/26 - 20:22:07] Brian Zeros mat Mike Gradilla' giay phep lai xe. {FFFF00}Ly Do{FFFF00}: lai xe lang lach .
[2021/8/27 - 11:57:30] Brian Zeros mat thanh long' giay phep lai xe. {FFFF00}Ly Do{FFFF00}: chay xe treu choc canh sat.
[2021/8/27 - 11:59:57] Henrich Rommel mat Dung NTH' giay phep lai xe. {FFFF00}Ly Do{FFFF00}: Lai xe lang lach.
[2021/8/27 - 12:15:37] Tai Tran mat Tuan Khoa' giay phep lai xe. {FFFF00}Ly Do{FFFF00}: Khang lenh bo chay, chay xe lang lach.
[2021/8/27 - 12:45:04] Brian Zeros mat Piream Dang' giay phep lai xe. {FFFF00}Ly Do{FFFF00}: khong hop tac khi tham gia giao thong.
[2021/8/27 - 14:40:40] Jang Douglas mat NguyenHoang Hai' giay phep lai xe. {FFFF00}Ly Do{FFFF00}: lai xe gay nguy hiem cho moi nguoi.
[2021/8/27 - 15:05:03] Hy Khang mat Koy Ng' giay phep lai xe. {FFFF00}Ly Do{FFFF00}: khang lenh chay xe qua toc do.
[2021/8/27 - 15:17:16] Henrich Rommel mat MINH CHI' giay phep lai xe. {FFFF00}Ly Do{FFFF00}: Lai xe lang lach.
[2021/8/27 - 15:21:16] Hy Khang mat Lionel Messi' giay phep lai xe. {FFFF00}Ly Do{FFFF00}: uong ruou bia lai xe.
[2021/8/27 - 16:03:30] Brian Zeros mat Nguyen Cubu' giay phep lai xe. {FFFF00}Ly Do{FFFF00}: xuc pham canh sat .
[2021/8/28 - 5:43:21] Administrator Huy da dua giay phep lai xe taxi cho Huy.
[2021/8/28 - 5:43:23] Administrator Huy has given a pilot license to Huy.
[2021/8/28 - 15:42:41] Hy Khang mat Dung NTH' giay phep lai xe. {FFFF00}Ly Do{FFFF00}: chua du tuoi .
[2021/8/28 - 16:50:25] Richard Dawnson mat Van Giang' giay phep lai xe. {FFFF00}Ly Do{FFFF00}: Khang lenh khong hop tac canh sat.
[2021/8/28 - 16:51:57] Richard Dawnson mat Van Giang' giay phep lai thuyen. {FFFF00}Ly Do{FFFF00}: Khong du tuoi thi bang lai.
[2021/8/29 - 12:30:21] Richard Dawnson mat Alex NguyenZ' giay phep lai xe. {FFFF00}Ly Do{FFFF00}: Khong hop tac khang lenh tron tranh Officer.
[2021/8/29 - 15:01:32] Richard Dawnson mat dang khoa' giay phep lai xe. {FFFF00}Ly Do{FFFF00}: khong hop tac - khong kiem soat toc do.
[2021/8/29 - 16:08:15] Hy Khang mat dang khoa' giay phep lai xe. {FFFF00}Ly Do{FFFF00}: chua du tuoi lai xe.
[2021/8/29 - 16:37:30] Henrich Rommel mat NguyenLe An' giay phep lai xe. {FFFF00}Ly Do{FFFF00}: Lai xe lang lach.
[2021/8/31 - 15:15:36] Jang Douglas mat Marcus Alexander' giay phep lai xe. {FFFF00}Ly Do{FFFF00}: lai xe bat can.
[2021/8/31 - 15:23:38] Jang Douglas mat Binh Ne' giay phep lai xe. {FFFF00}Ly Do{FFFF00}: chua du tuoi .
[2021/9/1 - 10:43:29] Jang Douglas mat Diablo Ryan' giay phep lai xe. {FFFF00}Ly Do{FFFF00}: chua du tuoi lai xe.
[2021/9/1 - 11:34:17] Administrator Tientom has given a driver's license to Diablo Ryan.
[2021/9/1 - 15:55:02] Lee Tae Yong mat NTH Dung' giay phep lai xe. {FFFF00}Ly Do{FFFF00}: Lai xe lang lach danh vong.
[2021/9/2 - 21:55:55] Administrator Ryan Smith has given a pilot license to Jun Xiong.
[2021/9/3 - 14:46:27] Richard Dawnson mat Jayz Niggzen' giay phep lai xe. {FFFF00}Ly Do{FFFF00}: Chay sai lane duong .
[2021/9/3 - 15:11:30] Brian Zeros mat Tien Ka' giay phep lai xe. {FFFF00}Ly Do{FFFF00}: tron tranh trach nhiem.
[2021/9/3 - 19:27:06] Nicolas Jackson mat Nam Nam' giay phep lai xe. {FFFF00}Ly Do{FFFF00}: Chay nguoc chieu voi toc do nhanh.
[2021/9/5 - 13:29:34] Administrator Ryan Smith has given a pilot license to Yen Nhi.
[2021/9/5 - 13:51:00] Henrich Rommel mat Huynh Nhuunei' giay phep lai xe. {FFFF00}Ly Do{FFFF00}: Lai xe lang lach.
[2021/9/6 - 14:53:58] Lee Tae Yong mat Trung Khuyet' giay phep lai xe. {FFFF00}Ly Do{FFFF00}: Chua du tuoi lai xe.
[2021/9/8 - 14:56:51] Brian Zeros mat Richard Drake' giay phep lai xe. {FFFF00}Ly Do{FFFF00}: chay xe lang lach tron tranh.
[2021/9/12 - 15:19:00] Long mat Shark Boy' giay phep lai xe. {FFFF00}Ly Do{FFFF00}: ngu.
[2021/9/12 - 17:11:56] Brian Zeros mat Jayz Niggzen' giay phep lai xe. {FFFF00}Ly Do{FFFF00}: 1.
[2021/9/30 - 13:54:23] Lee Tae Yong mat Nicolai Sanods' giay phep lai xe. {FFFF00}Ly Do{FFFF00}: Boc dau xe.
[2021/10/1 - 20:33:55] Lee Tae Yong mat Pu Angel' giay phep lai xe. {FFFF00}Ly Do{FFFF00}: Khong du tuoi lai xe.
[2021/10/3 - 15:29:24] Lee Tae Yong mat mjke VN' giay phep lai xe. {FFFF00}Ly Do{FFFF00}: Khong du tuoi lai xe.
[2021/10/6 - 20:02:51] Hoang PhiHong mat Dat nguyen' giay phep lai xe. {FFFF00}Ly Do{FFFF00}: chua du tuoi.
[2021/10/20 - 15:15:26] Richard Dawnson mat Hoang PhiHong' giay phep lai xe. {FFFF00}Ly Do{FFFF00}: moc dau xe trong thanh pho.
