[2021/7/20 - 9:48:08] {AA3333}AdmCmd{FFFF00}: Brandon Prascott da bi dua vao tu boi Ryan Smith, {FFFF00}Ly Do{FFFF00}: Hacking
[2021/7/22 - 20:34:21] Tran Trung Hau has been made a senior moderator by Hoai Rinn
[2021/7/22 - 20:34:24] Tran Trung Hau has been made a moderator by Hoai Rinn
[2021/7/22 - 20:34:26] Tran Trung Hau has been made a senior moderator by Hoai Rinn
[2021/7/22 - 20:35:43] Tran Trung Hau moderator has been removed by Hoai Rinn
[2021/7/25 - 22:51:45] {AA3333}AdmCmd{FFFF00}: Simple Love da bi dua vao tu boi Ryan Smith, {FFFF00}Ly Do{FFFF00}: Trollcar 
[2021/7/25 - 23:42:03] {AA3333}AdmCmd{FFFF00}: Wend Kill da bi dua vao tu boi Ryan Smith, {FFFF00}Ly Do{FFFF00}: xeo
[2021/7/25 - 23:42:39] {AA3333}AdmCmd{FFFF00}: Simple Li da bi dua vao tu boi Ryan Smith, {FFFF00}Ly Do{FFFF00}: li
[2021/7/26 - 0:44:23] {AA3333}AdmCmd{FFFF00}: DangVan Ngu da bi dua vao tu boi Tran Trung Hau, {FFFF00}Ly Do{FFFF00}: troll car
[2021/7/27 - 17:20:11] {AA3333}AdmCmd{FFFF00}: donald duck da bi dua vao tu boi Ryan Smith, {FFFF00}Ly Do{FFFF00}: Hack Speed
[2021/7/30 - 12:24:19] Ryan Smith has been made a moderator by Shi Master
[2021/7/30 - 12:26:30] Ryan Smith moderator has been removed by Shi Master
[2021/7/30 - 23:23:28] {AA3333}AdmCmd{FFFF00}: Trong Nghia da bi dua vao tu boi Tran Trung Hau, {FFFF00}Ly Do{FFFF00}: theo yeu cua
[2021/7/30 - 23:35:16] {AA3333}AdmCmd{FFFF00}: Trong Nghia da bi dua vao tu boi Tran Trung Hau, {FFFF00}Ly Do{FFFF00}: theo yeu cau
[2021/8/1 - 11:40:55] {AA3333}AdmCmd{FFFF00}: Dang KhoaZ da bi dua vao tu boi Ryan Smith, {FFFF00}Ly Do{FFFF00}: trollcar
[2021/8/1 - 15:57:17] {AA3333}AdmCmd{FFFF00}: Black PInk da bi dua vao tu boi Ryan Smith, {FFFF00}Ly Do{FFFF00}: Weapon Hack
[2021/8/2 - 20:39:35] {AA3333}AdmCmd{FFFF00}: JeremyDr Heller da bi dua vao tu boi Tran Trung Hau, {FFFF00}Ly Do{FFFF00}: CR
[2021/8/2 - 22:45:27] {AA3333}AdmCmd{FFFF00}: daica b da bi dua vao tu boi Tran Trung Hau, {FFFF00}Ly Do{FFFF00}: KOS 
[2021/8/11 - 7:31:51] {AA3333}AdmCmd{FFFF00}: Rot Bot da bi dua vao tu boi Tran Trung Hau, {FFFF00}Ly Do{FFFF00}: 15
[2021/8/24 - 17:42:21] {AA3333}AdmCmd{FFFF00}: TAM GAY TO da bi dua vao tu boi TraN Trung HaU, {FFFF00}Ly Do{FFFF00}: KOS
[2021/8/27 - 22:36:25] {AA3333}AdmCmd{FFFF00}: Dinh Hung da bi dua vao tu boi TraN Trung HaU, {FFFF00}Ly Do{FFFF00}: hacking
[2021/8/29 - 11:50:03] {AA3333}AdmCmd{FFFF00}: Bao ga da bi dua vao tu boi Nicolas Jackson, {FFFF00}Ly Do{FFFF00}: DM/Bandicam 
[2021/8/29 - 16:38:55] {AA3333}AdmCmd{FFFF00}: Tran Chanh da bi dua vao tu boi Tran Trung Hau, {FFFF00}Ly Do{FFFF00}: KOS pha truck 
[2021/8/30 - 12:42:51] {AA3333}AdmCmd{FFFF00}: Trong Thien da bi dua vao tu boi Tran Trung Hau, {FFFF00}Ly Do{FFFF00}: BUG TRUCK
[2021/9/2 - 1:15:27] {AA3333}AdmCmd{FFFF00}: thanh long da bi dua vao tu boi Nicolas Jackson, {FFFF00}Ly Do{FFFF00}: DM/Bandicam 
[2021/9/3 - 17:21:41] {AA3333}AdmCmd{FFFF00}: Nam Nam da bi dua vao tu boi Nicolas Jackson, {FFFF00}Ly Do{FFFF00}: DM/Bandicam 
[2021/9/3 - 17:23:57] {AA3333}AdmCmd{FFFF00}: NTH Dung da bi dua vao tu boi Nicolas Jackson, {FFFF00}Ly Do{FFFF00}: DM
[2021/9/3 - 21:52:34] {AA3333}AdmCmd{FFFF00}: kiwi noth da bi dua vao tu boi Nicolas Jackson, {FFFF00}Ly Do{FFFF00}: DM 
[2021/9/5 - 10:59:10] {AA3333}AdmCmd{FFFF00}: Tran ChanhQuaDz da bi dua vao tu boi Jang Douglas, {FFFF00}Ly Do{FFFF00}: hack hp car
[2021/9/5 - 17:36:49] {AA3333}AdmCmd{FFFF00}: Duc Toan da bi dua vao tu boi Nicolas Jackson, {FFFF00}Ly Do{FFFF00}: Cuop xe Trucker / co tinh CR
[2021/9/5 - 23:00:39] {AA3333}AdmCmd{FFFF00}: duy nho da bi dua vao tu boi Nicolas Jackson, {FFFF00}Ly Do{FFFF00}: DM
[2021/9/5 - 23:00:48] {AA3333}AdmCmd{FFFF00}: Hac Duy da bi dua vao tu boi Nicolas Jackson, {FFFF00}Ly Do{FFFF00}: DM
[2021/9/5 - 23:01:34] {AA3333}AdmCmd{FFFF00}: Jadon Lucifer da bi dua vao tu boi Nicolas Jackson, {FFFF00}Ly Do{FFFF00}: DM
[2021/9/6 - 9:30:02] {AA3333}AdmCmd{FFFF00}: Van Giang da bi dua vao tu boi Jang Douglas, {FFFF00}Ly Do{FFFF00}: KOS
[2021/9/6 - 23:10:19] {AA3333}AdmCmd{FFFF00}: Coce Zec da bi dua vao tu boi Nicolas Jackson, {FFFF00}Ly Do{FFFF00}: DM
[2021/9/7 - 22:21:38] {AA3333}AdmCmd{FFFF00}: kiwi noth da bi dua vao tu boi Nicolas Jackson, {FFFF00}Ly Do{FFFF00}: DM/XAC
[2021/9/9 - 17:20:10] {AA3333}AdmCmd{FFFF00}: Mr Huy da bi dua vao tu boi Nicolas Jackson, {FFFF00}Ly Do{FFFF00}: CR
[2021/9/10 - 12:51:09] {AA3333}AdmCmd{FFFF00}: Lucas Lekina da bi dua vao tu boi Jang Douglas, {FFFF00}Ly Do{FFFF00}: Hack
[2021/9/10 - 14:59:35] {AA3333}AdmCmd{FFFF00}: Richard Drake da bi dua vao tu boi Nicolas Jackson, {FFFF00}Ly Do{FFFF00}: Hack Cleo fix car
[2021/9/11 - 17:41:03] {AA3333}AdmCmd{FFFF00}: huhu Do da bi dua vao tu boi Nicolas Jackson, {FFFF00}Ly Do{FFFF00}: Cleo speed
[2021/9/12 - 10:47:48] {AA3333}AdmCmd{FFFF00}: thinh dz da bi dua vao tu boi Jang Douglas, {FFFF00}Ly Do{FFFF00}: Hack Tele
[2021/9/12 - 17:57:01] {AA3333}AdmCmd{FFFF00}: Hacking Day da bi dua vao tu boi Jang Douglas, {FFFF00}Ly Do{FFFF00}: Hack
[2021/9/13 - 22:16:25] {AA3333}AdmCmd{FFFF00}: duy nho da bi dua vao tu boi Nicolas Jackson, {FFFF00}Ly Do{FFFF00}: CR
[2021/9/14 - 12:33:48] {AA3333}AdmCmd{FFFF00}: La La da bi dua vao tu boi Jang Douglas, {FFFF00}Ly Do{FFFF00}: Cleo Pha xe
[2021/9/14 - 12:35:41] {AA3333}AdmCmd{FFFF00}: Adam z da bi dua vao tu boi Jang Douglas, {FFFF00}Ly Do{FFFF00}: Tele checkpoint
[2021/9/15 - 9:12:55] {AA3333}AdmCmd{FFFF00}: Quang Anh da bi dua vao tu boi Jang Douglass, {FFFF00}Ly Do{FFFF00}: Sieu nhan
[2021/9/26 - 10:19:14] {AA3333}AdmCmd{FFFF00}: As Ual da bi dua vao tu boi Jang Douglass, {FFFF00}Ly Do{FFFF00}: Speed car
[2021/9/27 - 1:58:44] {AA3333}AdmCmd{FFFF00}: Chocopai Haica da bi dua vao tu boi Van Nam, {FFFF00}Ly Do{FFFF00}: Hacking
[2021/9/28 - 8:13:52] {AA3333}AdmCmd{FFFF00}: DARK GHOST da bi dua vao tu boi Rang Rang, {FFFF00}Ly Do{FFFF00}: Hack ma ngu
[2021/9/28 - 8:30:31] {AA3333}AdmCmd{FFFF00}: DARK GHOST da bi dua vao tu boi Rang Rang, {FFFF00}Ly Do{FFFF00}: Fix time
[2021/9/28 - 18:42:35] {AA3333}AdmCmd{FFFF00}: Mr ZC da bi dua vao tu boi Rang Rang, {FFFF00}Ly Do{FFFF00}: Fix car , Speed
[2021/9/28 - 18:48:50] {AA3333}AdmCmd{FFFF00}: Mr Sun da bi dua vao tu boi Rang Rang, {FFFF00}Ly Do{FFFF00}: Fix Car
[2021/9/28 - 19:04:56] {AA3333}AdmCmd{FFFF00}: Tran Bill da bi dua vao tu boi Van Nam, {FFFF00}Ly Do{FFFF00}: Hacking
[2021/9/29 - 2:07:34] {AA3333}AdmCmd{FFFF00}: long chinngon da bi dua vao tu boi Aston Martin, {FFFF00}Ly Do{FFFF00}: troll car
[2021/9/29 - 13:29:48] {AA3333}AdmCmd{FFFF00}: Vo VanThang da bi dua vao tu boi Rang Rang, {FFFF00}Ly Do{FFFF00}: Cleo Lat xe
[2021/9/29 - 13:47:30] {AA3333}AdmCmd{FFFF00}: Bobby Chicano da bi dua vao tu boi Rang Rang, {FFFF00}Ly Do{FFFF00}: KOS
[2021/9/29 - 16:45:52] {AA3333}AdmCmd{FFFF00}: Amoson Qually da bi dua vao tu boi Van Nam, {FFFF00}Ly Do{FFFF00}: fix car
[2021/9/30 - 10:38:53] {AA3333}AdmCmd{FFFF00}: Diz Key da bi dua vao tu boi Aston Martin, {FFFF00}Ly Do{FFFF00}: CR 
[2021/9/30 - 10:57:52] {AA3333}AdmCmd{FFFF00}: Diz Key da bi dua vao tu boi Aston Martin, {FFFF00}Ly Do{FFFF00}: fixtime
[2021/9/30 - 11:00:48] {AA3333}AdmCmd{FFFF00}: Trieu DZ da bi dua vao tu boi Rang Rang, {FFFF00}Ly Do{FFFF00}: Tham ban tu`
[2021/9/30 - 11:07:09] {AA3333}AdmCmd{FFFF00}: Vn gang da bi dua vao tu boi Rang Rang, {FFFF00}Ly Do{FFFF00}: Tham ban tu`
[2021/9/30 - 16:50:35] {AA3333}AdmCmd{FFFF00}: KyoBule Top da bi dua vao tu boi Aston Martin, {FFFF00}Ly Do{FFFF00}: cleo fixcar
[2021/9/30 - 17:24:50] {AA3333}AdmCmd{FFFF00}: nguyen hoang hiep da bi dua vao tu boi Aston Martin, {FFFF00}Ly Do{FFFF00}: speed
[2021/9/30 - 19:21:57] {AA3333}AdmCmd{FFFF00}: trang khang gaming da bi dua vao tu boi Rang Rang, {FFFF00}Ly Do{FFFF00}: PG
[2021/9/30 - 19:49:56] {AA3333}AdmCmd{FFFF00}: huyen trang da bi dua vao tu boi Aston Martin, {FFFF00}Ly Do{FFFF00}: CR
[2021/9/30 - 21:37:36] {AA3333}AdmCmd{FFFF00}: Master Toms da bi dua vao tu boi Aston Martin, {FFFF00}Ly Do{FFFF00}: RP2
[2021/10/1 - 1:26:41] {AA3333}AdmCmd{FFFF00}: Hiu Thuhai da bi dua vao tu boi Aston Martin, {FFFF00}Ly Do{FFFF00}: DM HackDame
[2021/10/1 - 9:42:52] {AA3333}AdmCmd{FFFF00}: Vn gang da bi dua vao tu boi Rang Rang, {FFFF00}Ly Do{FFFF00}: Tham ban tu`
[2021/10/1 - 10:24:32] {AA3333}AdmCmd{FFFF00}: Chocopai Orion da bi dua vao tu boi Van Nam, {FFFF00}Ly Do{FFFF00}: DM xac/nonrp
[2021/10/1 - 10:30:57] {AA3333}AdmCmd{FFFF00}: Chocopai Haica da bi dua vao tu boi Van Nam, {FFFF00}Ly Do{FFFF00}: CR
[2021/10/1 - 14:56:10] {AA3333}AdmCmd{FFFF00}: Cut Jiiii da bi dua vao tu boi Van Nam, {FFFF00}Ly Do{FFFF00}: CR
[2021/10/1 - 14:58:40] {AA3333}AdmCmd{FFFF00}: Minh Jii da bi dua vao tu boi Aston Martin, {FFFF00}Ly Do{FFFF00}: CR
[2021/10/1 - 15:02:31] {AA3333}AdmCmd{FFFF00}: NicoLas Bucu da bi dua vao tu boi Aston Martin, {FFFF00}Ly Do{FFFF00}: CR
[2021/10/1 - 16:54:31] {AA3333}AdmCmd{FFFF00}: mjke VN da bi dua vao tu boi Van Nam, {FFFF00}Ly Do{FFFF00}: Safezone/ In VIP
[2021/10/1 - 17:04:00] {AA3333}AdmCmd{FFFF00}: Martin Billy da bi dua vao tu boi Van Nam, {FFFF00}Ly Do{FFFF00}: Cleo fix car
[2021/10/1 - 18:22:52] {AA3333}AdmCmd{FFFF00}: Chocopai Haica da bi dua vao tu boi Van Nam, {FFFF00}Ly Do{FFFF00}: DM
[2021/10/1 - 18:28:10] {AA3333}AdmCmd{FFFF00}: Nam Nam da bi dua vao tu boi Van Nam, {FFFF00}Ly Do{FFFF00}: PG
[2021/10/1 - 18:36:36] {AA3333}AdmCmd{FFFF00}: Diablo Ryan da bi dua vao tu boi Van Nam, {FFFF00}Ly Do{FFFF00}: Fix Lag
[2021/10/1 - 19:42:14] {AA3333}AdmCmd{FFFF00}: Master Seth da bi dua vao tu boi Aston Martin, {FFFF00}Ly Do{FFFF00}: cleo FixCar
[2021/10/1 - 21:34:07] {AA3333}AdmCmd{FFFF00}: MaVan Vinh da bi dua vao tu boi Aston Martin, {FFFF00}Ly Do{FFFF00}: KOS
[2021/10/2 - 0:38:18] {AA3333}AdmCmd{FFFF00}: Hieu Thuba da bi dua vao tu boi Aston Martin, {FFFF00}Ly Do{FFFF00}: HackDame 
[2021/10/2 - 1:18:26] {AA3333}AdmCmd{FFFF00}: Tony Tony da bi dua vao tu boi Aston Martin, {FFFF00}Ly Do{FFFF00}: CR
[2021/10/2 - 6:35:49] {AA3333}AdmCmd{FFFF00}: Sniper thu da bi dua vao tu boi Rang Rang, {FFFF00}Ly Do{FFFF00}: KOS
[2021/10/2 - 6:35:53] {AA3333}AdmCmd{FFFF00}: Cui Chui da bi dua vao tu boi Rang Rang, {FFFF00}Ly Do{FFFF00}: KOS
[2021/10/2 - 13:07:13] {AA3333}AdmCmd{FFFF00}: phong gu da bi dua vao tu boi Rang Rang, {FFFF00}Ly Do{FFFF00}: Hack ghe wa
[2021/10/2 - 15:58:14] {AA3333}AdmCmd{FFFF00}: Master Seth da bi dua vao tu boi Aston Martin, {FFFF00}Ly Do{FFFF00}: cleo fixcar
[2021/10/2 - 17:09:59] {AA3333}AdmCmd{FFFF00}: MaVan Vinh da bi dua vao tu boi Rang Rang, {FFFF00}Ly Do{FFFF00}: KOS
[2021/10/2 - 18:50:03] {AA3333}AdmCmd{FFFF00}: Be BINNE da bi dua vao tu boi Van Nam, {FFFF00}Ly Do{FFFF00}: Cleo 
[2021/10/2 - 19:11:18] {AA3333}AdmCmd{FFFF00}: phat mi da bi dua vao tu boi Van Nam, {FFFF00}Ly Do{FFFF00}: KOS
[2021/10/2 - 22:01:21] {AA3333}AdmCmd{FFFF00}: Vo VanThang da bi dua vao tu boi Van Nam, {FFFF00}Ly Do{FFFF00}: Cleo Speed
[2021/10/3 - 8:57:20] {AA3333}AdmCmd{FFFF00}: suchi kuro da bi dua vao tu boi Rang Rang, {FFFF00}Ly Do{FFFF00}: Y thuc toi thieu
[2021/10/3 - 12:52:14] {AA3333}AdmCmd{FFFF00}: MaVan Vinh da bi dua vao tu boi Hawking Starling, {FFFF00}Ly Do{FFFF00}: DM XAC / KOS
[2021/10/3 - 15:59:13] {AA3333}AdmCmd{FFFF00}: Luke Master da bi dua vao tu boi Van Nam, {FFFF00}Ly Do{FFFF00}: PG
[2021/10/3 - 16:21:58] {AA3333}AdmCmd{FFFF00}: Dung NTH da bi dua vao tu boi Van Nam, {FFFF00}Ly Do{FFFF00}: PG
[2021/10/3 - 16:55:12] {AA3333}AdmCmd{FFFF00}: Long CA da bi dua vao tu boi Van Nam, {FFFF00}Ly Do{FFFF00}: CR
[2021/10/3 - 17:07:39] {AA3333}AdmCmd{FFFF00}: Fum Swat da bi dua vao tu boi Van Nam, {FFFF00}Ly Do{FFFF00}: CR
[2021/10/3 - 17:12:29] {AA3333}AdmCmd{FFFF00}: Sayo Nara da bi dua vao tu boi Van Nam, {FFFF00}Ly Do{FFFF00}: DM/XAC
[2021/10/3 - 17:13:05] {AA3333}AdmCmd{FFFF00}: suchi kuro da bi dua vao tu boi Van Nam, {FFFF00}Ly Do{FFFF00}: PG
[2021/10/3 - 18:38:09] {AA3333}AdmCmd{FFFF00}: dat lion da bi dua vao tu boi Hawking Starling, {FFFF00}Ly Do{FFFF00}: DM / KOS
[2021/10/3 - 23:23:52] {AA3333}AdmCmd{FFFF00}: Monkey Dargon da bi dua vao tu boi Aston Martin, {FFFF00}Ly Do{FFFF00}: CR
[2021/10/3 - 23:37:10] {AA3333}AdmCmd{FFFF00}: Huy satthu da bi dua vao tu boi Hawking Starling, {FFFF00}Ly Do{FFFF00}: CR / Warned
[2021/10/3 - 23:51:13] {AA3333}AdmCmd{FFFF00}: Blue Hales da bi dua vao tu boi Aston Martin, {FFFF00}Ly Do{FFFF00}: CR
[2021/10/4 - 2:21:06] {AA3333}AdmCmd{FFFF00}: Thomas Emerson da bi dua vao tu boi Aston Martin, {FFFF00}Ly Do{FFFF00}: CR
[2021/10/4 - 13:43:10] {AA3333}AdmCmd{FFFF00}: mjke VN da bi dua vao tu boi Van Nam, {FFFF00}Ly Do{FFFF00}: DM
[2021/10/4 - 14:12:51] {AA3333}AdmCmd{FFFF00}: Cheems Boy da bi dua vao tu boi Van Nam, {FFFF00}Ly Do{FFFF00}: DM
[2021/10/4 - 18:43:21] {AA3333}AdmCmd{FFFF00}: Fox Drake da bi dua vao tu boi Van Nam, {FFFF00}Ly Do{FFFF00}: DM
[2021/10/4 - 18:43:23] {AA3333}AdmCmd{FFFF00}: leander moore da bi dua vao tu boi Van Nam, {FFFF00}Ly Do{FFFF00}: DM
[2021/10/4 - 20:06:42] {AA3333}AdmCmd{FFFF00}: suchi kuro da bi dua vao tu boi Rang Rang, {FFFF00}Ly Do{FFFF00}: KOS
[2021/10/4 - 20:21:58] {AA3333}AdmCmd{FFFF00}: Vo VanThang da bi dua vao tu boi Rang Rang, {FFFF00}Ly Do{FFFF00}: KOS
[2021/10/4 - 21:03:02] {AA3333}AdmCmd{FFFF00}: Trung Duc da bi dua vao tu boi Rang Rang, {FFFF00}Ly Do{FFFF00}: DM xac
[2021/10/4 - 21:20:10] {AA3333}AdmCmd{FFFF00}: LEF Whatlen da bi dua vao tu boi Van Nam, {FFFF00}Ly Do{FFFF00}: PG/DMXAC
[2021/10/4 - 21:40:54] {AA3333}AdmCmd{FFFF00}: Vo VanThang da bi dua vao tu boi Van Nam, {FFFF00}Ly Do{FFFF00}: CB
[2021/10/4 - 22:28:26] {AA3333}AdmCmd{FFFF00}: justin long da bi dua vao tu boi Hawking Starling, {FFFF00}Ly Do{FFFF00}: CR
[2021/10/4 - 22:33:00] {AA3333}AdmCmd{FFFF00}: roanoa zoro da bi dua vao tu boi Hawking Starling, {FFFF00}Ly Do{FFFF00}: CR / CP
[2021/10/4 - 22:44:51] {AA3333}AdmCmd{FFFF00}: Po rop da bi dua vao tu boi Hawking Starling, {FFFF00}Ly Do{FFFF00}: CR
[2021/10/5 - 7:23:29] {AA3333}AdmCmd{FFFF00}: games khangred da bi dua vao tu boi Aston Martin, {FFFF00}Ly Do{FFFF00}: RP2
[2021/10/5 - 9:13:23] {AA3333}AdmCmd{FFFF00}: bit tet da bi dua vao tu boi Rang Rang, {FFFF00}Ly Do{FFFF00}: Hack
[2021/10/5 - 17:27:50] {AA3333}AdmCmd{FFFF00}: Trung Khuyet da bi dua vao tu boi Aston Martin, {FFFF00}Ly Do{FFFF00}: KOS
[2021/10/5 - 19:16:17] {AA3333}AdmCmd{FFFF00}: nguyen manhkhang da bi dua vao tu boi Aston Martin, {FFFF00}Ly Do{FFFF00}: CS
[2021/10/5 - 20:38:01] {AA3333}AdmCmd{FFFF00}: TONI TV da bi dua vao tu boi Aston Martin, {FFFF00}Ly Do{FFFF00}: hacking
[2021/10/5 - 21:18:51] {AA3333}AdmCmd{FFFF00}: Kevin Over da bi dua vao tu boi Aston Martin, {FFFF00}Ly Do{FFFF00}: CopBaiting
[2021/10/5 - 21:32:04] {AA3333}AdmCmd{FFFF00}: Fox Drake da bi dua vao tu boi Aston Martin, {FFFF00}Ly Do{FFFF00}: KOS
[2021/10/5 - 22:23:52] {AA3333}AdmCmd{FFFF00}: Arnold Clinton da bi dua vao tu boi Aston Martin, {FFFF00}Ly Do{FFFF00}: KOS
[2021/10/6 - 13:43:05] {AA3333}AdmCmd{FFFF00}: Hoang Tu Gio da bi dua vao tu boi Aston Martin, {FFFF00}Ly Do{FFFF00}: DM
[2021/10/6 - 15:27:18] {AA3333}AdmCmd{FFFF00}: Diablo Ryan da bi dua vao tu boi Aston Martin, {FFFF00}Ly Do{FFFF00}: KOS
[2021/10/6 - 15:40:13] {AA3333}AdmCmd{FFFF00}: Ah Toan da bi dua vao tu boi Aston Martin, {FFFF00}Ly Do{FFFF00}: cleo unfreeze
[2021/10/6 - 15:43:30] {AA3333}AdmCmd{FFFF00}: van duc da bi dua vao tu boi Aston Martin, {FFFF00}Ly Do{FFFF00}: CR
[2021/10/6 - 16:15:14] {AA3333}AdmCmd{FFFF00}: Minh nee da bi dua vao tu boi Aston Martin, {FFFF00}Ly Do{FFFF00}: Teleport
[2021/10/6 - 19:21:01] {AA3333}AdmCmd{FFFF00}: Mr Dien da bi dua vao tu boi Van Nam, {FFFF00}Ly Do{FFFF00}: LTA
[2021/10/7 - 0:18:10] {AA3333}AdmCmd{FFFF00}: Chocopai Haica da bi dua vao tu boi Jayz Niggzen, {FFFF00}Ly Do{FFFF00}: KOS
[2021/10/7 - 0:42:14] {AA3333}AdmCmd{FFFF00}: viet cong da bi dua vao tu boi Aston Martin, {FFFF00}Ly Do{FFFF00}: hack
[2021/10/7 - 2:35:58] {AA3333}AdmCmd{FFFF00}: dang nguyennn da bi dua vao tu boi Aston Martin, {FFFF00}Ly Do{FFFF00}: RP2
[2021/10/7 - 7:06:00] {AA3333}AdmCmd{FFFF00}: phan thanh dong da bi dua vao tu boi Aston Martin, {FFFF00}Ly Do{FFFF00}: KOS
[2021/10/7 - 11:33:01] {AA3333}AdmCmd{FFFF00}: Osama Binladen da bi dua vao tu boi Aston Martin, {FFFF00}Ly Do{FFFF00}: DM
[2021/10/7 - 12:12:16] {AA3333}AdmCmd{FFFF00}: co doc vuong da bi dua vao tu boi Aston Martin, {FFFF00}Ly Do{FFFF00}: CR
[2021/10/7 - 12:47:07] {AA3333}AdmCmd{FFFF00}: Nicolai Yangte da bi dua vao tu boi Rang Rang, {FFFF00}Ly Do{FFFF00}: Fix car
[2021/10/7 - 13:04:48] {AA3333}AdmCmd{FFFF00}: Cesar Morene da bi dua vao tu boi Rang Rang, {FFFF00}Ly Do{FFFF00}: KOS
[2021/10/7 - 14:26:18] {AA3333}AdmCmd{FFFF00}: Duc Ronaldo da bi dua vao tu boi Aston Martin, {FFFF00}Ly Do{FFFF00}: RP2
[2021/10/7 - 19:01:04] {AA3333}AdmCmd{FFFF00}: Phung Thanh Duc da bi dua vao tu boi Van Nam, {FFFF00}Ly Do{FFFF00}: safezone
[2021/10/7 - 20:17:37] {AA3333}AdmCmd{FFFF00}: NguyenQuoc Hung da bi dua vao tu boi Aston Martin, {FFFF00}Ly Do{FFFF00}: KOS
[2021/10/8 - 14:20:29] {AA3333}AdmCmd{FFFF00}: mjke VM da bi dua vao tu boi Jayz Niggzen, {FFFF00}Ly Do{FFFF00}: KOS
[2021/10/8 - 14:47:38] {AA3333}AdmCmd{FFFF00}: mjke VNi da bi dua vao tu boi Jayz Niggzen, {FFFF00}Ly Do{FFFF00}: KOS
[2021/10/8 - 14:58:10] {AA3333}AdmCmd{FFFF00}: LEF Whatlen da bi dua vao tu boi Aston Martin, {FFFF00}Ly Do{FFFF00}: RP2 KOS
[2021/10/8 - 16:50:32] {AA3333}AdmCmd{FFFF00}: mjke VN da bi dua vao tu boi Van Nam, {FFFF00}Ly Do{FFFF00}: DM / KOS
[2021/10/8 - 16:53:19] {AA3333}AdmCmd{FFFF00}: Leo Eui da bi dua vao tu boi Aston Martin, {FFFF00}Ly Do{FFFF00}: cleo dance
[2021/10/8 - 17:08:25] {AA3333}AdmCmd{FFFF00}: Alan Spire da bi dua vao tu boi Van Nam, {FFFF00}Ly Do{FFFF00}: RP2
[2021/10/8 - 17:14:51] {AA3333}AdmCmd{FFFF00}: Alan Te da bi dua vao tu boi Aston Martin, {FFFF00}Ly Do{FFFF00}: cleoifuck
[2021/10/8 - 18:10:08] {AA3333}AdmCmd{FFFF00}: Thomas Emerson da bi dua vao tu boi Van Nam, {FFFF00}Ly Do{FFFF00}: KOS
[2021/10/8 - 18:10:51] {AA3333}AdmCmd{FFFF00}: Truong coiii da bi dua vao tu boi Van Nam, {FFFF00}Ly Do{FFFF00}: PowerGamming
[2021/10/8 - 19:13:15] {AA3333}AdmCmd{FFFF00}: Tony D da bi dua vao tu boi Van Nam, {FFFF00}Ly Do{FFFF00}: RP2
[2021/10/8 - 21:54:52] {AA3333}AdmCmd{FFFF00}: Truong coiii da bi dua vao tu boi Van Nam, {FFFF00}Ly Do{FFFF00}: Co tinh CR/ Pha nguoi ta lam viec
[2021/10/8 - 22:28:46] {AA3333}AdmCmd{FFFF00}: OP Mirai da bi dua vao tu boi Van Nam, {FFFF00}Ly Do{FFFF00}: Power Gamiing
[2021/10/8 - 23:21:46] {AA3333}AdmCmd{FFFF00}: thanhtai do da bi dua vao tu boi Aston Martin, {FFFF00}Ly Do{FFFF00}: fly
[2021/10/8 - 23:30:05] {AA3333}AdmCmd{FFFF00}: do thanhtai da bi dua vao tu boi Aston Martin, {FFFF00}Ly Do{FFFF00}: hacking
[2021/10/9 - 0:33:32] {AA3333}AdmCmd{FFFF00}: Wyatt Statham da bi dua vao tu boi Aston Martin, {FFFF00}Ly Do{FFFF00}: teleport
[2021/10/9 - 15:54:06] {AA3333}AdmCmd{FFFF00}: Hac Duy da bi dua vao tu boi Jayz Niggzen, {FFFF00}Ly Do{FFFF00}: KOS DB
[2021/10/9 - 15:55:13] {AA3333}AdmCmd{FFFF00}: Levis lucifer da bi dua vao tu boi Jayz Niggzen, {FFFF00}Ly Do{FFFF00}: KOS
[2021/10/9 - 15:55:18] {AA3333}AdmCmd{FFFF00}: duy nho da bi dua vao tu boi Jayz Niggzen, {FFFF00}Ly Do{FFFF00}: KOS
[2021/10/9 - 17:23:52] {AA3333}AdmCmd{FFFF00}: Thomas Emerson da bi dua vao tu boi Aston Martin, {FFFF00}Ly Do{FFFF00}: DeathMatching
[2021/10/9 - 17:43:23] {AA3333}AdmCmd{FFFF00}: NTH Dung da bi dua vao tu boi Van Nam, {FFFF00}Ly Do{FFFF00}: DM
[2021/10/9 - 19:44:16] {AA3333}AdmCmd{FFFF00}: minh chug da bi dua vao tu boi Van Nam, {FFFF00}Ly Do{FFFF00}: GOD
[2021/10/9 - 19:44:47] {AA3333}AdmCmd{FFFF00}: LE TOAN da bi dua vao tu boi Rang Rang, {FFFF00}Ly Do{FFFF00}: Chay nhanh quaaa
[2021/10/9 - 19:51:26] {AA3333}AdmCmd{FFFF00}: Kyle Parker da bi dua vao tu boi Rang Rang, {FFFF00}Ly Do{FFFF00}: CB
[2021/10/9 - 19:58:58] {AA3333}AdmCmd{FFFF00}: MG Pph da bi dua vao tu boi Rang Rang, {FFFF00}Ly Do{FFFF00}: troll car
[2021/10/9 - 20:10:32] {AA3333}AdmCmd{FFFF00}: Cu ToO da bi dua vao tu boi Van Nam, {FFFF00}Ly Do{FFFF00}: DM
[2021/10/9 - 23:39:56] {AA3333}AdmCmd{FFFF00}: Pham long da bi dua vao tu boi Aston Martin, {FFFF00}Ly Do{FFFF00}: CR , fixcar
[2021/10/10 - 11:50:32] {AA3333}AdmCmd{FFFF00}: Duy Mark da bi dua vao tu boi Van Nam, {FFFF00}Ly Do{FFFF00}: DM xac 
[2021/10/10 - 13:55:28] {AA3333}AdmCmd{FFFF00}: Manh PuHo da bi dua vao tu boi Van Nam, {FFFF00}Ly Do{FFFF00}: DM
[2021/10/10 - 14:48:45] {AA3333}AdmCmd{FFFF00}: TRONG QUAN da bi dua vao tu boi Aston Martin, {FFFF00}Ly Do{FFFF00}: RP2
[2021/10/10 - 15:35:33] {AA3333}AdmCmd{FFFF00}: Mr Huy da bi dua vao tu boi Aston Martin, {FFFF00}Ly Do{FFFF00}: CS
[2021/10/10 - 15:44:46] {AA3333}AdmCmd{FFFF00}: TRONG QUAN da bi dua vao tu boi Aston Martin, {FFFF00}Ly Do{FFFF00}: RP2
[2021/10/10 - 16:48:04] {AA3333}AdmCmd{FFFF00}: Duong minhtuyen da bi dua vao tu boi Aston Martin, {FFFF00}Ly Do{FFFF00}: hacking
[2021/10/11 - 13:49:13] {AA3333}AdmCmd{FFFF00}: King Dao da bi dua vao tu boi Aston Martin, {FFFF00}Ly Do{FFFF00}: DM 
[2021/10/11 - 14:24:08] {AA3333}AdmCmd{FFFF00}: Minh nee da bi dua vao tu boi Aston Martin, {FFFF00}Ly Do{FFFF00}: FixCar
[2021/10/11 - 17:51:03] {AA3333}AdmCmd{FFFF00}: meo cun da bi dua vao tu boi Aston Martin, {FFFF00}Ly Do{FFFF00}: DM
[2021/10/11 - 17:54:41] {AA3333}AdmCmd{FFFF00}: Ga Ran da bi dua vao tu boi Aston Martin, {FFFF00}Ly Do{FFFF00}: KOS / DM
[2021/10/11 - 18:35:08] {AA3333}AdmCmd{FFFF00}: truong coiii da bi dua vao tu boi Aston Martin, {FFFF00}Ly Do{FFFF00}: CR
[2021/10/12 - 20:16:13] {AA3333}AdmCmd{FFFF00}: Park Chaeyoung da bi dua vao tu boi Rang Rang, {FFFF00}Ly Do{FFFF00}: Fix Car
[2021/10/21 - 18:36:54] {AA3333}AdmCmd{FFFF00}: Chocopai Haica da bi dua vao tu boi Rang Rang, {FFFF00}Ly Do{FFFF00}: Moc tui NonRp qua nhieu
[2021/10/22 - 19:42:23] {AA3333}AdmCmd{FFFF00}: danh bloo da bi dua vao tu boi Rang Rang, {FFFF00}Ly Do{FFFF00}: KOS
