[2018/1/28 - 11:27:26] Hac da mua Rancher (489) voi gia 800 Coin.
[2018/1/28 - 11:36:01] Hac da mua Rancher (489) voi gia 800 Coin.
[2018/1/28 - 11:36:34] Hac da mua FCR-900 (521) voi gia 1500 Coin.
[2018/1/29 - 8:55:58] HAC da mua Landstalker (400) voi gia 999 Coin.
[2018/1/29 - 8:58:11] HAC da mua Faggio (462) voi gia 200 Coin.
[2018/1/29 - 8:59:01] HAC da mua Faggio (462) voi gia 200 Coin.
[2018/1/29 - 14:12:13] Troi Troi da mua PCJ-600 (461) voi gia 1499 Coin.
[2018/1/29 - 16:06:15] Troi Troi da mua Bullet (541) voi gia 2499 Coin.
[2018/8/23 - 15:50:33] Hac da mua Banshee (429) voi gia 1999 Coin.
[2018/8/28 - 22:49:50] BaHu BaLi da mua Landstalker (400) voi gia 999 Coin.
[2018/8/28 - 22:52:03] BaHu BaLi da mua Washington (421) voi gia 1200 Coin.
[2018/8/30 - 15:50:50] GAU da mua NRG-500 (522) voi gia 2499 Coin.
[2018/8/30 - 15:51:09] GAU da mua Super GT (506) voi gia 1999 Coin.
[2018/9/1 - 8:29:48] BaHu BaLi da mua NRG-500 (522) voi gia 1000 Coin.
[2018/9/18 - 10:31:50] Ky Ga da mua Rumpo (440) voi gia 500 Coin.
[2018/9/18 - 10:31:57] Ky Ga da mua PCJ-600 (461) voi gia 600 Coin.
[2018/9/18 - 10:32:07] Ky Ga da mua Intruder (546) voi gia 500 Coin.
[2018/9/18 - 10:32:13] Ky Ga da mua Rumpo (440) voi gia 500 Coin.
[2018/9/18 - 10:32:18] Ky Ga da mua Regina (479) voi gia 500 Coin.
[2018/9/18 - 10:35:25] Ky Ga da mua Pony (413) voi gia 500 Coin.
[2021/5/30 - 16:35:11] hac da mua NRG-500 (522) voi gia 1000 Coin.
[2021/7/16 - 11:45:44] VGTA 02 da mua Maverick (487) voi gia 3000 Coin.
[2021/7/19 - 20:21:19] Tran Trung Hau da mua Hotring Racer B (503) voi gia 900 Coin.
[2021/7/26 - 22:33:53] Ke Legends da mua Blade (536) voi gia 500 Coin.
[2021/7/26 - 22:47:49] Ke Legends da mua Hotring Racer A (502) voi gia 900 Coin.
[2021/7/28 - 22:08:38] Josh Michael da mua Elegy (562) voi gia 600 Coin.
[2021/7/30 - 20:25:23] VU BILL da mua Hotring Racer B (503) voi gia 900 Coin.
[2021/8/7 - 16:30:04] THAN DUC da mua Jester (559) voi gia 600 Coin.
[2021/8/10 - 22:05:05] Babi Kun da mua Bullet (541) voi gia 900 Coin.
[2021/8/18 - 0:20:24] Babi Kun da mua Maverick (487) voi gia 3000 Coin.
[2021/8/19 - 22:15:32] Gau Den da mua Bullet (541) voi gia 900 Coin.
[2021/8/20 - 9:18:40] Gau Den da mua Greenwood (492) voi gia 500 Coin.
[2021/8/22 - 19:36:47] Beo ly da mua Bullet (541) voi gia 900 Coin.
[2021/8/22 - 23:39:20] Beo ly da mua Reefer (453) voi gia 1200 Coin.
[2021/8/23 - 16:16:08] Beo ly da mua Mountain Bike (510) voi gia 200 Coin.
[2021/8/23 - 16:48:06] Beo ly da mua Bullet (541) voi gia 900 Coin.
[2021/8/25 - 9:26:34] Beo ly da mua Leviathan (417) voi gia 2000 Coin.
[2021/8/26 - 22:42:12] Jay Mod da mua Jester (559) voi gia 600 Coin.
[2021/8/27 - 9:58:02] Shark Boy da mua Bullet (541) voi gia 900 Coin.
[2021/8/27 - 17:48:03] Babi Kun da mua Shamal (519) voi gia 2000 Coin.
[2021/8/29 - 21:12:20] Jay Mod da mua Premier (426) voi gia 700 Coin.
[2021/8/29 - 21:13:32] Jay Mod da mua Elegant (507) voi gia 500 Coin.
[2021/8/30 - 20:46:43] Jay Mod da mua Elegy (562) voi gia 600 Coin.
[2021/8/31 - 10:04:09] Thuan Truong da mua Bullet (541) voi gia 900 Coin.
[2021/8/31 - 22:44:38] Thuan Truong da mua Maverick (487) voi gia 3000 Coin.
[2021/9/1 - 11:13:01] Thuan Truong da mua ZR-350 (477) voi gia 600 Coin.
[2021/9/1 - 13:41:56] Thuan Truong da mua Stretch (409) voi gia 650 Coin.
[2021/9/1 - 19:45:05] Thuan Truong da mua Super GT (506) voi gia 600 Coin.
[2021/9/1 - 20:10:02] Thuan Truong da mua Bullet (541) voi gia 900 Coin.
[2021/9/1 - 20:49:03] Jay Mod da mua Hotring Racer A (502) voi gia 900 Coin.
[2021/9/1 - 20:55:33] Jay Mod da mua Uranus (558) voi gia 600 Coin.
[2021/9/2 - 9:12:41] Thuan Truong da mua Elegy (562) voi gia 600 Coin.
[2021/9/2 - 10:09:04] Thuan Truong da mua Bullet (541) voi gia 900 Coin.
[2021/9/2 - 12:36:53] Thuan Truong da mua Bullet (541) voi gia 900 Coin.
[2021/9/2 - 17:09:52] Enrique Iglesians da mua Rancher (505) voi gia 500 Coin.
[2021/9/4 - 5:53:45] Rot Bot da mua Bullet (541) voi gia 900 Coin.
[2021/9/4 - 12:59:47] Thien Minh da mua Hotring Racer A (502) voi gia 900 Coin.
[2021/9/4 - 20:15:22] Po roro da mua Hotring Racer B (503) voi gia 900 Coin.
[2021/9/5 - 19:39:12] Enrique Iglesians da mua FCR-900 (521) voi gia 700 Coin.
[2021/9/6 - 17:20:54] Trieu DZ da mua Bullet (541) voi gia 900 Coin.
[2021/9/7 - 9:52:56] Tientom da mua Bullet (541) voi gia 900 Coin.
[2021/9/9 - 4:33:46] Jayz Niggzen da mua Maverick (487) voi gia 3000 Coin.
[2021/9/10 - 18:03:00] Richard Drake da mua Bullet (541) voi gia 900 Coin.
[2021/9/10 - 19:50:05] Chuong Huynh da mua Bullet (541) voi gia 900 Coin.
[2021/9/10 - 21:20:55] BO GIA da mua Bullet (541) voi gia 900 Coin.
[2021/9/10 - 22:01:12] Babi Kun da mua Sparrow (469) voi gia 2200 Coin.
[2021/9/10 - 22:33:42] Beo ly da mua Bullet (541) voi gia 900 Coin.
[2021/9/10 - 22:53:42] Beo ly da mua Bullet (541) voi gia 900 Coin.
[2021/9/10 - 23:26:40] MingQuang da mua Squalo (446) voi gia 3000 Coin.
[2021/9/10 - 23:27:15] MingQuang da mua Jetmax (493) voi gia 1500 Coin.
[2021/9/10 - 23:29:37] MingQuang da mua Marquis (484) voi gia 1500 Coin.
[2021/9/10 - 23:30:32] MingQuang da mua Tropic (454) voi gia 1200 Coin.
[2021/9/12 - 10:54:51] MingQuang da mua Leviathan (417) voi gia 2000 Coin.
[2021/9/12 - 10:56:16] MingQuang da mua Skimmer (460) voi gia 2400 Coin.
[2021/9/12 - 23:10:10] Hy Khang da mua Bullet (541) voi gia 900 Coin.
[2021/9/13 - 4:23:11] Jayz Niggzen da mua Bullet (541) voi gia 900 Coin.
[2021/9/24 - 0:43:24] Jang Douglas da mua Bullet (541) voi gia 900 Coin.
[2021/9/24 - 2:34:42] Richard Drake da mua Maverick (487) voi gia 3000 Coin.
[2021/9/24 - 7:58:28] MingQuang da mua Tropic (454) voi gia 1200 Coin.
[2021/9/24 - 12:58:16] MingQuang da mua Squalo (446) voi gia 3000 Coin.
[2021/9/25 - 15:17:08] BO GIA da mua Maverick (487) voi gia 3000 Coin.
[2021/9/27 - 22:09:27] dalvin roger da mua Dodo (593) voi gia 1200 Coin.
[2021/9/29 - 16:30:11] Kevin Nguyen da mua PCJ-600 (461) voi gia 600 Coin.
[2021/9/30 - 15:42:17] Aston Martin da mua Bullet (541) voi gia 900 Coin.
[2021/9/30 - 17:50:49] Kevin Nguyen da mua FCR-900 (521) voi gia 700 Coin.
[2021/9/30 - 18:35:29] Thanh Tung da mua Hotring Racer A (502) voi gia 900 Coin.
[2021/10/1 - 10:13:00] TruongTri Thuan da mua FCR-900 (521) voi gia 700 Coin.
[2021/10/1 - 15:10:03] TruongTri Thuan da mua Hotring Racer A (502) voi gia 900 Coin.
[2021/10/1 - 20:34:26] Mr Alexander da mua PCJ-600 (461) voi gia 600 Coin.
[2021/10/1 - 23:47:28] TruongTri Thuan da mua Bullet (541) voi gia 900 Coin.
[2021/10/1 - 23:48:13] TruongTri Thuan da mua Bullet (541) voi gia 900 Coin.
[2021/10/1 - 23:52:00] TruongTri Thuan da mua Hotring Racer A (502) voi gia 900 Coin.
[2021/10/2 - 15:21:54] duy nho da mua Merit (551) voi gia 500 Coin.
[2021/10/2 - 22:01:06] leander moore da mua Maverick (487) voi gia 3000 Coin.
[2021/10/3 - 18:08:13] LQ TOAN da mua Vortex (539) voi gia 500 Coin.
[2021/10/3 - 23:07:07] MingQuang da mua Bullet (541) voi gia 900 Coin.
[2021/10/4 - 2:01:15] Mr Alexander da mua Bullet (541) voi gia 900 Coin.
[2021/10/4 - 2:01:31] Mr Alexander da mua Bullet (541) voi gia 900 Coin.
[2021/10/4 - 2:01:49] Mr Alexander da mua Bullet (541) voi gia 900 Coin.
[2021/10/4 - 2:02:16] Mr Alexander da mua Bullet (541) voi gia 900 Coin.
[2021/10/4 - 2:03:34] Mr Alexander da mua Bullet (541) voi gia 900 Coin.
[2021/10/4 - 2:05:35] Mr Alexander da mua Bullet (541) voi gia 900 Coin.
[2021/10/6 - 13:38:26] Minh nee da mua Stretch (409) voi gia 650 Coin.
[2021/10/6 - 14:55:50] Shi da mua Shamal (519) voi gia 2000 Coin.
[2021/10/6 - 15:57:30] Minh nee da mua Shamal (519) voi gia 2000 Coin.
[2021/10/13 - 16:27:07] Hiep luxury da mua PCJ-600 (461) voi gia 600 Coin.
[2021/10/13 - 19:12:55] kiet nguyen da mua Hotring Racer B (503) voi gia 900 Coin.
[2021/10/15 - 23:20:53] Shi da mua Premier (426) voi gia 700 Coin.
[2021/10/16 - 0:30:02] kiet nguyen da mua Maverick (487) voi gia 3000 Coin.
[2021/10/18 - 18:22:54] kiet nguyen da mua Hotring Racer A (502) voi gia 900 Coin.
[2021/10/18 - 18:23:33] kiet nguyen da mua Hotring Racer B (503) voi gia 900 Coin.
[2021/10/19 - 20:39:45] Rang Rang da mua Forklift (530) voi gia 200 Coin.
[2021/10/19 - 21:18:25] kiet nguyen da mua Maverick (487) voi gia 3000 Coin.
[2021/10/22 - 15:02:07] mjke VN da mua Forklift (530) voi gia 200 Coin.
