[2018/9/16 - 13:56:26] {AA3333}AdmCmd{FFFF00}: Tien Tom has given LongBi their first warning about report abuse, Ly Do: 1
[2018/9/16 - 13:56:28] {AA3333}AdmCmd{FFFF00}: LongBi was temporarily blocked from /report boi Tien Tom, {FFFF00}Ly Do{FFFF00}: 1
[2021/7/16 - 15:37:10] {AA3333}AdmCmd{FFFF00}: Long was temporarily blocked from VIP Chat boi Ryan Smith, {FFFF00}Ly Do{FFFF00}: test
[2021/7/16 - 15:37:28] {AA3333}AdmCmd{FFFF00}: Long was unblocked from VIP Chat boi Ryan Smith, {FFFF00}Ly Do{FFFF00}: test
[2021/7/27 - 22:06:01] {AA3333}AdmCmd{FFFF00}: Ryan Smith has given Tran Trung Hau their first warning about help request abuse
[2021/8/6 - 14:55:33] {AA3333}AdmCmd{FFFF00}: Emiya Sagiri was banned from /hl by Trieu DZ
[2021/8/7 - 20:22:25] {AA3333}AdmCmd{FFFF00}: Kita Smiths was banned from /hl by Peter Smith
[2021/8/7 - 20:23:09] {AA3333}AdmCmd{FFFF00}: Kita Smiths was unbanned from /hl by Peter Smith
[2021/8/30 - 8:08:31] {AA3333}AdmCmd{FFFF00}: Master Teo was banned from /hl by Trieu DZ
[2021/9/2 - 11:39:18] {AA3333}AdmCmd{FFFF00}: Hoang Huy was banned from /hl by Shark Boy
[2021/9/3 - 18:27:47] {AA3333}AdmCmd{FFFF00}: Versailles Rosaleen was blocked from /report by Tientom
[2021/9/3 - 18:27:49] {AA3333}AdmCmd{FFFF00}: Versailles Rosaleen was unblocked from /report by Tientom
[2021/9/6 - 22:06:21] {AA3333}AdmCmd{FFFF00}: Im Evan was blocked from /report by Long
[2021/9/6 - 22:06:55] {AA3333}AdmCmd{FFFF00}: Im Evan was unblocked from /report by Long
[2021/9/6 - 22:07:01] {AA3333}AdmCmd{FFFF00}: Im Evan was blocked from /report by Long
[2021/10/2 - 9:28:20] {AA3333}AdmCmd{FFFF00}: dung mom was blocked from /report by Shi
[2021/10/2 - 9:28:21] {AA3333}AdmCmd{FFFF00}: dung mom was unblocked from /report by Shi
[2021/10/4 - 21:38:47] {AA3333}AdmCmd{FFFF00}: suchi kuto was blocked from /report by VGTA SHI
[2021/10/4 - 22:29:03] {AA3333}AdmCmd{FFFF00}: justin long was blocked from /report by VGTA SHI
[2021/10/4 - 22:45:22] {AA3333}AdmCmd{FFFF00}: Po rop was blocked from /report by VGTA SHI
[2021/10/12 - 16:38:33] {AA3333}AdmCmd{FFFF00}: NA BE was banned from /hl by Yuh Gad
[2021/10/13 - 14:26:19] {AA3333}AdmCmd{FFFF00}: bao pro was banned from /hl by Yuh Gad
[2021/10/17 - 23:34:47] {AA3333}AdmCmd{FFFF00}: Jayz Niggzen was banned from /hl by Yuh Gad
[2021/10/17 - 23:34:49] {AA3333}AdmCmd{FFFF00}: Jayz Niggzen was unbanned from /hl by Yuh Gad
