[2017/12/30 - 14:19:10] Rin created a NRG-500 (522) for Rin.
[2017/12/30 - 14:19:13] HAC created a Windsor (555) for HAC.
[2017/12/30 - 14:19:31] LongBi created a NRG-500 (522) for LongBi.
[2017/12/30 - 15:00:15] LongBi created a NRG-500 (522) for LongBi.
[2017/12/30 - 15:00:38] HAC created a Savanna (567) for HAC.
[2018/1/1 - 14:29:10] Loc Vgta created a Police Car (LVPD) (598) for Loc Vgta.
[2018/1/1 - 20:22:32] LongBi created a NRG-500 (522) for LongBi.
[2018/1/1 - 20:48:04] Shisui ShiJin created a NRG-500 (522) for Shisui ShiJin.
[2018/1/1 - 20:48:05] Dat VGTA created a NRG-500 (522) for Dat VGTA.
[2018/1/2 - 15:33:34] Dat VGTA created a NRG-500 (522) for Dat VGTA.
[2018/1/4 - 16:19:40] HAC NGUYEN has destroyed HAC NGUYEN's NRG-500.
[2018/1/11 - 14:32:05] Loc Vgta created a Sultan (560) for Loc Vgta.
[2018/1/20 - 23:03:54] LongBi created a Greenwood (492) for LongBi.
[2018/1/20 - 23:39:49] Dat Cho has destroyed Hiep Ga's Voodoo.
[2018/1/25 - 21:18:36] Hac created a NRG-500 (522) for Hac.
[2018/1/29 - 23:02:58] Troi Troi created a Sultan (560) for Troi Troi.
[2018/1/29 - 23:04:31] Troi Troi created a Greenwood (492) for Dat.
[2018/1/30 - 20:03:03] LongBi created a NRG-500 (522) for LongBi.
[2018/1/30 - 20:09:48] LongBi created a Bobcat (422) for LongBi.
[2018/8/30 - 22:15:58] LongBi created a Stafford (580) for LongBi.
[2018/9/11 - 17:50:34] LongBi created a Sultan (560) for LongBi.
[2018/9/11 - 17:52:20] Tien Tom created a Patriot (470) for Tien Tom.
[2018/9/16 - 8:45:38] Tien Tom created a Infernus (411) for Tien Tom.
[2018/9/16 - 13:38:50] Tien Tom created a Patriot (470) for Tien Tom.
[2018/9/16 - 13:46:47] Daniel created a Sultan (560) for Daniel.
[2018/9/18 - 11:22:39] Hiep Bede created a NRG-500 (522) for Hiep Bede.
[2018/9/18 - 14:46:07] LongBi created a NRG-500 (522) for LongBi.
[2020/4/22 - 3:07:51] HAC created a Patriot (470) for HAC.
[2021/5/29 - 14:06:54] Sion D created a Sanchez (468) for Sion D.
[2021/5/29 - 18:39:25] hac created a Infernus (411) for hac.
[2021/5/29 - 19:19:53] Beo created a Police Maverick (497) for Beo.
[2021/5/29 - 19:33:43] Beo created a Bandito (568) for Beo.
[2021/5/29 - 19:34:37] Beo created a Yosemite (554) for Beo.
[2021/5/29 - 19:35:07] Beo created a Bobcat (422) for Beo.
[2021/5/29 - 19:35:29] Beo created a NRG-500 (522) for Beo.
[2021/6/5 - 18:25:21] king assassin created a Yosemite (554) for king assassin.
[2021/6/5 - 18:25:37] king assassin created a Yosemite (554) for king assassin.
[2021/6/5 - 18:26:27] king assassin created a NRG-500 (522) for king assassin.
[2021/6/5 - 18:39:11] king assassin created a NRG-500 (522) for king assassin.
[2021/6/5 - 18:47:59] king assassin created a Bandito (568) for king assassin.
[2021/7/11 - 21:24:51] VGTA 02 created a NRG-500 (522) for VGTA 02.
[2021/7/11 - 21:25:25] VGTA 02 created a NRG-500 (522) for VGTA 02.
[2021/7/16 - 17:18:49] VGTA 01 created a Infernus (411) for VGTA 01.
[2021/7/18 - 14:22:40] Long created a Banshee (429) for Xuan Nguyen.
[2021/7/18 - 15:55:38] hac created a Taxi (420) for hac.
[2021/7/18 - 15:56:37] hac created a Patriot (470) for hac.
[2021/7/20 - 15:24:40] Danielle created a Hustler (545) for Danielle.
[2021/7/20 - 16:11:13] Long created a Infernus (411) for Long.
[2021/7/20 - 17:14:25] hac created a Sultan (560) for Rich Brian.
[2021/7/20 - 17:14:59] hac created a Patriot (470) for Rich Brian.
[2021/7/21 - 20:29:00] Long created a Patriot (470) for Basil Griffin.
[2021/7/22 - 0:04:49] Long created a Sultan (560) for Babi Kun.
[2021/7/22 - 21:13:55] Long created a Mountain Bike (510) for Long.
[2021/7/22 - 21:26:54] Long created a Admiral (445) for Brandon Prascott.
[2021/7/22 - 22:28:28] HAC created a Sultan (560) for NguyenHoang Hai.
[2021/7/22 - 22:45:12] Long created a Sultan (560) for Long.
[2021/7/23 - 10:10:05] HAC created a Turismo (451) for NguyenHoang Hai.
[2021/7/23 - 10:10:33] HAC created a Patriot (470) for NguyenHoang Hai.
[2021/7/23 - 11:46:53] HAC created a BMX (481) for Rich Brian.
[2021/7/23 - 22:14:24] Long created a Packer (443) for Long.
[2021/7/23 - 22:15:06] Long created a RC Bandit (441) for Long.
[2021/7/26 - 14:41:17] Long created a Huntley (579) for Jun Xiong.
[2021/7/26 - 14:42:10] Long created a Bullet (541) for Jun Xiong.
[2021/7/28 - 23:12:27] Danielle created a Sultan (560) for Banh Khuc.
[2021/7/30 - 9:38:03] HAC created a Sultan (560) for Basil Griffin.
[2021/8/1 - 0:57:23] HAC created a Bobcat (422) for HAC.
[2021/8/3 - 23:05:06] Long created a Savanna (567) for Thor Yang.
[2021/8/4 - 0:42:29] Long created a Infernus (411) for Shi Master.
[2021/8/4 - 21:43:45] Yuan Bi created a Sultan (560) for Yuan Bi.
[2021/8/4 - 21:44:12] Yuan Bi created a Bullet (541) for Yuan Bi.
[2021/8/4 - 22:50:44] Danielle created a Flash (565) for Crypto bitcoin.
[2021/8/9 - 23:41:18] Long ChiTiet created a Bobcat (422) for Long ChiTiet.
[2021/8/10 - 23:55:30] Long created a Mountain Bike (510) for The Forseti.
[2021/8/14 - 0:03:24] Long created a Infernus (411) for Long.
[2021/8/14 - 0:03:29] Long created a Infernus (411) for Long.
[2021/8/14 - 0:03:32] Long created a Infernus (411) for Long.
[2021/8/14 - 0:04:37] Long created a Mountain Bike (510) for Shi Master.
[2021/8/17 - 8:03:19] MingQuang created a Turismo (451) for Babi Kun.
[2021/8/17 - 10:10:07] MingQuang created a Mountain Bike (510) for Russian Bin.
[2021/8/17 - 20:22:36] Long created a Yosemite (554) for Jun Xiong.
[2021/8/17 - 23:52:50] MingQuang created a Reefer (453) for Shion Wan.
[2021/8/18 - 21:02:52] Long created a Infernus (411) for Rich Brian.
[2021/8/18 - 21:04:01] Long created a NRG-500 (522) for Rich Brian.
[2021/8/18 - 22:19:33] Long created a Oceanic (467) for thanh phan.
[2021/8/18 - 23:36:41] MingQuang has destroyed Babi Kun's Turismo.
[2021/8/18 - 23:36:56] MingQuang has destroyed MingQuang's Faggio.
[2021/8/18 - 23:39:35] MingQuang created a Turismo (451) for Babi Kun.
[2021/8/19 - 14:07:37] MingQuang created a Phoenix (603) for Thor Yang.
[2021/8/19 - 23:12:51] HAC created a Dumper (406) for Babi Kun.
[2021/8/20 - 19:18:10] Long created a Broadway (575) for Thor Yang.
[2021/8/20 - 23:18:58] MingQuang created a Sultan (560) for MingQuang.
[2021/8/22 - 18:35:02] MingQuang created a Patriot (470) for Beo ly.
[2021/8/24 - 19:35:14] Long created a Manana (410) for Sino Nyoka.
[2021/8/26 - 0:25:19] Long created a Sultan (560) for Jay Mod.
[2021/8/26 - 12:58:35] MingQuang created a Sultan (560) for MingQuang.
[2021/8/29 - 14:26:06] Long created a NRG-500 (522) for Long.
[2021/8/29 - 23:29:01] Long created a S.W.A.T. Van (601) for Long.
[2021/8/29 - 23:29:31] Long created a Rhino (432) for Long.
[2021/8/30 - 14:30:21] Long created a Cheetah (415) for Brian Zeros.
[2021/8/30 - 15:57:41] MingQuang created a Bullet (541) for Xiong Liang.
[2021/8/30 - 15:57:46] MingQuang created a Bullet (541) for Xiong Liang.
[2021/8/31 - 9:00:14] HAC created a Patriot (470) for Thuan Truong.
[2021/8/31 - 10:24:19] MingQuang created a Infernus (411) for MingQuang.
[2021/8/31 - 23:32:13] Long created a Sultan (560) for Thuan Truong.
[2021/9/1 - 17:55:44] Long created a Turismo (451) for Thuan Truong.
[2021/9/2 - 0:02:38] Long created a S.W.A.T. Van (601) for ShiDz.
[2021/9/2 - 12:14:05] Long created a Cheetah (415) for Thuan Truong.
[2021/9/3 - 22:25:33] Long created a Elegy (562) for Enrique Iglesians.
[2021/9/4 - 16:11:37] Long created a Savanna (567) for Babi Kun.
[2021/9/5 - 13:02:40] MingQuang created a Sultan (560) for Yen Tran.
[2021/9/5 - 21:15:03] MingQuang created a Sultan (560) for Jack Sparrow.
[2021/9/6 - 13:12:10] Long created a Elegy (562) for Enrique Iglesians.
[2021/9/6 - 20:18:19] MingQuang created a Buffalo (402) for Babi Kun.
[2021/9/6 - 20:18:21] MingQuang created a Cheetah (415) for Babi Kun.
[2021/9/7 - 0:11:37] Long created a Alpha (602) for Enrique Iglesians.
[2021/9/7 - 0:44:48] Long created a Broadway (575) for Babi Kun.
[2021/9/7 - 18:44:56] Long created a Bullet (541) for Yamatoya Miku.
[2021/9/7 - 22:47:17] MingQuang created a Cheetah (415) for Babi Kun.
[2021/9/7 - 22:47:20] MingQuang created a Buffalo (402) for Babi Kun.
[2021/9/7 - 22:47:43] MingQuang created a Cheetah (415) for Babi Kun.
[2021/9/10 - 16:14:17] Long created a Patriot (470) for Long.
[2021/9/10 - 17:56:22] Long created a Sultan (560) for Richard Drake.
[2021/9/10 - 18:54:06] Long created a Bobcat (422) for dung nth.
[2021/9/11 - 0:49:43] MingQuang created a Dumper (406) for MingQuang.
[2021/9/24 - 4:05:59] Mjng Quang created a Mountain Bike (510) for Mjng Quang.
[2021/9/24 - 4:38:32] Mjng Quang created a Sultan (560) for Mjng Quang.
[2021/10/3 - 21:57:50] MingQuang created a Sultan (560) for Fox Drake.
[2021/10/3 - 22:03:46] MingQuang created a Turismo (451) for Fox Drake.
[2021/10/4 - 15:15:52] Long created a Sultan (560) for Minh nee.
[2021/10/5 - 19:58:40] MingQuang created a FBI Rancher (490) for Babi Kun.
[2021/10/6 - 12:07:18] MingQuang created a Elegy (562) for Huy.
[2021/10/9 - 22:04:49] HAC created a Flash (565) for HAC.
[2021/10/9 - 22:28:36] HAC created a Patriot (470) for HAC.
[2021/10/11 - 16:55:33] MingQuang created a Previon (436) for Tran Minji.
[2021/10/11 - 16:58:14] MingQuang created a Previon (436) for Tran Minji.
[2021/10/12 - 22:02:59] MingQuang created a Sultan (560) for kiet nguyen.
[2021/10/12 - 22:28:38] tientom created a Infernus (411) for tientom.
[2021/10/13 - 19:12:57] MingQuang created a Previon (436) for Phu Dinh.
[2021/10/14 - 17:24:16] MingQuang created a Sultan (560) for Brian Zeros.
[2021/10/23 - 18:47:38] Tientom created a Cheetah (415) for Ricardo James.
