[2021/7/22 - 18:59:22] admin has edited Pay N' Spray ID 0's position.
[2021/7/22 - 18:59:33] admin has edited Pay N' Spray ID 0's position.
[2021/7/22 - 18:59:56] admin has changed the regular cost on Pay N' Spray ID 0 to $10,000.
[2021/7/22 - 19:01:05] admin has changed the group cost on Pay N' Spray ID 0 to $0.
[2021/7/22 - 19:01:31] admin has changed the regular cost on Pay N' Spray ID 0 to $0.
[2021/7/23 - 0:42:47] MingQuang has edited Pay N' Spray ID 0's position.
[2021/7/24 - 17:18:12] MingQuang has edited Pay N' Spray ID 0's position.
[2021/7/24 - 22:34:58] MingQuang has edited Pay N' Spray ID 1's position.
[2021/7/24 - 22:35:25] MingQuang has edited Pay N' Spray ID 1's position.
[2021/7/25 - 0:55:35] MingQuang has edited Pay N' Spray ID 0's position.
[2021/7/25 - 16:26:04] MingQuang has edited Pay N' Spray ID 1's position.
[2021/7/28 - 20:59:30] Shi Master has edited Pay N' Spray ID 0's position.
[2021/8/4 - 17:35:57] MingQuang has edited Pay N' Spray ID 0's position.
[2021/8/19 - 13:32:20] Shi Master has edited Pay N' Spray ID 0's position.
[2021/8/19 - 13:33:14] Shi Master has changed the group cost on Pay N' Spray ID 0 to $2.
[2021/8/19 - 13:33:16] Shi Master has changed the group cost on Pay N' Spray ID 0 to $2,000.
[2021/8/19 - 13:34:44] Shi Master has edited Pay N' Spray ID 0's position.
[2021/8/20 - 12:52:50] VGTA SHI has edited Pay N' Spray ID 10's position.
[2021/8/20 - 14:33:28] VGTA SHI has edited Pay N' Spray ID 10's position.
[2021/8/21 - 18:13:23] VGTA SHI has edited Pay N' Spray ID 0's position.
[2021/8/22 - 20:12:25] VGTA SHI has edited Pay N' Spray ID 0's position.
[2021/8/23 - 12:22:34] VGTA SHI has edited Pay N' Spray ID 0's position.
[2021/8/23 - 12:22:40] VGTA SHI has edited Pay N' Spray ID 0's position.
[2021/8/23 - 15:20:31] VGTA SHI has edited Pay N' Spray ID 0's position.
[2021/8/23 - 21:01:38] VGTA SHI has edited Pay N' Spray ID 0's position.
[2021/8/24 - 17:21:52] VGTA SHI has edited Pay N' Spray ID 1's position.
[2021/8/25 - 14:56:14] Nguoi La Mat has edited Pay N' Spray ID 0's position.
[2021/8/26 - 12:54:44] VGTA SHI has edited Pay N' Spray ID 1's position.
[2021/8/26 - 20:14:49] Ryan Smith has edited Pay N' Spray ID 0's position.
[2021/8/26 - 20:15:10] Ryan Smith has changed the group cost on Pay N' Spray ID 0 to $2,000.
[2021/8/26 - 20:15:24] Ryan Smith has changed the regular cost on Pay N' Spray ID 0 to $20,000.
[2021/8/28 - 11:25:11] Shi has edited Pay N' Spray ID 1's position.
[2021/8/28 - 11:26:28] Shi has changed the group cost on Pay N' Spray ID 1 to $2,000.
[2021/8/29 - 12:31:57] Tientom has edited Pay N' Spray ID 0's position.
[2021/8/29 - 12:32:15] Tientom has changed the group cost on Pay N' Spray ID 0 to $2,000.
[2021/8/29 - 12:32:37] Tientom has changed the regular cost on Pay N' Spray ID 0 to $50,000.
[2021/8/29 - 12:33:08] Tientom has edited Pay N' Spray ID 0's position.
[2021/8/29 - 12:34:53] Tientom has changed the regular cost on Pay N' Spray ID 0 to $20,000.
[2021/8/29 - 12:36:52] Tientom has changed the group cost on Pay N' Spray ID 0 to $100.
[2021/8/29 - 12:37:01] Tientom has changed the group cost on Pay N' Spray ID 0 to $1,000.
[2021/8/29 - 12:39:08] Tientom has edited Pay N' Spray ID 2's position.
[2021/8/29 - 12:39:32] Tientom has changed the regular cost on Pay N' Spray ID 2 to $20,000.
[2021/8/29 - 12:39:50] Tientom has changed the group cost on Pay N' Spray ID 2 to $100.
[2021/8/30 - 14:15:26] Shi has edited Pay N' Spray ID 1's position.
[2021/8/30 - 17:35:20] Tientom has edited Pay N' Spray ID 1's position.
[2021/8/30 - 17:36:53] Ryan Smith has edited Pay N' Spray ID 0's position.
[2021/8/30 - 18:23:58] Tientom has changed the regular cost on Pay N' Spray ID 1 to $10,000.
[2021/8/31 - 12:17:28] Shi has edited Pay N' Spray ID 1's position.
[2021/9/1 - 11:47:19] Shi has edited Pay N' Spray ID 1's position.
[2021/9/3 - 10:05:57] Shi has edited Pay N' Spray ID 1's position.
[2021/9/5 - 13:55:34] Shi has edited Pay N' Spray ID 1's position.
[2021/9/5 - 19:23:28] Ryan Smith has edited Pay N' Spray ID 0's position.
[2021/9/8 - 14:55:04] Shi has edited Pay N' Spray ID 1's position.
[2021/9/10 - 15:08:46] Ryan Smith has edited Pay N' Spray ID 0's position.
[2021/9/10 - 15:09:06] Ryan Smith has changed the regular cost on Pay N' Spray ID 0 to $2,000.
[2021/9/10 - 15:09:26] Ryan Smith has changed the group cost on Pay N' Spray ID 0 to $200.
[2021/9/15 - 12:03:02] Tientom has edited Pay N' Spray ID 0's position.
[2021/9/15 - 12:04:24] Tientom has deleted Pay N' Spray ID 0.
[2021/9/15 - 12:09:45] Tientom has edited Pay N' Spray ID 10's position.
[2021/9/15 - 12:10:59] Tientom has deleted Pay N' Spray ID 10.
[2021/9/15 - 15:14:51] Shi has edited Pay N' Spray ID 1's position.
[2021/9/24 - 0:15:23] Shi has edited Pay N' Spray ID 5's position.
[2021/9/25 - 15:19:39] MingQuang has edited Pay N' Spray ID 0's position.
[2021/9/25 - 15:20:07] MingQuang has changed the regular cost on Pay N' Spray ID 0 to $100,000.
[2021/9/26 - 13:26:03] Ryan Smith has edited Pay N' Spray ID 0's position.
[2021/9/26 - 14:42:47] Ryan Smith has edited Pay N' Spray ID 1's position.
[2021/9/30 - 17:28:53] Shi has edited Pay N' Spray ID 1's position.
[2021/10/3 - 20:30:00] Shi Mastey has edited Pay N' Spray ID 1's position.
[2021/10/3 - 20:30:34] Shi Mastey has changed the regular cost on Pay N' Spray ID 1 to $30,000.
[2021/10/3 - 20:31:41] Shi Mastey has edited Pay N' Spray ID 1's position.
[2021/10/3 - 20:32:11] Shi Mastey has changed the group cost on Pay N' Spray ID 1 to $10,000.
[2021/10/3 - 20:32:44] Shi Mastey has changed the regular cost on Pay N' Spray ID 1 to $25,000.
[2021/10/3 - 20:33:05] Shi Mastey has edited Pay N' Spray ID 2's position.
[2021/10/3 - 20:33:10] Shi Mastey has changed the regular cost on Pay N' Spray ID 2 to $25,000.
[2021/10/3 - 20:33:15] Shi Mastey has changed the group cost on Pay N' Spray ID 2 to $10,000.
[2021/10/3 - 22:09:08] Shi Mastey has edited Pay N' Spray ID 1's position.
[2021/10/3 - 22:09:53] Shi Mastey has changed the group cost on Pay N' Spray ID 1 to $5,000.
[2021/10/3 - 22:10:07] Shi Mastey has changed the regular cost on Pay N' Spray ID 1 to $25,000.
[2021/10/3 - 22:10:57] Shi Mastey has edited Pay N' Spray ID 2's position.
[2021/10/3 - 22:11:03] Shi Mastey has changed the regular cost on Pay N' Spray ID 2 to $25,000.
[2021/10/3 - 22:11:08] Shi Mastey has changed the group cost on Pay N' Spray ID 2 to $5,000.
[2021/10/4 - 14:49:34] Shi has edited Pay N' Spray ID 1's position.
[2021/10/4 - 16:30:52] Shi has edited Pay N' Spray ID 2's position.
[2021/10/4 - 16:30:53] Shi has changed the regular cost on Pay N' Spray ID 2 to $25,000.
[2021/10/4 - 16:30:53] Shi has changed the group cost on Pay N' Spray ID 2 to $5,000.
[2021/10/4 - 16:31:05] Shi has edited Pay N' Spray ID 2's position.
[2021/10/4 - 16:31:05] Shi has changed the regular cost on Pay N' Spray ID 2 to $25,000.
[2021/10/4 - 16:31:05] Shi has changed the group cost on Pay N' Spray ID 2 to $5,000.
[2021/10/4 - 16:31:29] Shi has edited Pay N' Spray ID 3's position.
[2021/10/4 - 16:31:30] Shi has changed the regular cost on Pay N' Spray ID 3 to $25,000.
[2021/10/4 - 16:31:30] Shi has changed the group cost on Pay N' Spray ID 3 to $5,000.
[2021/10/4 - 19:27:40] Shi has edited Pay N' Spray ID 4's position.
[2021/10/4 - 19:27:40] Shi has changed the regular cost on Pay N' Spray ID 4 to $25,000.
[2021/10/4 - 19:27:41] Shi has changed the group cost on Pay N' Spray ID 4 to $5,000.
[2021/10/4 - 19:27:56] Shi has edited Pay N' Spray ID 4's position.
[2021/10/4 - 19:27:56] Shi has changed the regular cost on Pay N' Spray ID 4 to $25,000.
[2021/10/4 - 19:27:56] Shi has changed the group cost on Pay N' Spray ID 4 to $5,000.
[2021/10/4 - 22:35:42] VGTA SHI has edited Pay N' Spray ID 3's position.
[2021/10/4 - 22:35:42] VGTA SHI has changed the regular cost on Pay N' Spray ID 3 to $25,000.
[2021/10/4 - 22:35:42] VGTA SHI has changed the group cost on Pay N' Spray ID 3 to $5,000.
[2021/10/5 - 0:52:43] VGTA SHI has edited Pay N' Spray ID 3's position.
[2021/10/5 - 0:52:43] VGTA SHI has changed the regular cost on Pay N' Spray ID 3 to $25,000.
[2021/10/5 - 0:52:43] VGTA SHI has changed the group cost on Pay N' Spray ID 3 to $5,000.
[2021/10/5 - 0:53:10] VGTA SHI has deleted Pay N' Spray ID 3.
[2021/10/5 - 11:13:00] Shi has edited Pay N' Spray ID 3's position.
[2021/10/5 - 11:13:01] Shi has changed the regular cost on Pay N' Spray ID 3 to $25,000.
[2021/10/5 - 11:13:01] Shi has changed the group cost on Pay N' Spray ID 3 to $5,000.
[2021/10/5 - 17:01:12] Tientom has edited Pay N' Spray ID 0's position.
[2021/10/5 - 17:01:28] Tientom has changed the regular cost on Pay N' Spray ID 0 to $30,000.
[2021/10/5 - 17:01:42] Tientom has changed the group cost on Pay N' Spray ID 0 to $100.
[2021/10/5 - 17:04:56] Tientom has edited Pay N' Spray ID 0's position.
[2021/10/6 - 12:19:35] MingQuang has edited Pay N' Spray ID 0's position.
[2021/10/6 - 12:22:50] Shi has edited Pay N' Spray ID 2's position.
[2021/10/6 - 12:22:50] Shi has changed the regular cost on Pay N' Spray ID 2 to $25,000.
[2021/10/6 - 12:22:50] Shi has changed the group cost on Pay N' Spray ID 2 to $5,000.
[2021/10/6 - 12:23:19] Shi has edited Pay N' Spray ID 3's position.
[2021/10/6 - 12:23:19] Shi has changed the regular cost on Pay N' Spray ID 3 to $25,000.
[2021/10/6 - 12:23:19] Shi has changed the group cost on Pay N' Spray ID 3 to $5,000.
[2021/10/6 - 12:24:03] Shi has edited Pay N' Spray ID 4's position.
[2021/10/6 - 12:24:03] Shi has changed the regular cost on Pay N' Spray ID 4 to $25,000.
[2021/10/6 - 12:24:03] Shi has changed the group cost on Pay N' Spray ID 4 to $5,000.
[2021/10/6 - 12:26:02] Shi has edited Pay N' Spray ID 3's position.
[2021/10/6 - 12:26:02] Shi has changed the regular cost on Pay N' Spray ID 3 to $25,000.
[2021/10/6 - 12:26:02] Shi has changed the group cost on Pay N' Spray ID 3 to $5,000.
[2021/10/6 - 12:26:15] Shi has edited Pay N' Spray ID 4's position.
[2021/10/6 - 12:26:15] Shi has changed the regular cost on Pay N' Spray ID 4 to $25,000.
[2021/10/6 - 12:26:16] Shi has changed the group cost on Pay N' Spray ID 4 to $5,000.
[2021/10/6 - 13:00:24] Shi has edited Pay N' Spray ID 3's position.
[2021/10/6 - 13:00:24] Shi has changed the regular cost on Pay N' Spray ID 3 to $25,000.
[2021/10/6 - 13:00:24] Shi has changed the group cost on Pay N' Spray ID 3 to $5,000.
[2021/10/6 - 19:28:57] Shi has edited Pay N' Spray ID 2's position.
[2021/10/6 - 19:28:57] Shi has changed the regular cost on Pay N' Spray ID 2 to $25,000.
[2021/10/6 - 19:29:09] Shi has deleted Pay N' Spray ID 2.
[2021/10/7 - 16:55:24] Shi has edited Pay N' Spray ID 2's position.
[2021/10/7 - 16:55:25] Shi has changed the regular cost on Pay N' Spray ID 2 to $25,000.
[2021/10/7 - 16:55:25] Shi has changed the group cost on Pay N' Spray ID 2 to $5,000.
[2021/10/7 - 16:55:37] Shi has edited Pay N' Spray ID 3's position.
[2021/10/7 - 16:55:37] Shi has changed the regular cost on Pay N' Spray ID 3 to $25,000.
[2021/10/7 - 16:55:37] Shi has changed the group cost on Pay N' Spray ID 3 to $5,000.
[2021/10/7 - 19:43:17] Tientom has edited Pay N' Spray ID 1's position.
[2021/10/7 - 19:43:43] Tientom has changed the regular cost on Pay N' Spray ID 1 to $30,000.
[2021/10/7 - 19:43:56] Tientom has changed the group cost on Pay N' Spray ID 1 to $1,000.
[2021/10/8 - 10:11:39] Tientom has edited Pay N' Spray ID 0's position.
[2021/10/8 - 10:11:50] Tientom has changed the regular cost on Pay N' Spray ID 0 to $30,000.
[2021/10/8 - 10:12:09] Tientom has changed the group cost on Pay N' Spray ID 0 to $1,000.
[2021/10/8 - 18:48:36] Shi has edited Pay N' Spray ID 2's position.
[2021/10/8 - 18:48:36] Shi has changed the regular cost on Pay N' Spray ID 2 to $25,000.
[2021/10/8 - 18:48:36] Shi has changed the group cost on Pay N' Spray ID 2 to $5,000.
[2021/10/8 - 18:48:48] Shi has edited Pay N' Spray ID 3's position.
[2021/10/8 - 18:48:48] Shi has changed the regular cost on Pay N' Spray ID 3 to $25,000.
[2021/10/8 - 18:48:48] Shi has changed the group cost on Pay N' Spray ID 3 to $5,000.
[2021/10/8 - 18:49:10] Shi has edited Pay N' Spray ID 4's position.
[2021/10/8 - 18:49:11] Shi has changed the regular cost on Pay N' Spray ID 4 to $25,000.
[2021/10/8 - 18:49:11] Shi has changed the group cost on Pay N' Spray ID 4 to $5,000.
[2021/10/8 - 23:01:04] Shi has edited Pay N' Spray ID 3's position.
[2021/10/8 - 23:01:05] Shi has changed the regular cost on Pay N' Spray ID 3 to $25,000.
[2021/10/8 - 23:01:05] Shi has changed the group cost on Pay N' Spray ID 3 to $5,000.
[2021/10/8 - 23:32:10] Shi has edited Pay N' Spray ID 3's position.
[2021/10/8 - 23:32:10] Shi has changed the regular cost on Pay N' Spray ID 3 to $25,000.
[2021/10/8 - 23:32:10] Shi has changed the group cost on Pay N' Spray ID 3 to $5,000.
[2021/10/8 - 23:34:20] Shi has edited Pay N' Spray ID 3's position.
[2021/10/8 - 23:34:20] Shi has changed the regular cost on Pay N' Spray ID 3 to $25,000.
[2021/10/8 - 23:34:20] Shi has changed the group cost on Pay N' Spray ID 3 to $5,000.
[2021/10/8 - 23:47:15] Shi has edited Pay N' Spray ID 3's position.
[2021/10/8 - 23:47:16] Shi has changed the regular cost on Pay N' Spray ID 3 to $25,000.
[2021/10/8 - 23:47:16] Shi has changed the group cost on Pay N' Spray ID 3 to $5,000.
[2021/10/8 - 23:47:16] Shi has edited Pay N' Spray ID 3's position.
[2021/10/8 - 23:47:16] Shi has changed the regular cost on Pay N' Spray ID 3 to $25,000.
[2021/10/8 - 23:47:17] Shi has changed the group cost on Pay N' Spray ID 3 to $5,000.
[2021/10/8 - 23:47:27] Shi has edited Pay N' Spray ID 3's position.
[2021/10/8 - 23:47:27] Shi has changed the regular cost on Pay N' Spray ID 3 to $25,000.
[2021/10/8 - 23:47:27] Shi has changed the group cost on Pay N' Spray ID 3 to $5,000.
[2021/10/8 - 23:49:32] Shi has edited Pay N' Spray ID 3's position.
[2021/10/8 - 23:49:32] Shi has changed the regular cost on Pay N' Spray ID 3 to $25,000.
[2021/10/8 - 23:49:33] Shi has changed the group cost on Pay N' Spray ID 3 to $5,000.
[2021/10/8 - 23:49:38] Shi has edited Pay N' Spray ID 3's position.
[2021/10/8 - 23:49:39] Shi has changed the regular cost on Pay N' Spray ID 3 to $25,000.
[2021/10/8 - 23:49:39] Shi has changed the group cost on Pay N' Spray ID 3 to $5,000.
[2021/10/10 - 14:51:38] Ryan Smith has edited Pay N' Spray ID 0's position.
[2021/10/10 - 14:51:40] Ryan Smith has edited Pay N' Spray ID 0's position.
[2021/10/11 - 14:39:49] Tientom has edited Pay N' Spray ID 0's position.
[2021/10/11 - 22:43:35] Uni Wind has edited Pay N' Spray ID 2's position.
[2021/10/11 - 22:43:36] Uni Wind has changed the regular cost on Pay N' Spray ID 2 to $25,000.
[2021/10/11 - 22:43:36] Uni Wind has changed the group cost on Pay N' Spray ID 2 to $5,000.
[2021/10/11 - 22:43:59] Uni Wind has edited Pay N' Spray ID 3's position.
[2021/10/11 - 22:43:59] Uni Wind has changed the regular cost on Pay N' Spray ID 3 to $25,000.
[2021/10/11 - 22:43:59] Uni Wind has changed the group cost on Pay N' Spray ID 3 to $5,000.
[2021/10/11 - 22:59:45] Uni Wind has edited Pay N' Spray ID 3's position.
[2021/10/11 - 22:59:45] Uni Wind has changed the regular cost on Pay N' Spray ID 3 to $25,000.
[2021/10/11 - 22:59:46] Uni Wind has changed the group cost on Pay N' Spray ID 3 to $5,000.
[2021/10/11 - 22:59:46] Uni Wind has edited Pay N' Spray ID 3's position.
[2021/10/11 - 22:59:46] Uni Wind has changed the regular cost on Pay N' Spray ID 3 to $25,000.
[2021/10/11 - 22:59:46] Uni Wind has changed the group cost on Pay N' Spray ID 3 to $5,000.
[2021/10/15 - 12:19:33] Tientom has changed the regular cost on Pay N' Spray ID 2 to $35,000.
[2021/10/21 - 16:23:27] Tientom has edited Pay N' Spray ID 1's position.
[2021/10/21 - 16:23:43] Tientom has edited Pay N' Spray ID 1's position.
[2021/10/23 - 1:28:59] Shi has edited Pay N' Spray ID 3's position.
[2021/10/23 - 1:28:59] Shi has changed the regular cost on Pay N' Spray ID 3 to $25,000.
[2021/10/23 - 1:28:59] Shi has changed the group cost on Pay N' Spray ID 3 to $5,000.
