[2018/1/29 - 16:06:33] Troi Troi da moded xe rims 1073
[2018/1/29 - 16:06:55] Troi Troi da moded xe rims 1098
[2018/1/29 - 16:06:59] Troi Troi da moded xe rims 1097
[2018/1/29 - 16:07:04] Troi Troi da moded xe rims 1085
[2018/1/29 - 16:07:12] Troi Troi da moded xe rims 1083
[2018/1/29 - 16:07:16] Troi Troi da moded xe rims 1080
[2018/8/30 - 15:51:21] GAU da moded xe rims 1080
[2018/8/30 - 22:19:25] LongBi da moded xe rims 1080
[2018/8/30 - 22:24:26] Tien Tom da moded xe rims 1080
[2018/9/1 - 11:19:56] LongBi da moded xe rims 1080
[2020/4/1 - 7:57:09] HAC da moded xe rims 1080
[2020/4/22 - 3:08:33] HAC da moded xe rims 1080
[2020/4/22 - 3:09:13] HAC da moded xe rims 1080
[2021/7/16 - 17:18:58] VGTA 01 da moded xe rims 1080
[2021/7/20 - 15:26:31] Danielle da moded xe rims 1080
[2021/7/20 - 16:11:29] Long da moded xe rims 1080
[2021/7/20 - 17:17:57] Rich Brian da moded xe rims 1080
[2021/7/20 - 17:18:22] Rich Brian da moded xe rims 1080
[2021/7/21 - 20:33:08] Basil Griffin da moded xe rims 1080
[2021/7/26 - 14:44:07] Jun Xiong da moded xe rims 1080
[2021/7/26 - 14:44:22] Jun Xiong da moded xe rims 1080
[2021/8/3 - 23:17:53] Thor Yang da moded xe rims 1080
[2021/8/3 - 23:21:20] Thor Yang da moded xe rims 1073
[2021/8/3 - 23:21:40] Thor Yang da moded xe rims 1083
[2021/8/3 - 23:21:57] Thor Yang da moded xe rims 1081
[2021/8/3 - 23:22:10] Thor Yang da moded xe rims 1084
[2021/8/3 - 23:22:26] Thor Yang da moded xe rims 1083
[2021/8/4 - 0:42:49] Shi Master da moded xe rims 1080
[2021/8/18 - 20:10:39] Jun Xiong da moded xe rims 1080
[2021/8/18 - 21:07:25] Rich Brian da moded xe rims 1080
[2021/8/19 - 14:09:04] Thor Yang da moded xe rims 1080
[2021/8/20 - 22:57:17] HAC da moded xe rims 1080
[2021/8/22 - 19:45:22] Thor Yang da moded xe rims 1080
[2021/8/26 - 19:39:04] Tientom da moded xe rims 1080
[2021/8/29 - 23:31:10] Long da moded xe rims 1080
[2021/8/31 - 10:24:32] MingQuang da moded xe rims 1080
[2021/8/31 - 10:24:54] Thuan Truong da moded xe rims 1080
[2021/8/31 - 14:42:30] Long da moded xe rims 1083
[2021/8/31 - 15:46:13] Long da moded xe rims 1080
[2021/9/1 - 12:51:16] Thuan Truong da moded xe rims 1080
[2021/9/1 - 12:51:59] Thuan Truong da moded xe rims 1080
[2021/9/1 - 13:39:36] Thuan Truong da moded xe rims 1080
[2021/9/1 - 17:56:26] Thuan Truong da moded xe rims 1080
[2021/9/2 - 0:08:57] ShiDz da moded xe rims 1080
[2021/9/2 - 12:24:46] Thuan Truong da moded xe rims 1080
[2021/9/4 - 15:20:52] Shark Boy da moded xe rims 1080
[2021/9/8 - 20:41:14] Rot Bot da moded xe rims 1080
[2021/9/10 - 16:14:57] Long da moded xe rims 1080
[2021/9/10 - 20:48:41] Babi Kun da moded xe rims 1080
[2021/9/10 - 22:13:14] Babi Kun da moded xe rims 1080
[2021/9/11 - 13:52:35] Shark Boy da moded xe rims 1080
[2021/10/1 - 15:41:05] TruongTri Thuan da moded xe rims 1080
[2021/10/3 - 22:13:49] Fox Drake da moded xe rims 1080
[2021/10/5 - 7:10:21] Tientom da moded xe rims 1080
[2021/10/5 - 23:18:18] Babi Kun da moded xe rims 1080
[2021/10/12 - 22:28:55] tientom da moded xe rims 1080
[2021/10/12 - 22:34:23] tientom da moded xe rims 1080
