[2018/1/30 - 18:56:54] {AA3333}AdmWarning{FFFF00}: TienTom has withdrawn $1 of the SA tax money from the vault, Ly Do: hihi.
[2021/7/20 - 20:24:54] TienTom da bi thu hoi $90,000,000 so tien nhom tu LVPD's vault, Ly Do: 0.
[2021/7/20 - 20:31:13] {AA3333}AdmWarning{FFFF00}: TienTom has withdrawn $1 of the SA tax money from the vault, Ly Do: 1.
[2021/7/31 - 23:17:12] TienTom da bi thu hoi $38,000,000 so tien nhom tu LVFD's vault, Ly Do: ..
[2021/9/1 - 18:41:32] ShiDz da bi thu hoi $500,000 so tien nhom tu SAPD's vault, Ly Do: tra tien ma tuy.
[2021/9/6 - 20:23:43] Ryan Smith da bi thu hoi $10 so tien nhom tu SAFD's vault, Ly Do: a.
[2021/9/6 - 20:37:04] Tientom da bi thu hoi $500,000 so tien nhom tu testt's vault, Ly Do: !.
[2021/9/6 - 20:37:19] Tientom da bi thu hoi $30,000 so tien nhom tu testt's vault, Ly Do: !.
[2021/9/6 - 20:37:50] Tientom da bi thu hoi $269,999 so tien nhom tu testt's vault, Ly Do: !.
[2021/9/7 - 0:57:05] {AA3333}THONG BAO !!!{FFFF00}: MingQuang da rut NGAN SACH CUA NHA NUOC VGTA do nguoi dan dong gop voi so tien $534,352,150 , Ly
[2021/9/14 - 12:09:59] {AA3333}AdmCmd{FFFF00}: undefined Tientom has just rewarded Jang Douglas $50000
[2021/9/25 - 20:09:17] Richard Dawnson da bi thu hoi $3,000,000 so tien nhom tu SAPD's vault, Ly Do: Mua vat lieu de phat nhan vien lam viec.
[2021/10/1 - 10:39:19] Richard Dawnson da bi thu hoi $5,000,000 so tien nhom tu SAPD's vault, Ly Do: rut tien mua vat lieu.
[2021/10/1 - 11:48:29] {AA3333}THONG BAO !!!{FFFF00}: Tientom da rut NGAN SACH CUA NHA NUOC VGTA do nguoi dan dong gop voi so tien $9,000,000 , Ly Do:
[2021/10/1 - 21:24:14] Richard Dawnson da bi thu hoi $5,000,000 so tien nhom tu SAPD's vault, Ly Do: tra luong nha viien.
[2021/10/2 - 21:23:11] Shi da bi thu hoi $3,000,000 so tien nhom tu SAPD's vault, Ly Do: phat luong.
[2021/10/2 - 21:29:07] Tientom da bi thu hoi $5,000,000 so tien nhom tu SAPD's vault, Ly Do: ..
[2021/10/11 - 16:30:29] Richard Dawnson da bi thu hoi $1,000,000 so tien nhom tu LSPD's vault, Ly Do: tra luong nhanvien.
[2021/10/11 - 17:06:04] Larry Eriksen da bi thu hoi $1 so tien nhom tu NAF's vault, Ly Do: 2270001.
[2021/10/11 - 17:06:15] Ryan Smith da bi thu hoi $227,000 so tien nhom tu NAF's vault, Ly Do: lay lai.
[2021/10/11 - 17:06:16] Ryan Smith da bi thu hoi $227,000 so tien nhom tu NAF's vault, Ly Do: lay lai.
[2021/10/11 - 17:06:17] Ryan Smith da bi thu hoi $227,000 so tien nhom tu NAF's vault, Ly Do: lay lai.
[2021/10/11 - 17:06:17] Ryan Smith da bi thu hoi $227,000 so tien nhom tu NAF's vault, Ly Do: lay lai.
[2021/10/11 - 17:06:18] Ryan Smith da bi thu hoi $227,000 so tien nhom tu NAF's vault, Ly Do: lay lai.
[2021/10/11 - 17:06:21] Ryan Smith da bi thu hoi $227,000 so tien nhom tu NAF's vault, Ly Do: lay lai.
[2021/10/11 - 17:06:22] Ryan Smith da bi thu hoi $227,000 so tien nhom tu NAF's vault, Ly Do: lay lai.
[2021/10/11 - 17:06:23] Ryan Smith da bi thu hoi $227,000 so tien nhom tu NAF's vault, Ly Do: lay lai.
[2021/10/11 - 17:06:27] Ryan Smith da bi thu hoi $227,000 so tien nhom tu NAF's vault, Ly Do: lay lai.
[2021/10/11 - 17:06:32] Larry Eriksen da bi thu hoi $1 so tien nhom tu NAF's vault, Ly Do: 2270001.
[2021/10/11 - 17:06:57] Ryan Smith da bi thu hoi $200,000 so tien nhom tu NAF's vault, Ly Do: a.
[2021/10/12 - 15:22:06] Richard Dawnson da bi thu hoi $1,000,000 so tien nhom tu LSPD's vault, Ly Do: tra luong.
[2021/10/16 - 15:55:46] Richard Dawnson da bi thu hoi $2,000,000 so tien nhom tu SAPD's vault, Ly Do: Phat luong.
[2021/10/17 - 20:42:24] Richard Dawnson da bi thu hoi $2,000,000 so tien nhom tu SAPD's vault, Ly Do: phat luong nhan vien.
[2021/10/23 - 16:03:59] Richard Dawnson da bi thu hoi $5,000,000 so tien nhom tu SAPD's vault, Ly Do: tra tien luong nhan vien.
[2021/10/23 - 16:06:33] Richard Dawnson da bi thu hoi $2,000,000 so tien nhom tu SAPD's vault, Ly Do: tra tien luno nv.
