[2021/8/16 - 19:26:52] Ryan Smith da dieu chinh dan sung May MP5,Tec9 cua Ryan Smith thanh 1 (/setdan)
[2021/8/16 - 19:41:59] Ryan Smith da dieu chinh dan sung Luc cua Ryan Smith thanh 1 (/setdan)
[2021/8/18 - 20:33:23] MingQuang da dieu chinh dan sung Luc cua MingQuang thanh 5 (/setdan)
[2021/8/18 - 20:33:25] MingQuang da dieu chinh dan sung Shotgun cua MingQuang thanh 5 (/setdan)
[2021/8/19 - 10:07:56] MingQuang da dieu chinh dan sung Truong AK,M4 cua MingQuang thanh 999999 (/setdan)
[2021/8/19 - 10:24:38] MingQuang da dieu chinh dan sung Luc cua TienTom thanh 0 (/setdan)
[2021/8/19 - 10:24:39] MingQuang da dieu chinh dan sung Shotgun cua TienTom thanh 0 (/setdan)
[2021/8/19 - 10:24:40] MingQuang da dieu chinh dan sung May MP5,Tec9 cua TienTom thanh 0 (/setdan)
[2021/8/19 - 10:24:42] MingQuang da dieu chinh dan sung Truong AK,M4 cua TienTom thanh 0 (/setdan)
[2021/8/19 - 10:24:43] MingQuang da dieu chinh dan sung nham Sniper cua TienTom thanh 0 (/setdan)
[2021/8/19 - 10:24:44] MingQuang da dieu chinh dan sung Minigun, Bazooka cua TienTom thanh 0 (/setdan)
[2021/8/19 - 10:24:47] MingQuang da dieu chinh dan sung Minigun, Bazooka cua MingQuang thanh 0 (/setdan)
[2021/8/19 - 10:24:48] MingQuang da dieu chinh dan sung nham Sniper cua MingQuang thanh 0 (/setdan)
[2021/8/19 - 10:24:49] MingQuang da dieu chinh dan sung Truong AK,M4 cua MingQuang thanh 0 (/setdan)
[2021/8/19 - 10:24:52] MingQuang da dieu chinh dan sung May MP5,Tec9 cua MingQuang thanh 0 (/setdan)
[2021/8/19 - 10:24:54] MingQuang da dieu chinh dan sung Shotgun cua MingQuang thanh 0 (/setdan)
[2021/8/19 - 10:24:55] MingQuang da dieu chinh dan sung Luc cua MingQuang thanh 0 (/setdan)
[2021/8/19 - 10:24:57] MingQuang da dieu chinh dan sung Luc cua MingQuang thanh 0 (/setdan)
[2021/8/19 - 10:25:36] MingQuang da dieu chinh dan sung Truong AK,M4 cua MingQuang thanh 999 (/setdan)
[2021/8/19 - 10:27:22] TienTom da dieu chinh dan sung Luc cua Tai Tran thanh 2000 (/setdan)
[2021/8/19 - 10:27:30] TienTom da dieu chinh dan sung Shotgun cua Tai Tran thanh 200 (/setdan)
[2021/8/19 - 10:27:32] TienTom da dieu chinh dan sung Shotgun cua Tai Tran thanh 2000 (/setdan)
[2021/8/19 - 10:27:38] TienTom da dieu chinh dan sung May MP5,Tec9 cua Tai Tran thanh 2000 (/setdan)
[2021/8/19 - 13:47:57] Ryan Smith da dieu chinh dan sung Shotgun cua Nicolas Jackson thanh 100 (/setdan)
[2021/8/19 - 13:48:00] Ryan Smith da dieu chinh dan sung May MP5,Tec9 cua Nicolas Jackson thanh 100 (/setdan)
[2021/8/19 - 13:48:04] Ryan Smith da dieu chinh dan sung May MP5,Tec9 cua Nicolas Jackson thanh 200 (/setdan)
[2021/8/19 - 14:42:17] Ryan Smith da dieu chinh dan sung Shotgun cua Richard Dawnson thanh 100 (/setdan)
[2021/8/19 - 15:51:02] MingQuang da dieu chinh dan sung May MP5,Tec9 cua Van Giang thanh 100 (/setdan)
[2021/8/20 - 12:45:09] MingQuang da dieu chinh dan sung Truong AK,M4 cua MingQuang thanh 50 (/setdan)
[2021/8/20 - 12:45:42] MingQuang da dieu chinh dan sung Luc cua MingQuang thanh 50 (/setdan)
[2021/8/23 - 16:57:45] Tientom da dieu chinh dan sung Luc cua Van Giang thanh 50 (/setdan)
[2021/8/24 - 18:19:04] Tientom da dieu chinh dan sung May MP5,Tec9 cua Tientom thanh 3000 (/setdan)
[2021/8/26 - 15:53:33] MingQuang da dieu chinh dan sung Truong AK,M4 cua MingQuang thanh 5 (/setdan)
[2021/8/26 - 15:53:35] MingQuang da dieu chinh dan sung Truong AK,M4 cua MingQuang thanh 80 (/setdan)
[2021/8/30 - 13:46:17] MingQuang da dieu chinh dan sung Shotgun cua Trong Nghia thanh 99 (/setdan)
[2021/8/30 - 13:48:01] MingQuang da dieu chinh dan sung nham Sniper cua Shi thanh 99 (/setdan)
[2021/8/30 - 13:48:09] MingQuang da dieu chinh dan sung nham Sniper cua Trong Nghia thanh 99 (/setdan)
[2021/8/30 - 20:37:40] Luu Loc da dieu chinh dan sung May MP5,Tec9 cua Jackie Johnson thanh 100 (/setdan)
[2021/8/30 - 20:37:51] Luu Loc da dieu chinh dan sung May MP5,Tec9 cua Jackie Johnson thanh 500 (/setdan)
[2021/8/30 - 20:40:37] Luu Loc da dieu chinh dan sung May MP5,Tec9 cua Luu Loc thanh 500 (/setdan)
[2021/8/30 - 20:40:43] Luu Loc da dieu chinh dan sung Shotgun cua Luu Loc thanh 500 (/setdan)
[2021/8/30 - 20:52:50] Ryan Smith da dieu chinh dan sung Truong AK,M4 cua Alex NguyenZ thanh 60 (/setdan)
[2021/8/30 - 20:52:56] Ryan Smith da dieu chinh dan sung Truong AK,M4 cua Alex NguyenZ thanh 120 (/setdan)
[2021/8/31 - 21:27:49] Tientom da dieu chinh dan sung Shotgun cua Trong Nghia thanh 93 (/setdan)
[2021/9/3 - 20:43:40] Ryan Smith da dieu chinh dan sung May MP5,Tec9 cua Alex NguyenZ thanh 120 (/setdan)
[2021/9/4 - 21:45:52] Ryan Smith da dieu chinh dan sung Truong AK,M4 cua Alex NguyenZ thanh 120 (/setdan)
[2021/9/6 - 21:15:38] MingQuang da dieu chinh dan sung Luc cua im evan thanh 200 (/setdan)
[2021/9/6 - 21:15:41] MingQuang da dieu chinh dan sung Shotgun cua im evan thanh 200 (/setdan)
[2021/9/6 - 21:15:43] MingQuang da dieu chinh dan sung May MP5,Tec9 cua im evan thanh 200 (/setdan)
[2021/9/6 - 21:15:46] MingQuang da dieu chinh dan sung Truong AK,M4 cua im evan thanh 200 (/setdan)
[2021/9/6 - 21:15:49] MingQuang da dieu chinh dan sung nham Sniper cua im evan thanh 200 (/setdan)
[2021/9/11 - 0:45:41] MingQuang da dieu chinh dan sung Truong AK,M4 cua MingQuang thanh 99 (/setdan)
[2021/9/11 - 18:58:33] Shi Xcution da dieu chinh dan sung Truong AK,M4 cua Shi Xcution thanh 100 (/setdan)
[2021/9/11 - 18:58:37] Shi Xcution da dieu chinh dan sung Truong AK,M4 cua Shi Xcution thanh 1000 (/setdan)
[2021/9/11 - 21:24:45] GaPhieuLuu da dieu chinh dan sung May MP5,Tec9 cua Mark Luke thanh 999 (/setdan)
[2021/9/12 - 20:15:38] Ryan Smith da dieu chinh dan sung Shotgun cua Ryan Smith thanh 300 (/setdan)
[2021/9/12 - 23:00:22] Shi da dieu chinh dan sung Luc cua Shi thanh 300 (/setdan)
[2021/9/12 - 23:12:17] Shi da dieu chinh dan sung Luc cua Shi thanh 500 (/setdan)
[2021/9/12 - 23:15:55] Shi da dieu chinh dan sung Luc cua Nicolas Jackson thanh 100 (/setdan)
[2021/9/13 - 17:08:09] Ryan Smith da dieu chinh dan sung Luc cua Ryan Smith thanh 300 (/setdan)
[2021/9/13 - 17:08:12] Ryan Smith da dieu chinh dan sung Luc cua Ryan Smith thanh 3000 (/setdan)
[2021/9/25 - 16:41:40] MingQuang da dieu chinh dan sung Truong AK,M4 cua MingQuang thanh 200 (/setdan)
[2021/9/26 - 1:07:23] ShiMapDit da dieu chinh dan sung Luc cua ShiMapDit thanh 1000 (/setdan)
[2021/9/26 - 22:04:29] Shi da dieu chinh dan sung Luc cua Jayz Niggzen thanh 100 (/setdan)
[2021/9/26 - 22:07:57] Shi da dieu chinh dan sung Luc cua Jayz Niggzen thanh 4000 (/setdan)
[2021/9/27 - 13:42:31] Ryan Smith da dieu chinh dan sung nham Sniper cua Ryan Smith thanh 3000 (/setdan)
[2021/9/27 - 16:28:28] Ryan Smith da dieu chinh dan sung Luc cua TruongTri Thuan thanh 400 (/setdan)
[2021/9/28 - 16:19:03] Ryan Smith da dieu chinh dan sung Truong AK,M4 cua Ryan Smith thanh 600 (/setdan)
[2021/9/28 - 19:03:51] Ryan Smith da dieu chinh dan sung Luc cua Hoang PhiHong thanh 90 (/setdan)
[2021/9/28 - 20:22:48] Ryan Smith da dieu chinh dan sung Luc cua Trung Khuyet thanh 60 (/setdan)
[2021/9/29 - 7:38:45] Tientom da dieu chinh dan sung Truong AK,M4 cua Tientom thanh 2000 (/setdan)
[2021/9/29 - 13:24:30] Ryan Smith da dieu chinh dan sung nham Sniper cua Ryan Smith thanh 3000 (/setdan)
[2021/9/29 - 13:24:38] Ryan Smith da dieu chinh dan sung Truong AK,M4 cua Ryan Smith thanh 3000 (/setdan)
[2021/9/29 - 19:22:37] Ryan Smith da dieu chinh dan sung Truong AK,M4 cua TruongTri Thuan thanh 400 (/setdan)
[2021/9/29 - 19:23:07] Ryan Smith da dieu chinh dan sung Truong AK,M4 cua TruongTri Thuan thanh 971 (/setdan)
[2021/9/29 - 20:21:16] Thor Yang da dieu chinh dan sung Truong AK,M4 cua Ching Chong thanh 300 (/setdan)
[2021/9/29 - 22:09:27] Ryan Smith da dieu chinh dan sung Truong AK,M4 cua Ryan Smith thanh 300 (/setdan)
[2021/10/1 - 14:26:49] Mr AIexander da dieu chinh dan sung Truong AK,M4 cua Mr AIexander thanh 300 (/setdan)
[2021/10/1 - 14:26:52] Mr AIexander da dieu chinh dan sung Truong AK,M4 cua Mr AIexander thanh 3000 (/setdan)
[2021/10/1 - 14:26:55] Mr AIexander da dieu chinh dan sung Shotgun cua Mr AIexander thanh 3000 (/setdan)
[2021/10/3 - 15:22:07] Shi Mastey da dieu chinh dan sung Luc cua Shi Mastey thanh 100 (/setdan)
[2021/10/4 - 22:49:46] VGTA SHI da dieu chinh dan sung Luc cua Jayz Niggzen thanh 4400 (/setdan)
[2021/10/4 - 22:49:52] VGTA SHI da dieu chinh dan sung Truong AK,M4 cua Jayz Niggzen thanh 4700 (/setdan)
[2021/10/4 - 22:55:47] VGTA SHI da dieu chinh dan sung Truong AK,M4 cua Jayz Niggzen thanh 1000 (/setdan)
[2021/10/4 - 22:55:54] VGTA SHI da dieu chinh dan sung May MP5,Tec9 cua Jayz Niggzen thanh 4700 (/setdan)
[2021/10/6 - 12:58:31] Ryan Smith da dieu chinh dan sung Luc cua Ryan Smith thanh 3000 (/setdan)
[2021/10/6 - 12:58:33] Ryan Smith da dieu chinh dan sung Shotgun cua Ryan Smith thanh 3000 (/setdan)
[2021/10/6 - 12:58:36] Ryan Smith da dieu chinh dan sung May MP5,Tec9 cua Ryan Smith thanh 3000 (/setdan)
[2021/10/6 - 12:58:38] Ryan Smith da dieu chinh dan sung Truong AK,M4 cua Ryan Smith thanh 3000 (/setdan)
[2021/10/6 - 12:58:42] Ryan Smith da dieu chinh dan sung nham Sniper cua Ryan Smith thanh 3000 (/setdan)
[2021/10/6 - 15:30:34] Shi da dieu chinh dan sung Luc cua duy nho thanh 200 (/setdan)
[2021/10/7 - 12:48:35] Ryan Smith da dieu chinh dan sung Truong AK,M4 cua Ryan Smith thanh 3000 (/setdan)
[2021/10/7 - 12:48:38] Ryan Smith da dieu chinh dan sung nham Sniper cua Ryan Smith thanh 3000 (/setdan)
[2021/10/8 - 12:25:32] Ryan Smith da dieu chinh dan sung nham Sniper cua Ryan Smith thanh 999 (/setdan)
[2021/10/8 - 12:25:35] Ryan Smith da dieu chinh dan sung Truong AK,M4 cua Ryan Smith thanh 999 (/setdan)
[2021/10/8 - 18:28:14] Shi da dieu chinh dan sung May MP5,Tec9 cua Shi thanh 10000 (/setdan)
[2021/10/9 - 15:35:35] Ryan Smith da dieu chinh dan sung Luc cua Brian Zeros thanh 900 (/setdan)
[2021/10/10 - 15:27:51] Ryan Smith da dieu chinh dan sung Truong AK,M4 cua Ryan Smith thanh 500 (/setdan)
[2021/10/11 - 14:48:38] Shi da dieu chinh dan sung Luc cua Thor Ne thanh 0 (/setdan)
[2021/10/11 - 16:16:06] Ryan Smith da dieu chinh dan sung Luc cua Ryan Smith thanh 300 (/setdan)
[2021/10/12 - 22:24:34] Shi da dieu chinh dan sung Truong AK,M4 cua Shi thanh 100000 (/setdan)
[2021/10/12 - 22:32:08] Shi da dieu chinh dan sung Truong AK,M4 cua Shi thanh 1000 (/setdan)
[2021/10/16 - 12:48:46] MingQuang da dieu chinh dan sung nham Sniper cua Jayz Niggzen thanh 507 (/setdan)
[2021/10/19 - 13:19:41] Shi da dieu chinh dan sung Luc cua Shi thanh 1000 (/setdan)
[2021/10/19 - 15:05:36] Danh Vo da dieu chinh dan sung Luc cua Danh Vo thanh 300 (/setdan)
[2021/10/19 - 15:05:38] Danh Vo da dieu chinh dan sung Shotgun cua Danh Vo thanh 300 (/setdan)
[2021/10/19 - 15:05:40] Danh Vo da dieu chinh dan sung May MP5,Tec9 cua Danh Vo thanh 300 (/setdan)
[2021/10/20 - 18:06:21] Mr AIexander da dieu chinh dan sung Luc cua Mr AIexander thanh 999 (/setdan)
[2021/10/20 - 19:28:20] Shi da dieu chinh dan sung Truong AK,M4 cua Shi thanh 100 (/setdan)
[2021/10/20 - 20:14:47] Shi da dieu chinh dan sung Truong AK,M4 cua Shi thanh 1000 (/setdan)
[2021/10/21 - 23:20:20] Shi da dieu chinh dan sung Truong AK,M4 cua Shi thanh 1000 (/setdan)
[2021/10/23 - 2:22:39] Shi da dieu chinh dan sung Truong AK,M4 cua Shi thanh 100 (/setdan)
[2021/10/23 - 12:47:54] Shi da dieu chinh dan sung Truong AK,M4 cua Shi thanh 1000 (/setdan)
[2021/10/23 - 13:03:42] Ryan Smith da dieu chinh dan sung Luc cua Ryan Smith thanh 0 (/setdan)
