[2021/7/28 - 17:33:12] {AA3333}AdmCmd{FFFF00}: Rich Brian da thanh toan so tien la 600 Ucoin cho he thong khi su dung dich vu.
[2021/7/28 - 17:33:50] {AA3333}AdmCmd{FFFF00}: Long da thanh toan so tien la 4 Ucoin cho he thong khi su dung dich vu.
[2021/7/28 - 17:34:45] {AA3333}AdmCmd{FFFF00}: Long da thanh toan so tien la -1 Ucoin cho he thong khi su dung dich vu.
[2021/7/28 - 18:00:57] {AA3333}AdmCmd{FFFF00}: Rich Brian da thanh toan so tien la 200 Ucoin cho he thong khi su dung dich vu.
[2021/7/28 - 18:20:08] {AA3333}AdmCmd{FFFF00}: Rich Brian da thanh toan so tien la 200 Ucoin cho he thong khi su dung dich vu.
[2021/8/1 - 3:08:16] {AA3333}AdmCmd{FFFF00}: Babi Kun da thanh toan so tien la -300 Ucoin cho he thong khi su dung dich vu.
[2021/8/1 - 18:29:49] {AA3333}AdmCmd{FFFF00}: MingQuang da thanh toan so tien la -500 Ucoin cho he thong khi su dung dich vu.
[2021/8/4 - 3:31:40] {AA3333}AdmCmd{FFFF00}: Babi Kun da thanh toan so tien la -2400 Ucoin cho he thong khi su dung dich vu.
[2021/8/4 - 4:06:52] {AA3333}AdmCmd{FFFF00}: Babi Kun da thanh toan so tien la 300 Ucoin cho he thong khi su dung dich vu.
[2021/8/4 - 4:25:43] {AA3333}AdmCmd{FFFF00}: Babi Kun da thanh toan so tien la 100 Ucoin cho he thong khi su dung dich vu.
[2021/8/5 - 14:53:15] {AA3333}AdmCmd{FFFF00}: Babi Kun da thanh toan so tien la -600 Ucoin cho he thong khi su dung dich vu.
[2021/8/7 - 4:37:03] {AA3333}AdmCmd{FFFF00}: Babi Kun da thanh toan so tien la -600 Ucoin cho he thong khi su dung dich vu.
[2021/8/7 - 4:48:55] {AA3333}AdmCmd{FFFF00}: Babi Kun da thanh toan so tien la -360 Ucoin cho he thong khi su dung dich vu.
[2021/8/7 - 4:50:11] {AA3333}AdmCmd{FFFF00}: MingQuang da thanh toan so tien la -1000 Ucoin cho he thong khi su dung dich vu.
[2021/8/8 - 4:40:25] {AA3333}AdmCmd{FFFF00}: MingQuang da thanh toan so tien la -500 Ucoin cho he thong khi su dung dich vu.
[2021/8/11 - 0:21:47] {AA3333}AdmCmd{FFFF00}: Babi Kun da thanh toan so tien la 1000 Ucoin cho he thong khi su dung dich vu.
[2021/8/14 - 0:08:10] {AA3333}AdmCmd{FFFF00}: MingQuang da thanh toan so tien la 1 Ucoin cho he thong khi su dung dich vu.
[2021/8/14 - 0:08:10] {AA3333}AdmCmd{FFFF00}: MingQuang da thanh toan so tien la 0 Ucoin cho he thong khi su dung dich vu.
[2021/8/14 - 0:08:10] {AA3333}AdmCmd{FFFF00}: MingQuang da thanh toan so tien la 0 Ucoin cho he thong khi su dung dich vu.
[2021/8/14 - 0:08:11] {AA3333}AdmCmd{FFFF00}: MingQuang da thanh toan so tien la 0 Ucoin cho he thong khi su dung dich vu.
[2021/8/14 - 0:08:31] {AA3333}AdmCmd{FFFF00}: MingQuang da thanh toan so tien la -1 Ucoin cho he thong khi su dung dich vu.
[2021/8/14 - 0:08:32] {AA3333}AdmCmd{FFFF00}: MingQuang da thanh toan so tien la 0 Ucoin cho he thong khi su dung dich vu.
[2021/8/14 - 0:08:33] {AA3333}AdmCmd{FFFF00}: MingQuang da thanh toan so tien la 0 Ucoin cho he thong khi su dung dich vu.
[2021/8/14 - 0:08:33] {AA3333}AdmCmd{FFFF00}: MingQuang da thanh toan so tien la 0 Ucoin cho he thong khi su dung dich vu.
[2021/8/14 - 0:08:34] {AA3333}AdmCmd{FFFF00}: MingQuang da thanh toan so tien la 0 Ucoin cho he thong khi su dung dich vu.
[2021/8/14 - 0:09:32] {AA3333}AdmCmd{FFFF00}: Shi Master da thanh toan so tien la 10000000 Ucoin cho he thong khi su dung dich vu.
[2021/8/17 - 6:03:41] {AA3333}AdmCmd{FFFF00}: Shark Boy da thanh toan so tien la -500 Ucoin cho he thong khi su dung dich vu.
[2021/8/17 - 6:04:06] {AA3333}AdmCmd{FFFF00}: Rot Bot da thanh toan so tien la -500 Ucoin cho he thong khi su dung dich vu.
[2021/8/17 - 6:04:51] {AA3333}AdmCmd{FFFF00}: Ha Ngo da thanh toan so tien la -500 Ucoin cho he thong khi su dung dich vu.
[2021/8/17 - 6:06:11] {AA3333}AdmCmd{FFFF00}: MingQuang da thanh toan so tien la -500 Ucoin cho he thong khi su dung dich vu.
[2021/8/17 - 7:11:40] {AA3333}AdmCmd{FFFF00}: MingQuang da thanh toan so tien la -999 Ucoin cho he thong khi su dung dich vu.
[2021/8/17 - 8:03:25] {AA3333}AdmCmd{FFFF00}: Babi Kun da thanh toan so tien la 2000 Ucoin cho he thong khi su dung dich vu.
[2021/8/18 - 0:12:01] {AA3333}AdmCmd{FFFF00}: Babi Kun da thanh toan so tien la -1200 Ucoin cho he thong khi su dung dich vu.
[2021/8/19 - 0:30:02] {AA3333}AdmCmd{FFFF00}: Babi Kun da thanh toan so tien la -1000 Ucoin cho he thong khi su dung dich vu.
[2021/8/19 - 10:11:16] {AA3333}AdmCmd{FFFF00}: MingQuang da thanh toan so tien la -52 Ucoin cho he thong khi su dung dich vu.
[2021/8/19 - 20:43:54] {AA3333}AdmCmd{FFFF00}: Gau Den da thanh toan so tien la -2400 Ucoin cho he thong khi su dung dich vu.
[2021/8/22 - 18:34:49] {AA3333}AdmCmd{FFFF00}: Beo ly da thanh toan so tien la 2400 Ucoin cho he thong khi su dung dich vu.
[2021/8/23 - 18:16:27] {AA3333}AdmCmd{FFFF00}: Tran Trung Hau da thanh toan so tien la 999999 Ucoin cho he thong khi su dung dich vu.
[2021/8/26 - 21:58:42] {AA3333}AdmCmd{FFFF00}: Beo ly da thanh toan so tien la 1200 Ucoin cho he thong khi su dung dich vu.
[2021/8/28 - 19:41:17] {AA3333}AdmCmd{FFFF00}: MingQuang da thanh toan so tien la 1552 Ucoin cho he thong khi su dung dich vu.
[2021/8/31 - 13:19:53] {AA3333}AdmCmd{FFFF00}: Thuan Truong da thanh toan so tien la 600 Ucoin cho he thong khi su dung dich vu.
[2021/8/31 - 23:31:57] {AA3333}AdmCmd{FFFF00}: Thuan Truong da thanh toan so tien la 1400 Ucoin cho he thong khi su dung dich vu.
[2021/9/1 - 17:55:33] {AA3333}AdmCmd{FFFF00}: Thuan Truong da thanh toan so tien la 1400 Ucoin cho he thong khi su dung dich vu.
[2021/9/2 - 12:14:14] {AA3333}AdmCmd{FFFF00}: Thuan Truong da thanh toan so tien la 1400 Ucoin cho he thong khi su dung dich vu.
[2021/9/2 - 12:22:54] {AA3333}AdmCmd{FFFF00}: Thuan Truong da thanh toan so tien la 600 Ucoin cho he thong khi su dung dich vu.
[2021/9/2 - 14:23:23] {AA3333}AdmCmd{FFFF00}: Marcus Alexander da thanh toan so tien la 1200 Ucoin cho he thong khi su dung dich vu.
[2021/9/4 - 15:19:57] {AA3333}AdmCmd{FFFF00}: Shark Boy da thanh toan so tien la 600 Ucoin cho he thong khi su dung dich vu.
[2021/9/5 - 23:46:03] {AA3333}AdmCmd{FFFF00}: Miu Pro da thanh toan so tien la -50 Ucoin cho he thong khi su dung dich vu.
[2021/9/5 - 23:46:14] {AA3333}AdmCmd{FFFF00}: Miu Pro da thanh toan so tien la -50 Ucoin cho he thong khi su dung dich vu.
[2021/9/7 - 0:11:25] {AA3333}AdmCmd{FFFF00}: Enrique Iglesians da thanh toan so tien la 900 Ucoin cho he thong khi su dung dich vu.
[2021/9/7 - 0:41:26] {AA3333}AdmCmd{FFFF00}: Babi Kun da thanh toan so tien la 1001 Ucoin cho he thong khi su dung dich vu.
[2021/9/8 - 13:33:58] {AA3333}AdmCmd{FFFF00}: Shi da thanh toan so tien la -10000 Ucoin cho he thong khi su dung dich vu.
[2021/9/8 - 20:36:55] {AA3333}AdmCmd{FFFF00}: Rot Bot da thanh toan so tien la 600 Ucoin cho he thong khi su dung dich vu.
[2021/9/10 - 17:56:08] {AA3333}AdmCmd{FFFF00}: Richard Drake da thanh toan so tien la 1400 Ucoin cho he thong khi su dung dich vu.
[2021/9/10 - 22:11:50] {AA3333}AdmCmd{FFFF00}: Babi Kun da thanh toan so tien la 600 Ucoin cho he thong khi su dung dich vu.
[2021/9/11 - 13:47:44] {AA3333}AdmCmd{FFFF00}: Shark Boy da thanh toan so tien la 600 Ucoin cho he thong khi su dung dich vu.
[2021/9/14 - 1:19:11] {AA3333}AdmCmd{FFFF00}: Babi Kun da thanh toan so tien la 420 Ucoin cho he thong khi su dung dich vu.
[2021/9/29 - 20:03:37] {AA3333}AdmCmd{FFFF00}: Aston Martin da thanh toan so tien la 12000 Ucoin cho he thong khi su dung dich vu.
[2021/10/1 - 15:37:07] {AA3333}AdmCmd{FFFF00}: TruongTri Thuan da thanh toan so tien la 600 Ucoin cho he thong khi su dung dich vu.
[2021/10/3 - 22:03:25] {AA3333}AdmCmd{FFFF00}: Fox Drake da thanh toan so tien la 1920 Ucoin cho he thong khi su dung dich vu.
[2021/10/3 - 22:13:15] {AA3333}AdmCmd{FFFF00}: Fox Drake da thanh toan so tien la 600 Ucoin cho he thong khi su dung dich vu.
[2021/10/3 - 22:34:45] {AA3333}AdmCmd{FFFF00}: Tientom da thanh toan so tien la 1 Ucoin cho he thong khi su dung dich vu.
[2021/10/4 - 1:24:21] {AA3333}AdmCmd{FFFF00}: Mr Alexander da thanh toan so tien la 6418 Ucoin cho he thong khi su dung dich vu.
[2021/10/4 - 1:24:56] {AA3333}AdmCmd{FFFF00}: Mr Alexander da thanh toan so tien la 150 Ucoin cho he thong khi su dung dich vu.
[2021/10/7 - 17:47:47] {AA3333}AdmCmd{FFFF00}: Michael Raphael da thanh toan so tien la 100 Ucoin cho he thong khi su dung dich vu.
[2021/10/9 - 0:09:39] {AA3333}AdmCmd{FFFF00}: Shi da thanh toan so tien la -200 Ucoin cho he thong khi su dung dich vu.
[2021/10/11 - 19:55:41] {AA3333}AdmCmd{FFFF00}: Rot Bot da thanh toan so tien la 600 Ucoin cho he thong khi su dung dich vu.
[2021/10/13 - 19:40:10] {AA3333}AdmCmd{FFFF00}: kiet nguyen da thanh toan so tien la 100 Ucoin cho he thong khi su dung dich vu.
[2021/10/14 - 17:23:57] {AA3333}AdmCmd{FFFF00}: Brian Zeros da thanh toan so tien la 1440 Ucoin cho he thong khi su dung dich vu.
[2021/10/15 - 11:43:37] {AA3333}AdmCmd{FFFF00}: kiet nguyen da thanh toan so tien la 200 Ucoin cho he thong khi su dung dich vu.
[2021/10/15 - 20:48:22] {AA3333}AdmCmd{FFFF00}: Kevin Nguyen da thanh toan so tien la 500 Ucoin cho he thong khi su dung dich vu.
[2021/10/15 - 23:20:29] {AA3333}AdmCmd{FFFF00}: Shi da thanh toan so tien la -5000 Ucoin cho he thong khi su dung dich vu.
[2021/10/18 - 12:41:07] {AA3333}AdmCmd{FFFF00}: red man da thanh toan so tien la 100 Ucoin cho he thong khi su dung dich vu.
[2021/10/19 - 18:18:46] {AA3333}AdmCmd{FFFF00}: kiet nguyen da thanh toan so tien la 900 Ucoin cho he thong khi su dung dich vu.
[2021/10/23 - 18:46:45] {AA3333}AdmCmd{FFFF00}: Ricardo James da thanh toan so tien la 1800 Ucoin cho he thong khi su dung dich vu.
