[2017/12/30 - 14:23:00] Dat has edited Text Label ID 41's text to Dung lenh /loadtruck -  va di ra checkpoint sau do quay lai day  lay hang.
[2017/12/30 - 14:23:10] Dat has edited Text Label ID 41's position.
[2017/12/30 - 15:13:49] Dat has edited Text Label ID 48's text to Out Door.
[2017/12/30 - 15:13:59] Dat has edited Text Label ID 48's position.
[2017/12/30 - 15:14:12] Dat has edited Text Label ID 48's position.
[2017/12/30 - 15:14:22] Dat has edited Text Label ID 48's position.
[2017/12/30 - 15:52:54] Dat has edited Text Label ID 49's text to Khi len xe - Dung lenh /loadtruck .
[2017/12/30 - 15:53:01] Dat has edited Text Label ID 49's position.
[2017/12/30 - 15:53:23] Dat has edited Text Label ID 50's text to Khi len xe - Dug lenh /loadtruck .
[2017/12/30 - 15:53:30] Dat has edited Text Label ID 50's position.
[2017/12/30 - 15:53:53] Dat has edited Text Label ID 51's text to Khi len xe - Dug lenh /loadtruck .
[2017/12/30 - 15:53:57] Dat has edited Text Label ID 51's position.
[2017/12/30 - 15:54:07] Dat has edited Text Label ID 52's text to Khi len xe - Dug lenh /loadtruck .
[2017/12/30 - 15:54:11] Dat has edited Text Label ID 52's position.
[2017/12/31 - 15:41:16] Dat VGTA has deleted Text Label 2.
[2018/1/1 - 10:59:33] Dat VGTA has deleted Text Label 2.
[2018/1/1 - 15:46:44] Loc Vgta has edited Text Label ID 1's position.
[2018/1/1 - 15:47:54] Loc Vgta has edited Text Label ID 1's text to Exit o day.
[2018/1/1 - 18:35:43] LongBi has edited Text Label ID 2's position.
[2018/1/1 - 18:36:27] LongBi has edited Text Label ID 2's text to City Hall O Day.
[2018/1/1 - 21:56:46] Dat VGTA has edited Text Label ID 41's text to Loi Ra .
[2018/1/1 - 21:56:58] Dat VGTA has edited Text Label ID 41's position.
[2018/1/1 - 21:57:14] Dat VGTA has edited Text Label ID 41's position.
[2018/1/1 - 21:58:33] loc vgta has edited Text Label ID 48's text to Bug - khong /enter or [ ALT ].
[2018/1/1 - 21:59:06] loc vgta has edited Text Label ID 48's position.
[2018/1/1 - 22:00:19] loc vgta has deleted Text Label 48.
[2018/1/2 - 16:27:34] Dat VGTA has edited Text Label ID 48's text to Tram Dung xe Bus.
[2018/1/2 - 16:27:43] Dat VGTA has edited Text Label ID 48's position.
[2018/1/2 - 16:27:47] Dat VGTA has edited Text Label ID 48's position.
[2018/1/2 - 16:27:53] Dat VGTA has edited Text Label ID 48's position.
[2018/1/2 - 16:28:00] Dat VGTA has edited Text Label ID 48's color.
[2018/1/2 - 20:19:32] Loc vgta has edited Text Label ID 49's text to Loi Ra.
[2018/1/2 - 20:19:49] Loc vgta has edited Text Label ID 49's position.
[2018/1/2 - 20:20:47] Loc vgta has edited Text Label ID 49's position.
[2018/1/2 - 20:27:55] Loc vgta has edited Text Label ID 49's position.
[2018/1/6 - 11:04:45] LongBi has edited Text Label ID 50's position.
[2018/1/6 - 11:05:04] LongBi has edited Text Label ID 50's text to Phong Hoc Vo O Tren.
[2018/1/6 - 11:07:41] LongBi has edited Text Label ID 50's color.
[2018/1/6 - 11:07:43] LongBi has edited Text Label ID 50's color.
[2018/1/6 - 11:07:49] LongBi has edited Text Label ID 50's color.
[2018/1/9 - 21:17:41] LongBi has edited Text Label ID 1's position.
[2018/1/9 - 21:18:23] LongBi has edited Text Label ID 1's text to Galaxy Cinema V.G.T.A.
[2018/1/9 - 21:18:28] LongBi has edited Text Label ID 1's text to Galaxy Cinema V.G.T.A.
[2018/1/9 - 21:18:44] LongBi has edited Text Label ID 1's color.
[2018/1/9 - 21:18:46] LongBi has edited Text Label ID 1's color.
[2018/1/9 - 21:18:50] LongBi has edited Text Label ID 1's color.
[2018/1/9 - 21:19:31] LongBi has edited Text Label ID 1's color.
[2018/1/9 - 21:19:33] LongBi has edited Text Label ID 1's color.
[2018/1/9 - 21:19:35] LongBi has edited Text Label ID 1's color.
[2018/1/9 - 21:19:37] LongBi has edited Text Label ID 1's color.
[2018/1/9 - 21:19:39] LongBi has edited Text Label ID 1's color.
[2018/1/9 - 21:19:42] LongBi has edited Text Label ID 1's color.
[2018/1/9 - 21:19:45] LongBi has edited Text Label ID 1's color.
[2018/1/9 - 21:19:46] LongBi has edited Text Label ID 1's color.
[2018/1/9 - 21:20:17] LongBi has edited Text Label ID 51's position.
[2018/1/9 - 21:20:25] LongBi has edited Text Label ID 51's text to Exit o day.
[2018/1/9 - 21:20:36] LongBi has edited Text Label ID 51's position.
[2018/1/9 - 21:38:08] LongBi has deleted Text Label 1.
[2018/1/25 - 22:07:45] LongBi has edited Text Label ID 1's position.
[2018/1/25 - 22:08:05] LongBi has edited Text Label ID 1's text to (Alt De ra ngoai).
[2018/1/25 - 22:08:24] LongBi has edited Text Label ID 1's text to ( Bam (Alt) De Xuong Shop Car).
[2018/1/25 - 22:08:44] LongBi has edited Text Label ID 1's position.
[2018/1/25 - 23:35:05] loc vgta has edited Text Label ID 52's position.
[2018/1/25 - 23:35:18] loc vgta has edited Text Label ID 52's text to Closed !!.
[2018/1/25 - 23:35:47] loc vgta has edited Text Label ID 52's position.
[2018/1/26 - 11:27:33] loc vgta has edited Text Label ID 53's position.
[2018/1/26 - 11:27:45] loc vgta has edited Text Label ID 53's text to Exit.
[2018/1/26 - 11:27:54] loc vgta has edited Text Label ID 53's color.
[2018/1/29 - 20:30:32] test hacne has edited Text Label ID 54's position.
[2018/1/29 - 20:31:14] test hacne has edited Text Label ID 54's text to BAM 'F' DE UONG NUOC.
[2018/1/29 - 20:31:20] test hacne has edited Text Label ID 54's position.
[2018/1/29 - 20:31:32] test hacne has edited Text Label ID 54's text to BAM 'F' De Uong Nuoc.
[2018/1/30 - 19:20:38] TienTom has deleted Text Label 41.
[2018/8/27 - 23:12:45] Tien Tom has edited Text Label ID 55's position.
[2018/8/27 - 23:13:04] Tien Tom has edited Text Label ID 55's text to [/exit] De lay xe ra ngoai.
[2018/8/28 - 20:48:13] Tien Tom has deleted Text Label 55.
[2018/8/28 - 21:08:29] Tien Tom has edited Text Label ID 55's position.
[2018/8/28 - 21:08:49] Tien Tom has edited Text Label ID 55's text to Su dung [/train] de hoc vo.
[2018/8/28 - 21:09:00] Tien Tom has edited Text Label ID 55's text to [/train] De hoc vo.
[2018/8/28 - 21:09:14] Tien Tom has edited Text Label ID 55's position.
[2018/8/28 - 21:09:27] Tien Tom has edited Text Label ID 55's position.
[2018/8/28 - 21:24:21] Tien Tom has edited Text Label ID 56's position.
[2018/8/28 - 21:24:47] Tien Tom has edited Text Label ID 56's text to [/guitien] roi dung [/chuyentien] de su dung dich vu ngan hang.
[2018/8/28 - 21:25:02] Tien Tom has edited Text Label ID 56's text to [/guitien] roi dung [/chuyentien] de su dung dich vu chuyen tien tai ngan hang.
[2018/8/28 - 21:25:51] Tien Tom has edited Text Label ID 57's position.
[2018/8/28 - 21:26:01] Tien Tom has edited Text Label ID 57's text to [/guitien] roi dung [/chuyentien] de su dung dich vu chuyen tien tai ngan hang.
[2018/8/30 - 23:06:35] Tien Tom has edited Text Label ID 52's text to Khu mod xe.
[2018/9/16 - 10:08:03] Tien Tom has deleted Text Label 41.
[2021/7/11 - 13:13:56] Long has deleted Text Label 62.
[2021/7/11 - 14:18:36] Long has deleted Text Label 86.
[2021/7/16 - 15:30:24] Long has deleted Text Label 59.
[2021/7/16 - 15:44:13] Tobi has edited Text Label ID 59's position.
[2021/7/16 - 15:47:11] Tobi has edited Text Label ID 59's text to [ALT] Nha Giam.
[2021/7/16 - 15:47:20] Tobi has edited Text Label ID 59's PickupModel.
[2021/7/16 - 15:47:23] Tobi has edited Text Label ID 59's PickupModel.
[2021/7/16 - 15:47:25] Tobi has edited Text Label ID 59's PickupModel.
[2021/7/16 - 15:47:28] Tobi has edited Text Label ID 59's PickupModel.
[2021/7/16 - 15:47:30] Tobi has edited Text Label ID 59's PickupModel.
[2021/7/16 - 15:47:32] Tobi has edited Text Label ID 59's PickupModel.
[2021/7/16 - 15:47:34] Tobi has edited Text Label ID 59's PickupModel.
[2021/7/16 - 15:55:44] Tobi has edited Text Label ID 62's position.
[2021/7/16 - 15:55:52] Tobi has edited Text Label ID 62's text to [ALT] Di xuong.
[2021/7/16 - 23:09:05] Tobi has edited Text Label ID 73's position.
[2021/7/16 - 23:09:14] Tobi has edited Text Label ID 73's text to [ALT] Ve vien LV.
[2021/7/17 - 7:59:19] Tien Tom has edited Text Label ID 86's position.
[2021/7/17 - 7:59:53] Tien Tom has edited Text Label ID 86's text to Nha tu [/exit].
[2021/7/17 - 10:10:20] Tien Tom has edited Text Label ID 99's position.
[2021/7/17 - 10:10:57] Tien Tom has edited Text Label ID 99's text to Loi vao [/exit].
[2021/7/17 - 20:47:54] Xander Archer has edited Text Label ID 64's text to HQ - So huu : Admin.
[2021/7/18 - 16:19:34] Long has edited Text Label ID 64's text to a.
[2021/7/18 - 16:19:43] Long has edited Text Label ID 64's text to HQ - So Huu: Thanh Phan.
[2021/7/18 - 20:00:38] TienTom has edited Text Label ID 100's position.
[2021/7/18 - 20:01:20] TienTom has edited Text Label ID 100's text to (/muathucan) de mua thuc an.
[2021/7/18 - 20:04:28] TienTom has edited Text Label ID 100's position.
[2021/7/19 - 2:10:41] MingQuang has edited Text Label ID 101's position.
[2021/7/19 - 2:10:53] MingQuang has edited Text Label ID 101's text to Chua Te Ming Quang.
[2021/7/19 - 2:10:59] MingQuang has edited Text Label ID 101's color.
[2021/7/19 - 2:11:00] MingQuang has edited Text Label ID 101's color.
[2021/7/19 - 2:11:02] MingQuang has edited Text Label ID 101's color.
[2021/7/19 - 2:11:03] MingQuang has edited Text Label ID 101's color.
[2021/7/19 - 2:11:05] MingQuang has edited Text Label ID 101's color.
[2021/7/19 - 2:11:27] MingQuang has edited Text Label ID 101's position.
[2021/7/19 - 12:00:08] TienTom has edited Text Label ID 102's position.
[2021/7/19 - 12:00:35] TienTom has edited Text Label ID 102's text to (/muavukhi).
[2021/7/19 - 12:01:30] TienTom has edited Text Label ID 100's position.
[2021/7/19 - 12:01:37] TienTom has edited Text Label ID 100's position.
[2021/7/19 - 20:06:03] Long has deleted Text Label 65.
[2021/7/19 - 20:07:30] Long has deleted Text Label 63.
[2021/7/19 - 20:24:32] Long has deleted Text Label 66.
[2021/7/19 - 20:47:42] Long has edited Text Label ID 63's position.
[2021/7/19 - 20:48:03] Long has edited Text Label ID 63's text to Bam 'Alt' Hoac (/exit) De di len tren.
[2021/7/19 - 20:48:15] Long has edited Text Label ID 63's color.
[2021/7/19 - 20:48:17] Long has edited Text Label ID 63's color.
[2021/7/19 - 20:48:18] Long has edited Text Label ID 63's color.
[2021/7/19 - 20:48:20] Long has edited Text Label ID 63's color.
[2021/7/19 - 20:48:23] Long has edited Text Label ID 63's color.
[2021/7/19 - 20:48:32] Long has edited Text Label ID 63's PickupModel.
[2021/7/19 - 20:48:35] Long has edited Text Label ID 63's PickupModel.
[2021/7/19 - 20:48:36] Long has edited Text Label ID 63's PickupModel.
[2021/7/19 - 20:48:38] Long has edited Text Label ID 63's PickupModel.
[2021/7/19 - 20:48:41] Long has edited Text Label ID 63's PickupModel.
[2021/7/19 - 20:48:43] Long has edited Text Label ID 63's PickupModel.
[2021/7/19 - 20:48:45] Long has edited Text Label ID 63's PickupModel.
[2021/7/19 - 20:48:47] Long has edited Text Label ID 63's PickupModel.
[2021/7/19 - 20:48:49] Long has edited Text Label ID 63's PickupModel.
[2021/7/19 - 20:48:52] Long has edited Text Label ID 63's PickupModel.
[2021/7/19 - 20:48:54] Long has edited Text Label ID 63's PickupModel.
[2021/7/19 - 20:48:57] Long has edited Text Label ID 63's PickupModel.
[2021/7/19 - 20:48:59] Long has edited Text Label ID 63's PickupModel.
[2021/7/19 - 23:35:46] Long has deleted Text Label 81.
[2021/7/20 - 2:13:17] MingQuang has edited Text Label ID 65's position.
[2021/7/20 - 2:13:26] MingQuang has edited Text Label ID 65's text to [ALT] Up.
[2021/7/20 - 23:41:21] Long has edited Text Label ID 66's position.
[2021/7/20 - 23:41:55] Long has edited Text Label ID 66's text to Hood F2.
[2021/7/20 - 23:42:07] Long has edited Text Label ID 66's PickupModel.
[2021/7/20 - 23:42:15] Long has edited Text Label ID 66's color.
[2021/7/20 - 23:42:30] Long has edited Text Label ID 66's text to Hood - So Huu: F2.
[2021/7/21 - 0:03:02] Long has edited Text Label ID 81's position.
[2021/7/21 - 0:03:20] Long has edited Text Label ID 81's text to [/train] De Hoc Vo.
[2021/7/21 - 0:03:49] Long has deleted Text Label 95.
[2021/7/21 - 0:54:34] Long has edited Text Label ID 95's position.
[2021/7/21 - 0:54:49] Long has edited Text Label ID 95's text to [/tratienve] De Qua Tram.
[2021/7/21 - 0:55:10] Long has edited Text Label ID 103's position.
[2021/7/21 - 0:55:16] Long has edited Text Label ID 103's text to [/tratienve] De Qua Tram.
[2021/7/21 - 0:55:44] Long has edited Text Label ID 103's text to [ /tratienve ] De Qua Tram.
[2021/7/21 - 0:55:52] Long has edited Text Label ID 95's text to [ /tratienve ] De Qua Tram.
[2021/7/21 - 13:19:23] Long has deleted Text Label 10.
[2021/7/22 - 13:50:08] Long has edited Text Label ID 81's text to [/train] De Hoc Vo - Grabkick Bi Loi.
[2021/7/22 - 13:59:40] Long has edited Text Label ID 10's position.
[2021/7/22 - 14:02:07] Long has edited Text Label ID 10's text to [/train] De Hoc Vo - Grabkick Dang Bi Loi.
[2021/7/25 - 0:57:15] Shi Master has edited Text Label ID 104's text to HQ So Huu : Rich Brian.
[2021/7/25 - 0:57:19] Shi Master has edited Text Label ID 104's position.
[2021/7/25 - 0:57:34] Shi Master has edited Text Label ID 104's PickupModel.
[2021/7/25 - 0:57:37] Shi Master has edited Text Label ID 104's PickupModel.
[2021/7/25 - 0:57:39] Shi Master has edited Text Label ID 104's PickupModel.
[2021/7/25 - 0:57:53] Shi Master has edited Text Label ID 104's color.
[2021/7/25 - 0:57:55] Shi Master has edited Text Label ID 104's color.
[2021/7/25 - 0:57:56] Shi Master has edited Text Label ID 104's color.
[2021/7/25 - 0:58:09] Shi Master has edited Text Label ID 104's PickupModel.
[2021/7/25 - 0:58:11] Shi Master has edited Text Label ID 104's PickupModel.
[2021/7/25 - 0:58:14] Shi Master has edited Text Label ID 104's PickupModel.
[2021/7/25 - 15:30:21] Shi Master has edited Text Label ID 105's position.
[2021/7/25 - 15:30:31] Shi Master has edited Text Label ID 105's PickupModel.
[2021/7/25 - 15:30:38] Shi Master has edited Text Label ID 105's PickupModel.
[2021/7/25 - 15:30:41] Shi Master has edited Text Label ID 105's PickupModel.
[2021/7/25 - 15:30:44] Shi Master has edited Text Label ID 105's PickupModel.
[2021/7/25 - 15:31:02] Shi Master has edited Text Label ID 105's text to Khu Dat ( So Huu: Rich Brian).
[2021/7/25 - 15:31:14] Shi Master has edited Text Label ID 105's PickupModel.
[2021/7/25 - 15:31:24] Shi Master has edited Text Label ID 105's color.
[2021/7/25 - 16:44:59] MingQuang has deleted Text Label 41.
[2021/7/26 - 19:51:05] MingQuang has edited Text Label ID 41's position.
[2021/7/26 - 19:51:15] MingQuang has edited Text Label ID 41's text to [ALT]Exit.
[2021/7/28 - 18:20:19] Long has edited Text Label ID 106's position.
[2021/7/28 - 18:20:45] Long has edited Text Label ID 106's text to [/train] De Hoc Vo - Grabkick Bi Loi~.
[2021/7/29 - 4:34:52] MingQuang has edited Text Label ID 107's position.
[2021/7/29 - 4:35:05] MingQuang has edited Text Label ID 107's text to Biet Thu [Owner : Babi Kun].
[2021/7/29 - 4:52:18] MingQuang has edited Text Label ID 107's PickupModel.
[2021/7/29 - 4:52:19] MingQuang has edited Text Label ID 107's PickupModel.
[2021/7/29 - 4:52:20] MingQuang has edited Text Label ID 107's PickupModel.
[2021/7/29 - 4:52:23] MingQuang has edited Text Label ID 107's PickupModel.
[2021/7/29 - 4:52:27] MingQuang has edited Text Label ID 107's PickupModel.
[2021/7/29 - 4:52:29] MingQuang has edited Text Label ID 107's PickupModel.
[2021/7/29 - 4:52:30] MingQuang has edited Text Label ID 107's PickupModel.
[2021/7/29 - 4:52:38] MingQuang has edited Text Label ID 107's PickupModel.
[2021/7/29 - 4:52:40] MingQuang has edited Text Label ID 107's PickupModel.
[2021/7/29 - 4:52:41] MingQuang has edited Text Label ID 107's PickupModel.
[2021/7/29 - 4:52:44] MingQuang has edited Text Label ID 107's PickupModel.
[2021/7/31 - 23:48:19] Long has deleted Text Label 59.
[2021/8/1 - 12:20:42] TienTom has deleted Text Label 101.
[2021/8/1 - 16:02:50] Long has deleted Text Label 68.
[2021/8/1 - 16:37:42] MingQuang has deleted Text Label 94.
[2021/8/1 - 16:50:25] MingQuang has edited Text Label ID 59's position.
[2021/8/1 - 16:50:32] MingQuang has edited Text Label ID 59's text to [ALT] San Thuong.
[2021/8/1 - 16:51:17] MingQuang has edited Text Label ID 68's position.
[2021/8/1 - 16:51:23] MingQuang has edited Text Label ID 68's text to [ALT] Garage.
[2021/8/1 - 16:52:44] MingQuang has deleted Text Label 76.
[2021/8/1 - 16:52:57] MingQuang has deleted Text Label 48.
[2021/8/1 - 17:17:12] MingQuang has edited Text Label ID 48's position.
[2021/8/1 - 17:17:20] MingQuang has edited Text Label ID 48's text to HongKong Town.
[2021/8/1 - 17:20:46] MingQuang has edited Text Label ID 76's position.
[2021/8/1 - 17:21:04] MingQuang has edited Text Label ID 76's text to Babi Boat.
[2021/8/1 - 17:21:11] MingQuang has edited Text Label ID 76's PickupModel.
[2021/8/1 - 17:21:13] MingQuang has edited Text Label ID 76's PickupModel.
[2021/8/1 - 17:21:15] MingQuang has edited Text Label ID 76's PickupModel.
[2021/8/1 - 17:30:17] Long has edited Text Label ID 66's text to Hood - So Huu: Team Boy.
[2021/8/1 - 17:53:14] MingQuang has edited Text Label ID 59's position.
[2021/8/1 - 17:53:17] MingQuang has edited Text Label ID 58's position.
[2021/8/1 - 17:53:29] MingQuang has edited Text Label ID 58's text to [ALT] Garage.
[2021/8/3 - 17:44:32] Long has edited Text Label ID 94's position.
[2021/8/3 - 17:45:15] Long has edited Text Label ID 94's text to Nho [/giaodau] Sau Khi Lay Dau Xong.
[2021/8/3 - 17:45:21] Long has edited Text Label ID 94's color.
[2021/8/3 - 17:45:23] Long has edited Text Label ID 94's color.
[2021/8/3 - 17:46:00] Long has edited Text Label ID 101's position.
[2021/8/3 - 17:46:22] Long has edited Text Label ID 101's text to Nho [/giaodau] Sau Khi Lay Dau Xong.
[2021/8/8 - 23:40:14] MingQuang has deleted Text Label 43.
[2021/8/9 - 15:16:39] MingQuang has edited Text Label ID 43's position.
[2021/8/9 - 15:17:10] MingQuang has edited Text Label ID 43's text to Biet Thu - [Owner : Babi Kun].
[2021/8/9 - 15:17:16] MingQuang has edited Text Label ID 43's position.
[2021/8/9 - 15:17:19] MingQuang has edited Text Label ID 43's position.
[2021/8/9 - 15:17:22] MingQuang has edited Text Label ID 43's position.
[2021/8/9 - 15:17:23] MingQuang has edited Text Label ID 43's position.
[2021/8/9 - 15:17:27] MingQuang has edited Text Label ID 43's PickupModel.
[2021/8/9 - 15:17:44] MingQuang has edited Text Label ID 43's position.
[2021/8/9 - 21:42:22] Long has deleted Text Label 8.
[2021/8/9 - 22:32:22] Long has edited Text Label ID 8's position.
[2021/8/9 - 22:32:36] Long has edited Text Label ID 8's text to [/muavukhi] De Mua Sung.
[2021/8/10 - 10:34:20] Long has edited Text Label ID 108's position.
[2021/8/10 - 10:34:36] Long has edited Text Label ID 108's text to Nha Cua Long Va Rot Bot.
[2021/8/13 - 23:43:18] Long has edited Text Label ID 109's position.
[2021/8/13 - 23:43:30] Long has edited Text Label ID 109's text to Bam 'Alt' De Di Ra.
[2021/8/15 - 15:15:19] Ryan Smith has edited Text Label ID 110's position.
[2021/8/15 - 15:15:30] Ryan Smith has edited Text Label ID 110's PickupModel.
[2021/8/15 - 15:15:33] Ryan Smith has edited Text Label ID 110's PickupModel.
[2021/8/15 - 15:15:37] Ryan Smith has edited Text Label ID 110's PickupModel.
[2021/8/15 - 15:15:41] Ryan Smith has edited Text Label ID 110's PickupModel.
[2021/8/15 - 15:15:49] Ryan Smith has edited Text Label ID 110's text to Loi Ra.
[2021/8/15 - 15:16:16] Shi Master has edited Text Label ID 110's text to Loi Ra [ /Exit ] .
[2021/8/15 - 15:18:11] Ryan Smith has edited Text Label ID 110's position.
[2021/8/15 - 15:19:13] Ryan Smith has edited Text Label ID 110's position.
[2021/8/16 - 19:13:53] Long has edited Text Label ID 111's position.
[2021/8/16 - 19:14:07] Long has edited Text Label ID 111's text to Bam 'ALT' De Di Ra Ngoai .
[2021/8/17 - 6:13:30] MingQuang has edited Text Label ID 112's position.
[2021/8/17 - 6:13:39] MingQuang has edited Text Label ID 112's text to [Sell] Lien he - MingQuang.
[2021/8/17 - 6:13:50] MingQuang has edited Text Label ID 112's PickupModel.
[2021/8/17 - 6:13:54] MingQuang has edited Text Label ID 112's PickupModel.
[2021/8/17 - 6:13:57] MingQuang has edited Text Label ID 112's PickupModel.
[2021/8/17 - 6:14:23] MingQuang has edited Text Label ID 113's position.
[2021/8/17 - 6:14:32] MingQuang has edited Text Label ID 113's text to [sell] Lien he - MingQuang.
[2021/8/17 - 6:14:38] MingQuang has edited Text Label ID 113's PickupModel.
[2021/8/17 - 6:59:34] MingQuang has edited Text Label ID 114's position.
[2021/8/17 - 6:59:43] MingQuang has edited Text Label ID 114's text to [Sell] Lien he - MingQuang.
[2021/8/17 - 6:59:50] MingQuang has edited Text Label ID 114's PickupModel.
[2021/8/17 - 10:49:43] MingQuang has edited Text Label ID 115's position.
[2021/8/17 - 10:49:47] MingQuang has edited Text Label ID 115's PickupModel.
[2021/8/17 - 10:49:56] MingQuang has edited Text Label ID 115's text to [Sell] Lien he Ming Quang.
[2021/8/17 - 10:49:58] MingQuang has edited Text Label ID 115's text to [Sell] Lien he MingQuang.
[2021/8/17 - 12:41:43] Shi Master has edited Text Label ID 116's position.
[2021/8/17 - 12:42:07] Shi Master has edited Text Label ID 116's text to [/Exit] or [ ALT ] Tai Day.
[2021/8/17 - 12:42:17] Shi Master has edited Text Label ID 1's PickupModel.
[2021/8/17 - 12:42:21] Shi Master has edited Text Label ID 116's PickupModel.
[2021/8/17 - 12:42:24] Shi Master has edited Text Label ID 116's PickupModel.
[2021/8/17 - 12:42:26] Shi Master has edited Text Label ID 116's PickupModel.
[2021/8/17 - 12:50:09] Shi Master has edited Text Label ID 117's position.
[2021/8/17 - 12:50:16] Shi Master has edited Text Label ID 117's text to Loi ra tai day.
[2021/8/17 - 12:50:37] Shi Master has edited Text Label ID 117's PickupModel.
[2021/8/18 - 0:20:20] MingQuang has edited Text Label ID 118's position.
[2021/8/18 - 0:20:59] MingQuang has edited Text Label ID 118's text to Neu ban khong thay xe trong shop thi an ALT vao dong tien la thay..
[2021/8/18 - 15:00:58] Long has edited Text Label ID 119's position.
[2021/8/18 - 15:01:49] Long has edited Text Label ID 119's text to 'Alt' Di Ve Cho Thuyen , Khi Het Thoi Gian Thue Thuyen [Vao Duoc Khong Ra Duoc].
[2021/8/18 - 15:04:25] Long has edited Text Label ID 119's PickupModel.
[2021/8/18 - 15:04:28] Long has edited Text Label ID 119's PickupModel.
[2021/8/18 - 15:04:30] Long has edited Text Label ID 119's PickupModel.
[2021/8/18 - 15:04:33] Long has edited Text Label ID 119's PickupModel.
[2021/8/18 - 15:04:35] Long has edited Text Label ID 119's PickupModel.
[2021/8/18 - 15:05:41] Long has edited Text Label ID 119's text to 'Alt' Di Ve Cho Thue Thuyen ,Khi Thuyen Het Thoi Gian Thue Thuyen [Luu Y: Vao Duoc 
[2021/8/18 - 20:25:31] MingQuang has edited Text Label ID 120's position.
[2021/8/18 - 20:25:41] MingQuang has edited Text Label ID 120's text to Lien he chu Garage - SDT 3333.
[2021/8/18 - 20:25:47] MingQuang has edited Text Label ID 120's PickupModel.
[2021/8/18 - 20:25:48] MingQuang has edited Text Label ID 120's PickupModel.
[2021/8/18 - 20:25:50] MingQuang has edited Text Label ID 120's PickupModel.
[2021/8/18 - 20:25:52] MingQuang has edited Text Label ID 120's PickupModel.
[2021/8/18 - 20:25:54] MingQuang has edited Text Label ID 120's PickupModel.
[2021/8/18 - 22:06:43] Long has deleted Text Label 11.
[2021/8/19 - 0:23:10] Shi Master has edited Text Label ID 120's text to Lien He Garage bang tan so -3333.
[2021/8/19 - 0:23:16] Shi Master has edited Text Label ID 120's text to Lien he Garage bang tan so -3333.
[2021/8/19 - 13:51:12] Long has deleted Text Label 105.
[2021/8/19 - 14:00:08] Shi Master has edited Text Label ID 11's position.
[2021/8/19 - 14:00:18] Shi Master has edited Text Label ID 11's text to Loi len tru so.
[2021/8/19 - 14:00:33] Shi Master has edited Text Label ID 11's PickupModel.
[2021/8/19 - 14:00:35] Shi Master has edited Text Label ID 11's PickupModel.
[2021/8/20 - 18:24:09] Tientom has edited Text Label ID 105's position.
[2021/8/20 - 18:24:52] Tientom has edited Text Label ID 105's text to chuc nang nay hien dang loi. vui long quay lai sau. xin cam on !!.
[2021/8/20 - 19:45:11] MingQuang has edited Text Label ID 114's text to Khu dat - Owner : Babi Kun.
[2021/8/20 - 19:45:16] MingQuang has edited Text Label ID 114's text to Babi House - Owner : Babi Kun.
[2021/8/20 - 19:45:21] MingQuang has edited Text Label ID 114's PickupModel.
[2021/8/20 - 19:45:24] MingQuang has edited Text Label ID 114's PickupModel.
[2021/8/20 - 20:12:40] Ryan Smith has edited Text Label ID 105's position.
[2021/8/20 - 20:15:48] Ryan Smith has edited Text Label ID 105's text to /giaohang de lay hang .
[2021/8/20 - 20:16:31] Ryan Smith has edited Text Label ID 105's position.
[2021/8/20 - 20:18:15] Ryan Smith has edited Text Label ID 121's position.
[2021/8/20 - 20:18:21] Ryan Smith has edited Text Label ID 121's position.
[2021/8/20 - 20:19:20] Ryan Smith has edited Text Label ID 121's text to Click chuot hoac Nut' Attack de chat hang len xe.
[2021/8/20 - 20:19:29] Ryan Smith has edited Text Label ID 1's PickupModel.
[2021/8/20 - 20:19:35] Ryan Smith has edited Text Label ID 121's PickupModel.
[2021/8/20 - 20:19:38] Ryan Smith has edited Text Label ID 121's PickupModel.
[2021/8/20 - 20:19:42] Ryan Smith has edited Text Label ID 121's PickupModel.
[2021/8/20 - 20:19:45] Ryan Smith has edited Text Label ID 121's PickupModel.
[2021/8/20 - 20:19:53] Ryan Smith has edited Text Label ID 105's PickupModel.
[2021/8/20 - 20:20:20] Ryan Smith has edited Text Label ID 121's position.
[2021/8/20 - 20:20:28] Ryan Smith has edited Text Label ID 105's position.
[2021/8/20 - 20:21:51] Ryan Smith has edited Text Label ID 121's position.
[2021/8/20 - 20:21:55] Ryan Smith has edited Text Label ID 105's position.
[2021/8/20 - 20:22:03] Ryan Smith has edited Text Label ID 105's position.
[2021/8/20 - 20:22:44] Ryan Smith has edited Text Label ID 121's text to Click chuot trai' hoac Nut' Attack ( Nam dam ) Tren mobile nha.
[2021/8/20 - 20:48:32] MingQuang has edited Text Label ID 114's text to Babi House - Owner Babi Kun.
[2021/8/20 - 20:48:38] MingQuang has edited Text Label ID 114's PickupModel.
[2021/8/20 - 20:48:44] MingQuang has edited Text Label ID 114's PickupModel.
[2021/8/20 - 20:57:18] Ryan Smith has edited Text Label ID 121's text to Click chuot trai hoac nut' Attack (nam dam) tren mobile de chat hang len.
[2021/8/22 - 18:40:39] Ryan Smith has edited Text Label ID 105's position.
[2021/8/22 - 18:40:45] Ryan Smith has edited Text Label ID 121's position.
[2021/8/22 - 18:40:51] Ryan Smith has edited Text Label ID 121's position.
[2021/8/22 - 18:41:11] Ryan Smith has edited Text Label ID 121's position.
[2021/8/22 - 18:41:17] Ryan Smith has edited Text Label ID 121's position.
[2021/8/22 - 19:18:56] MingQuang has deleted Text Label 112.
[2021/8/22 - 19:19:40] MingQuang has edited Text Label ID 115's text to AN NGHIA DUONG.
[2021/8/22 - 19:19:51] MingQuang has edited Text Label ID 115's PickupModel.
[2021/8/22 - 19:19:52] MingQuang has edited Text Label ID 115's PickupModel.
[2021/8/22 - 19:19:54] MingQuang has edited Text Label ID 115's PickupModel.
[2021/8/22 - 20:15:26] VGTA SHI has edited Text Label ID 112's position.
[2021/8/22 - 20:15:35] VGTA SHI has edited Text Label ID 112's text to [/exit] de ve gara.
[2021/8/22 - 20:15:45] VGTA SHI has edited Text Label ID 112's PickupModel.
[2021/8/22 - 23:00:46] Tientom has edited Text Label ID 105's position.
[2021/8/22 - 23:01:32] Tientom has edited Text Label ID 105's position.
[2021/8/23 - 11:39:50] MingQuang has edited Text Label ID 122's position.
[2021/8/23 - 11:39:58] MingQuang has edited Text Label ID 122's text to [SELL] Lien He Ming Quang.
[2021/8/23 - 21:27:28] Tientom has edited Text Label ID 105's position.
[2021/8/23 - 21:27:52] Tientom has edited Text Label ID 105's text to len xe roi /giaohang de lay hang nhe.
[2021/8/23 - 22:25:34] Tientom has deleted Text Label 121.
[2021/8/25 - 18:06:21] Tientom has edited Text Label ID 119's position.
[2021/8/26 - 13:01:06] MingQuang has edited Text Label ID 121's position.
[2021/8/26 - 13:01:17] MingQuang has edited Text Label ID 121's text to Owner : MingQuang.
[2021/8/26 - 13:01:22] MingQuang has edited Text Label ID 121's PickupModel.
[2021/8/26 - 13:01:24] MingQuang has edited Text Label ID 121's PickupModel.
[2021/8/26 - 13:01:26] MingQuang has edited Text Label ID 121's PickupModel.
[2021/8/26 - 19:46:47] Long has edited Text Label ID 123's position.
[2021/8/26 - 19:47:00] Long has edited Text Label ID 123's text to [/train] De Hoc Vo.
[2021/8/27 - 13:24:19] Tientom has deleted Text Label 94.
[2021/8/27 - 16:14:10] Ryan Smith has edited Text Label ID 94's position.
[2021/8/27 - 16:14:25] Ryan Smith has edited Text Label ID 94's text to Otto Shop.
[2021/8/27 - 16:14:52] Ryan Smith has edited Text Label ID 94's text to Otto Shop - Cua Hang Xe 2 Banh.
[2021/8/28 - 13:57:01] Ryan Smith has edited Text Label ID 94's position.
[2021/8/28 - 22:02:00] Tientom has deleted Text Label 53.
[2021/8/28 - 22:48:14] Tientom has deleted Text Label 92.
[2021/8/29 - 7:39:11] Tientom has deleted Text Label 59.
[2021/8/29 - 7:39:15] Tientom has deleted Text Label 58.
[2021/8/29 - 14:09:57] Long has edited Text Label ID 94's position.
[2021/8/29 - 17:17:37] Ryan Smith has edited Text Label ID 94's position.
[2021/8/29 - 17:17:42] Ryan Smith has edited Text Label ID 94's position.
[2021/9/1 - 10:03:15] Tientom has edited Text Label ID 53's position.
[2021/9/1 - 10:03:44] Tientom has edited Text Label ID 53's text to Khu dat - so huu: Thuan Truong.
[2021/9/2 - 12:10:55] Tientom has edited Text Label ID 58's position.
[2021/9/2 - 12:11:16] Tientom has edited Text Label ID 58's text to Loi ra [/exit].
[2021/9/2 - 12:12:16] Tientom has edited Text Label ID 58's PickupModel.
[2021/9/2 - 12:12:22] Tientom has edited Text Label ID 58's PickupModel.
[2021/9/2 - 12:12:28] Tientom has edited Text Label ID 58's PickupModel.
[2021/9/2 - 12:12:35] Tientom has edited Text Label ID 58's PickupModel.
[2021/9/2 - 12:12:46] Tientom has edited Text Label ID 58's PickupModel.
[2021/9/2 - 12:12:50] Tientom has edited Text Label ID 58's PickupModel.
[2021/9/2 - 12:13:00] Tientom has edited Text Label ID 58's PickupModel.
[2021/9/2 - 12:13:03] Tientom has edited Text Label ID 58's PickupModel.
[2021/9/2 - 12:13:06] Tientom has edited Text Label ID 58's PickupModel.
[2021/9/2 - 12:13:10] Tientom has edited Text Label ID 58's PickupModel.
[2021/9/2 - 12:13:13] Tientom has edited Text Label ID 58's PickupModel.
[2021/9/2 - 12:13:21] Tientom has edited Text Label ID 58's PickupModel.
[2021/9/2 - 12:13:27] Tientom has edited Text Label ID 58's PickupModel.
[2021/9/2 - 12:13:35] Tientom has edited Text Label ID 58's PickupModel.
[2021/9/2 - 12:13:38] Tientom has edited Text Label ID 58's PickupModel.
[2021/9/2 - 12:13:43] Tientom has edited Text Label ID 58's PickupModel.
[2021/9/2 - 12:13:46] Tientom has edited Text Label ID 58's PickupModel.
[2021/9/2 - 12:13:50] Tientom has edited Text Label ID 58's PickupModel.
[2021/9/2 - 12:13:53] Tientom has edited Text Label ID 58's PickupModel.
[2021/9/2 - 12:13:58] Tientom has edited Text Label ID 58's PickupModel.
[2021/9/2 - 12:14:01] Tientom has edited Text Label ID 58's PickupModel.
[2021/9/2 - 12:20:55] Tientom has edited Text Label ID 59's position.
[2021/9/2 - 12:21:23] Tientom has edited Text Label ID 59's text to Loi ra [ /exit ] All Sants.
[2021/9/2 - 12:22:10] Tientom has edited Text Label ID 59's text to Loi ra benh vien All Saints [/exit].
[2021/9/2 - 12:38:38] Tientom has edited Text Label ID 59's PickupModel.
[2021/9/2 - 12:38:41] Tientom has edited Text Label ID 59's PickupModel.
[2021/9/2 - 12:58:39] Shi has edited Text Label ID 92's position.
[2021/9/2 - 12:59:02] Shi has edited Text Label ID 92's text to Khu dat so huu : Jayz Niggzen va Yuh Gad.
[2021/9/2 - 12:59:39] Shi has edited Text Label ID 92's PickupModel.
[2021/9/2 - 13:00:08] Shi has edited Text Label ID 92's text to Khu dat so huu : Jayz Niggzen.
[2021/9/4 - 20:54:22] Tientom has edited Text Label ID 53's text to Khu dat - so huu: Enrique Iglesians.
[2021/9/5 - 18:27:54] MingQuang has edited Text Label ID 124's position.
[2021/9/5 - 18:28:07] MingQuang has edited Text Label ID 124's text to [Dau Gia] Con quai thu cua MingQuang.
[2021/9/5 - 18:28:30] MingQuang has edited Text Label ID 124's text to [Dau Gia] Con quai thu cua MingQuang - 20:00.
[2021/9/6 - 20:02:39] MingQuang has edited Text Label ID 121's position.
[2021/9/6 - 20:44:56] MingQuang has edited Text Label ID 121's position.
[2021/9/6 - 20:45:04] MingQuang has edited Text Label ID 121's text to [Sell] Lien he MingQuang.
[2021/9/6 - 21:13:21] MingQuang has edited Text Label ID 125's position.
[2021/9/6 - 21:13:54] MingQuang has edited Text Label ID 125's text to Tan So Thuong Nhan -8.
[2021/9/6 - 21:14:00] MingQuang has edited Text Label ID 125's text to Tan So Thuong Nhan -14.
[2021/9/7 - 23:12:18] .HAC has deleted Text Label 92.
[2021/9/8 - 0:37:56] MingQuang has deleted Text Label 124.
[2021/9/8 - 0:48:19] MingQuang has edited Text Label ID 92's position.
[2021/9/8 - 0:48:39] MingQuang has edited Text Label ID 92's text to /hgate minhquang de tham quan tau cho vang ngoai bien.
[2021/9/10 - 20:54:38] MingQuang has edited Text Label ID 115's text to Bratva.
[2021/9/10 - 23:58:15] Shi Xcution has edited Text Label ID 53's text to Khu Dat - So Huu: Chu Muoi.
[2021/9/11 - 0:40:12] MingQuang has edited Text Label ID 92's text to /hgate minhquang de thuc hien buoc nhay khong gian ( nho dung im ).
[2021/9/11 - 18:10:47] Long has edited Text Label ID 124's position.
[2021/9/11 - 18:11:03] Long has edited Text Label ID 124's position.
[2021/9/11 - 18:11:31] Long has edited Text Label ID 124's text to Babi House.
[2021/9/11 - 20:16:52] MingQuang has edited Text Label ID 124's position.
[2021/9/11 - 20:16:53] MingQuang has edited Text Label ID 124's position.
[2021/9/11 - 20:16:55] MingQuang has edited Text Label ID 124's position.
[2021/9/11 - 20:17:01] MingQuang has edited Text Label ID 124's PickupModel.
[2021/9/11 - 20:17:03] MingQuang has edited Text Label ID 124's PickupModel.
[2021/9/11 - 20:17:05] MingQuang has edited Text Label ID 124's PickupModel.
[2021/9/11 - 20:17:08] MingQuang has edited Text Label ID 124's PickupModel.
[2021/9/11 - 20:17:10] MingQuang has edited Text Label ID 124's PickupModel.
[2021/9/11 - 20:17:12] MingQuang has edited Text Label ID 124's PickupModel.
[2021/9/11 - 20:17:14] MingQuang has edited Text Label ID 124's PickupModel.
[2021/9/11 - 20:17:17] MingQuang has edited Text Label ID 124's PickupModel.
[2021/9/11 - 20:17:21] MingQuang has edited Text Label ID 124's PickupModel.
[2021/9/11 - 20:17:23] MingQuang has edited Text Label ID 124's PickupModel.
[2021/9/11 - 20:17:25] MingQuang has edited Text Label ID 124's PickupModel.
[2021/9/11 - 20:17:28] MingQuang has edited Text Label ID 124's PickupModel.
[2021/9/11 - 20:17:32] MingQuang has edited Text Label ID 124's PickupModel.
[2021/9/11 - 20:17:35] MingQuang has edited Text Label ID 124's PickupModel.
[2021/9/11 - 20:17:36] MingQuang has edited Text Label ID 124's PickupModel.
[2021/9/11 - 20:17:38] MingQuang has edited Text Label ID 124's PickupModel.
[2021/9/11 - 20:17:40] MingQuang has edited Text Label ID 124's PickupModel.
[2021/9/11 - 20:17:43] MingQuang has edited Text Label ID 124's PickupModel.
[2021/9/11 - 20:17:45] MingQuang has edited Text Label ID 124's PickupModel.
[2021/9/11 - 20:17:46] MingQuang has edited Text Label ID 124's PickupModel.
[2021/9/11 - 20:17:48] MingQuang has edited Text Label ID 124's PickupModel.
[2021/9/11 - 20:17:50] MingQuang has edited Text Label ID 124's PickupModel.
[2021/9/11 - 20:17:56] MingQuang has edited Text Label ID 124's position.
[2021/9/13 - 15:59:59] Shi has deleted Text Label 117.
[2021/9/13 - 16:00:10] Shi has deleted Text Label 116.
[2021/9/14 - 1:25:15] MingQuang has edited Text Label ID 53's text to Khu Dat - So Huu : MingQuang.
[2021/9/14 - 1:25:23] MingQuang has edited Text Label ID 53's text to Khu Dat - So Huu : TruongTri Thuan.
[2021/9/14 - 1:25:59] MingQuang has edited Text Label ID 53's text to 18Th Trip Gangster.
[2021/9/14 - 1:28:45] MingQuang has edited Text Label ID 53's text to Khu Dat - So Huu : F11.
[2021/9/14 - 1:43:00] Long has edited Text Label ID 53's text to Thuan Be De - So Huu: F11.
[2021/9/14 - 1:43:19] Long has edited Text Label ID 53's text to 18Th The Trip Gang - So Huu: F11.
[2021/9/14 - 12:29:58] Tientom has edited Text Label ID 116's position.
[2021/9/14 - 12:30:17] Tientom has edited Text Label ID 116's text to Loi ra [/exit].
[2021/9/14 - 12:30:48] Tientom has edited Text Label ID 116's PickupModel.
[2021/9/14 - 12:30:52] Tientom has edited Text Label ID 116's PickupModel.
[2021/9/14 - 12:30:57] Tientom has edited Text Label ID 116's PickupModel.
[2021/9/14 - 22:26:06] Long has edited Text Label ID 53's text to MS 13 - So Huu F11.
[2021/9/23 - 23:46:53] Shi has edited Text Label ID 110's position.
[2021/9/24 - 0:08:14] Shi has edited Text Label ID 126's position.
[2021/9/24 - 0:08:26] Shi has edited Text Label ID 126's text to Loi vao ben trong SAPD.
[2021/9/24 - 0:08:40] Shi has edited Text Label ID 126's PickupModel.
[2021/9/24 - 0:08:41] Shi has edited Text Label ID 126's PickupModel.
[2021/9/24 - 0:08:43] Shi has edited Text Label ID 126's PickupModel.
[2021/9/24 - 0:08:45] Shi has edited Text Label ID 126's PickupModel.
[2021/9/24 - 0:08:49] Shi has edited Text Label ID 126's PickupModel.
[2021/9/24 - 1:06:29] Ryan Smith has edited Text Label ID 127's position.
[2021/9/24 - 1:06:59] Ryan Smith has edited Text Label ID 127's text to Loi ve`.
[2021/9/24 - 1:08:55] Ryan Smith has edited Text Label ID 127's PickupModel.
[2021/9/24 - 1:08:57] Ryan Smith has edited Text Label ID 127's PickupModel.
[2021/9/24 - 1:09:00] Ryan Smith has edited Text Label ID 127's PickupModel.
[2021/9/24 - 1:09:03] Ryan Smith has edited Text Label ID 127's PickupModel.
[2021/9/24 - 1:09:05] Ryan Smith has edited Text Label ID 127's PickupModel.
[2021/9/24 - 1:09:07] Ryan Smith has edited Text Label ID 127's PickupModel.
[2021/9/24 - 1:09:09] Ryan Smith has edited Text Label ID 127's PickupModel.
[2021/9/24 - 1:09:12] Ryan Smith has edited Text Label ID 127's PickupModel.
[2021/9/24 - 8:47:42] MingQuang has edited Text Label ID 128's position.
[2021/9/24 - 8:48:00] MingQuang has edited Text Label ID 128's PickupModel.
[2021/9/24 - 8:48:02] MingQuang has edited Text Label ID 128's PickupModel.
[2021/9/24 - 8:48:04] MingQuang has edited Text Label ID 128's PickupModel.
[2021/9/24 - 8:48:06] MingQuang has edited Text Label ID 128's PickupModel.
[2021/9/24 - 8:48:09] MingQuang has edited Text Label ID 128's PickupModel.
[2021/9/24 - 8:48:11] MingQuang has edited Text Label ID 128's PickupModel.
[2021/9/24 - 8:48:13] MingQuang has edited Text Label ID 128's PickupModel.
[2021/9/24 - 8:48:14] MingQuang has edited Text Label ID 128's PickupModel.
[2021/9/24 - 8:48:15] MingQuang has edited Text Label ID 128's PickupModel.
[2021/9/24 - 8:48:18] MingQuang has edited Text Label ID 128's PickupModel.
[2021/9/24 - 8:48:21] MingQuang has edited Text Label ID 128's PickupModel.
[2021/9/24 - 8:48:23] MingQuang has edited Text Label ID 128's PickupModel.
[2021/9/24 - 8:48:24] MingQuang has edited Text Label ID 128's PickupModel.
[2021/9/24 - 8:48:27] MingQuang has edited Text Label ID 128's PickupModel.
[2021/9/24 - 8:48:28] MingQuang has edited Text Label ID 128's PickupModel.
[2021/9/24 - 8:48:31] MingQuang has edited Text Label ID 128's PickupModel.
[2021/9/24 - 8:48:33] MingQuang has edited Text Label ID 128's PickupModel.
[2021/9/24 - 8:48:36] MingQuang has edited Text Label ID 128's PickupModel.
[2021/9/24 - 8:48:38] MingQuang has edited Text Label ID 128's PickupModel.
[2021/9/24 - 8:48:39] MingQuang has edited Text Label ID 128's PickupModel.
[2021/9/24 - 8:48:41] MingQuang has edited Text Label ID 128's PickupModel.
[2021/9/24 - 8:48:42] MingQuang has edited Text Label ID 128's PickupModel.
[2021/9/24 - 8:49:33] MingQuang has edited Text Label ID 128's position.
[2021/9/25 - 12:20:34] Ryan Smith has edited Text Label ID 127's text to Loi ve [/exit].
[2021/9/25 - 18:53:33] Ryan Smith has edited Text Label ID 128's position.
[2021/9/25 - 18:53:49] Ryan Smith has edited Text Label ID 128's text to Hood MS-13.
[2021/9/25 - 18:54:01] Ryan Smith has edited Text Label ID 128's color.
[2021/9/25 - 18:54:03] Ryan Smith has edited Text Label ID 128's color.
[2021/9/25 - 18:54:05] Ryan Smith has edited Text Label ID 128's color.
[2021/9/25 - 18:54:07] Ryan Smith has edited Text Label ID 128's color.
[2021/9/25 - 18:54:22] Ryan Smith has edited Text Label ID 128's PickupModel.
[2021/9/25 - 18:54:27] Ryan Smith has edited Text Label ID 128's PickupModel.
[2021/9/25 - 18:54:29] Ryan Smith has edited Text Label ID 128's PickupModel.
[2021/9/25 - 18:54:30] Ryan Smith has edited Text Label ID 128's PickupModel.
[2021/9/25 - 18:54:33] Ryan Smith has edited Text Label ID 128's PickupModel.
[2021/9/25 - 18:54:35] Ryan Smith has edited Text Label ID 128's PickupModel.
[2021/9/25 - 18:54:38] Ryan Smith has edited Text Label ID 128's PickupModel.
[2021/9/25 - 18:54:41] Ryan Smith has edited Text Label ID 128's PickupModel.
[2021/9/25 - 18:54:44] Ryan Smith has edited Text Label ID 128's PickupModel.
[2021/9/25 - 18:54:48] Ryan Smith has edited Text Label ID 128's PickupModel.
[2021/9/25 - 18:54:49] Ryan Smith has edited Text Label ID 128's PickupModel.
[2021/9/25 - 18:54:52] Ryan Smith has edited Text Label ID 128's PickupModel.
[2021/9/29 - 8:23:16] Tientom has deleted Text Label 24.
[2021/9/29 - 14:19:35] MingQuang has deleted Text Label 40.
[2021/9/29 - 14:39:01] MingQuang has edited Text Label ID 125's text to Tan so thuong nhan 1900.
[2021/9/29 - 15:07:17] Ryan Smith has deleted Text Label 45.
[2021/9/29 - 22:57:27] Shi has edited Text Label ID 24's text to Giao dau di duong cao toc.
[2021/9/29 - 22:57:32] Shi has edited Text Label ID 24's position.
[2021/9/29 - 22:57:44] Shi has edited Text Label ID 24's PickupModel.
[2021/9/29 - 23:08:02] Ryan Smith has deleted Text Label 24.
[2021/10/1 - 10:40:11] Tientom has deleted Text Label 127.
[2021/10/2 - 23:07:19] Tientom has edited Text Label ID 24's position.
[2021/10/2 - 23:07:47] Tientom has edited Text Label ID 24's text to hien tai. cuop tap hoa dang bi loi. vui long quay lai sau.
[2021/10/3 - 15:51:05] Long has edited Text Label ID 40's position.
[2021/10/3 - 15:51:23] Long has edited Text Label ID 40's text to Bam 'H' De Su Dung Qua Tan Thu Cho Newbie Moi Vao VGTA.VN.
[2021/10/3 - 15:51:31] Long has edited Text Label ID 40's color.
[2021/10/3 - 15:51:37] Long has edited Text Label ID 40's color.
[2021/10/4 - 13:42:39] Long has deleted Text Label 24.
[2021/10/4 - 19:05:54] Tientom has edited Text Label ID 53's text to Chu so huu: Larry Eriksen.
[2021/10/5 - 15:47:38] Ryan Smith has edited Text Label ID 24's position.
[2021/10/5 - 15:47:54] Ryan Smith has edited Text Label ID 24's text to Loi Ra [/exit].
[2021/10/5 - 15:48:00] Ryan Smith has edited Text Label ID 24's PickupModel.
[2021/10/8 - 11:14:24] Shi has edited Text Label ID 45's position.
[2021/10/8 - 11:14:38] Shi has edited Text Label ID 45's text to KHONG BAM [ ALT ] TAI KHU NAY.
[2021/10/8 - 12:25:22] Shi has edited Text Label ID 45's PickupModel.
[2021/10/8 - 12:25:40] Shi has edited Text Label ID 45's color.
[2021/10/8 - 12:25:41] Shi has edited Text Label ID 45's color.
[2021/10/8 - 22:39:42] MingQuang has edited Text Label ID 127's position.
[2021/10/8 - 22:39:48] MingQuang has edited Text Label ID 127's text to [ALT]San Thuong.
[2021/10/9 - 7:09:24] Tientom has deleted Text Label 127.
[2021/10/9 - 15:28:50] Ryan Smith has edited Text Label ID 40's color.
[2021/10/9 - 15:28:52] Ryan Smith has edited Text Label ID 40's color.
[2021/10/9 - 19:12:23] MingQuang has edited Text Label ID 127's position.
[2021/10/9 - 19:12:29] MingQuang has edited Text Label ID 127's text to [ALT]San Thuong.
[2021/10/9 - 19:14:36] MingQuang has edited Text Label ID 127's position.
[2021/10/9 - 19:14:46] MingQuang has edited Text Label ID 129's position.
[2021/10/9 - 19:14:59] MingQuang has edited Text Label ID 129's text to [ALT] Back Door.
[2021/10/9 - 19:15:08] MingQuang has edited Text Label ID 127's PickupModel.
[2021/10/9 - 19:15:12] MingQuang has edited Text Label ID 127's PickupModel.
[2021/10/9 - 19:15:40] MingQuang has edited Text Label ID 127's PickupModel.
[2021/10/9 - 19:15:43] MingQuang has edited Text Label ID 127's PickupModel.
[2021/10/9 - 19:15:49] MingQuang has edited Text Label ID 127's PickupModel.
[2021/10/9 - 19:15:53] MingQuang has edited Text Label ID 127's PickupModel.
[2021/10/9 - 19:15:55] MingQuang has edited Text Label ID 127's PickupModel.
[2021/10/9 - 19:15:57] MingQuang has edited Text Label ID 127's PickupModel.
[2021/10/9 - 19:15:59] MingQuang has edited Text Label ID 127's PickupModel.
[2021/10/9 - 19:16:02] MingQuang has edited Text Label ID 127's PickupModel.
[2021/10/9 - 19:16:05] MingQuang has edited Text Label ID 127's PickupModel.
[2021/10/9 - 19:16:09] MingQuang has edited Text Label ID 127's PickupModel.
[2021/10/9 - 19:16:13] MingQuang has edited Text Label ID 127's PickupModel.
[2021/10/9 - 19:16:16] MingQuang has edited Text Label ID 129's PickupModel.
[2021/10/9 - 19:16:37] MingQuang has edited Text Label ID 130's position.
[2021/10/9 - 19:16:39] MingQuang has edited Text Label ID 130's position.
[2021/10/9 - 19:16:46] MingQuang has edited Text Label ID 130's PickupModel.
[2021/10/9 - 19:16:48] MingQuang has edited Text Label ID 130's PickupModel.
[2021/10/9 - 19:16:50] MingQuang has edited Text Label ID 130's PickupModel.
[2021/10/9 - 19:16:52] MingQuang has edited Text Label ID 130's PickupModel.
[2021/10/9 - 19:17:04] MingQuang has edited Text Label ID 130's text to [ALT] Exit.
[2021/10/9 - 23:33:24] Tientom has edited Text Label ID 129's text to Benh vien [/exit].
[2021/10/9 - 23:43:13] Tientom has edited Text Label ID 129's text to BUGG KHONG EXIT.
[2021/10/9 - 23:48:38] Ryan Smith has deleted Text Label 129.
[2021/10/9 - 23:55:46] Tientom has edited Text Label ID 127's text to Loi ve bv [ khong dc vao ].
[2021/10/9 - 23:56:15] Tientom has edited Text Label ID 127's position.
[2021/10/10 - 0:19:22] MingQuang has edited Text Label ID 129's position.
[2021/10/10 - 0:19:30] MingQuang has edited Text Label ID 129's text to [ALT] Tru So.
[2021/10/11 - 20:25:28] Uni Wind has deleted Text Label 121.
[2021/10/11 - 21:25:58] MingQuang has edited Text Label ID 115's text to Something You Need Inc.
[2021/10/11 - 21:26:18] MingQuang has edited Text Label ID 115's text to Something You Need Inc..
[2021/10/12 - 22:18:19] Ryan Smith has edited Text Label ID 121's position.
[2021/10/12 - 22:18:49] Ryan Smith has edited Text Label ID 121's text to Bien Gioi LS/SF.
[2021/10/12 - 22:20:35] Ryan Smith has deleted Text Label 121.
[2021/10/13 - 23:00:42] Tientom has deleted Text Label 127.
[2021/10/18 - 16:49:19] TienTom has deleted Text Label 128.
[2021/10/19 - 12:25:05] Ryan Smith has edited Text Label ID 53's text to Chu so huu: Kiet Nguyen.
[2021/10/22 - 15:14:43] Ryan Smith has edited Text Label ID 120's text to Lien he Garage bang /goi > Tho Sua Xe.
