[2018/9/18 - 11:23:31] Hiep Bede has given Hiep Bede object 3528
[2020/3/27 - 22:37:11] HAC has given HAC object -2003
[2020/3/27 - 22:38:00] HAC has given HAC object 2003
[2020/3/27 - 22:38:53] HAC has given HAC object -2001
[2020/3/27 - 22:55:59] HAC has given HAC object -2003
[2020/3/27 - 22:56:59] HAC has given HAC object -2004
[2020/3/30 - 22:07:37] hac has given hac object -2005
[2020/3/30 - 22:12:01] hac has given hac object -2006
[2020/3/30 - 22:14:46] hac has given hac object -2007
[2020/3/30 - 22:41:10] hac has given hac object -2008
[2020/3/30 - 22:41:52] hac has given hac object -2010
[2020/3/30 - 22:42:32] hac has given hac object -2012
[2020/3/30 - 22:44:07] hac has given hac object -2013
[2020/3/30 - 22:46:20] hac has given hac object -2014
[2020/3/30 - 22:49:53] hac has given hac object -2015
[2020/3/31 - 6:45:21] HAC has given HAC object -2016
[2020/3/31 - 6:47:21] HAC has given HAC object -2017
[2020/3/31 - 6:57:28] HAC has given HAC object -2018
[2020/4/28 - 3:08:16] HAC has given HAC object -2022
[2020/4/28 - 3:09:53] HAC has given HAC object -2021
[2020/5/4 - 22:08:34] HAC has given HAC object -2026
[2020/5/4 - 22:15:38] HAC has given HAC object -2027
[2021/5/31 - 10:43:22] king assassin has given king assassin object -2029
[2021/6/5 - 16:48:29] Long has given Long object -2029
[2021/6/20 - 10:19:23] hac has given hac object -2030
[2021/7/20 - 0:40:15] Xander Archer has given Xander Archer object 18650
[2021/7/20 - 0:41:20] Me ThienHa has given Me ThienHa object 18884
[2021/7/20 - 0:47:02] Xander Archer has given Xander Archer object 18652
[2021/7/20 - 0:50:02] Xander Archer has given Xander Archer object 19777
[2021/7/20 - 0:50:21] Me ThienHa has given Me ThienHa object 3528
[2021/7/21 - 21:15:57] Xander Arche has given Rich Brian object 356
[2021/7/22 - 11:36:21] 7saccauvong has given 7saccauvong object 362
[2021/7/22 - 11:38:21] Long has given Long object 359
[2021/7/22 - 11:42:19] Long has given Long object 363
[2021/7/22 - 11:44:57] Long has given Long object 1654
[2021/7/22 - 11:47:04] Long has given Long object 342
[2021/7/22 - 11:47:09] Long has given Long object 342
[2021/7/22 - 12:11:07] Long has given Long object 19038
[2021/7/22 - 21:33:36] Shi has given thanh phan object 18692
[2021/7/25 - 1:28:43] Long has given Rich Brian object 19945
[2021/7/25 - 1:31:55] Long has given Rich Brian object 19777
[2021/7/25 - 1:32:15] Long has given Rich Brian object 18646
[2021/7/25 - 1:34:26] Long has given Rich Brian object 19945
[2021/7/25 - 1:36:41] Long has given Long object 18884
[2021/7/25 - 1:51:45] Long has given Long object 18752
[2021/7/25 - 3:27:20] Long has given Rich Brian object 19625
[2021/7/28 - 23:08:15] MingQuang has given MingQuang object 18657
[2021/7/28 - 23:08:17] MingQuang has given MingQuang object 18658
[2021/7/29 - 13:17:21] MingQuang has given MingQuang object 19270
[2021/8/4 - 3:05:55] MingQuang has given MingQuang object 18978
[2021/8/4 - 3:06:24] MingQuang has given Babi Kun object 18978
[2021/8/4 - 4:08:17] MingQuang has given MingQuang object 1608
[2021/8/4 - 4:11:29] MingQuang has given MingQuang object 1609
[2021/8/4 - 4:11:30] MingQuang has given MingQuang object 1609
[2021/8/4 - 17:41:53] Shi Master has given Shi Master object 1482
[2021/8/4 - 17:42:49] Shi Master has given Shi Master object 982
[2021/8/4 - 18:01:15] Shi Master has given Shi Master object 19912
[2021/8/4 - 18:11:07] MingQuang has given MingQuang object 3026
[2021/8/4 - 18:14:03] MingQuang has given MingQuang object 9076
[2021/8/4 - 23:47:40] Shi Master has given Shi Master object 3026
[2021/8/4 - 23:55:15] Shi Master has given Shi Master object 1654
[2021/8/5 - 0:00:06] Shi Master has given Shi Master object 356
[2021/8/17 - 23:08:48] MingQuang has given Shion Wan object 9482
[2021/8/17 - 23:14:34] MingQuang has given Shion Wan object 3531
[2021/8/17 - 23:16:34] MingQuang has given Shion Wan object 2689
[2021/8/17 - 23:33:29] MingQuang has given Shion Wan object 18947
[2021/8/17 - 23:34:44] MingQuang has given Shion Wan object 18969
[2021/8/17 - 23:35:14] MingQuang has given Shion Wan object 18947
[2021/8/17 - 23:39:22] MingQuang has given Shion Wan object 19136
[2021/8/17 - 23:46:17] MingQuang has given Shion Wan object 19077
[2021/8/17 - 23:47:12] MingQuang has given Shion Wan object 19591
[2021/8/17 - 23:48:46] MingQuang has given Shion Wan object 11704
[2021/8/17 - 23:53:19] MingQuang has given Shion Wan object 2706
[2021/8/17 - 23:58:25] MingQuang has given Shion Wan object 3533
[2021/8/17 - 23:58:26] MingQuang has given Shion Wan object 3533
[2021/8/18 - 20:32:27] MingQuang has given Jun Xiong object 19391
[2021/8/18 - 20:37:56] MingQuang has given Jun Xiong object 19591
[2021/8/18 - 23:24:34] MingQuang has given MingQuang object 18638
[2021/8/18 - 23:25:14] MingQuang has given MingQuang object 18634
[2021/8/19 - 0:33:01] MingQuang has given Ryan Smith object 18638
[2021/8/19 - 10:06:21] MingQuang has given MingQuang object 1608
[2021/8/19 - 14:21:19] Ryan Smith has given Ryan Smith object 1608
[2021/8/19 - 14:46:04] Ryan Smith has given Ryan Smith object 2704
[2021/8/19 - 16:14:45] Ryan Smith has given Ryan Smith object 1247
[2021/8/19 - 16:14:52] Ryan Smith has given Ryan Smith object 19670
[2021/8/19 - 16:15:44] Ryan Smith has given Ryan Smith object 19957
[2021/8/20 - 14:49:08] Long has given Ryan Smith object 19137
[2021/8/20 - 15:50:07] LongLGBT has given LongLGBT object 18963
[2021/8/20 - 15:52:26] MingQuang has given Koy Ng object 18963
[2021/8/20 - 16:26:48] Long has given Long object 18963
[2021/8/20 - 16:30:32] Long has given Ryan Smith object 19904
[2021/8/20 - 16:36:26] Long has given Long object 356
[2021/8/23 - 18:47:52] MingQuang has given MingQuang object 1608
[2021/8/24 - 16:49:16] MingQuang has given MingQuang object 1606
[2021/8/24 - 16:49:28] MingQuang has given MingQuang object 1608
[2021/9/6 - 21:34:35] MingQuang has given MingQuang object 285
[2021/9/14 - 1:10:33] MingQuang has given MingQuang object 19878
[2021/10/3 - 20:32:25] MingQuang has given MingQuang object 1554
[2021/10/8 - 22:07:08] Shi has given Jayz Niggzen object 356
[2021/10/11 - 13:31:47] MingQuang has given MingQuang object 19178
[2021/10/11 - 13:32:35] MingQuang has given MingQuang object 19902
[2021/10/12 - 22:54:45] Ryan Smith has given Ryan Smith object 2316
[2021/10/14 - 20:00:57] Ryan Smith has given Ryan Smith object 18649
[2021/10/14 - 20:36:41] Ryan Smith has given Ryan Smith object 18650
[2021/10/14 - 23:38:31] sHI has given sHI object 18650
[2021/10/14 - 23:38:41] sHI has given sHI object 18649
[2021/10/14 - 23:42:37] sHI has given sHI object 18647
[2021/10/15 - 12:41:38] Ryan Smith has given Ryan Smith object 18652
[2021/10/15 - 12:41:43] Ryan Smith has given Ryan Smith object 18647
[2021/10/15 - 12:41:55] Ryan Smith has given Ryan Smith object 18651
[2021/10/15 - 12:47:14] Ryan Smith has given Ryan Smith object 19136
[2021/10/15 - 12:48:02] Ryan Smith has given Ryan Smith object 19141
[2021/10/15 - 12:53:14] Ryan Smith has given Ryan Smith object 19583
[2021/10/15 - 12:59:34] Ryan Smith has given Ryan Smith object 19141
[2021/10/15 - 12:59:56] Ryan Smith has given Ryan Smith object 19140
[2021/10/15 - 13:05:23] Ryan Smith has given Ryan Smith object 19103
[2021/10/15 - 13:19:14] Ryan Smith has given Ryan Smith object 2472
[2021/10/15 - 13:25:46] Ryan Smith has given Ryan Smith object 19315
[2021/10/15 - 13:28:29] Ryan Smith has given Ryan Smith object 3092
[2021/10/15 - 14:43:23] Ryan Smith has given Ryan Smith object 19056
[2021/10/15 - 14:50:48] Ryan Smith has given Ryan Smith object 19060
[2021/10/16 - 14:47:11] Ryan Smith has given Ryan Smith object 19320
[2021/10/16 - 14:59:45] Ryan Smith has given Ryan Smith object 11704
[2021/10/16 - 20:46:10] Ryan Smith has given Ryan Smith object 18647
[2021/10/19 - 21:24:43] Ryan Smith has given Ryan Smith object 19306
[2021/10/19 - 21:26:34] Ryan Smith has given Ryan Smith object 1249
[2021/10/19 - 21:27:06] Ryan Smith has given Ryan Smith object 1247
[2021/10/19 - 21:47:08] Ryan Smith has given Ryan Smith object 18650
