[2018/10/5 - 20:57:15] Tobi_Jr da thay doi ten cua ho thanh 1.
[2018/10/5 - 20:57:23] Tobi_Jr da thay doi ten cua ho thanh tobi_jrr.
[2021/7/11 - 15:13:02] Long da thay doi ten cua ho thanh HAC..
[2021/7/11 - 15:44:13] Long da thay doi ten cua ho thanh Ryan_Buscu.
[2021/7/11 - 17:16:45] Long da thay doi ten cua ho thanh Bin_CuNho.
[2021/7/17 - 15:26:59]    Tobi's Drug Dealer Skill, da set thanh 99999. by Tobi
[2021/7/17 - 15:27:13]    Invalid stat code. by Tobi
[2021/7/17 - 15:27:16]    Tobi's Smuggler Skill, da set thanh 999. by Tobi
[2021/7/18 - 17:04:02] MingQuang da thay doi ten cua ho thanh Ming_Quang.
[2021/7/18 - 17:04:08] Long da thay doi ten cua ho thanh Eric_Hood.
[2021/7/19 - 1:52:31]    MingQuang's Level, da set thanh 10. by MingQuang
[2021/7/19 - 1:52:44]    MingQuang's Level, da set thanh 0. by MingQuang
[2021/7/19 - 2:05:51]    MingQuang's Level, da set thanh 2. by MingQuang
[2021/7/19 - 21:09:01] Long da thay doi ten cua ho thanh Homie_Noo.
[2021/7/19 - 21:09:32] Long da thay doi ten cua ho thanh Hac..
[2021/7/19 - 22:46:14] Long da thay doi ten cua ho thanh Daniielle.
[2021/7/20 - 0:40:50] Long da thay doi ten cua ho thanh Me_ThienHa.
[2021/7/20 - 13:00:26] Long da thay doi ten cua ho thanh Crypto_Coinbit.
[2021/7/20 - 13:08:03] Long da thay doi ten cua ho thanh Tobi_JR.
[2021/7/20 - 13:18:27] Long da thay doi ten cua ho thanh Tobi.
[2021/7/20 - 13:20:03] Long da thay doi ten cua ho thanh Tobi_OcCho.
[2021/7/20 - 15:17:02] Long da thay doi ten cua ho thanh Thu_Hong.
[2021/7/20 - 16:03:39] Long da thay doi ten cua ho thanh Tran._Trung_Hau.
[2021/7/20 - 16:06:43] Long da thay doi ten cua ho thanh Ryan._Smith.
[2021/7/22 - 0:21:07] Long da thay doi ten cua ho thanh Minh_Duy_Ne.
[2021/7/22 - 11:20:20] Long da thay doi ten cua ho thanh 7saccauvong.
[2021/7/22 - 14:44:52] Long da thay doi ten cua ho thanh HAC..
[2021/7/22 - 16:07:05] Long da thay doi ten cua ho thanh Thu_Hong.
[2021/7/22 - 16:18:41] Long da thay doi ten cua ho thanh Thu_Hong.
[2021/7/22 - 17:16:39] Long da thay doi ten cua ho thanh Hoaii_Rin.
[2021/7/22 - 17:21:36] admin da thay doi ten cua ho thanh 0 Long.
[2021/7/22 - 18:13:57] Long da thay doi ten cua ho thanh Tong Thong.
[2021/7/22 - 18:18:25] Long da thay doi ten cua ho thanh Tong_Thong.
[2021/7/22 - 20:34:28] Long da thay doi ten cua ho thanh Hac..
[2021/7/22 - 20:35:36] Long da thay doi ten cua ho thanh Danile.
[2021/7/22 - 20:36:15] Long da thay doi ten cua ho thanh Tran_Trunq_Hau.
[2021/7/22 - 20:36:54] Long da thay doi ten cua ho thanh Ryan_BuscuLong.
[2021/7/22 - 20:37:50] Long da thay doi ten cua ho thanh Ryan Smith.
[2021/7/22 - 20:38:06] Long da thay doi ten cua ho thanh Ryan_Smjth.
[2021/7/22 - 20:38:25] Long da thay doi ten cua ho thanh Minh_Duy.
[2021/7/22 - 20:49:21] Long da thay doi ten cua ho thanh Minh_Duy.
[2021/7/23 - 0:10:07] Long da thay doi ten cua ho thanh Shen_Nguyen.
[2021/7/23 - 0:11:13] Long da thay doi ten cua ho thanh Shen_Nguyen.
[2021/7/23 - 0:11:43] Long da thay doi ten cua ho thanh Long_proton.
[2021/7/23 - 0:12:03] Long da thay doi ten cua ho thanh Shen_Nguyen.
[2021/7/23 - 22:35:26] Long da thay doi ten cua ho thanh Shen_Nguyen.
[2021/7/23 - 23:43:15] Long da thay doi ten cua ho thanh SonTung_MTP.
[2021/7/23 - 23:44:18] Long da thay doi ten cua ho thanh Jack.
[2021/7/23 - 23:46:11] Long da thay doi ten cua ho thanh ToBi.
[2021/7/23 - 23:48:06] Long da thay doi ten cua ho thanh ToKuDa.
[2021/7/24 - 0:51:43] Long da thay doi ten cua ho thanh Hiep.
[2021/7/24 - 0:51:49] Long da thay doi ten cua ho thanh Hiep.
[2021/7/24 - 0:51:53] Long da thay doi ten cua ho thanh Hac..
[2021/7/24 - 0:51:58] Long da thay doi ten cua ho thanh Hac..
[2021/7/24 - 14:35:02] Long da thay doi ten cua ho thanh Huan_HoaHong.
[2021/7/24 - 14:40:35] Thor_Yang da thay doi ten cua ho thanh Kha_Banh.
[2021/7/24 - 21:59:00] Long da thay doi ten cua ho thanh Shen_Nguyen.
[2021/7/25 - 1:47:51] Long da thay doi ten cua ho thanh Hac..
[2021/7/26 - 20:42:19] MingQuang da thay doi ten cua ho thanh Dalton_Campbelll.
[2021/7/26 - 20:43:57] MingQuang da thay doi ten cua ho thanh Dalton_CampbelI.
[2021/7/27 - 13:33:52] Long da thay doi ten cua ho thanh To_KuDa.
[2021/7/27 - 21:38:42] Long da thay doi ten cua ho thanh Bao_ThanhThien.
[2021/7/28 - 3:25:55] MingQuang da thay doi ten cua ho thanh Vai_cac.
[2021/7/28 - 3:28:20] MingQuang da thay doi ten cua ho thanh Vu_Khang.
[2021/7/28 - 3:28:29]    Vu Khang's Level, da set thanh 2. by Vu Khang
[2021/7/28 - 3:41:02]    MingQuang's Level, da set thanh 5. by MingQuang
[2021/7/28 - 3:41:03]    MingQuang's Level, da set thanh 0. by MingQuang
[2021/7/28 - 20:12:05] Long da thay doi ten cua ho thanh Pro_Smit.
[2021/7/28 - 21:05:37] Long da thay doi ten cua ho thanh Ha._Ngo.
[2021/7/28 - 22:35:41] Danielle da thay doi ten cua ho thanh Hung_XeDap.
[2021/7/28 - 22:39:29] MingQuang da thay doi ten cua ho thanh Iong.
[2021/7/28 - 22:41:45] MingQuang da thay doi ten cua ho thanh a.
[2021/7/29 - 12:52:47] Long da thay doi ten cua ho thanh ToBi_Jr.
[2021/7/29 - 12:54:58] Thor_Yang da thay doi ten cua ho thanh Vagos_Boss.
[2021/7/29 - 21:43:45] Thor_Yang da thay doi ten cua ho thanh Xuan_Hoang.
[2021/7/29 - 21:43:51] Long da thay doi ten cua ho thanh 2 Shark_Girl.
[2021/7/29 - 21:43:59] Long da thay doi ten cua ho thanh Shark_Girl.
[2021/7/29 - 22:06:55] Thor_Yang da thay doi ten cua ho thanh Bi_Assasin.
[2021/7/30 - 19:33:57]    MingQuang's So dien thoai da duoc thiet lap thanh 0. boi MingQuang
[2021/7/30 - 21:43:08] Long da thay doi ten cua ho thanh TrongTaiCuBu.
[2021/7/31 - 1:05:04] MingQuang da thay doi ten cua ho thanh Iong.
[2021/7/31 - 1:18:00] Long da thay doi ten cua ho thanh NhiHa_CuaLong.
[2021/7/31 - 1:18:26] Long da thay doi ten cua ho thanh Nhi_CuaLong.
[2021/7/31 - 1:18:38] Long da thay doi ten cua ho thanh Nhi_Cua_Long.
[2021/7/31 - 20:07:36] Thor_Yang da thay doi ten cua ho thanh Vagos_King.
[2021/8/1 - 18:54:56] MingQuang da thay doi ten cua ho thanh BoMayDangBan.
[2021/8/2 - 1:10:34] Long da thay doi ten cua ho thanh Otter_Stewarrd.
[2021/8/2 - 23:41:49] Long da thay doi ten cua ho thanh Ha_.Ngo.
[2021/8/3 - 16:06:01] Long da thay doi ten cua ho thanh Rot_.Bot.
[2021/8/3 - 16:06:52] Long da thay doi ten cua ho thanh Shark_Girl.
[2021/8/3 - 20:06:54] Long da thay doi ten cua ho thanh Long_Nguyen.
[2021/8/4 - 17:59:41] Long da thay doi ten cua ho thanh Long_Master.
[2021/8/4 - 18:12:44] Long da thay doi ten cua ho thanh Master_Yi.
[2021/8/4 - 20:57:44] Thor_Yang da thay doi ten cua ho thanh Vagos_King.
[2021/8/4 - 21:04:37] MingQuang da thay doi ten cua ho thanh Ripheo_Dioshit.
[2021/8/4 - 21:09:54] MingQuang da thay doi ten cua ho thanh Otter_Stretwar.
[2021/8/4 - 21:25:53] MingQuang da thay doi ten cua ho thanh Otter_WingMan.
[2021/8/4 - 21:40:36] MingQuang da thay doi ten cua ho thanh Quang_Minh.
[2021/8/4 - 22:36:45]    MingQuang's Level, da set thanh 3. by MingQuang
[2021/8/5 - 2:41:37] Thor_Yang da thay doi ten cua ho thanh Vagos_King.
[2021/8/5 - 3:13:36]    MingQuang's Level, da set thanh 0. by MingQuang
[2021/8/5 - 14:49:15]    MingQuang's Level, da set thanh 3. by MingQuang
[2021/8/6 - 17:36:44] LongChich da thay doi ten cua ho thanh Long.
[2021/8/7 - 19:36:19] MingQuang da thay doi ten cua ho thanh Shion_Wang.
[2021/8/7 - 21:01:45] MingQuang da thay doi ten cua ho thanh Shion_Wang.
[2021/8/8 - 4:01:10] MingQuang da thay doi ten cua ho thanh Shion_Uang.
[2021/8/8 - 4:01:16] MingQuang da thay doi ten cua ho thanh Shion_Wang.
[2021/8/8 - 19:38:25] Long da thay doi ten cua ho thanh Quynh.
[2021/8/8 - 19:39:00] Long da thay doi ten cua ho thanh HongQuynh.
[2021/8/8 - 21:05:31] Long da thay doi ten cua ho thanh DanBaLaNhungNiemDau.
[2021/8/8 - 22:19:06] Long da thay doi ten cua ho thanh Long_ChiTiet.
[2021/8/9 - 17:05:24] Long da thay doi ten cua ho thanh Long_ChiTiet.
[2021/8/9 - 17:05:28] Long da thay doi ten cua ho thanh Long_ChiTiet.
[2021/8/9 - 23:24:22] Long da thay doi ten cua ho thanh Long_ChiTiet.
[2021/8/10 - 6:07:04] MingQuang da thay doi ten cua ho thanh Ha_Ng0.
[2021/8/10 - 6:17:38] MingQuang da thay doi ten cua ho thanh Namkibucubacky.
[2021/8/10 - 11:06:37] Long da thay doi ten cua ho thanh Long_ChiTIet.
[2021/8/10 - 11:06:46] Long da thay doi ten cua ho thanh Long_ChiTiet.
[2021/8/10 - 12:26:02] Long da thay doi ten cua ho thanh Long_ChiTiet.
[2021/8/11 - 0:45:56] MingQuang da thay doi ten cua ho thanh Iong.
[2021/8/11 - 1:00:23] MingQuang da thay doi ten cua ho thanh Ha_Ngo .
[2021/8/11 - 1:00:28] MingQuang da thay doi ten cua ho thanh Ha_Ngo .
[2021/8/11 - 1:00:35] MingQuang da thay doi ten cua ho thanh Ha_Ngo..
[2021/8/11 - 1:00:45] MingQuang da thay doi ten cua ho thanh Ha__Ngo.
[2021/8/15 - 16:12:48] Long da thay doi ten cua ho thanh Ha_Ngo..
[2021/8/16 - 19:28:29] Long da thay doi ten cua ho thanh BeIu_CuaYang.
[2021/8/17 - 8:50:44] MingQuang da thay doi ten cua ho thanh UwU.
[2021/8/17 - 20:08:20]    MingQuang's Level, da set thanh 1. by MingQuang
[2021/8/17 - 20:08:29] MingQuang da thay doi ten cua ho thanh Kisido_Nichin.
[2021/8/17 - 20:28:13] Long da thay doi ten cua ho thanh Ha_Ngoc\'.
[2021/8/17 - 20:28:18] Long da thay doi ten cua ho thanh Ha_Ngoc\'.
[2021/8/17 - 20:28:23] Long da thay doi ten cua ho thanh Ha_Ngoc.
[2021/8/18 - 0:13:41] Long da thay doi ten cua ho thanh Ryan_SoMit.
[2021/8/18 - 0:27:23] Long da thay doi ten cua ho thanh Ryan_SoDit.
[2021/8/18 - 19:12:36] Long da thay doi ten cua ho thanh Xander_Archerr.
[2021/8/18 - 20:33:05]    MingQuang's Level, da set thanh 5. by MingQuang
[2021/8/18 - 21:18:13] Long da thay doi ten cua ho thanh Long_ChiTiet.
[2021/8/19 - 0:23:57] MingQuang da thay doi ten cua ho thanh LongNguThu2.
[2021/8/19 - 15:27:14] MingQuang da thay doi ten cua ho thanh Hec.
[2021/8/19 - 15:35:08] MingQuang da thay doi ten cua ho thanh bexuan_mai.
[2021/8/19 - 20:05:11] Long da thay doi ten cua ho thanh YenNhiThanhThuylaCuaTao.
[2021/8/19 - 20:53:31] MingQuang da thay doi ten cua ho thanh BeXuan_Mai.
[2021/8/19 - 20:56:46] VGTA_Long da thay doi ten cua ho thanh ThanhThuyHaNgoLaCuaTao.
[2021/8/19 - 20:57:14] MingQuang da thay doi ten cua ho thanh Long.
[2021/8/19 - 21:00:55] VGTA_Long da thay doi ten cua ho thanh Long.
[2021/8/19 - 21:08:19] MingQuang da thay doi ten cua ho thanh BeXuan_Mai.
[2021/8/19 - 21:37:29] MingQuang da thay doi ten cua ho thanh LongBucacbexuanmai.
[2021/8/19 - 23:49:34] Long da thay doi ten cua ho thanh Bin_CACNHO.
[2021/8/20 - 12:51:45]    Ryan Smith's Job, da set thanh 10. by Ryan Smith
[2021/8/20 - 12:52:16]    Ryan Smith's Job, da set thanh 5. by Ryan Smith
[2021/8/20 - 12:52:23]    Ryan Smith's Job, da set thanh 1. by Ryan Smith
[2021/8/20 - 12:52:26]    Ryan Smith's Job, da set thanh 2. by Ryan Smith
[2021/8/20 - 12:52:31]    Ryan Smith's Job, da set thanh 3. by Ryan Smith
[2021/8/20 - 12:52:36]    Ryan Smith's Job, da set thanh 5. by Ryan Smith
[2021/8/20 - 12:52:38]    Ryan Smith's Job, da set thanh 6. by Ryan Smith
[2021/8/20 - 15:48:07] MingQuang da thay doi ten cua ho thanh LongLGBT.
[2021/8/20 - 17:32:27] MingQuang da thay doi ten cua ho thanh Ripheo_Dioshit.
[2021/8/20 - 21:20:48] Thor_Yang da thay doi ten cua ho thanh Michael_Tom.
[2021/8/20 - 21:33:53] MingQuang da thay doi ten cua ho thanh BeXuan_Mai.
[2021/8/21 - 18:27:47]    MingQuang's Level, da set thanh 11. by MingQuang
[2021/8/22 - 0:45:11] Long da thay doi ten cua ho thanh ChienThan_LongBi.
[2021/8/23 - 13:12:44] Long da thay doi ten cua ho thanh HAC..
[2021/8/23 - 17:36:51] Long da thay doi ten cua ho thanh ToBi.
[2021/8/23 - 18:14:44] Long da thay doi ten cua ho thanh Long_ChiTiet.
[2021/8/23 - 21:25:53] admin da thay doi ten cua ho thanh Brandon_Prescott.
[2021/8/24 - 19:12:44] admin da thay doi ten cua ho thanh Thanh_Truc.
[2021/8/25 - 14:43:24] Long da thay doi ten cua ho thanh Nguoi_Bi_An.
[2021/8/25 - 18:16:46] Long da thay doi ten cua ho thanh Ryan_BeDe.
[2021/8/25 - 18:52:45]    MingQuang's Level, da set thanh 1. by MingQuang
[2021/8/25 - 20:50:34]    MingQuang's Level, da set thanh 2. by MingQuang
[2021/8/25 - 21:08:08] MingQuang da thay doi ten cua ho thanh BeXuan_Mai.
[2021/8/25 - 21:08:09] Long da thay doi ten cua ho thanh BeXuanHoa.
[2021/8/25 - 22:38:44]    Ryan Smith's Smuggler Skill, da set thanh 999. by Ryan Smith
[2021/8/25 - 22:38:51]    Ryan Smith's Smuggler Skill, da set thanh 5. by Ryan Smith
[2021/8/25 - 22:39:37]    Ryan Smith's Upgrade Points has been set 999. by Ryan Smith
[2021/8/26 - 16:02:45] Long da thay doi ten cua ho thanh Xvideo.Com.
[2021/8/26 - 16:25:38] Long da thay doi ten cua ho thanh Long_ChiTiet.
[2021/8/26 - 20:47:42] Long da thay doi ten cua ho thanh Ryan_DapDaGapCoTien.
[2021/8/26 - 21:41:04] admin da thay doi ten cua ho thanh Thanh_Truc.
[2021/8/26 - 22:16:42] Long da thay doi ten cua ho thanh Hac..
[2021/8/26 - 22:23:35] Long da thay doi ten cua ho thanh Hac..
[2021/8/26 - 22:45:05]    MingQuang's Level, da set thanh 100. by MingQuang
[2021/8/26 - 22:45:17]    MingQuang's Level, da set thanh 6. by MingQuang
[2021/8/27 - 10:29:22] MingQuang da thay doi ten cua ho thanh 1 1.
[2021/8/28 - 0:27:16] Long da thay doi ten cua ho thanh Bo_Gia.
[2021/8/28 - 0:27:27] Shi da thay doi ten cua ho thanh 12 Khanh_Dien.
[2021/8/28 - 0:27:58] Shi da thay doi ten cua ho thanh Khanh_Diea.
[2021/8/28 - 0:50:06] Long da thay doi ten cua ho thanh Beo_Li.
[2021/8/28 - 0:50:58] Long da thay doi ten cua ho thanh Eric_Hood.
[2021/8/28 - 0:51:14] Shi da thay doi ten cua ho thanh 12 Pro_Smith.
[2021/8/28 - 0:51:53] Shi da thay doi ten cua ho thanh Pro_Smiths.
[2021/8/28 - 0:52:27] Shi da thay doi ten cua ho thanh Pro_Kuoi.
[2021/8/28 - 0:58:18] Long da thay doi ten cua ho thanh Pro_Stiwck.
[2021/8/28 - 1:01:00] Long da thay doi ten cua ho thanh Mit_Ter.
[2021/8/28 - 1:06:06] Long da thay doi ten cua ho thanh Tao_Justin.
[2021/8/28 - 13:43:52] Thor_Yang da thay doi ten cua ho thanh Leo_Ronaldo.
[2021/8/28 - 14:17:30] Thor_Yang da thay doi ten cua ho thanh Alibaba_ALo.
[2021/8/28 - 16:10:35] Long da thay doi ten cua ho thanh ThayGiao_Ba.
[2021/8/28 - 16:13:34] Long da thay doi ten cua ho thanh Meo_2k4.
[2021/8/28 - 18:06:24]    MingQuang's Level, da set thanh 6. by MingQuang
[2021/8/28 - 18:06:40] MingQuang da thay doi ten cua ho thanh Woan_Chao.
[2021/8/28 - 18:13:06] MingQuang da thay doi ten cua ho thanh Iong.
[2021/8/28 - 19:47:59]    MingQuang's Level, da set thanh 0. by MingQuang
[2021/8/28 - 20:07:01] MingQuang da thay doi ten cua ho thanh Admln.
[2021/8/28 - 21:20:00] Long da thay doi ten cua ho thanh BeXuan_Hoa.
[2021/8/28 - 23:19:22] MingQuang da thay doi ten cua ho thanh Hec.
[2021/8/28 - 23:19:39] Long da thay doi ten cua ho thanh Hac..
[2021/8/29 - 14:31:25] Long da thay doi ten cua ho thanh Alan_Quan.
[2021/8/29 - 15:32:05] Long da thay doi ten cua ho thanh Jang_Yeu_YenNhi.
[2021/8/29 - 15:39:58] Long da thay doi ten cua ho thanh Hac_CongTu.
[2021/8/29 - 16:47:29] Long da thay doi ten cua ho thanh Long_ChiTiet.
[2021/8/29 - 16:54:15] Shi da thay doi ten cua ho thanh 20.
[2021/8/29 - 16:54:27] Shi da thay doi ten cua ho thanh Pro_Cheat.
[2021/8/29 - 20:18:50] Long da thay doi ten cua ho thanh Long_ChiTiet.
[2021/8/30 - 0:47:57] Shi da thay doi ten cua ho thanh 20 Pro_Cheath.
[2021/8/30 - 0:47:59] Long da thay doi ten cua ho thanh Ped_Land.
[2021/8/30 - 0:48:12] Shi da thay doi ten cua ho thanh 20 Pro_Cheath.
[2021/8/30 - 0:56:53] Long da thay doi ten cua ho thanh Ped_Land.
[2021/8/30 - 1:08:00] Thor_Yang da thay doi ten cua ho thanh Thomas_Kane.
[2021/8/30 - 1:23:18] Long da thay doi ten cua ho thanh Ped_Land.
[2021/8/30 - 1:23:48] Long da thay doi ten cua ho thanh Fu_Kung.
[2021/8/30 - 1:35:58] Long da thay doi ten cua ho thanh Lu_Bo.
[2021/8/30 - 2:21:54] Long da thay doi ten cua ho thanh LongDepTraiNhatVGTA.
[2021/8/30 - 15:21:38] Long da thay doi ten cua ho thanh Long_MongGa.
[2021/8/30 - 15:39:27] Long da thay doi ten cua ho thanh Swat_DuDay.
[2021/8/30 - 21:51:06] MingQuang da thay doi ten cua ho thanh May_Tinh.
[2021/8/30 - 22:09:53] MingQuang da thay doi ten cua ho thanh Thay_HieuTruong.
[2021/8/30 - 22:16:36] MingQuang da thay doi ten cua ho thanh Mihaohaochuacay.
[2021/8/30 - 22:21:16] MingQuang da thay doi ten cua ho thanh F1LaLuDauBuoiReRach.
[2021/8/30 - 22:22:03] Thor_Yang da thay doi ten cua ho thanh ChucMungVGTAdatmoc91.
[2021/8/30 - 22:34:15] MingQuang da thay doi ten cua ho thanh Thuy_Van.
[2021/8/30 - 22:37:27] Long da thay doi ten cua ho thanh Ngoc_Mai.
[2021/8/30 - 22:37:42] Long da thay doi ten cua ho thanh Thuy_Kieu.
[2021/8/30 - 22:37:46] Thor_Yang da thay doi ten cua ho thanh David_Chan.
[2021/8/30 - 22:54:26] MingQuang da thay doi ten cua ho thanh TobiChaoCaLo`NhaBan.
[2021/8/30 - 22:54:32] MingQuang da thay doi ten cua ho thanh TobiChaoCaLoNhaBan.
[2021/8/30 - 23:02:04] MingQuang da thay doi ten cua ho thanh  .
[2021/8/30 - 23:02:07] MingQuang da thay doi ten cua ho thanh  .
[2021/8/30 - 23:02:46] MingQuang da thay doi ten cua ho thanh TobiXinChaoCaLoNhaCacBa.
[2021/8/30 - 23:03:05] MingQuang da thay doi ten cua ho thanh TobiChaoCaLoNhaBan.
[2021/8/31 - 0:17:40] Thor_Yang da thay doi ten cua ho thanh Philip_John.
[2021/8/31 - 20:41:55] Thor_Yang da thay doi ten cua ho thanh SieuNhan_Do.
[2021/8/31 - 20:41:57] Long da thay doi ten cua ho thanh SieuNhan_Den.
[2021/8/31 - 23:08:04] MingQuang da thay doi ten cua ho thanh Iong.
[2021/9/2 - 16:36:53] Thor_Yang da thay doi ten cua ho thanh Admin1.
[2021/9/2 - 17:37:44] Long da thay doi ten cua ho thanh HiepSi_QuanSip.
[2021/9/2 - 19:27:14] Thor_Yang da thay doi ten cua ho thanh Admin1.
[2021/9/2 - 20:28:50] Thor_Yang da thay doi ten cua ho thanh Admin1.
[2021/9/2 - 21:26:25] Long da thay doi ten cua ho thanh CanhSat_LienBang.
[2021/9/2 - 21:36:41] MingQuang da thay doi ten cua ho thanh canhsat_lientuc.
[2021/9/2 - 21:41:43] MingQuang da thay doi ten cua ho thanh Hec.
[2021/9/2 - 21:45:51] Long da thay doi ten cua ho thanh TRUM_VGTA.
[2021/9/2 - 21:48:32] MingQuang da thay doi ten cua ho thanh Lane_Ife.
[2021/9/2 - 22:14:46] Long_Master da thay doi ten cua ho thanh CanhSat_QuocTe.
[2021/9/2 - 22:18:20] Long_Master da thay doi ten cua ho thanh Long.
[2021/9/3 - 15:59:26] Long da thay doi ten cua ho thanh Hai_Qua^n.
[2021/9/3 - 15:59:31] Long da thay doi ten cua ho thanh Hai_Qua^n.
[2021/9/3 - 15:59:35] Long da thay doi ten cua ho thanh Hai_Quan.
[2021/9/3 - 18:41:32] Long da thay doi ten cua ho thanh Long_SuaXe.
[2021/9/3 - 23:58:04] Long da thay doi ten cua ho thanh Bucu_Dao.
[2021/9/4 - 17:09:46] Thor_Yang da thay doi ten cua ho thanh Mr_John.
[2021/9/4 - 23:12:10] Thor_Yang da thay doi ten cua ho thanh Admin1.
[2021/9/5 - 13:36:46] Long da thay doi ten cua ho thanh Pro_Kuoi.
[2021/9/5 - 13:36:48] Shi da thay doi ten cua ho thanh 33 Master_Hong.
[2021/9/5 - 14:45:53] Long da thay doi ten cua ho thanh Shi.
[2021/9/5 - 18:05:48] Long da thay doi ten cua ho thanh Pham_MinhChinh.
[2021/9/5 - 18:06:39] MingQuang da thay doi ten cua ho thanh Dollar_Trump.
[2021/9/5 - 18:39:36] Long da thay doi ten cua ho thanh CucDieuTra_LienBang.
[2021/9/5 - 18:40:23] Long da thay doi ten cua ho thanh Shi.
[2021/9/5 - 18:42:44] Long da thay doi ten cua ho thanh Pro_Kuoi.
[2021/9/5 - 19:37:05] Long da thay doi ten cua ho thanh Ryan_BeDe.
[2021/9/5 - 20:11:27] MingQuang da thay doi ten cua ho thanh Diep_Van.
[2021/9/5 - 20:17:34] MingQuang da thay doi ten cua ho thanh Kagamine_Len.
[2021/9/5 - 20:33:01] MingQuang da thay doi ten cua ho thanh Quang_Minh.
[2021/9/5 - 20:54:35] Thor_Yang da thay doi ten cua ho thanh Thich_ThuDam.
[2021/9/5 - 20:56:10] MingQuang da thay doi ten cua ho thanh quang_minh.
[2021/9/5 - 21:16:23]    MingQuang's Level, da set thanh 8. by MingQuang
[2021/9/5 - 21:16:29] MingQuang da thay doi ten cua ho thanh Jun_Xlong.
[2021/9/5 - 21:20:11] Long da thay doi ten cua ho thanh Shl.
[2021/9/5 - 21:22:34] Long da thay doi ten cua ho thanh Homie_Noo.
[2021/9/5 - 21:25:26]    Jun Xlong's Level, da set thanh 0. by Jun Xlong
[2021/9/5 - 21:44:53] MingQuang da thay doi ten cua ho thanh Shl.
[2021/9/5 - 23:47:24]    MingQuang's Level, da set thanh 5. by MingQuang
[2021/9/5 - 23:47:53] MingQuang da thay doi ten cua ho thanh Liren_chsat.
[2021/9/5 - 23:49:21]    Miu Pro's So dien thoai da duoc thiet lap thanh 0. boi Miu Pro
[2021/9/5 - 23:57:37]    Liren chsat's So dien thoai da duoc thiet lap thanh 0. boi Liren chsat
[2021/9/6 - 1:21:20] Long da thay doi ten cua ho thanh Be_XuanHoa.
[2021/9/6 - 1:39:29] Long da thay doi ten cua ho thanh LongCuBu.
[2021/9/6 - 1:46:44] MingQuang da thay doi ten cua ho thanh Iong.
[2021/9/6 - 1:47:18]    Iong's So dien thoai da duoc thiet lap thanh 5. boi Iong
[2021/9/6 - 13:56:00]    MingQuang's Level, da set thanh 1. by MingQuang
[2021/9/6 - 13:56:18]    MingQuang's Level, da set thanh 5. by MingQuang
[2021/9/6 - 13:56:27]    MingQuang's Level, da set thanh 6. by MingQuang
[2021/9/6 - 13:56:34]    MingQuang's Level, da set thanh 8. by MingQuang
[2021/9/6 - 13:56:39]    MingQuang's Level, da set thanh 10. by MingQuang
[2021/9/6 - 19:37:17]    MingQuang's Level, da set thanh 0. by MingQuang
[2021/9/7 - 1:17:54] MingQuang da thay doi ten cua ho thanh Iong.
[2021/9/7 - 12:34:15]    Shi's Faction, da set thanh 6. by Shi
[2021/9/7 - 12:34:22]    Shi's Faction, da set thanh 6. by Shi
[2021/9/7 - 12:34:40]    Shi's So dien thoai da duoc thiet lap thanh 19001507. boi Shi
[2021/9/7 - 22:26:21] Long da thay doi ten cua ho thanh Thich_XemSex.
[2021/9/7 - 22:44:51] MingQuang da thay doi ten cua ho thanh lm_Evan.
[2021/9/7 - 22:44:58]    lm Evan's Level, da set thanh 2. by lm Evan
[2021/9/7 - 22:48:08] MingQuang da thay doi ten cua ho thanh lm_Evan.
[2021/9/7 - 23:07:57] MingQuang da thay doi ten cua ho thanh Hec.
[2021/9/7 - 23:08:06] Long da thay doi ten cua ho thanh Hac..
[2021/9/7 - 23:09:52] Long da thay doi ten cua ho thanh Hac..
[2021/9/7 - 23:10:00] Long da thay doi ten cua ho thanh HAC..
[2021/9/7 - 23:22:22] MingQuang da thay doi ten cua ho thanh HEC.
[2021/9/7 - 23:22:25] MingQuang da thay doi ten cua ho thanh Hec.
[2021/9/7 - 23:52:29]    MingQuang's Level, da set thanh 0. by MingQuang
[2021/9/8 - 0:30:29] MingQuang da thay doi ten cua ho thanh Ca_Mup.
[2021/9/8 - 0:34:45] MingQuang da thay doi ten cua ho thanh Ca_Mup.
[2021/9/8 - 20:28:36] MingQuang da thay doi ten cua ho thanh Ming_Queng.
[2021/9/8 - 20:49:20] MingQuang da thay doi ten cua ho thanh Ming_Queng.
[2021/9/8 - 21:09:50] MingQuang da thay doi ten cua ho thanh Yu_Ga.
[2021/9/8 - 21:10:00]    Yu Ga's Level, da set thanh 2. by Yu Ga
[2021/9/8 - 21:13:56]    MingQuang's Level, da set thanh 0. by MingQuang
[2021/9/8 - 21:20:41] MingQuang da thay doi ten cua ho thanh yu_ga.
[2021/9/8 - 21:20:53]    yu ga's Level, da set thanh 2. by yu ga
[2021/9/8 - 22:53:12] MingQuang da thay doi ten cua ho thanh Ming_Weng.
[2021/9/8 - 22:59:46] MingQuang da thay doi ten cua ho thanh Fan_Hwang_Min.
[2021/9/9 - 0:16:23]    MingQuang's Level, da set thanh 0. by MingQuang
[2021/9/9 - 12:22:16]    Shi Xcution's Level, da set thanh 99999. by Shi Xcution
[2021/9/9 - 12:22:55]    Shi Xcution's Level, da set thanh 1. by Shi Xcution
[2021/9/9 - 12:57:36]    Shi Xcution's Level, da set thanh 2. by Shi Xcution
[2021/9/9 - 18:33:42] Long da thay doi ten cua ho thanh ChuBa_Dan.
[2021/9/9 - 18:59:11] Long da thay doi ten cua ho thanh Shark_Girl.
[2021/9/10 - 20:23:56]    MingQuang's Level, da set thanh 0. by MingQuang
[2021/9/10 - 22:22:49]    MingQuang's Level, da set thanh 5. by MingQuang
[2021/9/10 - 22:22:57]    MingQuang's Level, da set thanh 0. by MingQuang
[2021/9/11 - 0:48:31] Long da thay doi ten cua ho thanh Yen_NHii.
[2021/9/11 - 0:49:54] Long da thay doi ten cua ho thanh ????.
[2021/9/11 - 0:49:58] Long da thay doi ten cua ho thanh ????.
[2021/9/11 - 0:50:04] Long da thay doi ten cua ho thanh .......
[2021/9/11 - 15:38:12] Thor_Yang da thay doi ten cua ho thanh Adminn.
[2021/9/11 - 20:46:43] Long da thay doi ten cua ho thanh Xanh_Chi_Van.
[2021/9/11 - 20:49:04] Long da thay doi ten cua ho thanh Xanh_Chi_Van.
[2021/9/11 - 20:52:00] Long da thay doi ten cua ho thanh Xanh_Chi_Van.
[2021/9/11 - 21:11:39] Long da thay doi ten cua ho thanh GaPhieuLuu.
[2021/9/11 - 21:14:22] Long da thay doi ten cua ho thanh GaPhieuLuu.
[2021/9/11 - 21:28:24] Long da thay doi ten cua ho thanh LongMongGa.
[2021/9/11 - 23:51:07]    Shi's Job, da set thanh 5. by Shi
[2021/9/11 - 23:51:16]    Shi's Job, da set thanh 5. by Shi
[2021/9/11 - 23:51:20]    Shi's Job, da set thanh 10. by Shi
[2021/9/11 - 23:51:22]    Shi's Job, da set thanh 10. by Shi
[2021/9/12 - 0:45:17]    Shi's So dien thoai da duoc thiet lap thanh 123. boi Shi
[2021/9/12 - 15:26:35] Long da thay doi ten cua ho thanh Bao_Nhi.
[2021/9/12 - 15:27:05] Long da thay doi ten cua ho thanh Yen_Nhii.
[2021/9/12 - 15:35:56] Long da thay doi ten cua ho thanh Thuan_TriTruong.
[2021/9/12 - 15:39:38] Long da thay doi ten cua ho thanh Phuong_Hang.
[2021/9/12 - 15:40:16] Long da thay doi ten cua ho thanh NicoIas_Jackson.
[2021/9/12 - 15:44:00] Long da thay doi ten cua ho thanh Jang_DougIas.
[2021/9/12 - 15:44:54] Long da thay doi ten cua ho thanh Ryan_Smlth.
[2021/9/12 - 15:47:27] Long da thay doi ten cua ho thanh Ganter_Nguyen.
[2021/9/12 - 15:48:52] Long da thay doi ten cua ho thanh Brlan_Zeros.
[2021/9/12 - 15:49:50] Long da thay doi ten cua ho thanh Tal_Tran.
[2021/9/12 - 15:52:09] Long da thay doi ten cua ho thanh Tal_Tran.
[2021/9/12 - 15:55:04] Long da thay doi ten cua ho thanh Long_ChiTiet.
[2021/9/12 - 15:57:08] Long da thay doi ten cua ho thanh 8 NPC.
[2021/9/12 - 15:57:23] Long da thay doi ten cua ho thanh NPC.
[2021/9/12 - 16:11:58] Long da thay doi ten cua ho thanh Nam_MatLoz.
[2021/9/12 - 16:12:12] Long da thay doi ten cua ho thanh Nam_MatCac.
[2021/9/12 - 23:18:17]    Shi's Level, da set thanh 3. by Shi
[2021/9/13 - 19:18:28] MingQuang da thay doi ten cua ho thanh Songo_Ku.
[2021/9/13 - 19:20:34] MingQuang da thay doi ten cua ho thanh Kameko_Fuji.
[2021/9/13 - 22:08:21] Long da thay doi ten cua ho thanh DanieIIe.
[2021/9/14 - 0:56:08] Long da thay doi ten cua ho thanh UmXa_LaBum.
[2021/9/14 - 0:56:30] Long da thay doi ten cua ho thanh CoGiao_Thao.
[2021/9/14 - 1:17:09] MingQuang da thay doi ten cua ho thanh Iong.
[2021/9/14 - 1:27:49] MingQuang da thay doi ten cua ho thanh Kid.
[2021/9/14 - 1:35:42]    MingQuang's Level, da set thanh 3. by MingQuang
[2021/9/14 - 1:35:47]    MingQuang's Level, da set thanh 0. by MingQuang
[2021/9/14 - 1:36:02] MingQuang da thay doi ten cua ho thanh Long.
[2021/9/14 - 1:38:14] DauBuoiReRach da thay doi ten cua ho thanh Long.
[2021/9/23 - 23:21:21] hng da thay doi ten cua ho thanh RyanTran.
[2021/9/23 - 23:27:10] hng da thay doi ten cua ho thanh Ryan_Tran.
[2021/9/24 - 3:50:25] MingQuang da thay doi ten cua ho thanh BaTamCaiLon.
[2021/9/24 - 4:04:59] MingQuang da thay doi ten cua ho thanh Mjng_Quang.
[2021/9/24 - 4:45:02]    Mjng Quang's Level, da set thanh 2. by Mjng Quang
[2021/9/24 - 8:48:04] hng da thay doi ten cua ho thanh RyanNguyen.
[2021/9/27 - 12:22:03]    Shi's So dien thoai da duoc thiet lap thanh 113. boi Shi
[2021/9/27 - 14:28:00] hng da thay doi ten cua ho thanh MingQuangG.
[2021/9/28 - 12:17:18]    Ryan Smith's Detective Skill, da set thanh 30. by Ryan Smith
[2021/9/28 - 12:17:24]    Ryan Smith's Detective Skill, da set thanh 30. by Ryan Smith
[2021/9/28 - 12:17:29]    Ryan Smith's Detective Skill, da set thanh 500. by Ryan Smith
[2021/9/29 - 16:15:11] Long da thay doi ten cua ho thanh Brlan_Zeros.
[2021/9/29 - 16:26:21] Long da thay doi ten cua ho thanh NicoIas_Jackson.
[2021/9/29 - 17:01:51] Long da thay doi ten cua ho thanh hlu_comeback.
[2021/9/29 - 17:20:22] Long da thay doi ten cua ho thanh Long_Taxi.
[2021/9/30 - 0:04:00] MingQuang da thay doi ten cua ho thanh Kmowa_Sini.
[2021/9/30 - 23:02:41] Thor_Yang da thay doi ten cua ho thanh Mr_Alexxander.
[2021/9/30 - 23:07:52] Thor_Yang da thay doi ten cua ho thanh Mr_Alexander..
[2021/9/30 - 23:38:33] Thor_Yang da thay doi ten cua ho thanh Bombo_BaIIy.
[2021/10/1 - 15:52:01] Long da thay doi ten cua ho thanh Kim.
[2021/10/2 - 3:35:16] Thor_Yang da thay doi ten cua ho thanh johnny_dang.
[2021/10/3 - 0:43:26] Thor_Yang da thay doi ten cua ho thanh Melody_Marks.
[2021/10/3 - 16:04:46] Long da thay doi ten cua ho thanh VGTA.VN_SeverDangChoi.
[2021/10/3 - 16:05:42] Long da thay doi ten cua ho thanh [VGTA]Long.
[2021/10/4 - 5:50:13] MingQuang da thay doi ten cua ho thanh  .
[2021/10/4 - 5:50:23] MingQuang da thay doi ten cua ho thanh La Mat 1.
[2021/10/4 - 5:50:30] MingQuang da thay doi ten cua ho thanh La Mat 111.
[2021/10/4 - 5:50:42] MingQuang da thay doi ten cua ho thanh La_Mat.
[2021/10/4 - 19:37:54] Thor_Yang da thay doi ten cua ho thanh Kevin_Oliver.
[2021/10/4 - 19:48:19] Thor_Yang da thay doi ten cua ho thanh Kevin_Oliver.
[2021/10/4 - 21:39:50] Thor_Yang da thay doi ten cua ho thanh John_Peter.
[2021/10/5 - 18:36:11] Thor_Yang da thay doi ten cua ho thanh Hawking StarlIng.
[2021/10/5 - 18:36:32] Thor_Yang da thay doi ten cua ho thanh Hawking StarlIng.
[2021/10/5 - 18:36:51] Thor_Yang da thay doi ten cua ho thanh Hawklng Starling.
[2021/10/5 - 18:37:07] Thor_Yang da thay doi ten cua ho thanh abc_x.
[2021/10/5 - 18:37:27] Thor_Yang da thay doi ten cua ho thanh Hawklng Starling.
[2021/10/5 - 18:37:44] Thor_Yang da thay doi ten cua ho thanh Hawklng Starling.
[2021/10/5 - 18:40:00] Thor_Yang da thay doi ten cua ho thanh VersaiIIles_RosaIleen.
[2021/10/5 - 18:40:29] Thor_Yang da thay doi ten cua ho thanh VersaiIIes_RosaIleen.
[2021/10/5 - 18:40:59] Thor_Yang da thay doi ten cua ho thanh VersaiIIes_Rosaleen.
[2021/10/5 - 20:08:24]    MingQuang's Level, da set thanh 0. by MingQuang
[2021/10/5 - 20:27:36]    MingQuang's Level, da set thanh 2. by MingQuang
[2021/10/8 - 23:04:53] MingQuang da thay doi ten cua ho thanh La_Mat.
[2021/10/10 - 12:00:26] Shen da thay doi ten cua ho thanh Shl.
[2021/10/10 - 15:38:56] MingQuang da thay doi ten cua ho thanh Lenovo_Legion.
[2021/10/10 - 15:40:05] MingQuang da thay doi ten cua ho thanh Lenovo_Legion.
[2021/10/10 - 16:06:52] MingQuang da thay doi ten cua ho thanh Duc_Cuong.
[2021/10/10 - 16:21:50]    MingQuang's Level, da set thanh 0. by MingQuang
[2021/10/11 - 16:39:08] Thor_Yang da thay doi ten cua ho thanh Harry_Porter.
[2021/10/12 - 12:45:42] MingQuang da thay doi ten cua ho thanh a.
[2021/10/12 - 15:01:27] Thor_Yang da thay doi ten cua ho thanh Harry_Poter.
[2021/10/12 - 15:01:34] Thor_Yang da thay doi ten cua ho thanh Harry_Porter.
[2021/10/12 - 15:12:20] Thor_Yang da thay doi ten cua ho thanh Thomas_Tom.
[2021/10/12 - 15:31:33] Shen da thay doi ten cua ho thanh Anh_Coca.
[2021/10/12 - 17:20:37] Shen da thay doi ten cua ho thanh Maria_Ozawa.
[2021/10/12 - 17:27:01] Shen da thay doi ten cua ho thanh The_Baby.
[2021/10/13 - 0:19:09] Thor_Yang da thay doi ten cua ho thanh Carlos_Bin.
[2021/10/13 - 22:21:53] MingQuang da thay doi ten cua ho thanh Ryan.
[2021/10/13 - 22:53:53] MingQuang da thay doi ten cua ho thanh OngGiaBuCacCho.
[2021/10/13 - 22:54:06] MingQuang da thay doi ten cua ho thanh MayTinh.
[2021/10/13 - 23:26:18] MingQuang da thay doi ten cua ho thanh Ban.
[2021/10/13 - 23:33:25] Shen da thay doi ten cua ho thanh TaoKiNguc_Fan2k4.
[2021/10/13 - 23:37:43] Shen da thay doi ten cua ho thanh Maria_Ozawa.
[2021/10/13 - 23:47:58] Shen da thay doi ten cua ho thanh Toku_Da.
[2021/10/13 - 23:59:59] Shen da thay doi ten cua ho thanh EmNuSinh_LonNuocNgot.
[2021/10/14 - 0:01:28] Shen da thay doi ten cua ho thanh Rlcardo_James.
[2021/10/14 - 0:03:31] Shen da thay doi ten cua ho thanh ....
[2021/10/14 - 0:03:48] Shen da thay doi ten cua ho thanh ?.
[2021/10/14 - 0:03:53] Shen da thay doi ten cua ho thanh ???.
[2021/10/14 - 0:03:58] Shen da thay doi ten cua ho thanh ...
[2021/10/14 - 0:04:02] Shen da thay doi ten cua ho thanh ..
[2021/10/14 - 16:28:57] Van_Nam da thay doi ten cua ho thanh Khun_Sa.
[2021/10/14 - 16:29:44] Van_Nam da thay doi ten cua ho thanh Minh_Bao.
[2021/10/14 - 16:31:22] Van_Nam da thay doi ten cua ho thanh Hien_Diem.
[2021/10/14 - 16:39:12] Van_Nam da thay doi ten cua ho thanh Ngoc_Nhi.
[2021/10/14 - 17:15:54] Shen da thay doi ten cua ho thanh Tobi.
[2021/10/14 - 17:16:13] Shen da thay doi ten cua ho thanh Tobi_JR.
[2021/10/14 - 17:19:59] MingQuang da thay doi ten cua ho thanh Long.
[2021/10/14 - 20:32:07] Shen da thay doi ten cua ho thanh Shl.
[2021/10/14 - 20:32:09] Shen da thay doi ten cua ho thanh Shl.
[2021/10/15 - 1:40:40] Van_Nam da thay doi ten cua ho thanh 14 Ngoc_Nhi.
[2021/10/15 - 1:40:51] Van_Nam da thay doi ten cua ho thanh Ngoc_Nhi.
[2021/10/15 - 2:54:19] Van_Nam da thay doi ten cua ho thanh 8 Ngoc_Nhi.
[2021/10/15 - 2:54:26] Van_Nam da thay doi ten cua ho thanh Ngoc_Nhi.
[2021/10/15 - 10:03:38]    Shi's So dien thoai da duoc thiet lap thanh 123456789. boi Shi
[2021/10/15 - 12:23:32] Ryan_Smith da thay doi ten cua ho thanh ngamer_tv.
[2021/10/15 - 17:45:50] Ryan_Smith da thay doi ten cua ho thanh Loke_Him.
[2021/10/15 - 20:32:01] Van_Nam da thay doi ten cua ho thanh Ngoc_Diem.
[2021/10/15 - 20:32:19] Van_Nam da thay doi ten cua ho thanh Hien_Diem.
[2021/10/15 - 20:38:56] Van_Nam da thay doi ten cua ho thanh VanNam.
[2021/10/16 - 16:56:08] Ryan_Smith da thay doi ten cua ho thanh Black_Suit.
[2021/10/16 - 21:03:12]    Jun Xlong's So dien thoai da duoc thiet lap thanh 0. boi Jun Xlong
[2021/10/16 - 23:00:06] Van_Nam da thay doi ten cua ho thanh Long.
[2021/10/16 - 23:37:41] Van_Nam da thay doi ten cua ho thanh Long.
[2021/10/17 - 11:26:53] Van_Nam da thay doi ten cua ho thanh Hien_Diem.
[2021/10/17 - 12:34:11] Ryan_Smith da thay doi ten cua ho thanh Police_HOT.
[2021/10/17 - 23:04:46] Van_Nam da thay doi ten cua ho thanh Hien_Diem.
[2021/10/18 - 10:40:14] Van_Nam da thay doi ten cua ho thanh Hien_Diem.
[2021/10/18 - 11:13:06] Van_Nam da thay doi ten cua ho thanh Hien_Diem.
[2021/10/18 - 11:54:42] Van_Nam da thay doi ten cua ho thanh Hien_Diem.
[2021/10/18 - 12:25:28] Van_Nam da thay doi ten cua ho thanh Versailles_Rosalen.
[2021/10/18 - 12:35:10] Van_Nam da thay doi ten cua ho thanh Versailles_Rosalen.
[2021/10/18 - 12:47:12] Van_Nam da thay doi ten cua ho thanh Versailles_Rosaleen..
[2021/10/18 - 12:48:02] Van_Nam da thay doi ten cua ho thanh Versailles_RosaIeen.
[2021/10/18 - 13:00:54] Ryan_Smith da thay doi ten cua ho thanh Nam_Ngu.
[2021/10/18 - 13:03:17] Van_Nam da thay doi ten cua ho thanh Ryan_Smitj.
[2021/10/18 - 13:03:22] Van_Nam da thay doi ten cua ho thanh Ryan_Smlth.
[2021/10/18 - 13:03:24] Ryan_Smith da thay doi ten cua ho thanh HAC..
[2021/10/18 - 13:05:10] Ryan_Smith da thay doi ten cua ho thanh TuanKheng.
[2021/10/18 - 13:05:27] Van_Nam da thay doi ten cua ho thanh HyKhang.
[2021/10/18 - 13:06:09] Ryan_Smith da thay doi ten cua ho thanh HiKhang.
[2021/10/18 - 13:29:38] Van_Nam da thay doi ten cua ho thanh Hai_Yen.
[2021/10/18 - 16:45:56] Van_Nam da thay doi ten cua ho thanh Hai_Yen.
[2021/10/18 - 21:44:52] Van_Nam da thay doi ten cua ho thanh Hai_Yen].
[2021/10/18 - 21:44:55] Van_Nam da thay doi ten cua ho thanh Hai_Yen.
[2021/10/19 - 0:35:46] Shi da thay doi ten cua ho thanh toanoc.
[2021/10/19 - 14:25:19] Van_Nam da thay doi ten cua ho thanh Hai_Yen.
[2021/10/19 - 15:03:43] Ryan_Smith da thay doi ten cua ho thanh Danh_Vo.
[2021/10/19 - 15:16:43] Van_Nam da thay doi ten cua ho thanh Shark_Boyy.
[2021/10/19 - 15:19:05] Van_Nam da thay doi ten cua ho thanh Shark_Boyy.
[2021/10/19 - 15:37:13] Van_Nam da thay doi ten cua ho thanh Shark_Boyy.
[2021/10/19 - 15:52:56] Van_Nam da thay doi ten cua ho thanh Boy_boy.
[2021/10/19 - 15:53:12] Van_Nam da thay doi ten cua ho thanh Baby_Sharkk.
[2021/10/19 - 22:38:27] Van_Nam da thay doi ten cua ho thanh Hai_Yen.
[2021/10/19 - 22:38:34] Van_Nam da thay doi ten cua ho thanh Shark_Boyy.
[2021/10/19 - 23:15:36] Van_Nam da thay doi ten cua ho thanh Truong_TriThuann.
[2021/10/19 - 23:15:44] Van_Nam da thay doi ten cua ho thanh TruongTri_Thuann.
[2021/10/19 - 23:31:42] Van_Nam da thay doi ten cua ho thanh TruongTri_Thuan..
[2021/10/20 - 18:05:38] Ryan_Smith da thay doi ten cua ho thanh Mr_AIexander.
[2021/10/21 - 13:13:46]    Ryan Smith's Car Mechanic Skill, da set thanh 999. by Ryan Smith
[2021/10/21 - 13:27:13] Shi da thay doi ten cua ho thanh Ha__Ngo.
[2021/10/21 - 13:27:24] Shi da thay doi ten cua ho thanh Ha_Ngo..
[2021/10/21 - 15:02:17] Ryan_Smith da thay doi ten cua ho thanh Blue_Origin.
[2021/10/21 - 15:06:37] Ryan_Smith da thay doi ten cua ho thanh Bacon_Fry.
[2021/10/21 - 15:37:44] Van_Nam da thay doi ten cua ho thanh 30 Hai_Yen.
[2021/10/21 - 15:38:49] Van_Nam da thay doi ten cua ho thanh Hai_Yen.
[2021/10/21 - 15:40:33] Van_Nam da thay doi ten cua ho thanh Hai_Yen.
[2021/10/21 - 15:41:25] Van_Nam da thay doi ten cua ho thanh Hai_Yen.
[2021/10/21 - 15:42:10] Van_Nam da thay doi ten cua ho thanh Hai_Yen.
[2021/10/21 - 15:44:56] Van_Nam da thay doi ten cua ho thanh Hai_Yen.
[2021/10/21 - 15:48:51] Van_Nam da thay doi ten cua ho thanh Hai_Yen.
[2021/10/21 - 15:49:53] Van_Nam da thay doi ten cua ho thanh Hai_Yen.
[2021/10/21 - 15:51:17] Van_Nam da thay doi ten cua ho thanh Hai_Yen.
[2021/10/21 - 16:29:21] Van_Nam da thay doi ten cua ho thanh Hai_Yen.
[2021/10/21 - 21:49:42] Van_Nam da thay doi ten cua ho thanh Hai_Yen.
[2021/10/21 - 23:00:01] Van_Nam da thay doi ten cua ho thanh Hai_Yen.
[2021/10/21 - 23:40:03] Thor_Yang da thay doi ten cua ho thanh Aba_Clare.
[2021/10/22 - 12:00:02] Van_Nam da thay doi ten cua ho thanh Kha_Pug.
[2021/10/22 - 12:00:20] Van_Nam da thay doi ten cua ho thanh Khoa_Pugg.
[2021/10/23 - 17:57:24] Van_Nam da thay doi ten cua ho thanh Darry_Nico.
