[2018/1/1 - 16:42:55] [VIP NAMECHANGES] LongBi VGTA da thay doi ten cua ho thanh Longbi.
[2018/1/9 - 23:03:52] [VIP NAMECHANGES] Hac Nguyen da thay doi ten cua ho thanh HAC.
[2018/1/14 - 20:19:23] [VIP NAMECHANGES] Tyler VGTA da thay doi ten cua ho thanh Tyler_Gomez.
[2018/1/14 - 20:28:04] [VIP NAMECHANGES] Rin VGTA da thay doi ten cua ho thanh Kyo_Smithez.
[2018/1/29 - 23:03:56] [VIP NAMECHANGES] loc vgta da thay doi ten cua ho thanh TienTom.
[2018/1/30 - 19:21:42] [VIP NAMECHANGES] test hacne da thay doi ten cua ho thanh HoaiRinn.
[2018/8/30 - 15:29:53] [VIP NAMECHANGES] Thuan Ron da thay doi ten cua ho thanh BiRain.
[2018/8/30 - 15:30:43] [VIP NAMECHANGES] BiRain da thay doi ten cua ho thanh MEO.
[2021/7/16 - 17:00:14] [VIP NAMECHANGES] Long Buscu da thay doi ten cua ho thanh Rin.
[2021/7/17 - 18:22:13] [VIP NAMECHANGES] Long Nguyen da thay doi ten cua ho thanh Long.
[2021/7/17 - 19:00:50] [VIP NAMECHANGES] Tien Tom da thay doi ten cua ho thanh TienTom.
[2021/7/17 - 19:34:35] [VIP NAMECHANGES] Ryan Smith da thay doi ten cua ho thanh ryanbucurin.
[2021/7/17 - 19:35:28] [VIP NAMECHANGES] ryanbucurin da thay doi ten cua ho thanh ryan_smith.
[2021/7/17 - 19:39:56] [VIP NAMECHANGES] Danielle Spencer da thay doi ten cua ho thanh Danielle.
[2021/7/17 - 20:26:44] [VIP NAMECHANGES] Hoai Rinn da thay doi ten cua ho thanh Xander_Archer.
[2021/7/18 - 9:13:34] [VIP NAMECHANGES] Phihoc nguyen da thay doi ten cua ho thanh admin.
[2021/7/18 - 13:20:31] [VIP NAMECHANGES] Ming Quang da thay doi ten cua ho thanh MingQuang.
[2021/7/18 - 13:40:00] [VIP NAMECHANGES] Xander Archer da thay doi ten cua ho thanh Fairy_Hair.
[2021/7/18 - 16:21:19] [VIP NAMECHANGES] Fairy Hair da thay doi ten cua ho thanh Xander_Archer.
[2021/7/18 - 17:23:35] [VIP NAMECHANGES] Nhicute Hotme da thay doi ten cua ho thanh Nhi.
[2021/7/19 - 19:06:32] [VIP NAMECHANGES] Danielle da thay doi ten cua ho thanh Jackson_Smith.
[2021/7/19 - 19:59:14] [VIP NAMECHANGES] Jackson Smith da thay doi ten cua ho thanh Danielle.
[2021/7/20 - 12:22:31] [VIP NAMECHANGES] Coce UwU da thay doi ten cua ho thanh Coce_Z.
[2021/7/20 - 12:25:23] [VIP NAMECHANGES] Coce Z da thay doi ten cua ho thanh Coce_Zec.
[2021/7/20 - 13:20:26] [VIP NAMECHANGES] Xander Archer da thay doi ten cua ho thanh Tobi_Ngu.
[2021/7/20 - 13:22:16] [VIP NAMECHANGES] Tobi Ngu da thay doi ten cua ho thanh Rin_Ne.
[2021/7/21 - 0:16:54] [VIP NAMECHANGES] k g da thay doi ten cua ho thanh k_h.
[2021/7/21 - 8:56:23] [VIP NAMECHANGES] Rin Ne da thay doi ten cua ho thanh Rin.
[2021/7/21 - 8:56:29] [VIP NAMECHANGES] Rin da thay doi ten cua ho thanh Rinn.
[2021/7/21 - 8:56:34] [VIP NAMECHANGES] Rinn da thay doi ten cua ho thanh HoaiRinn.
[2021/7/21 - 19:16:36] [VIP NAMECHANGES] HoaiRinn da thay doi ten cua ho thanh Xander_Arche.
[2021/7/21 - 21:56:44] [VIP NAMECHANGES] Xander Arche da thay doi ten cua ho thanh Cryto_BitCoins.
[2021/7/21 - 22:03:21] [VIP NAMECHANGES] Cryto BitCoins da thay doi ten cua ho thanh Xander_Arche.
[2021/7/22 - 11:10:51] [VIP NAMECHANGES] Xander Arche da thay doi ten cua ho thanh Hoai_Rinn.
[2021/7/22 - 14:40:55] [VIP NAMECHANGES] Hoai Rinn da thay doi ten cua ho thanh Fairy_Smith.
[2021/7/22 - 14:48:18] [VIP NAMECHANGES] Fairy Smith da thay doi ten cua ho thanh Hoai_Rinn.
[2021/7/22 - 18:14:40] [VIP NAMECHANGES] hac da thay doi ten cua ho thanh DoiTruongVeSi.
[2021/7/22 - 18:19:20] [VIP NAMECHANGES] Danielle da thay doi ten cua ho thanh TaiXeTongThong.
[2021/7/22 - 18:20:01] [VIP NAMECHANGES] Hoai Rinn da thay doi ten cua ho thanh GietTongThong.
[2021/7/22 - 18:22:42] [VIP NAMECHANGES] GietTongThong da thay doi ten cua ho thanh Hoai_Rinn.
[2021/7/22 - 18:25:22] [VIP NAMECHANGES] TaiXeTongThong da thay doi ten cua ho thanh Danielle.
[2021/7/22 - 18:29:19] [VIP NAMECHANGES] DoiTruongVeSi da thay doi ten cua ho thanh HAC.
[2021/7/22 - 20:35:38] [VIP NAMECHANGES] Nhi da thay doi ten cua ho thanh Hiep.
[2021/7/22 - 20:36:01] [VIP NAMECHANGES] Hoai Rinn da thay doi ten cua ho thanh HAC_.
[2021/7/22 - 20:36:17] [VIP NAMECHANGES] Hiep da thay doi ten cua ho thanh Nhi.
[2021/7/22 - 20:36:49] [VIP NAMECHANGES] HAC  da thay doi ten cua ho thanh Ryan_Smith..
[2021/7/22 - 20:37:05] [VIP NAMECHANGES] Ryan Smith. da thay doi ten cua ho thanh Ryan_Smith_.
[2021/7/22 - 20:38:29] [VIP NAMECHANGES] Ryan Smith  da thay doi ten cua ho thanh Shi.
[2021/7/22 - 21:22:31] [VIP NAMECHANGES] ChoiGemKoDos DoiKoNe da thay doi ten cua ho thanh Quang_Handsome.
[2021/7/22 - 22:33:01] [VIP NAMECHANGES] Coong Maajuu da thay doi ten cua ho thanh Tom_Curise.
[2021/7/23 - 20:50:54] [VIP NAMECHANGES] Shi da thay doi ten cua ho thanh Shi_Beo.
[2021/7/23 - 20:51:04] [VIP NAMECHANGES] Shi Beo da thay doi ten cua ho thanh Shi_Master.
[2021/7/24 - 9:01:12] [VIP NAMECHANGES] ADCUHN TT da thay doi ten cua ho thanh TRONG_BUR.
[2021/7/24 - 10:47:39] [VIP NAMECHANGES] Shi Master da thay doi ten cua ho thanh Khanh_Don.
[2021/7/24 - 12:03:28] [VIP NAMECHANGES] Khanh Don da thay doi ten cua ho thanh Shi_Master.
[2021/7/24 - 17:26:58] [VIP NAMECHANGES] Ripheo Dioshit da thay doi ten cua ho thanh dm_quing.
[2021/7/24 - 17:48:23] [VIP NAMECHANGES] dm quing da thay doi ten cua ho thanh Long_Nguyen.
[2021/7/24 - 17:54:10] [VIP NAMECHANGES] Long Nguyen da thay doi ten cua ho thanh Quing_Dz.
[2021/7/24 - 21:18:46] [VIP NAMECHANGES] Shi Master da thay doi ten cua ho thanh Pro_Smith.
[2021/7/24 - 21:52:25] [VIP NAMECHANGES] Pro Smith da thay doi ten cua ho thanh Shi_Master.
[2021/7/25 - 16:18:06] [VIP NAMECHANGES] like uncled da thay doi ten cua ho thanh Josh_Michael.
[2021/7/26 - 10:17:18] [VIP NAMECHANGES] TienTom da thay doi ten cua ho thanh tien.
[2021/7/26 - 10:17:29] [VIP NAMECHANGES] tien da thay doi ten cua ho thanh TienTom.
[2021/7/26 - 14:25:37] [VIP NAMECHANGES] Quing Dz da thay doi ten cua ho thanh Wang_Min.
[2021/7/26 - 20:23:34] [VIP NAMECHANGES] ThayChua ChoiGai da thay doi ten cua ho thanh Wallker_Seel.
[2021/7/26 - 22:05:37] [VIP NAMECHANGES] Bui Minhhhzxccz da thay doi ten cua ho thanh BuiMinh_Top1.
[2021/7/28 - 15:21:42] [VIP NAMECHANGES] Jayquan Cowell da thay doi ten cua ho thanh Jayquan_Crawfood.
[2021/7/28 - 20:01:39] [VIP NAMECHANGES] Shi Master da thay doi ten cua ho thanh Pro_Smith.
[2021/7/28 - 20:40:29] [VIP NAMECHANGES] Pro Smith da thay doi ten cua ho thanh Shi_Master.
[2021/7/29 - 1:24:49] [VIP NAMECHANGES] Shi Master da thay doi ten cua ho thanh Shi.
[2021/7/29 - 11:46:00] [VIP NAMECHANGES] Shi da thay doi ten cua ho thanh Shi_Master.
[2021/7/29 - 12:19:47] [VIP NAMECHANGES] Shi Master da thay doi ten cua ho thanh Lorenzo_Kyo.
[2021/7/29 - 13:26:13] [VIP NAMECHANGES] Lorenzo Kyo da thay doi ten cua ho thanh Shi_Master.
[2021/7/31 - 1:19:15] [VIP NAMECHANGES] Shi Master da thay doi ten cua ho thanh HaNgoCuaShi.
[2021/7/31 - 1:19:34] [VIP NAMECHANGES] HaNgoCuaShi da thay doi ten cua ho thanh Shi.
[2021/7/31 - 2:57:22] [VIP NAMECHANGES] Shi da thay doi ten cua ho thanh Co Truong.
[2021/7/31 - 2:57:28] [VIP NAMECHANGES] Shi da thay doi ten cua ho thanh CoTruong.
[2021/7/31 - 3:00:23] [VIP NAMECHANGES] CoTruong da thay doi ten cua ho thanh Shi.
[2021/7/31 - 19:46:59] [VIP NAMECHANGES] Shi da thay doi ten cua ho thanh Shi_Master.
[2021/7/31 - 20:23:22] [VIP NAMECHANGES] Shi Master da thay doi ten cua ho thanh Lorenzo_Kid.
[2021/7/31 - 20:31:04] [VIP NAMECHANGES] Lorenzo Kid da thay doi ten cua ho thanh SHi_Master.
[2021/8/1 - 17:23:35] [VIP NAMECHANGES] Draco Malfloy da thay doi ten cua ho thanh Boy_Teu.
[2021/8/1 - 17:35:56] [VIP NAMECHANGES] Boy Katie da thay doi ten cua ho thanh Boy_BuBong.
[2021/8/1 - 21:49:24] [VIP NAMECHANGES] Juan HaRa da thay doi ten cua ho thanh Yuan_HaRa.
[2021/8/2 - 20:41:16] [VIP NAMECHANGES] Nhanvien CircleK da thay doi ten cua ho thanh CircleK_Employee.
[2021/8/2 - 23:42:18] [VIP NAMECHANGES] Shi Master da thay doi ten cua ho thanh Ha_Ngo..
[2021/8/2 - 23:42:41] [VIP NAMECHANGES] Ha Ngo. da thay doi ten cua ho thanh Otter_Steward..
[2021/8/2 - 23:42:59] [VIP NAMECHANGES] Otter Steward. da thay doi ten cua ho thanh Ha_Ngo..
[2021/8/2 - 23:45:24] [VIP NAMECHANGES] Ha Ngo. da thay doi ten cua ho thanh Lorenzo_Kid.
[2021/8/3 - 0:15:47] [VIP NAMECHANGES] Lorenzo Kid da thay doi ten cua ho thanh Shi_Master.
[2021/8/3 - 18:57:42] [VIP NAMECHANGES] Shi Master da thay doi ten cua ho thanh Juan_Mata.
[2021/8/3 - 18:57:54] [VIP NAMECHANGES] Juan Mata da thay doi ten cua ho thanh Hoai_Rinn.
[2021/8/3 - 22:58:47] [VIP NAMECHANGES] Hoai Rinn da thay doi ten cua ho thanh Shi_Master.
[2021/8/4 - 12:30:34] [VIP NAMECHANGES] Jackie Will da thay doi ten cua ho thanh Jackie_Johnson.
[2021/8/5 - 21:48:52] [VIP NAMECHANGES] Sv Commmm da thay doi ten cua ho thanh Thor_Com.
[2021/8/6 - 6:51:18] [VIP NAMECHANGES] Nhi da thay doi ten cua ho thanh Lara_Croft.
[2021/8/6 - 7:19:38] [VIP NAMECHANGES] Lara Croft da thay doi ten cua ho thanh DJ_XuanMike.
[2021/8/6 - 7:35:47] [VIP NAMECHANGES] DJ XuanMike da thay doi ten cua ho thanh Lara_Croft.
[2021/8/6 - 8:52:34] [VIP NAMECHANGES] Lara Croft da thay doi ten cua ho thanh Nhi_Be.
[2021/8/6 - 17:23:51] [VIP NAMECHANGES] Long da thay doi ten cua ho thanh LongChiTiet.
[2021/8/6 - 17:27:52] [VIP NAMECHANGES] LongChiTiet da thay doi ten cua ho thanh LongChich.
[2021/8/6 - 17:36:57] [VIP NAMECHANGES] LongChich da thay doi ten cua ho thanh Long.
[2021/8/6 - 20:34:27] [VIP NAMECHANGES] Shi Master da thay doi ten cua ho thanh Juan_Mata.
[2021/8/7 - 0:05:59] [VIP NAMECHANGES] Juan Mata da thay doi ten cua ho thanh Peter_Smith.
[2021/8/7 - 1:37:52] [VIP NAMECHANGES] Trum truong mau giao da thay doi ten cua ho thanh trum_giAo.
[2021/8/7 - 10:23:11] [VIP NAMECHANGES] Peter Smith da thay doi ten cua ho thanh lorenkid_guhu.
[2021/8/7 - 10:41:53] [VIP NAMECHANGES] Lorenkid guhu da thay doi ten cua ho thanh Peter_Smith.
[2021/8/7 - 10:49:56] [VIP NAMECHANGES] Peter Smith da thay doi ten cua ho thanh Ha._Ngo.
[2021/8/7 - 10:55:27] [VIP NAMECHANGES] Ha. Ngo da thay doi ten cua ho thanh Peter_Smith.
[2021/8/7 - 13:40:18] [VIP NAMECHANGES] Diablo AAA da thay doi ten cua ho thanh Dang_Duy_Long.
[2021/8/8 - 22:34:43] [VIP NAMECHANGES] Peter Smith da thay doi ten cua ho thanh Shi_Master.
[2021/8/9 - 2:37:06] [VIP NAMECHANGES] Gio Smile da thay doi ten cua ho thanh Tao_Swest.
[2021/8/10 - 9:16:07] [VIP NAMECHANGES] What Happaned da thay doi ten cua ho thanh Johnny_Gwen.
[2021/8/10 - 21:22:58] [VIP NAMECHANGES] Shi Master da thay doi ten cua ho thanh Otter_Steward..
[2021/8/10 - 21:24:31] [VIP NAMECHANGES] Otter Steward. da thay doi ten cua ho thanh Shi_Master.
[2021/8/10 - 21:47:54] [VIP NAMECHANGES] XuanMike LonToN da thay doi ten cua ho thanh Ngoc_Tring.
[2021/8/11 - 8:58:19] [VIP NAMECHANGES] lamgiau khongkhoho da thay doi ten cua ho thanh RICH_BOY.
[2021/8/17 - 8:52:36] [VIP NAMECHANGES] Yuno Bigboy da thay doi ten cua ho thanh .MinhQuang.
[2021/8/19 - 6:23:40] [VIP NAMECHANGES] Huy Red da thay doi ten cua ho thanh Huy.
[2021/8/19 - 6:23:52] [VIP NAMECHANGES] Huy da thay doi ten cua ho thanh HuyRed.
[2021/8/19 - 6:24:03] [VIP NAMECHANGES] HuyRed da thay doi ten cua ho thanh Huy_Red.
[2021/8/19 - 7:33:22] [VIP NAMECHANGES] Huy Red da thay doi ten cua ho thanh Huy.
[2021/8/19 - 16:46:02] [VIP NAMECHANGES] Huy GucciX da thay doi ten cua ho thanh Master_Huy.
[2021/8/19 - 19:43:24] [VIP NAMECHANGES] Nhi Be da thay doi ten cua ho thanh Yamatoya_Miku..
[2021/8/19 - 19:43:57] [VIP NAMECHANGES] Yamatoya Miku. da thay doi ten cua ho thanh Miku.
[2021/8/19 - 19:44:02] [VIP NAMECHANGES] Miku da thay doi ten cua ho thanh Miku_Chan.
[2021/8/19 - 20:48:51] [VIP NAMECHANGES] Shi Master da thay doi ten cua ho thanh VGTA_Shi.
[2021/8/19 - 20:52:23] [VIP NAMECHANGES] Long da thay doi ten cua ho thanh VGTA_Long.
[2021/8/19 - 21:01:17] [VIP NAMECHANGES] Long da thay doi ten cua ho thanh Long.
[2021/8/19 - 21:02:14] [VIP NAMECHANGES] VGTA Long da thay doi ten cua ho thanh Long.
[2021/8/20 - 16:44:27] [VIP NAMECHANGES] VGTA SHI da thay doi ten cua ho thanh VGTA_02.
[2021/8/20 - 17:32:02] [VIP NAMECHANGES] VGTA 02 da thay doi ten cua ho thanh VGTA_SHI.
[2021/8/20 - 19:06:22] [VIP NAMECHANGES] khuong cubu da thay doi ten cua ho thanh tuan_khuong.
[2021/8/20 - 19:43:00] [VIP NAMECHANGES] Trieu Loc da thay doi ten cua ho thanh Bi_Long.
[2021/8/20 - 21:20:47] [VIP NAMECHANGES] Danielle da thay doi ten cua ho thanh Danielle_Spencer.
[2021/8/20 - 21:21:44] [VIP NAMECHANGES] Danielle Spencer da thay doi ten cua ho thanh Jackson_Smith.
[2021/8/20 - 21:34:45] [VIP NAMECHANGES] Tientom da thay doi ten cua ho thanh Ngoc_Trinh.
[2021/8/20 - 21:45:54] [VIP NAMECHANGES] Ngoc Trinh da thay doi ten cua ho thanh Tientom.
[2021/8/20 - 21:49:33] [VIP NAMECHANGES] Jackson Smith da thay doi ten cua ho thanh Danielle.
[2021/8/20 - 22:06:35] [VIP NAMECHANGES] khuong cubu da thay doi ten cua ho thanh tuan_khuongg.
[2021/8/20 - 23:04:06] [VIP NAMECHANGES] Idol Idol da thay doi ten cua ho thanh Nguyen_Pham.
[2021/8/23 - 22:27:58] [VIP NAMECHANGES] Ac Meeee da thay doi ten cua ho thanh Ac_Me.
[2021/8/24 - 17:33:20] [VIP NAMECHANGES] Anh Dzz da thay doi ten cua ho thanh Hong_Anh.
[2021/8/25 - 14:41:37] [VIP NAMECHANGES] VGTA SHI da thay doi ten cua ho thanh NguoiLaMat.
[2021/8/25 - 14:41:52] [VIP NAMECHANGES] NguoiLaMat da thay doi ten cua ho thanh Nguoi_La_Mat.
[2021/8/25 - 15:02:46] [VIP NAMECHANGES] Nguoi La Mat da thay doi ten cua ho thanh VGTA_SHI.
[2021/8/26 - 1:12:23] [VIP NAMECHANGES] CkjenTkan MjnhTuagn da thay doi ten cua ho thanh CkjenTkan_MjnkTuaan.
[2021/8/26 - 13:26:28] [VIP NAMECHANGES] OngVua RP da thay doi ten cua ho thanh Zhi_Chao.
[2021/8/26 - 13:54:47] [VIP NAMECHANGES] VGTA SHI da thay doi ten cua ho thanh Shi_Mas.
[2021/8/26 - 13:59:08] [VIP NAMECHANGES] Shi Mas da thay doi ten cua ho thanh Asenso_Hura.
[2021/8/26 - 14:29:02] [VIP NAMECHANGES] Asenso Hura da thay doi ten cua ho thanh VGTA_SHI .
[2021/8/26 - 14:29:19] [VIP NAMECHANGES] Asenso Hura da thay doi ten cua ho thanh VGTA_SHI .
[2021/8/26 - 14:29:43] [VIP NAMECHANGES] Asenso Hura da thay doi ten cua ho thanh Shi.
[2021/8/26 - 15:59:31] [VIP NAMECHANGES] Huy da thay doi ten cua ho thanh Huy_.
[2021/8/26 - 15:59:37] [VIP NAMECHANGES] Huy  da thay doi ten cua ho thanh Huy_Redd.
[2021/8/26 - 16:08:43] [VIP NAMECHANGES] Shi da thay doi ten cua ho thanh VLXX.TUBE.
[2021/8/26 - 16:10:34] [VIP NAMECHANGES] VLXX.TUBE da thay doi ten cua ho thanh Shi.
[2021/8/26 - 16:25:15] [VIP NAMECHANGES] Huy Redd da thay doi ten cua ho thanh Huy.
[2021/8/26 - 21:49:52] [VIP NAMECHANGES] AD SGbrother da thay doi ten cua ho thanh Andy_Le.
[2021/8/26 - 23:57:01] [VIP NAMECHANGES] h duyy da thay doi ten cua ho thanh Su_Si.
[2021/8/26 - 23:59:27] [VIP NAMECHANGES] G Lucifer da thay doi ten cua ho thanh Jadon_Lucifer.
[2021/8/27 - 0:59:56] [VIP NAMECHANGES] Q TOAN da thay doi ten cua ho thanh LQ_TOAN.
[2021/8/27 - 23:18:19] [VIP NAMECHANGES] h duy da thay doi ten cua ho thanh Dy_Dy.
[2021/8/28 - 16:11:31] [VIP NAMECHANGES] Shi da thay doi ten cua ho thanh Do_Mixi.
[2021/8/28 - 16:12:37] [VIP NAMECHANGES] Tientom da thay doi ten cua ho thanh Le_Bong.
[2021/8/28 - 16:13:01] [VIP NAMECHANGES] Le Bong da thay doi ten cua ho thanh Meo_Simmi.
[2021/8/28 - 16:14:05] [VIP NAMECHANGES] Meo Simmi da thay doi ten cua ho thanh Le_Bong.
[2021/8/28 - 16:15:07] [VIP NAMECHANGES] Le Bong da thay doi ten cua ho thanh Tientom.
[2021/8/28 - 16:21:10] [VIP NAMECHANGES] Do Mixi da thay doi ten cua ho thanh Shi.
[2021/8/28 - 18:35:59] [VIP NAMECHANGES] Ahnoo o da thay doi ten cua ho thanh Tlinh_Zkey.
[2021/8/28 - 20:34:52] [VIP NAMECHANGES] O OMegicula da thay doi ten cua ho thanh BoDoi_CuHo.
[2021/8/29 - 12:11:10] [VIP NAMECHANGES] TN TN da thay doi ten cua ho thanh SHARK_CHT.
[2021/8/29 - 15:35:48] [VIP NAMECHANGES] Shi da thay doi ten cua ho thanh YenNhi cua Shi.
[2021/8/29 - 15:35:55] [VIP NAMECHANGES] Shi da thay doi ten cua ho thanh YenNhiYeuShi.
[2021/8/29 - 15:37:02] [VIP NAMECHANGES] YenNhiYeuShi da thay doi ten cua ho thanh Shi.
[2021/8/30 - 0:49:39] [VIP NAMECHANGES] Shi da thay doi ten cua ho thanh Pro_Cheath.
[2021/8/30 - 1:15:53] [VIP NAMECHANGES] Pro Cheath da thay doi ten cua ho thanh Shi.
[2021/8/30 - 1:23:30] [VIP NAMECHANGES] Shi da thay doi ten cua ho thanh Kung_Fu.
[2021/8/30 - 1:34:15] [VIP NAMECHANGES] Kung Fu da thay doi ten cua ho thanh Shi.
[2021/8/30 - 1:44:03] [VIP NAMECHANGES] Shi da thay doi ten cua ho thanh QuanVu.
[2021/8/30 - 1:57:40] [VIP NAMECHANGES] QuanVu da thay doi ten cua ho thanh RinLaTao.
[2021/8/30 - 2:29:09] [VIP NAMECHANGES] RINLATAO da thay doi ten cua ho thanh Shi.
[2021/8/30 - 9:55:55] [VIP NAMECHANGES] Solo Leveling da thay doi ten cua ho thanh Tran_Thien.
[2021/8/30 - 15:21:28] [VIP NAMECHANGES] Shion Wan da thay doi ten cua ho thanh Xiong_Liang.
[2021/8/30 - 15:58:14] [VIP NAMECHANGES] Xiong Liang da thay doi ten cua ho thanh im_evan.
[2021/8/30 - 19:16:33] [VIP NAMECHANGES] Tran ChanhComeBack da thay doi ten cua ho thanh Tran_Chanhh.
[2021/8/30 - 20:39:29] [VIP NAMECHANGES] ToKuDa NamVung da thay doi ten cua ho thanh Le_QuocDat.
[2021/8/30 - 22:12:17] [VIP NAMECHANGES] Teo GTA San da thay doi ten cua ho thanh Thanh_Tung.
[2021/8/31 - 10:30:17] [VIP NAMECHANGES] SAPD SAPD da thay doi ten cua ho thanh Tam_NG.
[2021/8/31 - 19:24:11] [VIP NAMECHANGES] VanTai VanTaiBakaa da thay doi ten cua ho thanh Vo_VanTai.
[2021/8/31 - 19:49:56] [VIP NAMECHANGES] NPC DEVIE da thay doi ten cua ho thanh Be_Na.
[2021/8/31 - 21:46:28] [VIP NAMECHANGES] Con Cac Chim To da thay doi ten cua ho thanh Tu_Nguyen.
[2021/8/31 - 22:42:32] [VIP NAMECHANGES] ga trong da thay doi ten cua ho thanh hoa_cai.
[2021/9/1 - 2:04:33] [VIP NAMECHANGES] das dsaa da thay doi ten cua ho thanh Paul_Kellerman.
[2021/9/1 - 9:37:16] [VIP NAMECHANGES] Crypto Bitcoin da thay doi ten cua ho thanh AdminVGTA.
[2021/9/1 - 9:38:15] [VIP NAMECHANGES] AdminVGTA da thay doi ten cua ho thanh Crypto_Bitcoin.
[2021/9/1 - 15:04:46] [VIP NAMECHANGES] canhsat ngulon da thay doi ten cua ho thanh Super_GT.
[2021/9/1 - 16:10:48] [VIP NAMECHANGES] Diesi edw da thay doi ten cua ho thanh heso_yu.
[2021/9/1 - 16:11:16] [VIP NAMECHANGES] heso yu da thay doi ten cua ho thanh beso_Yun.
[2021/9/1 - 16:14:37] [VIP NAMECHANGES] Huy da thay doi ten cua ho thanh Shuichi_Akai.
[2021/9/1 - 16:41:48] [VIP NAMECHANGES] Shuichi Akai da thay doi ten cua ho thanh Huy.
[2021/9/1 - 18:14:30] [VIP NAMECHANGES] Shi da thay doi ten cua ho thanh HaNgo<3Shi.
[2021/9/1 - 18:14:40] [VIP NAMECHANGES] Shi da thay doi ten cua ho thanh HaNgoYEUShi.
[2021/9/1 - 18:23:02] [VIP NAMECHANGES] HaNgoYEUShi da thay doi ten cua ho thanh ShiDz.
[2021/9/2 - 0:08:16] [VIP NAMECHANGES] kim ngan chua ny da thay doi ten cua ho thanh ngan_chua_ny.
[2021/9/2 - 0:08:39] [VIP NAMECHANGES] ngan chua ny da thay doi ten cua ho thanh ngan_nguyen.
[2021/9/2 - 0:14:18] [VIP NAMECHANGES] No Name da thay doi ten cua ho thanh Phuc_Speed.
[2021/9/2 - 1:52:52] [VIP NAMECHANGES] ShiDz da thay doi ten cua ho thanh ShiCuTo.
[2021/9/2 - 11:39:16] [VIP NAMECHANGES] Kim ngan chua ny da thay doi ten cua ho thanh ngan_cute.
[2021/9/2 - 11:43:18] [VIP NAMECHANGES] ShiCuTo da thay doi ten cua ho thanh Shi.
[2021/9/2 - 12:26:52] [VIP NAMECHANGES] Du Me Duc Tu da thay doi ten cua ho thanh Tu_Sike.
[2021/9/2 - 12:58:47] [VIP NAMECHANGES] Thuan Truong da thay doi ten cua ho thanh Enrique_Iglesians.
[2021/9/2 - 15:36:05] [VIP NAMECHANGES] t ke da thay doi ten cua ho thanh Bao_Sieu.
[2021/9/2 - 17:30:13] [VIP NAMECHANGES] ahihi ngulol da thay doi ten cua ho thanh Marcus_Phuc.
[2021/9/2 - 17:44:47] [VIP NAMECHANGES] tanh gay to da thay doi ten cua ho thanh Trinh_Ngoc.
[2021/9/2 - 21:59:47] [VIP NAMECHANGES] Long da thay doi ten cua ho thanh Long_Master.
[2021/9/3 - 15:41:49] [VIP NAMECHANGES] Long Master da thay doi ten cua ho thanh Long.
[2021/9/3 - 21:53:16] [VIP NAMECHANGES] suthay anco da thay doi ten cua ho thanh Ho_Hai.
[2021/9/3 - 21:53:33] [VIP NAMECHANGES] SuThay AnThitNguoi da thay doi ten cua ho thanh Thic_TamPhuc.
[2021/9/3 - 21:53:37] [VIP NAMECHANGES] SuThay AnDauBuoi da thay doi ten cua ho thanh Hong_Hao.
[2021/9/3 - 21:58:28] [VIP NAMECHANGES] an thit da thay doi ten cua ho thanh hong_hainhi.
[2021/9/3 - 21:59:09] [VIP NAMECHANGES] An Rau da thay doi ten cua ho thanh Tri_melodyy.
[2021/9/3 - 23:47:42] [VIP NAMECHANGES] Shi da thay doi ten cua ho thanh Pro_Kuon.
[2021/9/4 - 0:09:33] [VIP NAMECHANGES] Pro Kuon da thay doi ten cua ho thanh Lao_Ca.
[2021/9/4 - 0:18:39] [VIP NAMECHANGES] Adu Vip da thay doi ten cua ho thanh Zlatan_Inferno.
[2021/9/4 - 0:19:25] [VIP NAMECHANGES] Lao Ca da thay doi ten cua ho thanh Shi.
[2021/9/4 - 1:08:17] [VIP NAMECHANGES] Little B da thay doi ten cua ho thanh Lill_Bee.
[2021/9/4 - 17:00:01] [VIP NAMECHANGES] Adam x da thay doi ten cua ho thanh Adam_Pro.
[2021/9/4 - 20:46:00] [VIP NAMECHANGES] Danielle da thay doi ten cua ho thanh .....
[2021/9/4 - 20:49:37] [VIP NAMECHANGES] .... da thay doi ten cua ho thanh Danielle.
[2021/9/4 - 20:50:44] [VIP NAMECHANGES] Lionel Messi da thay doi ten cua ho thanh Jack_Sparrow.
[2021/9/4 - 21:14:03] [VIP NAMECHANGES] Jackie Johnson da thay doi ten cua ho thanh Cesar_Kahura.
[2021/9/5 - 11:43:29] [VIP NAMECHANGES] Kim ngan chua ny da thay doi ten cua ho thanh tam_to.
[2021/9/5 - 12:40:04] [VIP NAMECHANGES] Kim ngan chua ny da thay doi ten cua ho thanh ngan_ff.
[2021/9/5 - 13:03:55] [VIP NAMECHANGES] Yen Tran da thay doi ten cua ho thanh Red_Xulion.
[2021/9/5 - 13:37:08] [VIP NAMECHANGES] Shi da thay doi ten cua ho thanh Hong_Master.
[2021/9/5 - 13:49:20] [VIP NAMECHANGES] Hong Master da thay doi ten cua ho thanh Shi.
[2021/9/5 - 14:12:29] [VIP NAMECHANGES] Shi da thay doi ten cua ho thanh Thich_YenNhi.
[2021/9/5 - 14:28:04] [VIP NAMECHANGES] lol me da thay doi ten cua ho thanh King_oF_Shoppe.
[2021/9/5 - 16:03:30] [VIP NAMECHANGES] Huy da thay doi ten cua ho thanh Shuichi_Akai.
[2021/9/5 - 19:12:50] [VIP NAMECHANGES] Thich YenNhi da thay doi ten cua ho thanh Shi.
[2021/9/5 - 19:34:22] [VIP NAMECHANGES] Shuichi Akai da thay doi ten cua ho thanh Huy.
[2021/9/5 - 21:23:11] [VIP NAMECHANGES] Xiong Liang da thay doi ten cua ho thanh Kita_Willlam.
[2021/9/5 - 21:23:58] [VIP NAMECHANGES] Kita Willlam da thay doi ten cua ho thanh 5000000.
[2021/9/5 - 23:35:48] [VIP NAMECHANGES] Shi da thay doi ten cua ho thanh Miu_Pro.
[2021/9/6 - 0:04:36] [VIP NAMECHANGES] Miu Pro da thay doi ten cua ho thanh Shi.
[2021/9/6 - 1:39:06] [VIP NAMECHANGES] Shi da thay doi ten cua ho thanh ShiCuBu.
[2021/9/6 - 13:03:42] [VIP NAMECHANGES] V Bomm da thay doi ten cua ho thanh VGM_Bomm.
[2021/9/6 - 16:03:12] [VIP NAMECHANGES] ShiCuBu da thay doi ten cua ho thanh Shi.
[2021/9/6 - 19:28:55] [VIP NAMECHANGES] Thanh Tung da thay doi ten cua ho thanh Hong_Anhs.
[2021/9/6 - 19:29:08] [VIP NAMECHANGES] Hong Anhs da thay doi ten cua ho thanh Thanh_Tung.
[2021/9/6 - 19:29:13] [VIP NAMECHANGES] Shi da thay doi ten cua ho thanh Hong_Anhs.
[2021/9/6 - 19:36:28] [VIP NAMECHANGES] Hong Anhs da thay doi ten cua ho thanh Shi.
[2021/9/7 - 12:27:29] [VIP NAMECHANGES] Huy da thay doi ten cua ho thanh Shuichi_Inagawas.
[2021/9/7 - 20:56:55] [VIP NAMECHANGES] Cesar Kahura da thay doi ten cua ho thanh Gk_City.
[2021/9/7 - 23:08:23] [VIP NAMECHANGES] Shi da thay doi ten cua ho thanh HAC..
[2021/9/7 - 23:08:40] [VIP NAMECHANGES] Shi da thay doi ten cua ho thanh .HAC.
[2021/9/7 - 23:13:55] [VIP NAMECHANGES] .HAC da thay doi ten cua ho thanh Shi.
[2021/9/8 - 4:35:27] [VIP NAMECHANGES] Shuichi Inagawas da thay doi ten cua ho thanh Huy.
[2021/9/8 - 10:39:14] [VIP NAMECHANGES] Gk City da thay doi ten cua ho thanh MC_ILL.
[2021/9/8 - 16:29:17] [VIP NAMECHANGES] Huy da thay doi ten cua ho thanh Shuichi_Inagawas.
[2021/9/8 - 21:33:28] [VIP NAMECHANGES] CTV Kuro da thay doi ten cua ho thanh Kuro_Hardy.
[2021/9/8 - 22:12:33] [VIP NAMECHANGES] Diana Kotex da thay doi ten cua ho thanh Kotex_Diana.
[2021/9/8 - 23:30:40] [VIP NAMECHANGES] VuiVe HongQuao da thay doi ten cua ho thanh Hugo_Sancho.
[2021/9/9 - 6:59:27] [VIP NAMECHANGES] Shuichi Inagawas da thay doi ten cua ho thanh Huy.
[2021/9/9 - 12:13:32] [VIP NAMECHANGES] Shi da thay doi ten cua ho thanh Shi_Xcution.
[2021/9/9 - 14:09:24] [VIP NAMECHANGES] Huy da thay doi ten cua ho thanh Shuichi_Inagawas.
[2021/9/9 - 18:32:37] [VIP NAMECHANGES] Enrique Iglesians da thay doi ten cua ho thanh Chu_Muoi.
[2021/9/10 - 13:15:12] [VIP NAMECHANGES] Shuichi Inagawas da thay doi ten cua ho thanh Huy.
[2021/9/10 - 21:08:03] [VIP NAMECHANGES] mc ill da thay doi ten cua ho thanh Aaron_Smile.
[2021/9/10 - 21:08:22] [VIP NAMECHANGES] Aaron Smile da thay doi ten cua ho thanh Andy_Mike.
[2021/9/11 - 0:53:10] [VIP NAMECHANGES] MingQuang da thay doi ten cua ho thanh Mjng_Quang.
[2021/9/11 - 0:53:28] [VIP NAMECHANGES] Mjng Quang da thay doi ten cua ho thanh MingQuang.
[2021/9/11 - 20:12:30] [VIP NAMECHANGES] Shi Xcution da thay doi ten cua ho thanh Shi.
[2021/9/11 - 20:47:08] [VIP NAMECHANGES] Shi da thay doi ten cua ho thanh Kim.
[2021/9/11 - 20:50:28] [VIP NAMECHANGES] Kim da thay doi ten cua ho thanh Shi.
[2021/9/11 - 22:44:45] [VIP NAMECHANGES] khoe concac da thay doi ten cua ho thanh khoe_vn.
[2021/9/12 - 10:34:52] [VIP NAMECHANGES] Kennnyyyy Boyyyy da thay doi ten cua ho thanh KENNY_BOY.
[2021/9/12 - 14:15:55] [VIP NAMECHANGES] chu muoi da thay doi ten cua ho thanh TruongTri_Thuan.
[2021/9/12 - 15:44:59] [VIP NAMECHANGES] Ryan Smith da thay doi ten cua ho thanh NicoIas_Jackson.
[2021/9/12 - 15:45:35] [VIP NAMECHANGES] NicoIas Jackson da thay doi ten cua ho thanh Iong.
[2021/9/12 - 15:45:59] [VIP NAMECHANGES] Iong da thay doi ten cua ho thanh Ryan_Smith.
[2021/9/12 - 15:50:10] [VIP NAMECHANGES] Ryan Smith da thay doi ten cua ho thanh TruongTrl_Thuan.
[2021/9/12 - 15:50:33] [VIP NAMECHANGES] TruongTrl Thuan da thay doi ten cua ho thanh Ryan_Smith.
[2021/9/12 - 15:50:47] [VIP NAMECHANGES] Ryan Smith da thay doi ten cua ho thanh NPC_01.
[2021/9/12 - 15:57:54] [VIP NAMECHANGES] NPC 01 da thay doi ten cua ho thanh Ryan_Smith.
[2021/9/12 - 16:01:23] [VIP NAMECHANGES] Ryan Smith da thay doi ten cua ho thanh KhungBoIS.
[2021/9/12 - 16:02:36] [VIP NAMECHANGES] KhungBoIS da thay doi ten cua ho thanh Ryan_Smith.
[2021/9/12 - 20:16:11] [VIP NAMECHANGES] Ryan Smith da thay doi ten cua ho thanh Nick_Smile.
[2021/9/12 - 20:20:23] [VIP NAMECHANGES] Nick Smile da thay doi ten cua ho thanh Ryan_Smith.
[2021/9/12 - 20:41:27] [VIP NAMECHANGES] Ryan Smith da thay doi ten cua ho thanh NicoIas_Jackson.
[2021/9/12 - 20:44:31] [VIP NAMECHANGES] NicoIas Jackson da thay doi ten cua ho thanh Ryan_Smith.
[2021/9/13 - 6:57:17] [VIP NAMECHANGES] Tuan djjj da thay doi ten cua ho thanh Pham_Tuan.
[2021/9/13 - 8:02:55] [VIP NAMECHANGES] Huy da thay doi ten cua ho thanh Michael_Frank.
[2021/9/13 - 8:19:10] [VIP NAMECHANGES] Michael Frank da thay doi ten cua ho thanh Huy.
[2021/9/13 - 15:01:33] [VIP NAMECHANGES] Jack Sparrow da thay doi ten cua ho thanh Andy_Roser.
[2021/9/13 - 15:25:47] [VIP NAMECHANGES] Andy Roser da thay doi ten cua ho thanh Charlie_Puth.
[2021/9/13 - 19:40:58] [VIP NAMECHANGES] Hy Khang da thay doi ten cua ho thanh Aston_Martin.
[2021/9/14 - 22:36:15] [VIP NAMECHANGES] Mr Alexander da thay doi ten cua ho thanh Be_De.
[2021/9/15 - 8:22:18] [VIP NAMECHANGES] Hieu An Giang da thay doi ten cua ho thanh hng.
[2021/9/15 - 8:22:30] [VIP NAMECHANGES] hng da thay doi ten cua ho thanh Hieu_An_Giang.
[2021/9/15 - 8:22:38] [VIP NAMECHANGES] admin da thay doi ten cua ho thanh hng.
[2021/9/15 - 8:44:07] [VIP NAMECHANGES] Tom Smith da thay doi ten cua ho thanh Jang_Douglass.
[2021/9/24 - 3:08:47] [VIP NAMECHANGES] TruongTri Thuan da thay doi ten cua ho thanh Chritian_Cylor.
[2021/9/24 - 4:19:53] [VIP NAMECHANGES] Tientom da thay doi ten cua ho thanh BaTam.
[2021/9/24 - 4:25:29] [VIP NAMECHANGES] kkk sss da thay doi ten cua ho thanh Johny_Khoi.
[2021/9/24 - 11:50:53] [VIP NAMECHANGES] Chritian Cylor da thay doi ten cua ho thanh TruongTri_Thuan.
[2021/9/24 - 12:23:34] [VIP NAMECHANGES] Shi da thay doi ten cua ho thanh Chiris_Stom.
[2021/9/24 - 12:46:07] [VIP NAMECHANGES] Chiris Stom da thay doi ten cua ho thanh Shi.
[2021/9/25 - 10:51:25] [VIP NAMECHANGES] Master ThanksHengf da thay doi ten cua ho thanh Master_Hengf.
[2021/9/25 - 16:16:22] [VIP NAMECHANGES] Charlie Puth da thay doi ten cua ho thanh Li_Chan.
[2021/9/25 - 18:56:28] [VIP NAMECHANGES] baTam da thay doi ten cua ho thanh Vien_Truong.
[2021/9/25 - 18:59:46] [VIP NAMECHANGES] Vien Truong da thay doi ten cua ho thanh baTam.
[2021/9/26 - 1:48:26] [VIP NAMECHANGES] Jayz Niggzen da thay doi ten cua ho thanh Toan_Master.
[2021/9/26 - 1:48:38] [VIP NAMECHANGES] Toan Master da thay doi ten cua ho thanh Jayz_Niggzen.
[2021/9/26 - 6:40:36] [VIP NAMECHANGES] TongThong JoeBiden da thay doi ten cua ho thanh Joe_Biden.
[2021/9/26 - 8:20:16] [VIP NAMECHANGES] baTam da thay doi ten cua ho thanh TienTom.
[2021/9/26 - 13:07:15] [VIP NAMECHANGES] Huy da thay doi ten cua ho thanh Kenji_Takanada.
[2021/9/26 - 14:11:28] [VIP NAMECHANGES] Kenji Takanada da thay doi ten cua ho thanh Huy.
[2021/9/26 - 22:30:13] [VIP NAMECHANGES] Ryan Smith da thay doi ten cua ho thanh Brian_Nguyen.
[2021/9/27 - 11:03:56] [VIP NAMECHANGES] Huy da thay doi ten cua ho thanh Michael_Teo.
[2021/9/27 - 12:40:36] [VIP NAMECHANGES] Brian Nguyen da thay doi ten cua ho thanh Ryan_Smith.
[2021/9/27 - 18:18:29] [VIP NAMECHANGES] Jang Douglass da thay doi ten cua ho thanh Rang_Rang.
[2021/9/27 - 23:35:08] [VIP NAMECHANGES] Ryan Smith da thay doi ten cua ho thanh Doremon_Kun.
[2021/9/28 - 12:01:40] [VIP NAMECHANGES] Ryan Smith da thay doi ten cua ho thanh Cloud_Fly.
[2021/9/28 - 12:01:53] [VIP NAMECHANGES] Doremon Kun da thay doi ten cua ho thanh Ryan_Smith.
[2021/9/28 - 12:33:34] [VIP NAMECHANGES] Ryan Smith da thay doi ten cua ho thanh Big_Daddy.
[2021/9/28 - 12:33:36] [VIP NAMECHANGES] Big Daddy da thay doi ten cua ho thanh Big_Daddys.
[2021/9/28 - 12:33:45] [VIP NAMECHANGES] Big Daddys da thay doi ten cua ho thanh Big_Daddy.
[2021/9/28 - 12:44:15] [VIP NAMECHANGES] Michael Teo da thay doi ten cua ho thanh Huy.
[2021/9/28 - 15:32:56] [VIP NAMECHANGES] Big Daddy da thay doi ten cua ho thanh Ryan_Smith.
[2021/9/28 - 17:00:59] [VIP NAMECHANGES] Ryan Smith da thay doi ten cua ho thanh HAC..
[2021/9/28 - 17:02:35] [VIP NAMECHANGES] HAC. da thay doi ten cua ho thanh batam.
[2021/9/28 - 17:03:02] [VIP NAMECHANGES] batam da thay doi ten cua ho thanh [CEO]Ryan_Smith.
[2021/9/28 - 17:04:04] [VIP NAMECHANGES] [CEO]Ryan Smith da thay doi ten cua ho thanh [CEO]NguyenPhuong_Hang.
[2021/9/28 - 18:07:30] [VIP NAMECHANGES] [CEO]NguyenPhuong Hang da thay doi ten cua ho thanh Ryan_Smith.
[2021/9/29 - 15:56:58] [VIP NAMECHANGES] BO GIA da thay doi ten cua ho thanh Kevin_Nguyen.
[2021/9/29 - 20:18:36] [VIP NAMECHANGES] Ryan Smith da thay doi ten cua ho thanh Lofi_Version.
[2021/9/29 - 20:24:07] [VIP NAMECHANGES] Lofi Version da thay doi ten cua ho thanh Ryan_Smith.
[2021/9/29 - 20:25:25] [VIP NAMECHANGES] Ryan Smith da thay doi ten cua ho thanh Lofi_Version.
[2021/9/29 - 20:25:48] [VIP NAMECHANGES] Lofi Version da thay doi ten cua ho thanh Ryan_Smith.
[2021/9/29 - 20:30:16] [VIP NAMECHANGES] Ryan Smith da thay doi ten cua ho thanh Lofi_Version.
[2021/9/29 - 20:32:48] [VIP NAMECHANGES] Lofi Version da thay doi ten cua ho thanh Ryan_Smith.
[2021/9/29 - 23:11:03] [VIP NAMECHANGES] Ryan Smith da thay doi ten cua ho thanh Bombo_BaIIy.
[2021/9/30 - 10:00:29] [VIP NAMECHANGES] Bombo BaIIy da thay doi ten cua ho thanh Ryan_Smith.
[2021/9/30 - 22:18:55] [VIP NAMECHANGES] Ryan Smith da thay doi ten cua ho thanh Mr_AIexander.
[2021/9/30 - 23:35:07] [VIP NAMECHANGES] Mr AIexander da thay doi ten cua ho thanh Ryan_Smith.
[2021/9/30 - 23:36:26] [VIP NAMECHANGES] Ryan Smith da thay doi ten cua ho thanh Close_Up.
[2021/9/30 - 23:37:51] [VIP NAMECHANGES] Close Up da thay doi ten cua ho thanh Ryan_Smith.
[2021/9/30 - 23:38:34] [VIP NAMECHANGES] Ryan Smith da thay doi ten cua ho thanh Bombo _BaIly.
[2021/9/30 - 23:38:42] [VIP NAMECHANGES] Ryan Smith da thay doi ten cua ho thanh Bombo_BaIly.
[2021/10/1 - 0:02:12] [VIP NAMECHANGES] Bombo BaIly da thay doi ten cua ho thanh Mr_AIexander.
[2021/10/1 - 0:05:55] [VIP NAMECHANGES] Mr AIexander da thay doi ten cua ho thanh Ryan_Smith.
[2021/10/1 - 14:16:48] [VIP NAMECHANGES] Ryan Smith da thay doi ten cua ho thanh Mr_AIexander.
[2021/10/1 - 15:00:40] [VIP NAMECHANGES] Mr AIexander da thay doi ten cua ho thanh Ryan_Smith.
[2021/10/1 - 17:00:59] [VIP NAMECHANGES] Ryan Smith da thay doi ten cua ho thanh Na_Tra.
[2021/10/1 - 17:01:53] [VIP NAMECHANGES] Na Tra da thay doi ten cua ho thanh Ryan_Smith.
[2021/10/1 - 19:24:51] [VIP NAMECHANGES] Ryan Smith da thay doi ten cua ho thanh Mr_AIexander.
[2021/10/1 - 19:26:10] [VIP NAMECHANGES] Mr AIexander da thay doi ten cua ho thanh Ryan_Smith.
[2021/10/2 - 6:59:27] [VIP NAMECHANGES] Huy da thay doi ten cua ho thanh Huy_Redd.
[2021/10/2 - 7:01:49] [VIP NAMECHANGES] Tientom da thay doi ten cua ho thanh Jackie_Han.
[2021/10/2 - 7:11:20] [VIP NAMECHANGES] Jackie Han da thay doi ten cua ho thanh It_Me.
[2021/10/2 - 8:27:14] [VIP NAMECHANGES] it me da thay doi ten cua ho thanh Tientom.
[2021/10/2 - 15:37:54] [VIP NAMECHANGES] AAA AAA da thay doi ten cua ho thanh SHIN_SHIN.
[2021/10/2 - 17:45:56] [VIP NAMECHANGES] Dat fanHBT da thay doi ten cua ho thanh Dat_nguyen.
[2021/10/2 - 23:08:19] [VIP NAMECHANGES] Tientom da thay doi ten cua ho thanh Kieu_Trang.
[2021/10/3 - 1:00:38] [VIP NAMECHANGES] emlaan xin da thay doi ten cua ho thanh kenken_1234.
[2021/10/3 - 1:01:02] [VIP NAMECHANGES] kenken 1234 da thay doi ten cua ho thanh hoitam_hoang.
[2021/10/3 - 1:35:17] [VIP NAMECHANGES] emlaan xiiiin da thay doi ten cua ho thanh Minh_Truong.
[2021/10/3 - 6:49:54] [VIP NAMECHANGES] dung chimtoo da thay doi ten cua ho thanh yui_hanato.
[2021/10/3 - 7:06:05] [VIP NAMECHANGES] Kieu Trang da thay doi ten cua ho thanh Tientom.
[2021/10/3 - 7:21:51] [VIP NAMECHANGES] rt er da thay doi ten cua ho thanh Nguyen_phat.
[2021/10/3 - 8:34:45] [VIP NAMECHANGES] Mixi gaming da thay doi ten cua ho thanh Cong_Ha.
[2021/10/3 - 9:29:43] [VIP NAMECHANGES] Huy Redd da thay doi ten cua ho thanh Michael_Teo.
[2021/10/3 - 9:51:31] [VIP NAMECHANGES] Michael Teo da thay doi ten cua ho thanh Huy.
[2021/10/3 - 11:10:07] [VIP NAMECHANGES] Vip s da thay doi ten cua ho thanh Sang_Nhi.
[2021/10/3 - 11:15:32] [VIP NAMECHANGES] emlaan xiiin da thay doi ten cua ho thanh ND_Gaming.
[2021/10/3 - 11:53:25] [VIP NAMECHANGES] Shi da thay doi ten cua ho thanh Shi_Mastey.
[2021/10/3 - 13:49:42] [VIP NAMECHANGES] NPH AT da thay doi ten cua ho thanh Bruno_Fernandes.
[2021/10/3 - 15:28:45] [VIP NAMECHANGES] violet j da thay doi ten cua ho thanh violet_jasd.
[2021/10/3 - 16:33:36] [VIP NAMECHANGES] bao mb da thay doi ten cua ho thanh bao_khanh.
[2021/10/3 - 16:38:17] [VIP NAMECHANGES] TGLong HQ da thay doi ten cua ho thanh TGLong_CA.
[2021/10/3 - 16:38:36] [VIP NAMECHANGES] TGLong CA da thay doi ten cua ho thanh Long_CA.
[2021/10/3 - 21:12:06] [VIP NAMECHANGES] Ryan Smith da thay doi ten cua ho thanh Mr_AIexander.
[2021/10/3 - 21:18:51] [VIP NAMECHANGES] Mr AIexander da thay doi ten cua ho thanh Ryan_Smith.
[2021/10/3 - 23:22:34] [VIP NAMECHANGES] Shi Mastey da thay doi ten cua ho thanh Tal_Tran.
[2021/10/4 - 0:49:03] [VIP NAMECHANGES] Tal Tran da thay doi ten cua ho thanh Shi.
[2021/10/4 - 13:29:57] [VIP NAMECHANGES] TTB DZ da thay doi ten cua ho thanh Binh_tran.
[2021/10/4 - 18:08:30] [VIP NAMECHANGES] Li Chan da thay doi ten cua ho thanh Donald_Trump.
[2021/10/4 - 18:18:26] [VIP NAMECHANGES] O Kia da thay doi ten cua ho thanh devor_nice.
[2021/10/4 - 18:44:30] [VIP NAMECHANGES] TruongTri Thuan da thay doi ten cua ho thanh Larry_Eriksen.
[2021/10/4 - 19:20:40] [VIP NAMECHANGES] Tientom da thay doi ten cua ho thanh Kieu_Trang.
[2021/10/4 - 19:50:20] [VIP NAMECHANGES] Shi da thay doi ten cua ho thanh VGTA_SHI.
[2021/10/4 - 19:57:58] [VIP NAMECHANGES] Kieu Trang da thay doi ten cua ho thanh Tientom.
[2021/10/5 - 0:57:37] [VIP NAMECHANGES] VGTA SHI da thay doi ten cua ho thanh Tal_Tran.
[2021/10/5 - 1:14:31] [VIP NAMECHANGES] Tal Tran da thay doi ten cua ho thanh Shi.
[2021/10/5 - 1:14:37] [VIP NAMECHANGES] Shi da thay doi ten cua ho thanh 34 1000 ..
[2021/10/5 - 10:30:33] [VIP NAMECHANGES] Huy da thay doi ten cua ho thanh Michael_Teo.
[2021/10/5 - 10:51:37] [VIP NAMECHANGES] Michael Teo da thay doi ten cua ho thanh Huy.
[2021/10/5 - 16:40:54] [VIP NAMECHANGES] Haizz Haizz da thay doi ten cua ho thanh Tan_Taii.
[2021/10/5 - 18:35:55] [VIP NAMECHANGES] Ryan Smith da thay doi ten cua ho thanh Hawking_StarIing.
[2021/10/5 - 18:37:17] [VIP NAMECHANGES] Hawking StarIing da thay doi ten cua ho thanh Ryan_Smith.
[2021/10/5 - 18:39:47] [VIP NAMECHANGES] Ryan Smith da thay doi ten cua ho thanh VersaiIIes_RosaIeen.
[2021/10/5 - 19:10:33] [VIP NAMECHANGES] VersaiIIes RosaIeen da thay doi ten cua ho thanh Ryan_Smith.
[2021/10/6 - 1:04:13] [VIP NAMECHANGES] Fox Drake da thay doi ten cua ho thanh Ricardo_James.
[2021/10/6 - 11:08:07] [VIP NAMECHANGES] KhoBac SanAndreas da thay doi ten cua ho thanh TaiSan_IsMe.
[2021/10/6 - 15:29:30] [VIP NAMECHANGES] Ryan Smith da thay doi ten cua ho thanh Loki_Loke.
[2021/10/6 - 16:30:22] [VIP NAMECHANGES] Loki Loke da thay doi ten cua ho thanh Ryan_Smith.
[2021/10/6 - 19:50:21] [VIP NAMECHANGES] Ryan Smith da thay doi ten cua ho thanh Mr_AIexander.
[2021/10/6 - 20:27:31] [VIP NAMECHANGES] Mr AIexander da thay doi ten cua ho thanh Ryan_Smith.
[2021/10/7 - 16:59:19] [VIP NAMECHANGES] pc boyt da thay doi ten cua ho thanh pc_boyhz.
[2021/10/8 - 10:57:29] [VIP NAMECHANGES] cu toOOdsdsv da thay doi ten cua ho thanh bE_HOM.
[2021/10/8 - 12:40:30] [VIP NAMECHANGES] pc boyqi da thay doi ten cua ho thanh anh_dung.
[2021/10/8 - 13:25:42] [VIP NAMECHANGES] tai hk mn da thay doi ten cua ho thanh tan_tai.
[2021/10/8 - 18:44:19] [VIP NAMECHANGES] pc boyd da thay doi ten cua ho thanh luffy_boyd.
[2021/10/9 - 6:52:48] [VIP NAMECHANGES] ND gamer da thay doi ten cua ho thanh Dat_Michael.
[2021/10/9 - 7:06:28] [VIP NAMECHANGES] P D da thay doi ten cua ho thanh charry_hi.
[2021/10/9 - 7:46:51] [VIP NAMECHANGES] NB Gaming da thay doi ten cua ho thanh Nguyen_Bao.
[2021/10/9 - 16:01:37] [VIP NAMECHANGES] Ryan Smith da thay doi ten cua ho thanh Mr_AIexander.
[2021/10/9 - 16:04:25] [VIP NAMECHANGES] Mr AIexander da thay doi ten cua ho thanh Ryan_Smith.
[2021/10/9 - 18:33:25] [VIP NAMECHANGES] Long da thay doi ten cua ho thanh Shen.
[2021/10/9 - 19:35:20] [VIP NAMECHANGES] Huy da thay doi ten cua ho thanh Huy_Reddy.
[2021/10/9 - 19:42:31] [VIP NAMECHANGES] Huy Reddy da thay doi ten cua ho thanh Huy.
[2021/10/9 - 20:51:10] [VIP NAMECHANGES] Tientom da thay doi ten cua ho thanh kieu_trang.
[2021/10/9 - 21:02:09] [VIP NAMECHANGES] Cu ToOo da thay doi ten cua ho thanh Gia_Bao.
[2021/10/9 - 21:28:18] [VIP NAMECHANGES] MingQuang da thay doi ten cua ho thanh ditmemay.
[2021/10/9 - 21:28:26] [VIP NAMECHANGES] ditmemay da thay doi ten cua ho thanh MingQuang.
[2021/10/9 - 21:42:50] [VIP NAMECHANGES] Nguoi ngheo da thay doi ten cua ho thanh Daivd_tran.
[2021/10/9 - 22:49:01] [VIP NAMECHANGES] kieu trang da thay doi ten cua ho thanh Tientom.
[2021/10/10 - 11:56:51] [VIP NAMECHANGES] Van Nam da thay doi ten cua ho thanh Blue_Martin.
[2021/10/10 - 13:08:30] [VIP NAMECHANGES] The Moskill da thay doi ten cua ho thanh David_Daniel.
[2021/10/10 - 13:15:57] [VIP NAMECHANGES] Babi Kun da thay doi ten cua ho thanh Battle_King.
[2021/10/10 - 13:16:38] [VIP NAMECHANGES] Battle King da thay doi ten cua ho thanh Babi_Kun.
[2021/10/10 - 13:28:12] [VIP NAMECHANGES] Tientom da thay doi ten cua ho thanh Kieu_trang.
[2021/10/10 - 13:28:23] [VIP NAMECHANGES] tao xau da thay doi ten cua ho thanh lam_,dz.
[2021/10/10 - 13:29:29] [VIP NAMECHANGES] TOKO NHAPNHO da thay doi ten cua ho thanh lam_troc.
[2021/10/10 - 13:30:47] [VIP NAMECHANGES] tao xau da thay doi ten cua ho thanh Ramu_dz.
[2021/10/10 - 13:46:39] [VIP NAMECHANGES] Tran Van Nguyenoff da thay doi ten cua ho thanh Tran_Van_Vo.
[2021/10/11 - 12:52:45] [VIP NAMECHANGES] Kieu trang da thay doi ten cua ho thanh Tientom.
[2021/10/11 - 15:41:32] [VIP NAMECHANGES] Shi da thay doi ten cua ho thanh Uni_Win.
[2021/10/11 - 15:41:40] [VIP NAMECHANGES] Uni Win da thay doi ten cua ho thanh Uni_Wind.
[2021/10/12 - 11:44:05] [VIP NAMECHANGES] Uni Wind da thay doi ten cua ho thanh Shi.
[2021/10/12 - 12:33:26] [VIP NAMECHANGES] ok ok da thay doi ten cua ho thanh oka_brone.
[2021/10/12 - 13:02:54] [VIP NAMECHANGES] xin choititaokopha da thay doi ten cua ho thanh gia_gia.
[2021/10/12 - 19:21:11] [VIP NAMECHANGES] Andy Mike da thay doi ten cua ho thanh Han_Sama.
[2021/10/13 - 4:49:22] [VIP NAMECHANGES] Shi da thay doi ten cua ho thanh Tal_Tran.
[2021/10/13 - 4:53:50] [VIP NAMECHANGES] Tal Tran da thay doi ten cua ho thanh Shi.
[2021/10/13 - 8:48:44] [VIP NAMECHANGES] Huy da thay doi ten cua ho thanh Huy_Redd.
[2021/10/13 - 16:13:15] [VIP NAMECHANGES] Shi da thay doi ten cua ho thanh Nhan_Nghia.
[2021/10/13 - 16:24:27] [VIP NAMECHANGES] Nhan Nghia da thay doi ten cua ho thanh Shi.
[2021/10/13 - 20:07:40] [VIP NAMECHANGES] tim em noi dau da thay doi ten cua ho thanh ty_nguyen.
[2021/10/13 - 21:14:07] [VIP NAMECHANGES] AnhMuoi BuonCuoi da thay doi ten cua ho thanh Brayden_Moore.
[2021/10/13 - 21:21:37] [VIP NAMECHANGES] ABay CamDiec da thay doi ten cua ho thanh Myden_Oz.
[2021/10/13 - 22:18:47] [VIP NAMECHANGES] Ryan Smith da thay doi ten cua ho thanh diamond_red.
[2021/10/14 - 10:28:53] [VIP NAMECHANGES] hyta go da thay doi ten cua ho thanh Mr_Hai.
[2021/10/14 - 11:17:54] [VIP NAMECHANGES] ngu nam da thay doi ten cua ho thanh nox_star.
[2021/10/14 - 12:57:05] [VIP NAMECHANGES] Anh congan da thay doi ten cua ho thanh Khanh_Skyy.
[2021/10/14 - 13:41:35] [VIP NAMECHANGES] diamond Red da thay doi ten cua ho thanh Ryan_Smith.
[2021/10/14 - 14:01:39] [VIP NAMECHANGES] Chau Tap Choi da thay doi ten cua ho thanh TUANGIANG_HO.
[2021/10/14 - 14:40:18] [VIP NAMECHANGES] Babi Kun da thay doi ten cua ho thanh YouKnow_Who.
[2021/10/14 - 14:41:39] [VIP NAMECHANGES] YouKnow Who da thay doi ten cua ho thanh Battle_King.
[2021/10/14 - 14:42:33] [VIP NAMECHANGES] Battle King da thay doi ten cua ho thanh Babi_Kun.
[2021/10/14 - 14:50:35] [VIP NAMECHANGES] npt sv da thay doi ten cua ho thanh NGUYENPHUOC_TUAN.
[2021/10/14 - 21:03:24] [VIP NAMECHANGES] Shi Mastey da thay doi ten cua ho thanh Jun_Xiaolone.
[2021/10/14 - 22:09:47] [VIP NAMECHANGES] KTO HTD da thay doi ten cua ho thanh Huynh_Dank.
[2021/10/15 - 0:49:01] [VIP NAMECHANGES] Shi da thay doi ten cua ho thanh Pro_Smiths.
[2021/10/15 - 0:52:14] [VIP NAMECHANGES] Pro Smiths da thay doi ten cua ho thanh Jun_Xlong.
[2021/10/15 - 10:03:28] [VIP NAMECHANGES] Jun Xlong da thay doi ten cua ho thanh Shi.
[2021/10/15 - 20:21:59] [VIP NAMECHANGES] fuaue gtavn da thay doi ten cua ho thanh phuong_pham.
[2021/10/15 - 20:43:09] [VIP NAMECHANGES] Larry Eriksen da thay doi ten cua ho thanh TruongTri_Thuan.
[2021/10/15 - 23:01:16] [VIP NAMECHANGES] Tientom da thay doi ten cua ho thanh Tran_Minh.
[2021/10/16 - 0:26:19] [VIP NAMECHANGES] Tran Minh da thay doi ten cua ho thanh TIENTOM.
[2021/10/16 - 11:26:33] [VIP NAMECHANGES] Taothich Ok da thay doi ten cua ho thanh Phuong_Khanh.
[2021/10/16 - 11:45:50] [VIP NAMECHANGES] Shi da thay doi ten cua ho thanh Jayz_Nlggzen.
[2021/10/16 - 12:00:09] [VIP NAMECHANGES] Jayz Nlggzen da thay doi ten cua ho thanh Shi.
[2021/10/16 - 21:02:45] [VIP NAMECHANGES] Shi da thay doi ten cua ho thanh Jun_Xlong.
[2021/10/16 - 21:18:06] [VIP NAMECHANGES] Jun Xlong da thay doi ten cua ho thanh Shi.
[2021/10/16 - 21:21:22] [VIP NAMECHANGES] tho sua ong nuoc da thay doi ten cua ho thanh duong_kfc.
[2021/10/16 - 22:43:45] [VIP NAMECHANGES] Shi da thay doi ten cua ho thanh Jun_Xiaolon.
[2021/10/16 - 23:02:15] [VIP NAMECHANGES] Jun Xiaolon da thay doi ten cua ho thanh Shi.
[2021/10/18 - 1:21:15] [VIP NAMECHANGES] baocao adm da thay doi ten cua ho thanh SINGLE_MOM.
[2021/10/18 - 3:16:58] [VIP NAMECHANGES] Tientom da thay doi ten cua ho thanh Kieu_trang.
[2021/10/18 - 11:19:50] [VIP NAMECHANGES] Kieu trang da thay doi ten cua ho thanh TienTom.
[2021/10/18 - 21:29:30] [VIP NAMECHANGES] Shi da thay doi ten cua ho thanh Jun_XiAoLon.
[2021/10/18 - 21:50:28] [VIP NAMECHANGES] Jun XiAoLon da thay doi ten cua ho thanh Shi.
[2021/10/19 - 8:21:17] [VIP NAMECHANGES] TienTom da thay doi ten cua ho thanh Kieu_trang.
[2021/10/19 - 8:23:15] [VIP NAMECHANGES] Kieu trang da thay doi ten cua ho thanh Tientom.
[2021/10/20 - 10:00:15] [VIP NAMECHANGES] King CleoKills da thay doi ten cua ho thanh Thierry_Thustiyday.
[2021/10/20 - 10:30:48] [VIP NAMECHANGES] Johny Dang da thay doi ten cua ho thanh May_Misssingyou.
[2021/10/20 - 18:19:41] [VIP NAMECHANGES] To Chuc Bi An da thay doi ten cua ho thanh Secret_inlluminati.
[2021/10/20 - 18:21:00] [VIP NAMECHANGES] Secret inlluminati da thay doi ten cua ho thanh Secret_illuminati.
[2021/10/21 - 14:42:45] [VIP NAMECHANGES] Shi da thay doi ten cua ho thanh Duong_Tang.
[2021/10/21 - 23:18:53] [VIP NAMECHANGES] Duong Tang da thay doi ten cua ho thanh Shi.
[2022/8/11 - 21:57:12] [VIP NAMECHANGES] Ryan Smith da thay doi ten cua ho thanh Ryan.
[2022/8/11 - 21:57:54] [VIP NAMECHANGES] Ryan da thay doi ten cua ho thanh Bao.
